<?xml version="1.0" encoding="UTF-8"?>
<testsuite xmlns:xsi="http://www.w3.org/2001/XMLSchema-instance" xsi:noNamespaceSchemaLocation="https://maven.apache.org/surefire/maven-surefire-plugin/xsd/surefire-test-report-3.0.xsd" version="3.0" name="TestSuite" time="115.183" tests="4" errors="0" skipped="0" failures="0">
  <properties>
    <property name="sun.desktop" value="windows"/>
    <property name="awt.toolkit" value="sun.awt.windows.WToolkit"/>
    <property name="java.specification.version" value="11"/>
    <property name="sun.cpu.isalist" value="amd64"/>
    <property name="sun.jnu.encoding" value="Cp1252"/>
    <property name="java.class.path" value="C:\Users\m.ahmad\eclipse-workspace\AppiumFrameworkDesign\target\test-classes;C:\Users\m.ahmad\eclipse-workspace\AppiumFrameworkDesign\target\classes;C:\Users\m.ahmad\.m2\repository\io\appium\java-client\8.3.0\java-client-8.3.0.jar;C:\Users\m.ahmad\.m2\repository\org\seleniumhq\selenium\selenium-api\4.21.0\selenium-api-4.21.0.jar;C:\Users\m.ahmad\.m2\repository\com\google\code\gson\gson\2.10\gson-2.10.jar;C:\Users\m.ahmad\.m2\repository\cglib\cglib\3.3.0\cglib-3.3.0.jar;C:\Users\m.ahmad\.m2\repository\org\ow2\asm\asm\7.1\asm-7.1.jar;C:\Users\m.ahmad\.m2\repository\commons-validator\commons-validator\1.7\commons-validator-1.7.jar;C:\Users\m.ahmad\.m2\repository\commons-beanutils\commons-beanutils\1.9.4\commons-beanutils-1.9.4.jar;C:\Users\m.ahmad\.m2\repository\commons-digester\commons-digester\2.1\commons-digester-2.1.jar;C:\Users\m.ahmad\.m2\repository\commons-logging\commons-logging\1.2\commons-logging-1.2.jar;C:\Users\m.ahmad\.m2\repository\commons-collections\commons-collections\3.2.2\commons-collections-3.2.2.jar;C:\Users\m.ahmad\.m2\repository\org\apache\commons\commons-lang3\3.12.0\commons-lang3-3.12.0.jar;C:\Users\m.ahmad\.m2\repository\org\testng\testng\7.10.2\testng-7.10.2.jar;C:\Users\m.ahmad\.m2\repository\com\beust\jcommander\1.82\jcommander-1.82.jar;C:\Users\m.ahmad\.m2\repository\org\webjars\jquery\3.7.1\jquery-3.7.1.jar;C:\Users\m.ahmad\.m2\repository\org\slf4j\slf4j-api\2.0.7\slf4j-api-2.0.7.jar;C:\Users\m.ahmad\.m2\repository\org\slf4j\slf4j-nop\2.0.7\slf4j-nop-2.0.7.jar;C:\Users\m.ahmad\.m2\repository\org\seleniumhq\selenium\selenium-support\4.8.0\selenium-support-4.8.0.jar;C:\Users\m.ahmad\.m2\repository\com\google\auto\service\auto-service-annotations\1.0.1\auto-service-annotations-1.0.1.jar;C:\Users\m.ahmad\.m2\repository\com\google\auto\service\auto-service\1.0.1\auto-service-1.0.1.jar;C:\Users\m.ahmad\.m2\repository\com\google\auto\auto-common\1.2\auto-common-1.2.jar;C:\Users\m.ahmad\.m2\repository\com\google\guava\guava\31.1-jre\guava-31.1-jre.jar;C:\Users\m.ahmad\.m2\repository\com\google\guava\failureaccess\1.0.1\failureaccess-1.0.1.jar;C:\Users\m.ahmad\.m2\repository\com\google\guava\listenablefuture\9999.0-empty-to-avoid-conflict-with-guava\listenablefuture-9999.0-empty-to-avoid-conflict-with-guava.jar;C:\Users\m.ahmad\.m2\repository\com\google\code\findbugs\jsr305\3.0.2\jsr305-3.0.2.jar;C:\Users\m.ahmad\.m2\repository\org\checkerframework\checker-qual\3.12.0\checker-qual-3.12.0.jar;C:\Users\m.ahmad\.m2\repository\com\google\errorprone\error_prone_annotations\2.11.0\error_prone_annotations-2.11.0.jar;C:\Users\m.ahmad\.m2\repository\com\google\j2objc\j2objc-annotations\1.3\j2objc-annotations-1.3.jar;C:\Users\m.ahmad\.m2\repository\net\bytebuddy\byte-buddy\1.12.22\byte-buddy-1.12.22.jar;C:\Users\m.ahmad\.m2\repository\org\seleniumhq\selenium\selenium-json\4.8.0\selenium-json-4.8.0.jar;C:\Users\m.ahmad\.m2\repository\org\seleniumhq\selenium\selenium-java\4.8.0\selenium-java-4.8.0.jar;C:\Users\m.ahmad\.m2\repository\org\seleniumhq\selenium\selenium-chrome-driver\4.8.0\selenium-chrome-driver-4.8.0.jar;C:\Users\m.ahmad\.m2\repository\org\seleniumhq\selenium\selenium-chromium-driver\4.8.0\selenium-chromium-driver-4.8.0.jar;C:\Users\m.ahmad\.m2\repository\org\seleniumhq\selenium\selenium-devtools-v107\4.8.0\selenium-devtools-v107-4.8.0.jar;C:\Users\m.ahmad\.m2\repository\org\seleniumhq\selenium\selenium-devtools-v108\4.8.0\selenium-devtools-v108-4.8.0.jar;C:\Users\m.ahmad\.m2\repository\org\seleniumhq\selenium\selenium-devtools-v109\4.8.0\selenium-devtools-v109-4.8.0.jar;C:\Users\m.ahmad\.m2\repository\org\seleniumhq\selenium\selenium-devtools-v85\4.8.0\selenium-devtools-v85-4.8.0.jar;C:\Users\m.ahmad\.m2\repository\org\seleniumhq\selenium\selenium-edge-driver\4.8.0\selenium-edge-driver-4.8.0.jar;C:\Users\m.ahmad\.m2\repository\org\seleniumhq\selenium\selenium-firefox-driver\4.8.0\selenium-firefox-driver-4.8.0.jar;C:\Users\m.ahmad\.m2\repository\org\seleniumhq\selenium\selenium-ie-driver\4.8.0\selenium-ie-driver-4.8.0.jar;C:\Users\m.ahmad\.m2\repository\org\seleniumhq\selenium\selenium-safari-driver\4.8.0\selenium-safari-driver-4.8.0.jar;C:\Users\m.ahmad\.m2\repository\org\seleniumhq\selenium\selenium-remote-driver\4.8.0\selenium-remote-driver-4.8.0.jar;C:\Users\m.ahmad\.m2\repository\io\netty\netty-buffer\4.1.87.Final\netty-buffer-4.1.87.Final.jar;C:\Users\m.ahmad\.m2\repository\io\netty\netty-codec-http\4.1.87.Final\netty-codec-http-4.1.87.Final.jar;C:\Users\m.ahmad\.m2\repository\io\netty\netty-codec\4.1.87.Final\netty-codec-4.1.87.Final.jar;C:\Users\m.ahmad\.m2\repository\io\netty\netty-handler\4.1.87.Final\netty-handler-4.1.87.Final.jar;C:\Users\m.ahmad\.m2\repository\io\netty\netty-common\4.1.87.Final\netty-common-4.1.87.Final.jar;C:\Users\m.ahmad\.m2\repository\io\netty\netty-transport-classes-epoll\4.1.87.Final\netty-transport-classes-epoll-4.1.87.Final.jar;C:\Users\m.ahmad\.m2\repository\io\netty\netty-transport-classes-kqueue\4.1.87.Final\netty-transport-classes-kqueue-4.1.87.Final.jar;C:\Users\m.ahmad\.m2\repository\io\netty\netty-transport-native-epoll\4.1.87.Final\netty-transport-native-epoll-4.1.87.Final.jar;C:\Users\m.ahmad\.m2\repository\io\netty\netty-transport-native-kqueue\4.1.87.Final\netty-transport-native-kqueue-4.1.87.Final.jar;C:\Users\m.ahmad\.m2\repository\io\netty\netty-transport-native-unix-common\4.1.87.Final\netty-transport-native-unix-common-4.1.87.Final.jar;C:\Users\m.ahmad\.m2\repository\io\netty\netty-transport\4.1.87.Final\netty-transport-4.1.87.Final.jar;C:\Users\m.ahmad\.m2\repository\io\netty\netty-resolver\4.1.87.Final\netty-resolver-4.1.87.Final.jar;C:\Users\m.ahmad\.m2\repository\io\opentelemetry\opentelemetry-api\1.22.0\opentelemetry-api-1.22.0.jar;C:\Users\m.ahmad\.m2\repository\io\opentelemetry\opentelemetry-context\1.22.0\opentelemetry-context-1.22.0.jar;C:\Users\m.ahmad\.m2\repository\io\opentelemetry\opentelemetry-exporter-logging\1.22.0\opentelemetry-exporter-logging-1.22.0.jar;C:\Users\m.ahmad\.m2\repository\io\opentelemetry\opentelemetry-sdk-metrics\1.22.0\opentelemetry-sdk-metrics-1.22.0.jar;C:\Users\m.ahmad\.m2\repository\io\opentelemetry\opentelemetry-sdk-logs\1.22.0-alpha\opentelemetry-sdk-logs-1.22.0-alpha.jar;C:\Users\m.ahmad\.m2\repository\io\opentelemetry\opentelemetry-api-logs\1.22.0-alpha\opentelemetry-api-logs-1.22.0-alpha.jar;C:\Users\m.ahmad\.m2\repository\io\opentelemetry\opentelemetry-sdk-common\1.22.0\opentelemetry-sdk-common-1.22.0.jar;C:\Users\m.ahmad\.m2\repository\io\opentelemetry\opentelemetry-sdk-extension-autoconfigure-spi\1.22.0\opentelemetry-sdk-extension-autoconfigure-spi-1.22.0.jar;C:\Users\m.ahmad\.m2\repository\io\opentelemetry\opentelemetry-sdk-extension-autoconfigure\1.22.0-alpha\opentelemetry-sdk-extension-autoconfigure-1.22.0-alpha.jar;C:\Users\m.ahmad\.m2\repository\io\opentelemetry\opentelemetry-sdk-trace\1.22.0\opentelemetry-sdk-trace-1.22.0.jar;C:\Users\m.ahmad\.m2\repository\io\opentelemetry\opentelemetry-sdk\1.22.0\opentelemetry-sdk-1.22.0.jar;C:\Users\m.ahmad\.m2\repository\io\opentelemetry\opentelemetry-semconv\1.22.0-alpha\opentelemetry-semconv-1.22.0-alpha.jar;C:\Users\m.ahmad\.m2\repository\io\ous\jtoml\2.0.0\jtoml-2.0.0.jar;C:\Users\m.ahmad\.m2\repository\org\apache\commons\commons-exec\1.3\commons-exec-1.3.jar;C:\Users\m.ahmad\.m2\repository\org\asynchttpclient\async-http-client\2.12.3\async-http-client-2.12.3.jar;C:\Users\m.ahmad\.m2\repository\org\asynchttpclient\async-http-client-netty-utils\2.12.3\async-http-client-netty-utils-2.12.3.jar;C:\Users\m.ahmad\.m2\repository\io\netty\netty-codec-socks\4.1.60.Final\netty-codec-socks-4.1.60.Final.jar;C:\Users\m.ahmad\.m2\repository\io\netty\netty-handler-proxy\4.1.60.Final\netty-handler-proxy-4.1.60.Final.jar;C:\Users\m.ahmad\.m2\repository\io\netty\netty-transport-native-epoll\4.1.60.Final\netty-transport-native-epoll-4.1.60.Final-linux-x86_64.jar;C:\Users\m.ahmad\.m2\repository\io\netty\netty-transport-native-kqueue\4.1.60.Final\netty-transport-native-kqueue-4.1.60.Final-osx-x86_64.jar;C:\Users\m.ahmad\.m2\repository\org\reactivestreams\reactive-streams\1.0.3\reactive-streams-1.0.3.jar;C:\Users\m.ahmad\.m2\repository\com\typesafe\netty\netty-reactive-streams\2.0.4\netty-reactive-streams-2.0.4.jar;C:\Users\m.ahmad\.m2\repository\com\sun\activation\jakarta.activation\1.2.2\jakarta.activation-1.2.2.jar;C:\Users\m.ahmad\.m2\repository\org\seleniumhq\selenium\selenium-http\4.8.0\selenium-http-4.8.0.jar;C:\Users\m.ahmad\.m2\repository\dev\failsafe\failsafe\3.3.0\failsafe-3.3.0.jar;C:\Users\m.ahmad\.m2\repository\org\seleniumhq\selenium\selenium-manager\4.8.0\selenium-manager-4.8.0.jar;C:\Users\m.ahmad\.m2\repository\commons-io\commons-io\2.11.0\commons-io-2.11.0.jar;C:\Users\m.ahmad\.m2\repository\com\fasterxml\jackson\core\jackson-databind\2.13.5\jackson-databind-2.13.5.jar;C:\Users\m.ahmad\.m2\repository\com\fasterxml\jackson\core\jackson-annotations\2.13.5\jackson-annotations-2.13.5.jar;C:\Users\m.ahmad\.m2\repository\com\fasterxml\jackson\core\jackson-core\2.13.5\jackson-core-2.13.5.jar;C:\Users\m.ahmad\.m2\repository\com\aventstack\extentreports\4.1.7\extentreports-4.1.7.jar;C:\Users\m.ahmad\.m2\repository\org\freemarker\freemarker\2.3.29\freemarker-2.3.29.jar;C:\Users\m.ahmad\.m2\repository\org\apache\httpcomponents\httpclient\4.5.2\httpclient-4.5.2.jar;C:\Users\m.ahmad\.m2\repository\org\apache\httpcomponents\httpcore\4.4.4\httpcore-4.4.4.jar;C:\Users\m.ahmad\.m2\repository\commons-codec\commons-codec\1.9\commons-codec-1.9.jar;C:\Users\m.ahmad\.m2\repository\org\apache\httpcomponents\httpmime\4.5.2\httpmime-4.5.2.jar;C:\Users\m.ahmad\.m2\repository\org\mongodb\mongodb-driver\3.12.0\mongodb-driver-3.12.0.jar;C:\Users\m.ahmad\.m2\repository\org\mongodb\mongodb-driver-core\3.12.0\mongodb-driver-core-3.12.0.jar;C:\Users\m.ahmad\.m2\repository\org\mongodb\bson\3.12.0\bson-3.12.0.jar;"/>
    <property name="java.vm.vendor" value="Oracle Corporation"/>
    <property name="sun.arch.data.model" value="64"/>
    <property name="user.variant" value=""/>
    <property name="java.vendor.url" value="https://openjdk.java.net/"/>
    <property name="user.timezone" value="Asia/Karachi"/>
    <property name="java.vm.specification.version" value="11"/>
    <property name="os.name" value="Windows 11"/>
    <property name="sun.java.launcher" value="SUN_STANDARD"/>
    <property name="user.country" value="US"/>
    <property name="sun.boot.library.path" value="C:\Program Files\Java\jdk-11\bin"/>
    <property name="sun.java.command" value="C:\Users\m.ahmad\AppData\Local\Temp\surefire14260170989754125232\surefirebooter-20240611170337680_3.jar C:\Users\m.ahmad\AppData\Local\Temp\surefire14260170989754125232 2024-06-11T17-03-37_437-jvmRun1 surefire-20240611170337680_1tmp surefire_0-20240611170337680_2tmp"/>
    <property name="jdk.debug" value="release"/>
    <property name="surefire.test.class.path" value="C:\Users\m.ahmad\eclipse-workspace\AppiumFrameworkDesign\target\test-classes;C:\Users\m.ahmad\eclipse-workspace\AppiumFrameworkDesign\target\classes;C:\Users\m.ahmad\.m2\repository\io\appium\java-client\8.3.0\java-client-8.3.0.jar;C:\Users\m.ahmad\.m2\repository\org\seleniumhq\selenium\selenium-api\4.21.0\selenium-api-4.21.0.jar;C:\Users\m.ahmad\.m2\repository\com\google\code\gson\gson\2.10\gson-2.10.jar;C:\Users\m.ahmad\.m2\repository\cglib\cglib\3.3.0\cglib-3.3.0.jar;C:\Users\m.ahmad\.m2\repository\org\ow2\asm\asm\7.1\asm-7.1.jar;C:\Users\m.ahmad\.m2\repository\commons-validator\commons-validator\1.7\commons-validator-1.7.jar;C:\Users\m.ahmad\.m2\repository\commons-beanutils\commons-beanutils\1.9.4\commons-beanutils-1.9.4.jar;C:\Users\m.ahmad\.m2\repository\commons-digester\commons-digester\2.1\commons-digester-2.1.jar;C:\Users\m.ahmad\.m2\repository\commons-logging\commons-logging\1.2\commons-logging-1.2.jar;C:\Users\m.ahmad\.m2\repository\commons-collections\commons-collections\3.2.2\commons-collections-3.2.2.jar;C:\Users\m.ahmad\.m2\repository\org\apache\commons\commons-lang3\3.12.0\commons-lang3-3.12.0.jar;C:\Users\m.ahmad\.m2\repository\org\testng\testng\7.10.2\testng-7.10.2.jar;C:\Users\m.ahmad\.m2\repository\com\beust\jcommander\1.82\jcommander-1.82.jar;C:\Users\m.ahmad\.m2\repository\org\webjars\jquery\3.7.1\jquery-3.7.1.jar;C:\Users\m.ahmad\.m2\repository\org\slf4j\slf4j-api\2.0.7\slf4j-api-2.0.7.jar;C:\Users\m.ahmad\.m2\repository\org\slf4j\slf4j-nop\2.0.7\slf4j-nop-2.0.7.jar;C:\Users\m.ahmad\.m2\repository\org\seleniumhq\selenium\selenium-support\4.8.0\selenium-support-4.8.0.jar;C:\Users\m.ahmad\.m2\repository\com\google\auto\service\auto-service-annotations\1.0.1\auto-service-annotations-1.0.1.jar;C:\Users\m.ahmad\.m2\repository\com\google\auto\service\auto-service\1.0.1\auto-service-1.0.1.jar;C:\Users\m.ahmad\.m2\repository\com\google\auto\auto-common\1.2\auto-common-1.2.jar;C:\Users\m.ahmad\.m2\repository\com\google\guava\guava\31.1-jre\guava-31.1-jre.jar;C:\Users\m.ahmad\.m2\repository\com\google\guava\failureaccess\1.0.1\failureaccess-1.0.1.jar;C:\Users\m.ahmad\.m2\repository\com\google\guava\listenablefuture\9999.0-empty-to-avoid-conflict-with-guava\listenablefuture-9999.0-empty-to-avoid-conflict-with-guava.jar;C:\Users\m.ahmad\.m2\repository\com\google\code\findbugs\jsr305\3.0.2\jsr305-3.0.2.jar;C:\Users\m.ahmad\.m2\repository\org\checkerframework\checker-qual\3.12.0\checker-qual-3.12.0.jar;C:\Users\m.ahmad\.m2\repository\com\google\errorprone\error_prone_annotations\2.11.0\error_prone_annotations-2.11.0.jar;C:\Users\m.ahmad\.m2\repository\com\google\j2objc\j2objc-annotations\1.3\j2objc-annotations-1.3.jar;C:\Users\m.ahmad\.m2\repository\net\bytebuddy\byte-buddy\1.12.22\byte-buddy-1.12.22.jar;C:\Users\m.ahmad\.m2\repository\org\seleniumhq\selenium\selenium-json\4.8.0\selenium-json-4.8.0.jar;C:\Users\m.ahmad\.m2\repository\org\seleniumhq\selenium\selenium-java\4.8.0\selenium-java-4.8.0.jar;C:\Users\m.ahmad\.m2\repository\org\seleniumhq\selenium\selenium-chrome-driver\4.8.0\selenium-chrome-driver-4.8.0.jar;C:\Users\m.ahmad\.m2\repository\org\seleniumhq\selenium\selenium-chromium-driver\4.8.0\selenium-chromium-driver-4.8.0.jar;C:\Users\m.ahmad\.m2\repository\org\seleniumhq\selenium\selenium-devtools-v107\4.8.0\selenium-devtools-v107-4.8.0.jar;C:\Users\m.ahmad\.m2\repository\org\seleniumhq\selenium\selenium-devtools-v108\4.8.0\selenium-devtools-v108-4.8.0.jar;C:\Users\m.ahmad\.m2\repository\org\seleniumhq\selenium\selenium-devtools-v109\4.8.0\selenium-devtools-v109-4.8.0.jar;C:\Users\m.ahmad\.m2\repository\org\seleniumhq\selenium\selenium-devtools-v85\4.8.0\selenium-devtools-v85-4.8.0.jar;C:\Users\m.ahmad\.m2\repository\org\seleniumhq\selenium\selenium-edge-driver\4.8.0\selenium-edge-driver-4.8.0.jar;C:\Users\m.ahmad\.m2\repository\org\seleniumhq\selenium\selenium-firefox-driver\4.8.0\selenium-firefox-driver-4.8.0.jar;C:\Users\m.ahmad\.m2\repository\org\seleniumhq\selenium\selenium-ie-driver\4.8.0\selenium-ie-driver-4.8.0.jar;C:\Users\m.ahmad\.m2\repository\org\seleniumhq\selenium\selenium-safari-driver\4.8.0\selenium-safari-driver-4.8.0.jar;C:\Users\m.ahmad\.m2\repository\org\seleniumhq\selenium\selenium-remote-driver\4.8.0\selenium-remote-driver-4.8.0.jar;C:\Users\m.ahmad\.m2\repository\io\netty\netty-buffer\4.1.87.Final\netty-buffer-4.1.87.Final.jar;C:\Users\m.ahmad\.m2\repository\io\netty\netty-codec-http\4.1.87.Final\netty-codec-http-4.1.87.Final.jar;C:\Users\m.ahmad\.m2\repository\io\netty\netty-codec\4.1.87.Final\netty-codec-4.1.87.Final.jar;C:\Users\m.ahmad\.m2\repository\io\netty\netty-handler\4.1.87.Final\netty-handler-4.1.87.Final.jar;C:\Users\m.ahmad\.m2\repository\io\netty\netty-common\4.1.87.Final\netty-common-4.1.87.Final.jar;C:\Users\m.ahmad\.m2\repository\io\netty\netty-transport-classes-epoll\4.1.87.Final\netty-transport-classes-epoll-4.1.87.Final.jar;C:\Users\m.ahmad\.m2\repository\io\netty\netty-transport-classes-kqueue\4.1.87.Final\netty-transport-classes-kqueue-4.1.87.Final.jar;C:\Users\m.ahmad\.m2\repository\io\netty\netty-transport-native-epoll\4.1.87.Final\netty-transport-native-epoll-4.1.87.Final.jar;C:\Users\m.ahmad\.m2\repository\io\netty\netty-transport-native-kqueue\4.1.87.Final\netty-transport-native-kqueue-4.1.87.Final.jar;C:\Users\m.ahmad\.m2\repository\io\netty\netty-transport-native-unix-common\4.1.87.Final\netty-transport-native-unix-common-4.1.87.Final.jar;C:\Users\m.ahmad\.m2\repository\io\netty\netty-transport\4.1.87.Final\netty-transport-4.1.87.Final.jar;C:\Users\m.ahmad\.m2\repository\io\netty\netty-resolver\4.1.87.Final\netty-resolver-4.1.87.Final.jar;C:\Users\m.ahmad\.m2\repository\io\opentelemetry\opentelemetry-api\1.22.0\opentelemetry-api-1.22.0.jar;C:\Users\m.ahmad\.m2\repository\io\opentelemetry\opentelemetry-context\1.22.0\opentelemetry-context-1.22.0.jar;C:\Users\m.ahmad\.m2\repository\io\opentelemetry\opentelemetry-exporter-logging\1.22.0\opentelemetry-exporter-logging-1.22.0.jar;C:\Users\m.ahmad\.m2\repository\io\opentelemetry\opentelemetry-sdk-metrics\1.22.0\opentelemetry-sdk-metrics-1.22.0.jar;C:\Users\m.ahmad\.m2\repository\io\opentelemetry\opentelemetry-sdk-logs\1.22.0-alpha\opentelemetry-sdk-logs-1.22.0-alpha.jar;C:\Users\m.ahmad\.m2\repository\io\opentelemetry\opentelemetry-api-logs\1.22.0-alpha\opentelemetry-api-logs-1.22.0-alpha.jar;C:\Users\m.ahmad\.m2\repository\io\opentelemetry\opentelemetry-sdk-common\1.22.0\opentelemetry-sdk-common-1.22.0.jar;C:\Users\m.ahmad\.m2\repository\io\opentelemetry\opentelemetry-sdk-extension-autoconfigure-spi\1.22.0\opentelemetry-sdk-extension-autoconfigure-spi-1.22.0.jar;C:\Users\m.ahmad\.m2\repository\io\opentelemetry\opentelemetry-sdk-extension-autoconfigure\1.22.0-alpha\opentelemetry-sdk-extension-autoconfigure-1.22.0-alpha.jar;C:\Users\m.ahmad\.m2\repository\io\opentelemetry\opentelemetry-sdk-trace\1.22.0\opentelemetry-sdk-trace-1.22.0.jar;C:\Users\m.ahmad\.m2\repository\io\opentelemetry\opentelemetry-sdk\1.22.0\opentelemetry-sdk-1.22.0.jar;C:\Users\m.ahmad\.m2\repository\io\opentelemetry\opentelemetry-semconv\1.22.0-alpha\opentelemetry-semconv-1.22.0-alpha.jar;C:\Users\m.ahmad\.m2\repository\io\ous\jtoml\2.0.0\jtoml-2.0.0.jar;C:\Users\m.ahmad\.m2\repository\org\apache\commons\commons-exec\1.3\commons-exec-1.3.jar;C:\Users\m.ahmad\.m2\repository\org\asynchttpclient\async-http-client\2.12.3\async-http-client-2.12.3.jar;C:\Users\m.ahmad\.m2\repository\org\asynchttpclient\async-http-client-netty-utils\2.12.3\async-http-client-netty-utils-2.12.3.jar;C:\Users\m.ahmad\.m2\repository\io\netty\netty-codec-socks\4.1.60.Final\netty-codec-socks-4.1.60.Final.jar;C:\Users\m.ahmad\.m2\repository\io\netty\netty-handler-proxy\4.1.60.Final\netty-handler-proxy-4.1.60.Final.jar;C:\Users\m.ahmad\.m2\repository\io\netty\netty-transport-native-epoll\4.1.60.Final\netty-transport-native-epoll-4.1.60.Final-linux-x86_64.jar;C:\Users\m.ahmad\.m2\repository\io\netty\netty-transport-native-kqueue\4.1.60.Final\netty-transport-native-kqueue-4.1.60.Final-osx-x86_64.jar;C:\Users\m.ahmad\.m2\repository\org\reactivestreams\reactive-streams\1.0.3\reactive-streams-1.0.3.jar;C:\Users\m.ahmad\.m2\repository\com\typesafe\netty\netty-reactive-streams\2.0.4\netty-reactive-streams-2.0.4.jar;C:\Users\m.ahmad\.m2\repository\com\sun\activation\jakarta.activation\1.2.2\jakarta.activation-1.2.2.jar;C:\Users\m.ahmad\.m2\repository\org\seleniumhq\selenium\selenium-http\4.8.0\selenium-http-4.8.0.jar;C:\Users\m.ahmad\.m2\repository\dev\failsafe\failsafe\3.3.0\failsafe-3.3.0.jar;C:\Users\m.ahmad\.m2\repository\org\seleniumhq\selenium\selenium-manager\4.8.0\selenium-manager-4.8.0.jar;C:\Users\m.ahmad\.m2\repository\commons-io\commons-io\2.11.0\commons-io-2.11.0.jar;C:\Users\m.ahmad\.m2\repository\com\fasterxml\jackson\core\jackson-databind\2.13.5\jackson-databind-2.13.5.jar;C:\Users\m.ahmad\.m2\repository\com\fasterxml\jackson\core\jackson-annotations\2.13.5\jackson-annotations-2.13.5.jar;C:\Users\m.ahmad\.m2\repository\com\fasterxml\jackson\core\jackson-core\2.13.5\jackson-core-2.13.5.jar;C:\Users\m.ahmad\.m2\repository\com\aventstack\extentreports\4.1.7\extentreports-4.1.7.jar;C:\Users\m.ahmad\.m2\repository\org\freemarker\freemarker\2.3.29\freemarker-2.3.29.jar;C:\Users\m.ahmad\.m2\repository\org\apache\httpcomponents\httpclient\4.5.2\httpclient-4.5.2.jar;C:\Users\m.ahmad\.m2\repository\org\apache\httpcomponents\httpcore\4.4.4\httpcore-4.4.4.jar;C:\Users\m.ahmad\.m2\repository\commons-codec\commons-codec\1.9\commons-codec-1.9.jar;C:\Users\m.ahmad\.m2\repository\org\apache\httpcomponents\httpmime\4.5.2\httpmime-4.5.2.jar;C:\Users\m.ahmad\.m2\repository\org\mongodb\mongodb-driver\3.12.0\mongodb-driver-3.12.0.jar;C:\Users\m.ahmad\.m2\repository\org\mongodb\mongodb-driver-core\3.12.0\mongodb-driver-core-3.12.0.jar;C:\Users\m.ahmad\.m2\repository\org\mongodb\bson\3.12.0\bson-3.12.0.jar;"/>
    <property name="sun.cpu.endian" value="little"/>
    <property name="user.home" value="C:\Users\m.ahmad"/>
    <property name="user.language" value="en"/>
    <property name="java.specification.vendor" value="Oracle Corporation"/>
    <property name="java.version.date" value="2024-04-16"/>
    <property name="java.home" value="C:\Program Files\Java\jdk-11"/>
    <property name="file.separator" value="\"/>
    <property name="basedir" value="C:\Users\m.ahmad\eclipse-workspace\AppiumFrameworkDesign"/>
    <property name="java.vm.compressedOopsMode" value="Zero based"/>
    <property name="line.separator" value="&#10;"/>
    <property name="java.specification.name" value="Java Platform API Specification"/>
    <property name="java.vm.specification.vendor" value="Oracle Corporation"/>
    <property name="java.awt.graphicsenv" value="sun.awt.Win32GraphicsEnvironment"/>
    <property name="surefire.real.class.path" value="C:\Users\m.ahmad\AppData\Local\Temp\surefire14260170989754125232\surefirebooter-20240611170337680_3.jar"/>
    <property name="user.script" value=""/>
    <property name="sun.management.compiler" value="HotSpot 64-Bit Tiered Compilers"/>
    <property name="java.runtime.version" value="11.0.23+7-LTS-222"/>
    <property name="user.name" value="m.ahmad"/>
    <property name="path.separator" value=";"/>
    <property name="os.version" value="10.0"/>
    <property name="java.runtime.name" value="Java(TM) SE Runtime Environment"/>
    <property name="file.encoding" value="Cp1252"/>
    <property name="java.vm.name" value="Java HotSpot(TM) 64-Bit Server VM"/>
    <property name="java.vendor.version" value="18.9"/>
    <property name="localRepository" value="C:\Users\m.ahmad\.m2\repository"/>
    <property name="java.vendor.url.bug" value="https://bugreport.java.com/bugreport/"/>
    <property name="java.io.tmpdir" value="C:\Users\MA84C~1.AHM\AppData\Local\Temp\"/>
    <property name="java.version" value="11.0.23"/>
    <property name="user.dir" value="C:\Users\m.ahmad\eclipse-workspace\AppiumFrameworkDesign"/>
    <property name="os.arch" value="amd64"/>
    <property name="java.vm.specification.name" value="Java Virtual Machine Specification"/>
    <property name="java.awt.printerjob" value="sun.awt.windows.WPrinterJob"/>
    <property name="sun.os.patch.level" value=""/>
    <property name="java.library.path" value="C:\Program Files\Java\jdk-11\bin;C:\Windows\Sun\Java\bin;C:\Windows\system32;C:\Windows;C:\Program Files\Common Files\Oracle\Java\javapath;C:\Windows\system32;C:\Windows;C:\Windows\System32\Wbem;C:\Windows\System32\WindowsPowerShell\v1.0\;C:\Windows\System32\OpenSSH\;C:\Program Files\nodejs\;C:\Users\m.ahmad\AppData\Local\Android\Sdk\tools\bin;C:\Users\m.ahmad\AppData\Local\Android\Sdk\tools;C:\Users\m.ahmad\AppData\Local\Android\Sdk\platform-tools;C:\Program Files\nodejs\node_modules\npm\bin;C:\Program Files (x86)\Microsoft SQL Server\160\Tools\Binn\;C:\Program Files\Microsoft SQL Server\160\Tools\Binn\;C:\Program Files\Microsoft SQL Server\Client SDK\ODBC\170\Tools\Binn\;C:\Program Files\Microsoft SQL Server\160\DTS\Binn\;C:\Program Files (x86)\Microsoft SQL Server\160\DTS\Binn\;C:\Program Files\Azure Data Studio\bin;C:\Users\m.ahmad\AppData\Local\Programs\Python\Python311\;C:\Users\m.ahmad\AppData\Local\Programs\Python\Python311\Scripts;C:\Program Files\apache-maven-3.9.4-bin\apache-maven-3.9.4\bin;C:\Program Files\Git\cmd;C:\Program Files\Java\jdk-11\bin;C:\Program Files\MySQL\MySQL Shell 8.0\bin\;C:\Users\m.ahmad\AppData\Local\Microsoft\WindowsApps;C:\Users\m.ahmad\AppData\Roaming\npm;%ANDROID_HOME\platform-tools;%ANDROID_HOME\build-tools;%ANDROID_HOME\emulator;%ANDROID_HOME\tools\bin;%ANDROID_HOME\tools\lib;C:\Users\m.ahmad\AppData\Local\Programs\Microsoft VS Code\bin;C:\Users\m.ahmad\AppData\Local\Programs\Fiddler;."/>
    <property name="java.vendor" value="Oracle Corporation"/>
    <property name="java.vm.info" value="mixed mode"/>
    <property name="java.vm.version" value="11.0.23+7-LTS-222"/>
    <property name="java.specification.maintenance.version" value="2"/>
    <property name="sun.io.unicode.encoding" value="UnicodeLittle"/>
    <property name="java.class.version" value="55.0"/>
  </properties>
  <testcase name="FillForm[{name=Muhammad Ahmad, country=Argentina, gender=female}](1)" classname="org.MuhammadAhmad.eCommerce_tc_4_Hybrid" time="28.337">
    <system-out><![CDATA[&amp#27;[35m[Appium]&amp#27;[39m Welcome to Appium v2.0.0-beta.66
&amp#27;[35m[Appium]&amp#27;[39m Attempting to load driver uiautomator2...
[debug] &amp#27;[35m[Appium]&amp#27;[39m Requiring driver at C:\Users\m.ahmad\.appium\node_modules\appium-uiautomator2-driver
&amp#27;[35m[Appium]&amp#27;[39m Appium REST http interface listener started on 0.0.0.0:4723
&amp#27;[35m[Appium]&amp#27;[39m Available drivers:
&amp#27;[35m[Appium]&amp#27;[39m   - uiautomator2@2.24.1 (automationName 'UiAutomator2')
&amp#27;[35m[Appium]&amp#27;[39m No plugins have been installed. Use the "appium plugin" command to install the one(s) you want to use.
&amp#27;[38;5;0m[HTTP]&amp#27;[0m &amp#27;[37m-->&amp#27;[39m &amp#27;[37mGET&amp#27;[39m &amp#27;[37m/status&amp#27;[39m
&amp#27;[38;5;0m[HTTP]&amp#27;[0m &amp#27;[90m{}&amp#27;[39m
[debug] &amp#27;[38;5;16m[AppiumDriver@d70b]&amp#27;[0m Calling AppiumDriver.getStatus() with args: []
[debug] &amp#27;[38;5;16m[AppiumDriver@d70b]&amp#27;[0m Responding to client with driver.getStatus() result: {"build":{"version":"2.0.0-beta.66"}}
&amp#27;[38;5;0m[HTTP]&amp#27;[0m &amp#27;[37m<-- GET /status &amp#27;[39m&amp#27;[32m200&amp#27;[39m &amp#27;[90m7 ms - 47&amp#27;[39m
&amp#27;[38;5;0m[HTTP]&amp#27;[0m &amp#27;[90m&amp#27;[39m
[debug] &amp#27;[38;5;0m[HTTP]&amp#27;[0m Request idempotency key: 69236722-2add-44e0-95b0-f1c2ce829956
&amp#27;[38;5;0m[HTTP]&amp#27;[0m &amp#27;[37m-->&amp#27;[39m &amp#27;[37mPOST&amp#27;[39m &amp#27;[37m/session&amp#27;[39m
&amp#27;[38;5;0m[HTTP]&amp#27;[0m &amp#27;[90m{"capabilities":{"firstMatch":[{}],"alwaysMatch":{"appium:app":"C:\\Users\\m.ahmad\\eclipse-workspace\\AppiumFrameworkDesign\\src\\test\\java\\org\\MuhammadAhmad\\resources\\General-Store.apk","appium:automationName":"UIAutomator2","appium:deviceName":"Pixel 3a API 31","platformName":"android"}}}&amp#27;[39m
[debug] &amp#27;[38;5;16m[AppiumDriver@d70b]&amp#27;[0m Calling AppiumDriver.createSession() with args: [null,null,{"firstMatch":[{}],"alwaysMatch":{"appium:app":"C:\\Users\\m.ahmad\\eclipse-workspace\\AppiumFrameworkDesign\\src\\test\\java\\org\\MuhammadAhmad\\resources\\General-Store.apk","appium:automationName":"UIAutomator2","appium:deviceName":"Pixel 3a API 31","platformName":"android"}}]
[debug] &amp#27;[38;5;16m[AppiumDriver@d70b]&amp#27;[0m Event 'newSessionRequested' logged at 1718107423905 (17:03:43 GMT+0500 (Pakistan Standard Time))
&amp#27;[35m[Appium]&amp#27;[39m Attempting to find matching driver for automationName 'UIAutomator2' and platformName 'android'
&amp#27;[35m[Appium]&amp#27;[39m The 'uiautomator2' driver was installed and matched caps.
&amp#27;[35m[Appium]&amp#27;[39m Will require it at C:\Users\m.ahmad\.appium\node_modules\appium-uiautomator2-driver
[debug] &amp#27;[35m[Appium]&amp#27;[39m Requiring driver at C:\Users\m.ahmad\.appium\node_modules\appium-uiautomator2-driver
&amp#27;[38;5;16m[AppiumDriver@d70b]&amp#27;[0m Appium v2.0.0-beta.66 creating new AndroidUiautomator2Driver (v2.24.1) session
&amp#27;[38;5;16m[AppiumDriver@d70b]&amp#27;[0m Checking BaseDriver versions for Appium and AndroidUiautomator2Driver
&amp#27;[38;5;16m[AppiumDriver@d70b]&amp#27;[0m Appium's BaseDriver version is 9.3.7
&amp#27;[38;5;16m[AppiumDriver@d70b]&amp#27;[0m AndroidUiautomator2Driver's BaseDriver version is 9.3.7
[debug] &amp#27;[38;5;32m[AndroidUiautomator2Driver@ea86]&amp#27;[0m Creating session with W3C capabilities: {
[debug] &amp#27;[38;5;32m[AndroidUiautomator2Driver@ea86]&amp#27;[0m   "alwaysMatch": {
[debug] &amp#27;[38;5;32m[AndroidUiautomator2Driver@ea86]&amp#27;[0m     "platformName": "android",
[debug] &amp#27;[38;5;32m[AndroidUiautomator2Driver@ea86]&amp#27;[0m     "appium:app": "C:\\Users\\m.ahmad\\eclipse-workspace\\AppiumFrameworkDesign\\src\\test\\java\\org\\MuhammadAhmad\\resources\\General-Store.apk",
[debug] &amp#27;[38;5;32m[AndroidUiautomator2Driver@ea86]&amp#27;[0m     "appium:automationName": "UIAutomator2",
[debug] &amp#27;[38;5;32m[AndroidUiautomator2Driver@ea86]&amp#27;[0m     "appium:deviceName": "Pixel 3a API 31"
[debug] &amp#27;[38;5;32m[AndroidUiautomator2Driver@ea86]&amp#27;[0m   },
[debug] &amp#27;[38;5;32m[AndroidUiautomator2Driver@ea86]&amp#27;[0m   "firstMatch": [
[debug] &amp#27;[38;5;32m[AndroidUiautomator2Driver@ea86]&amp#27;[0m     {}
[debug] &amp#27;[38;5;32m[AndroidUiautomator2Driver@ea86]&amp#27;[0m   ]
[debug] &amp#27;[38;5;32m[AndroidUiautomator2Driver@ea86]&amp#27;[0m }
&amp#27;[38;5;32m[AndroidUiautomator2Driver@ea86 (632147ce)]&amp#27;[0m Session created with session id: 632147ce-e1be-4fa6-a1d2-7d3a53bf8ff7
&amp#27;[38;5;48m[BaseDriver]&amp#27;[0m Using local app 'C:\Users\m.ahmad\eclipse-workspace\AppiumFrameworkDesign\src\test\java\org\MuhammadAhmad\resources\General-Store.apk'
[debug] &amp#27;[38;5;32m[AndroidUiautomator2Driver@ea86 (632147ce)]&amp#27;[0m Checking whether app is actually present
&amp#27;[38;5;64m[ADB]&amp#27;[0m Found 4 'build-tools' folders under 'C:\Users\m.ahmad\AppData\Local\Android\Sdk' (newest first):
&amp#27;[38;5;64m[ADB]&amp#27;[0m     C:/Users/m.ahmad/AppData/Local/Android/Sdk/build-tools/35.0.0-rc4
&amp#27;[38;5;64m[ADB]&amp#27;[0m     C:/Users/m.ahmad/AppData/Local/Android/Sdk/build-tools/34.0.0
&amp#27;[38;5;64m[ADB]&amp#27;[0m     C:/Users/m.ahmad/AppData/Local/Android/Sdk/build-tools/33.0.2
&amp#27;[38;5;64m[ADB]&amp#27;[0m     C:/Users/m.ahmad/AppData/Local/Android/Sdk/build-tools/30.0.3
&amp#27;[38;5;64m[ADB]&amp#27;[0m Using 'adb.exe' from 'C:\Users\m.ahmad\AppData\Local\Android\Sdk\platform-tools\adb.exe'
[debug] &amp#27;[38;5;64m[ADB]&amp#27;[0m Running 'C:\Users\m.ahmad\AppData\Local\Android\Sdk\platform-tools\adb.exe -P 5037 start-server'
&amp#27;[38;5;80m[AndroidDriver]&amp#27;[0m Retrieving device list
[debug] &amp#27;[38;5;64m[ADB]&amp#27;[0m Trying to find a connected android device
[debug] &amp#27;[38;5;64m[ADB]&amp#27;[0m Getting connected devices
[debug] &amp#27;[38;5;64m[ADB]&amp#27;[0m Connected devices: [{"udid":"emulator-5554","state":"device"}]
&amp#27;[38;5;80m[AndroidDriver]&amp#27;[0m Using device: emulator-5554
&amp#27;[38;5;64m[ADB]&amp#27;[0m Using 'adb.exe' from 'C:\Users\m.ahmad\AppData\Local\Android\Sdk\platform-tools\adb.exe'
[debug] &amp#27;[38;5;64m[ADB]&amp#27;[0m Running 'C:\Users\m.ahmad\AppData\Local\Android\Sdk\platform-tools\adb.exe -P 5037 start-server'
[debug] &amp#27;[38;5;64m[ADB]&amp#27;[0m Setting device id to emulator-5554
[debug] &amp#27;[38;5;64m[ADB]&amp#27;[0m Running 'C:\Users\m.ahmad\AppData\Local\Android\Sdk\platform-tools\adb.exe -P 5037 -s emulator-5554 shell getprop ro.build.version.sdk'
[debug] &amp#27;[38;5;64m[ADB]&amp#27;[0m Current device property 'ro.build.version.sdk': 31
&amp#27;[38;5;64m[ADB]&amp#27;[0m Getting device platform version
[debug] &amp#27;[38;5;64m[ADB]&amp#27;[0m Running 'C:\Users\m.ahmad\AppData\Local\Android\Sdk\platform-tools\adb.exe -P 5037 -s emulator-5554 shell getprop ro.build.version.release'
[debug] &amp#27;[38;5;64m[ADB]&amp#27;[0m Current device property 'ro.build.version.release': 12
[debug] &amp#27;[38;5;64m[ADB]&amp#27;[0m Device API level: 31
&amp#27;[38;5;32m[AndroidUiautomator2Driver@ea86 (632147ce)]&amp#27;[0m Relaxing hidden api policy
[debug] &amp#27;[38;5;64m[ADB]&amp#27;[0m Running 'C:\Users\m.ahmad\AppData\Local\Android\Sdk\platform-tools\adb.exe -P 5037 -s emulator-5554 shell 'settings put global hidden_api_policy_pre_p_apps 1;settings put global hidden_api_policy_p_apps 1;settings put global hidden_api_policy 1''
[debug] &amp#27;[38;5;80m[AndroidDriver]&amp#27;[0m Parsing package and activity from app manifest
&amp#27;[38;5;64m[ADB]&amp#27;[0m Package name: 'com.androidsample.generalstore'
&amp#27;[38;5;64m[ADB]&amp#27;[0m Main activity name: 'com.androidsample.generalstore.SplashActivity'
[debug] &amp#27;[38;5;80m[AndroidDriver]&amp#27;[0m Parsed package and activity are: com.androidsample.generalstore/com.androidsample.generalstore.SplashActivity
[debug] &amp#27;[38;5;64m[ADB]&amp#27;[0m Running 'C:\Users\m.ahmad\AppData\Local\Android\Sdk\platform-tools\adb.exe -P 5037 -s emulator-5554 wait-for-device'
[debug] &amp#27;[38;5;64m[ADB]&amp#27;[0m Running 'C:\Users\m.ahmad\AppData\Local\Android\Sdk\platform-tools\adb.exe -P 5037 -s emulator-5554 shell echo ping'
[debug] &amp#27;[38;5;80m[AndroidDriver]&amp#27;[0m Pushing settings apk to device...
[debug] &amp#27;[38;5;64m[ADB]&amp#27;[0m Getting install status for io.appium.settings
[debug] &amp#27;[38;5;64m[ADB]&amp#27;[0m Running 'C:\Users\m.ahmad\AppData\Local\Android\Sdk\platform-tools\adb.exe -P 5037 -s emulator-5554 shell dumpsys package io.appium.settings'
[debug] &amp#27;[38;5;64m[ADB]&amp#27;[0m 'io.appium.settings' is installed
[debug] &amp#27;[38;5;64m[ADB]&amp#27;[0m Getting package info for 'io.appium.settings'
[debug] &amp#27;[38;5;64m[ADB]&amp#27;[0m Running 'C:\Users\m.ahmad\AppData\Local\Android\Sdk\platform-tools\adb.exe -P 5037 -s emulator-5554 shell dumpsys package io.appium.settings'
[debug] &amp#27;[38;5;64m[ADB]&amp#27;[0m The version name of the installed 'io.appium.settings' is greater or equal to the application version name ('5.0.3' >= '5.0.3')
[debug] &amp#27;[38;5;64m[ADB]&amp#27;[0m There is no need to install/upgrade 'C:\Users\m.ahmad\.appium\node_modules\appium-uiautomator2-driver\node_modules\io.appium.settings\apks\settings_apk-debug.apk'
[debug] &amp#27;[38;5;64m[ADB]&amp#27;[0m Getting IDs of all 'io.appium.settings' processes
[debug] &amp#27;[38;5;64m[ADB]&amp#27;[0m Running 'C:\Users\m.ahmad\AppData\Local\Android\Sdk\platform-tools\adb.exe -P 5037 -s emulator-5554 shell 'pgrep --help; echo $?''
[debug] &amp#27;[38;5;64m[ADB]&amp#27;[0m Running 'C:\Users\m.ahmad\AppData\Local\Android\Sdk\platform-tools\adb.exe -P 5037 -s emulator-5554 shell pgrep -f \(\[\[:blank:\]\]\|\^\)io\.appium\.settings\(\[\[:blank:\]\]\|\$\)'
[debug] &amp#27;[38;5;80m[AndroidDriver]&amp#27;[0m io.appium.settings is already running. There is no need to reset its permissions.
[debug] &amp#27;[38;5;96m[Logcat]&amp#27;[0m Starting logs capture with command: C:\\Users\\m.ahmad\\AppData\\Local\\Android\\Sdk\\platform-tools\\adb.exe -P 5037 -s emulator-5554 logcat -v threadtime
[debug] &amp#27;[38;5;32m[AndroidUiautomator2Driver@ea86 (632147ce)]&amp#27;[0m Forwarding UiAutomator2 Server port 6790 to local port 8200
[debug] &amp#27;[38;5;64m[ADB]&amp#27;[0m Forwarding system: 8200 to device: 6790
[debug] &amp#27;[38;5;64m[ADB]&amp#27;[0m Running 'C:\Users\m.ahmad\AppData\Local\Android\Sdk\platform-tools\adb.exe -P 5037 -s emulator-5554 forward tcp:8200 tcp:6790'
[debug] &amp#27;[38;5;64m[ADB]&amp#27;[0m Getting install status for io.appium.uiautomator2.server
[debug] &amp#27;[38;5;64m[ADB]&amp#27;[0m Running 'C:\Users\m.ahmad\AppData\Local\Android\Sdk\platform-tools\adb.exe -P 5037 -s emulator-5554 shell dumpsys package io.appium.uiautomator2.server'
[debug] &amp#27;[38;5;64m[ADB]&amp#27;[0m 'io.appium.uiautomator2.server' is installed
[debug] &amp#27;[38;5;64m[ADB]&amp#27;[0m Getting package info for 'io.appium.uiautomator2.server'
[debug] &amp#27;[38;5;64m[ADB]&amp#27;[0m Running 'C:\Users\m.ahmad\AppData\Local\Android\Sdk\platform-tools\adb.exe -P 5037 -s emulator-5554 shell dumpsys package io.appium.uiautomator2.server'
[debug] &amp#27;[38;5;64m[ADB]&amp#27;[0m The version name of the installed 'io.appium.uiautomator2.server' is greater or equal to the application version name ('5.8.2' >= '5.8.2')
[debug] &amp#27;[38;5;32m[AndroidUiautomator2Driver@ea86 (632147ce)]&amp#27;[0m io.appium.uiautomator2.server installation state: sameVersionInstalled
[debug] &amp#27;[38;5;64m[ADB]&amp#27;[0m Checking app cert for C:\Users\m.ahmad\.appium\node_modules\appium-uiautomator2-driver\node_modules\appium-uiautomator2-server\apks\appium-uiautomator2-server-v5.8.2.apk
&amp#27;[38;5;64m[ADB]&amp#27;[0m Using 'apksigner.jar' from 'C:\Users\m.ahmad\AppData\Local\Android\Sdk\build-tools\35.0.0-rc4\lib\apksigner.jar'
[debug] &amp#27;[38;5;64m[ADB]&amp#27;[0m Starting apksigner: 'C:\\Program Files\\Java\\jdk-11\\bin\\java.exe' -Xmx1024M -Xss1m -jar C:\\Users\\m.ahmad\\AppData\\Local\\Android\\Sdk\\build-tools\\35.0.0-rc4\\lib\\apksigner.jar verify --print-certs C:\\Users\\m.ahmad\\.appium\\node_modules\\appium-uiautomator2-driver\\node_modules\\appium-uiautomator2-server\\apks\\appium-uiautomator2-server-v5.8.2.apk
[debug] &amp#27;[38;5;64m[ADB]&amp#27;[0m apksigner stdout: Signer #1 certificate DN: EMAILADDRESS=android@android.com, CN=Android, OU=Android, O=Android, L=Mountain View, ST=California, C=US
[debug] &amp#27;[38;5;64m[ADB]&amp#27;[0m Signer #1 certificate SHA-256 digest: a40da80a59d170caa950cf15c18c454d47a39b26989d8b640ecd745ba71bf5dc
[debug] &amp#27;[38;5;64m[ADB]&amp#27;[0m Signer #1 certificate SHA-1 digest: 61ed377e85d386a8dfee6b864bd85b0bfaa5af81
[debug] &amp#27;[38;5;64m[ADB]&amp#27;[0m Signer #1 certificate MD5 digest: e89b158e4bcf988ebd09eb83f5378e87
[debug] &amp#27;[38;5;64m[ADB]&amp#27;[0m 
[debug] &amp#27;[38;5;64m[ADB]&amp#27;[0m sha256 hash did match for 'appium-uiautomator2-server-v5.8.2.apk'
&amp#27;[38;5;64m[ADB]&amp#27;[0m 'C:\Users\m.ahmad\.appium\node_modules\appium-uiautomator2-driver\node_modules\appium-uiautomator2-server\apks\appium-uiautomator2-server-v5.8.2.apk' is signed with the default certificate
[debug] &amp#27;[38;5;64m[ADB]&amp#27;[0m Getting install status for io.appium.uiautomator2.server.test
[debug] &amp#27;[38;5;64m[ADB]&amp#27;[0m Running 'C:\Users\m.ahmad\AppData\Local\Android\Sdk\platform-tools\adb.exe -P 5037 -s emulator-5554 shell dumpsys package io.appium.uiautomator2.server.test'
[debug] &amp#27;[38;5;64m[ADB]&amp#27;[0m 'io.appium.uiautomator2.server.test' is installed
[debug] &amp#27;[38;5;64m[ADB]&amp#27;[0m Checking app cert for C:\Users\m.ahmad\.appium\node_modules\appium-uiautomator2-driver\node_modules\appium-uiautomator2-server\apks\appium-uiautomator2-server-debug-androidTest.apk
[debug] &amp#27;[38;5;64m[ADB]&amp#27;[0m Starting apksigner: 'C:\\Program Files\\Java\\jdk-11\\bin\\java.exe' -Xmx1024M -Xss1m -jar C:\\Users\\m.ahmad\\AppData\\Local\\Android\\Sdk\\build-tools\\35.0.0-rc4\\lib\\apksigner.jar verify --print-certs C:\\Users\\m.ahmad\\.appium\\node_modules\\appium-uiautomator2-driver\\node_modules\\appium-uiautomator2-server\\apks\\appium-uiautomator2-server-debug-androidTest.apk
[debug] &amp#27;[38;5;64m[ADB]&amp#27;[0m apksigner stdout: Signer #1 certificate DN: EMAILADDRESS=android@android.com, CN=Android, OU=Android, O=Android, L=Mountain View, ST=California, C=US
[debug] &amp#27;[38;5;64m[ADB]&amp#27;[0m Signer #1 certificate SHA-256 digest: a40da80a59d170caa950cf15c18c454d47a39b26989d8b640ecd745ba71bf5dc
[debug] &amp#27;[38;5;64m[ADB]&amp#27;[0m Signer #1 certificate SHA-1 digest: 61ed377e85d386a8dfee6b864bd85b0bfaa5af81
[debug] &amp#27;[38;5;64m[ADB]&amp#27;[0m Signer #1 certificate MD5 digest: e89b158e4bcf988ebd09eb83f5378e87
[debug] &amp#27;[38;5;64m[ADB]&amp#27;[0m 
[debug] &amp#27;[38;5;64m[ADB]&amp#27;[0m sha256 hash did match for 'appium-uiautomator2-server-debug-androidTest.apk'
&amp#27;[38;5;64m[ADB]&amp#27;[0m 'C:\Users\m.ahmad\.appium\node_modules\appium-uiautomator2-driver\node_modules\appium-uiautomator2-server\apks\appium-uiautomator2-server-debug-androidTest.apk' is signed with the default certificate
&amp#27;[38;5;32m[AndroidUiautomator2Driver@ea86 (632147ce)]&amp#27;[0m Server packages are not going to be (re)installed
[debug] &amp#27;[38;5;32m[AndroidUiautomator2Driver@ea86 (632147ce)]&amp#27;[0m Waiting up to 30000ms for services to be available
[debug] &amp#27;[38;5;64m[ADB]&amp#27;[0m Running 'C:\Users\m.ahmad\AppData\Local\Android\Sdk\platform-tools\adb.exe -P 5037 -s emulator-5554 shell pm list instrumentation'
[debug] &amp#27;[38;5;32m[AndroidUiautomator2Driver@ea86 (632147ce)]&amp#27;[0m Instrumentation target 'io.appium.uiautomator2.server.test/androidx.test.runner.AndroidJUnitRunner' is available
&amp#27;[38;5;64m[ADB]&amp#27;[0m Adding packages ["io.appium.settings","io.appium.uiautomator2.server","io.appium.uiautomator2.server.test"] to Doze whitelist
[debug] &amp#27;[38;5;64m[ADB]&amp#27;[0m Got the following command chunks to execute: [["dumpsys","deviceidle","whitelist","+io.appium.settings",";","dumpsys","deviceidle","whitelist","+io.appium.uiautomator2.server",";","dumpsys","deviceidle","whitelist","+io.appium.uiautomator2.server.test",";"]]
[debug] &amp#27;[38;5;64m[ADB]&amp#27;[0m Running 'C:\Users\m.ahmad\AppData\Local\Android\Sdk\platform-tools\adb.exe -P 5037 -s emulator-5554 shell dumpsys deviceidle whitelist +io.appium.settings ; dumpsys deviceidle whitelist +io.appium.uiautomator2.server ; dumpsys deviceidle whitelist +io.appium.uiautomator2.server.test ;'
[debug] &amp#27;[38;5;64m[ADB]&amp#27;[0m Checking app cert for C:\Users\m.ahmad\eclipse-workspace\AppiumFrameworkDesign\src\test\java\org\MuhammadAhmad\resources\General-Store.apk
[debug] &amp#27;[38;5;64m[ADB]&amp#27;[0m Starting apksigner: 'C:\\Program Files\\Java\\jdk-11\\bin\\java.exe' -Xmx1024M -Xss1m -jar C:\\Users\\m.ahmad\\AppData\\Local\\Android\\Sdk\\build-tools\\35.0.0-rc4\\lib\\apksigner.jar verify --print-certs C:\\Users\\m.ahmad\\eclipse-workspace\\AppiumFrameworkDesign\\src\\test\\java\\org\\MuhammadAhmad\\resources\\General-Store.apk
[debug] &amp#27;[38;5;64m[ADB]&amp#27;[0m apksigner stdout: Signer #1 certificate DN: EMAILADDRESS=android@android.com, CN=Android, OU=Android, O=Android, L=Mountain View, ST=California, C=US
[debug] &amp#27;[38;5;64m[ADB]&amp#27;[0m Signer #1 certificate SHA-256 digest: a40da80a59d170caa950cf15c18c454d47a39b26989d8b640ecd745ba71bf5dc
[debug] &amp#27;[38;5;64m[ADB]&amp#27;[0m Signer #1 certificate SHA-1 digest: 61ed377e85d386a8dfee6b864bd85b0bfaa5af81
[debug] &amp#27;[38;5;64m[ADB]&amp#27;[0m Signer #1 certificate MD5 digest: e89b158e4bcf988ebd09eb83f5378e87
[debug] &amp#27;[38;5;64m[ADB]&amp#27;[0m 
[debug] &amp#27;[38;5;64m[ADB]&amp#27;[0m sha256 hash did match for 'General-Store.apk'
&amp#27;[38;5;64m[ADB]&amp#27;[0m 'C:\Users\m.ahmad\eclipse-workspace\AppiumFrameworkDesign\src\test\java\org\MuhammadAhmad\resources\General-Store.apk' is signed with the default certificate
[debug] &amp#27;[38;5;64m[ADB]&amp#27;[0m Getting install status for com.androidsample.generalstore
[debug] &amp#27;[38;5;64m[ADB]&amp#27;[0m Running 'C:\Users\m.ahmad\AppData\Local\Android\Sdk\platform-tools\adb.exe -P 5037 -s emulator-5554 shell dumpsys package com.androidsample.generalstore'
[debug] &amp#27;[38;5;64m[ADB]&amp#27;[0m 'com.androidsample.generalstore' is installed
[debug] &amp#27;[38;5;64m[ADB]&amp#27;[0m Getting package info for 'com.androidsample.generalstore'
[debug] &amp#27;[38;5;64m[ADB]&amp#27;[0m Running 'C:\Users\m.ahmad\AppData\Local\Android\Sdk\platform-tools\adb.exe -P 5037 -s emulator-5554 shell dumpsys package com.androidsample.generalstore'
[debug] &amp#27;[38;5;64m[ADB]&amp#27;[0m The version name of the installed 'com.androidsample.generalstore' is greater or equal to the application version name ('1.0.0' >= '1.0.0')
[debug] &amp#27;[38;5;64m[ADB]&amp#27;[0m There is no need to install/upgrade 'C:\Users\m.ahmad\eclipse-workspace\AppiumFrameworkDesign\src\test\java\org\MuhammadAhmad\resources\General-Store.apk'
&amp#27;[38;5;80m[AndroidDriver]&amp#27;[0m Performing fast reset on 'com.androidsample.generalstore'
[debug] &amp#27;[38;5;64m[ADB]&amp#27;[0m Getting install status for com.androidsample.generalstore
[debug] &amp#27;[38;5;64m[ADB]&amp#27;[0m Running 'C:\Users\m.ahmad\AppData\Local\Android\Sdk\platform-tools\adb.exe -P 5037 -s emulator-5554 shell dumpsys package com.androidsample.generalstore'
[debug] &amp#27;[38;5;64m[ADB]&amp#27;[0m 'com.androidsample.generalstore' is installed
[debug] &amp#27;[38;5;64m[ADB]&amp#27;[0m Running 'C:\Users\m.ahmad\AppData\Local\Android\Sdk\platform-tools\adb.exe -P 5037 -s emulator-5554 shell am force-stop com.androidsample.generalstore'
[debug] &amp#27;[38;5;64m[ADB]&amp#27;[0m Running 'C:\Users\m.ahmad\AppData\Local\Android\Sdk\platform-tools\adb.exe -P 5037 -s emulator-5554 shell pm clear com.androidsample.generalstore'
[debug] &amp#27;[38;5;80m[AndroidDriver]&amp#27;[0m Performed fast reset on the installed 'com.androidsample.generalstore' application (stop and clear)
[debug] &amp#27;[38;5;32m[AndroidUiautomator2Driver@ea86 (632147ce)]&amp#27;[0m Performing shallow cleanup of automation leftovers
[debug] &amp#27;[38;5;32m[AndroidUiautomator2Driver@ea86 (632147ce)]&amp#27;[0m The following obsolete sessions are still running: ["8008ac85-a04f-4464-9718-1e0b45294f4d"]
[debug] &amp#27;[38;5;32m[AndroidUiautomator2Driver@ea86 (632147ce)]&amp#27;[0m Cleaning up 1 obsolete session
[debug] &amp#27;[38;5;64m[ADB]&amp#27;[0m Running 'C:\Users\m.ahmad\AppData\Local\Android\Sdk\platform-tools\adb.exe -P 5037 -s emulator-5554 shell am force-stop io.appium.uiautomator2.server.test'
&amp#27;[38;5;32m[AndroidUiautomator2Driver@ea86 (632147ce)]&amp#27;[0m Starting UIAutomator2 server 5.8.2
&amp#27;[38;5;32m[AndroidUiautomator2Driver@ea86 (632147ce)]&amp#27;[0m Using UIAutomator2 server from 'C:\Users\m.ahmad\.appium\node_modules\appium-uiautomator2-driver\node_modules\appium-uiautomator2-server\apks\appium-uiautomator2-server-v5.8.2.apk' and test from 'C:\Users\m.ahmad\.appium\node_modules\appium-uiautomator2-driver\node_modules\appium-uiautomator2-server\apks\appium-uiautomator2-server-debug-androidTest.apk'
&amp#27;[38;5;32m[AndroidUiautomator2Driver@ea86 (632147ce)]&amp#27;[0m Waiting up to 30000ms for UiAutomator2 to be online...
[debug] &amp#27;[38;5;64m[ADB]&amp#27;[0m Creating ADB subprocess with args: ["-P",5037,"-s","emulator-5554","shell","am","instrument","-w","-e","disableAnalytics",true,"io.appium.uiautomator2.server.test/androidx.test.runner.AndroidJUnitRunner"]
[debug] &amp#27;[38;5;32m[AndroidUiautomator2Driver@ea86 (632147ce)]&amp#27;[0m Matched '/status' to command name 'getStatus'
[debug] &amp#27;[38;5;32m[AndroidUiautomator2Driver@ea86 (632147ce)]&amp#27;[0m Proxying [GET /status] to [GET http://127.0.0.1:8200/status] with no body
&amp#27;[38;5;32m[AndroidUiautomator2Driver@ea86 (632147ce)]&amp#27;[0m socket hang up
[debug] &amp#27;[38;5;112m[Instrumentation]&amp#27;[0m io.appium.uiautomator2.server.test.AppiumUiAutomator2Server:
[debug] &amp#27;[38;5;32m[AndroidUiautomator2Driver@ea86 (632147ce)]&amp#27;[0m Matched '/status' to command name 'getStatus'
[debug] &amp#27;[38;5;32m[AndroidUiautomator2Driver@ea86 (632147ce)]&amp#27;[0m Proxying [GET /status] to [GET http://127.0.0.1:8200/status] with no body
&amp#27;[38;5;32m[AndroidUiautomator2Driver@ea86 (632147ce)]&amp#27;[0m socket hang up
[debug] &amp#27;[38;5;32m[AndroidUiautomator2Driver@ea86 (632147ce)]&amp#27;[0m Matched '/status' to command name 'getStatus'
[debug] &amp#27;[38;5;32m[AndroidUiautomator2Driver@ea86 (632147ce)]&amp#27;[0m Proxying [GET /status] to [GET http://127.0.0.1:8200/status] with no body
[debug] &amp#27;[38;5;32m[AndroidUiautomator2Driver@ea86 (632147ce)]&amp#27;[0m Got response with status 200: {"sessionId":"None","value":{"message":"UiAutomator2 Server is ready to accept commands","ready":true}}
[debug] &amp#27;[38;5;32m[AndroidUiautomator2Driver@ea86 (632147ce)]&amp#27;[0m The initialization of the instrumentation process took 2219ms
[debug] &amp#27;[38;5;32m[AndroidUiautomator2Driver@ea86 (632147ce)]&amp#27;[0m Matched '/session' to command name 'createSession'
[debug] &amp#27;[38;5;32m[AndroidUiautomator2Driver@ea86 (632147ce)]&amp#27;[0m Proxying [POST /session] to [POST http://127.0.0.1:8200/session] with body: {"capabilities":{"firstMatch":[{"platform":"LINUX","webStorageEnabled":false,"takesScreenshot":true,"javascriptEnabled":true,"databaseEnabled":false,"networkConnectionEnabled":true,"locationContextEnabled":false,"warnings":{},"desired":{"platformName":"android","app":"C:\\Users\\m.ahmad\\eclipse-workspace\\AppiumFrameworkDesign\\src\\test\\java\\org\\MuhammadAhmad\\resources\\General-Store.apk","automationName":"UIAutomator2","deviceName":"Pixel 3a API 31"},"platformName":"android","app":"C:\\Users\\m.ahmad\\eclipse-workspace\\AppiumFrameworkDesign\\src\\test\\java\\org\\MuhammadAhmad\\resources\\General-Store.apk","automationName":"UIAutomator2","deviceName":"emulator-5554","deviceUDID":"emulator-5554","appPackage":"com.androidsample.generalstore"}],"alwaysMatch":{}}}
[debug] &amp#27;[38;5;32m[AndroidUiautomator2Driver@ea86 (632147ce)]&amp#27;[0m Got response with status 200: {"sessionId":"5db57b0f-15b7-4d58-9d8a-4e282cc38511","value":{"capabilities":{"firstMatch":[{"platform":"LINUX","webStorageEnabled":false,"takesScreenshot":true,"javascriptEnabled":true,"databaseEnabled":false,"networkConnectionEnabled":true,"locationContextEnabled":false,"warnings":{},"desired":{"platformName":"android","app":"C:\\Users\\m.ahmad\\eclipse-workspace\\AppiumFrameworkDesign\\src\\test\\java\\org\\MuhammadAhmad\\resources\\General-Store.apk","automationName":"UIAutomator2","deviceName":"Pixel 3a API 31"},"platformName":"android","app":"C:\\Users\\m.ahmad\\eclipse-workspace\\AppiumFrameworkDesign\\src\\test\\java\\org\\MuhammadAhmad\\resources\\General-Store.apk","automationName":"UIAutomator2","deviceName":"emulator-5554","deviceUDID":"emulator-5554","appPackage":"com.androidsample.generalstore"}],"alwaysMatch":{}},"sessionId":"5db57b0f-15b7-4d58-9d8a-4e282cc38511"}}
&amp#27;[38;5;32m[AndroidUiautomator2Driver@ea86 (632147ce)]&amp#27;[0m Determined the downstream protocol as 'W3C'
[debug] &amp#27;[38;5;32m[AndroidUiautomator2Driver@ea86 (632147ce)]&amp#27;[0m Proxying [GET /appium/device/info] to [GET http://127.0.0.1:8200/session/5db57b0f-15b7-4d58-9d8a-4e282cc38511/appium/device/info] with no body
[debug] &amp#27;[38;5;32m[AndroidUiautomator2Driver@ea86 (632147ce)]&amp#27;[0m Got response with status 200: {"sessionId":"5db57b0f-15b7-4d58-9d8a-4e282cc38511","value":{"androidId":"ea6be2e86f4e4bfa","apiVersion":"31","bluetooth":{"state":"ON"},"brand":"google","carrierName":"T-Mobile","displayDensity":440,"locale":"en_US","manufacturer":"Google","model":"sdk_gphone64_x86_64","networks":[{"capabilities":{"SSID":null,"linkDownBandwidthKbps":4300,"linkUpstreamBandwidthKbps":1800,"networkCapabilities":"NET_CAPABILITY_MMS,NET_CAPABILITY_SUPL,NET_CAPABILITY_DUN,NET_CAPABILITY_FOTA,NET_CAPABILITY_IMS,NET_CAPABILITY_CBS,NET_CAPABILITY_INTERNET,NET_CAPABILITY_NOT_RESTRICTED,NET_CAPABILITY_TRUSTED,NET_CAPABILITY_NOT_VPN,NET_CAPABILITY_VALIDATED,NET_CAPABILITY_NOT_ROAMING,NET_CAPABILITY_FOREGROUND,NET_CAPABILITY_NOT_CONGESTED,NET_CAPABILITY_NOT_SUSPENDED","signalStrength":-2147483648,"transportTypes":"TRANSPORT_CELLULAR"},"detailedState":"CONNECTED","extraInfo":"epc.tmobile.com","isAvailable":true,"isConnected":true,"isFailover":false,"isRoaming":false,"state":"CONNECTED","subtype":10,"subtypeName":"HSPA","type":0,"typeNa...
[debug] &amp#27;[38;5;64m[ADB]&amp#27;[0m Running 'C:\Users\m.ahmad\AppData\Local\Android\Sdk\platform-tools\adb.exe -P 5037 -s emulator-5554 shell dumpsys window'
&amp#27;[38;5;80m[AndroidDriver]&amp#27;[0m Screen already unlocked, doing nothing
&amp#27;[38;5;32m[AndroidUiautomator2Driver@ea86 (632147ce)]&amp#27;[0m Starting 'com.androidsample.generalstore/com.androidsample.generalstore.SplashActivity and waiting for 'com.androidsample.generalstore/com.androidsample.generalstore.SplashActivity'
[debug] &amp#27;[38;5;64m[ADB]&amp#27;[0m Running 'C:\Users\m.ahmad\AppData\Local\Android\Sdk\platform-tools\adb.exe -P 5037 -s emulator-5554 shell am start -W -n com.androidsample.generalstore/com.androidsample.generalstore.SplashActivity -S -a android.intent.action.MAIN -c android.intent.category.LAUNCHER -f 0x10200000'
[debug] &amp#27;[38;5;64m[ADB]&amp#27;[0m Waiting up to 20000ms for activity matching pkg: 'com.androidsample.generalstore' and activity: 'com.androidsample.generalstore.SplashActivity' to be focused
[debug] &amp#27;[38;5;64m[ADB]&amp#27;[0m Possible activities, to be checked: 'com.androidsample.generalstore.SplashActivity', 'com.androidsample.generalstore.com.androidsample.generalstore.SplashActivity'
[debug] &amp#27;[38;5;64m[ADB]&amp#27;[0m Getting focused package and activity
[debug] &amp#27;[38;5;64m[ADB]&amp#27;[0m Running 'C:\Users\m.ahmad\AppData\Local\Android\Sdk\platform-tools\adb.exe -P 5037 -s emulator-5554 shell dumpsys window displays'
[debug] &amp#27;[38;5;64m[ADB]&amp#27;[0m Found package: 'com.androidsample.generalstore' and fully qualified activity name : 'com.androidsample.generalstore.SplashActivity'
[debug] &amp#27;[38;5;32m[AndroidUiautomator2Driver@ea86 (632147ce)]&amp#27;[0m Proxying [GET /appium/device/pixel_ratio] to [GET http://127.0.0.1:8200/session/5db57b0f-15b7-4d58-9d8a-4e282cc38511/appium/device/pixel_ratio] with no body
[debug] &amp#27;[38;5;32m[AndroidUiautomator2Driver@ea86 (632147ce)]&amp#27;[0m Got response with status 200: {"sessionId":"5db57b0f-15b7-4d58-9d8a-4e282cc38511","value":2.75}
[debug] &amp#27;[38;5;32m[AndroidUiautomator2Driver@ea86 (632147ce)]&amp#27;[0m Matched '/appium/device/system_bars' to command name 'getSystemBars'
[debug] &amp#27;[38;5;32m[AndroidUiautomator2Driver@ea86 (632147ce)]&amp#27;[0m Proxying [GET /appium/device/system_bars] to [GET http://127.0.0.1:8200/session/5db57b0f-15b7-4d58-9d8a-4e282cc38511/appium/device/system_bars] with no body
[debug] &amp#27;[38;5;32m[AndroidUiautomator2Driver@ea86 (632147ce)]&amp#27;[0m Got response with status 200: {"sessionId":"5db57b0f-15b7-4d58-9d8a-4e282cc38511","value":{"statusBar":66}}
[debug] &amp#27;[38;5;32m[AndroidUiautomator2Driver@ea86 (632147ce)]&amp#27;[0m Matched '/window/current/size' to command name 'getWindowSize'
[debug] &amp#27;[38;5;32m[AndroidUiautomator2Driver@ea86 (632147ce)]&amp#27;[0m Proxying [GET /window/current/size] to [GET http://127.0.0.1:8200/session/5db57b0f-15b7-4d58-9d8a-4e282cc38511/window/current/size] with no body
[debug] &amp#27;[38;5;32m[AndroidUiautomator2Driver@ea86 (632147ce)]&amp#27;[0m Got response with status 200: {"sessionId":"5db57b0f-15b7-4d58-9d8a-4e282cc38511","value":{"height":2088,"width":1080}}
&amp#27;[38;5;16m[AppiumDriver@d70b]&amp#27;[0m New AndroidUiautomator2Driver session created successfully, session 632147ce-e1be-4fa6-a1d2-7d3a53bf8ff7 added to master session list
[debug] &amp#27;[38;5;16m[AppiumDriver@d70b]&amp#27;[0m Event 'newSessionStarted' logged at 1718107431418 (17:03:51 GMT+0500 (Pakistan Standard Time))
[debug] &amp#27;[38;5;32m[AndroidUiautomator2Driver@ea86 (632147ce)]&amp#27;[0m Cached the protocol value 'W3C' for the new session 632147ce-e1be-4fa6-a1d2-7d3a53bf8ff7
[debug] &amp#27;[38;5;32m[AndroidUiautomator2Driver@ea86 (632147ce)]&amp#27;[0m Responding to client with driver.createSession() result: {"capabilities":{"platform":"LINUX","webStorageEnabled":false,"takesScreenshot":true,"javascriptEnabled":true,"databaseEnabled":false,"networkConnectionEnabled":true,"locationContextEnabled":false,"warnings":{},"desired":{"platformName":"android","app":"C:\\Users\\m.ahmad\\eclipse-workspace\\AppiumFrameworkDesign\\src\\test\\java\\org\\MuhammadAhmad\\resources\\General-Store.apk","automationName":"UIAutomator2","deviceName":"Pixel 3a API 31"},"platformName":"android","app":"C:\\Users\\m.ahmad\\eclipse-workspace\\AppiumFrameworkDesign\\src\\test\\java\\org\\MuhammadAhmad\\resources\\General-Store.apk","automationName":"UIAutomator2","deviceName":"emulator-5554","deviceUDID":"emulator-5554","appPackage":"com.androidsample.generalstore","deviceApiLevel":31,"platformVersion":"12","deviceScreenSize":"1080x2220","deviceScreenDensity":440,"deviceModel":"sdk_gphone64_x86_64","deviceManufacturer":"Google","pixelRatio":2.75,"statBarHeight":66,"viewportRect":{"left":0,"top":66,"width":1080,"height":2022}}}
&amp#27;[38;5;0m[HTTP]&amp#27;[0m &amp#27;[37m<-- POST /session &amp#27;[39m&amp#27;[32m200&amp#27;[39m &amp#27;[90m7514 ms - 1071&amp#27;[39m
&amp#27;[38;5;0m[HTTP]&amp#27;[0m &amp#27;[90m&amp#27;[39m
&amp#27;[38;5;0m[HTTP]&amp#27;[0m &amp#27;[37m-->&amp#27;[39m &amp#27;[37mPOST&amp#27;[39m &amp#27;[37m/session/632147ce-e1be-4fa6-a1d2-7d3a53bf8ff7/timeouts&amp#27;[39m
&amp#27;[38;5;0m[HTTP]&amp#27;[0m &amp#27;[90m{"implicit":10000}&amp#27;[39m
[debug] &amp#27;[38;5;32m[AndroidUiautomator2Driver@ea86 (632147ce)]&amp#27;[0m Calling AppiumDriver.timeouts() with args: [null,null,null,null,10000,"632147ce-e1be-4fa6-a1d2-7d3a53bf8ff7"]
[debug] &amp#27;[38;5;32m[AndroidUiautomator2Driver@ea86 (632147ce)]&amp#27;[0m W3C timeout argument: {"implicit":10000}}
[debug] &amp#27;[38;5;32m[AndroidUiautomator2Driver@ea86 (632147ce)]&amp#27;[0m Set implicit wait to 10000ms
[debug] &amp#27;[38;5;32m[AndroidUiautomator2Driver@ea86 (632147ce)]&amp#27;[0m Responding to client with driver.timeouts() result: null
&amp#27;[38;5;0m[HTTP]&amp#27;[0m &amp#27;[37m<-- POST /session/632147ce-e1be-4fa6-a1d2-7d3a53bf8ff7/timeouts &amp#27;[39m&amp#27;[32m200&amp#27;[39m &amp#27;[90m2 ms - 14&amp#27;[39m
&amp#27;[38;5;0m[HTTP]&amp#27;[0m &amp#27;[90m&amp#27;[39m
&amp#27;[38;5;0m[HTTP]&amp#27;[0m &amp#27;[37m-->&amp#27;[39m &amp#27;[37mPOST&amp#27;[39m &amp#27;[37m/session/632147ce-e1be-4fa6-a1d2-7d3a53bf8ff7/appium/device/start_activity&amp#27;[39m
&amp#27;[38;5;0m[HTTP]&amp#27;[0m &amp#27;[90m{"appPackage":"com.androidsample.generalstore","appActivity":"com.androidsample.generalstore.SplashActivity","appWaitPackage":"","appWaitActivity":"","dontStopAppOnReset":false,"intentAction":"","intentCategory":"","intentFlags":"","optionalIntentArguments":""}&amp#27;[39m
[debug] &amp#27;[38;5;32m[AndroidUiautomator2Driver@ea86 (632147ce)]&amp#27;[0m Calling AppiumDriver.startActivity() with args: ["com.androidsample.generalstore","com.androidsample.generalstore.SplashActivity","","","","","","",false,null,null,"632147ce-e1be-4fa6-a1d2-7d3a53bf8ff7"]
[debug] &amp#27;[38;5;32m[AndroidUiautomator2Driver@ea86 (632147ce)]&amp#27;[0m Starting package 'com.androidsample.generalstore' and activity 'com.androidsample.generalstore.SplashActivity'
[debug] &amp#27;[38;5;64m[ADB]&amp#27;[0m Running 'C:\Users\m.ahmad\AppData\Local\Android\Sdk\platform-tools\adb.exe -P 5037 -s emulator-5554 shell am start -W -n com.androidsample.generalstore/com.androidsample.generalstore.SplashActivity -S'
[debug] &amp#27;[38;5;64m[ADB]&amp#27;[0m Waiting up to 20000ms for activity matching pkg: 'com.androidsample.generalstore' and activity: 'com.androidsample.generalstore.SplashActivity' to be focused
[debug] &amp#27;[38;5;64m[ADB]&amp#27;[0m Possible activities, to be checked: 'com.androidsample.generalstore.SplashActivity', 'com.androidsample.generalstore.com.androidsample.generalstore.SplashActivity'
[debug] &amp#27;[38;5;64m[ADB]&amp#27;[0m Getting focused package and activity
[debug] &amp#27;[38;5;64m[ADB]&amp#27;[0m Running 'C:\Users\m.ahmad\AppData\Local\Android\Sdk\platform-tools\adb.exe -P 5037 -s emulator-5554 shell dumpsys window displays'
[debug] &amp#27;[38;5;64m[ADB]&amp#27;[0m Found package: 'com.androidsample.generalstore' and fully qualified activity name : 'com.androidsample.generalstore.SplashActivity'
[debug] &amp#27;[38;5;32m[AndroidUiautomator2Driver@ea86 (632147ce)]&amp#27;[0m Responding to client with driver.startActivity() result: null
&amp#27;[38;5;0m[HTTP]&amp#27;[0m &amp#27;[37m<-- POST /session/632147ce-e1be-4fa6-a1d2-7d3a53bf8ff7/appium/device/start_activity &amp#27;[39m&amp#27;[32m200&amp#27;[39m &amp#27;[90m1056 ms - 14&amp#27;[39m
&amp#27;[38;5;0m[HTTP]&amp#27;[0m &amp#27;[90m&amp#27;[39m
&amp#27;[38;5;0m[HTTP]&amp#27;[0m &amp#27;[37m-->&amp#27;[39m &amp#27;[37mGET&amp#27;[39m &amp#27;[37m/session/632147ce-e1be-4fa6-a1d2-7d3a53bf8ff7/context&amp#27;[39m
&amp#27;[38;5;0m[HTTP]&amp#27;[0m &amp#27;[90m{}&amp#27;[39m
[debug] &amp#27;[38;5;32m[AndroidUiautomator2Driver@ea86 (632147ce)]&amp#27;[0m Calling AppiumDriver.getCurrentContext() with args: ["632147ce-e1be-4fa6-a1d2-7d3a53bf8ff7"]
[debug] &amp#27;[38;5;32m[AndroidUiautomator2Driver@ea86 (632147ce)]&amp#27;[0m Responding to client with driver.getCurrentContext() result: "NATIVE_APP"
&amp#27;[38;5;0m[HTTP]&amp#27;[0m &amp#27;[37m<-- GET /session/632147ce-e1be-4fa6-a1d2-7d3a53bf8ff7/context &amp#27;[39m&amp#27;[32m200&amp#27;[39m &amp#27;[90m4 ms - 22&amp#27;[39m
&amp#27;[38;5;0m[HTTP]&amp#27;[0m &amp#27;[90m&amp#27;[39m
&amp#27;[38;5;0m[HTTP]&amp#27;[0m &amp#27;[37m-->&amp#27;[39m &amp#27;[37mPOST&amp#27;[39m &amp#27;[37m/session/632147ce-e1be-4fa6-a1d2-7d3a53bf8ff7/element&amp#27;[39m
&amp#27;[38;5;0m[HTTP]&amp#27;[0m &amp#27;[90m{"using":"id","value":"com.androidsample.generalstore:id/nameField"}&amp#27;[39m
[debug] &amp#27;[38;5;32m[AndroidUiautomator2Driver@ea86 (632147ce)]&amp#27;[0m Calling AppiumDriver.findElement() with args: ["id","com.androidsample.generalstore:id/nameField","632147ce-e1be-4fa6-a1d2-7d3a53bf8ff7"]
[debug] &amp#27;[38;5;32m[AndroidUiautomator2Driver@ea86 (632147ce)]&amp#27;[0m Valid locator strategies for this request: xpath, id, class name, accessibility id, css selector, -android uiautomator
[debug] &amp#27;[38;5;32m[AndroidUiautomator2Driver@ea86 (632147ce)]&amp#27;[0m Waiting up to 10000 ms for condition
[debug] &amp#27;[38;5;32m[AndroidUiautomator2Driver@ea86 (632147ce)]&amp#27;[0m Matched '/element' to command name 'findElement'
[debug] &amp#27;[38;5;32m[AndroidUiautomator2Driver@ea86 (632147ce)]&amp#27;[0m Proxying [POST /element] to [POST http://127.0.0.1:8200/session/5db57b0f-15b7-4d58-9d8a-4e282cc38511/element] with body: {"strategy":"id","selector":"com.androidsample.generalstore:id/nameField","context":"","multiple":false}
&amp#27;[38;5;32m[AndroidUiautomator2Driver@ea86 (632147ce)]&amp#27;[0m Got response with status 404: {"sessionId":"5db57b0f-15b7-4d58-9d8a-4e282cc38511","value":{"error":"no such element","message":"An element could not be located on the page using the given search parameters","stacktrace":"io.appium.uiautomator2.common.exceptions.ElementNotFoundException: An element could not be located on the page using the given search parameters\n\tat io.appium.uiautomator2.handler.FindElement.safeHandle(FindElement.java:70)\n\tat io.appium.uiautomator2.handler.request.SafeRequestHandler.handle(SafeRequestHandler.java:59)\n\tat io.appium.uiautomator2.server.AppiumServlet.handleRequest(AppiumServlet.java:270)\n\tat io.appium.uiautomator2.server.AppiumServlet.handleHttpRequest(AppiumServlet.java:264)\n\tat io.appium.uiautomator2.http.ServerHandler.channelRead(ServerHandler.java:68)\n\tat io.netty.channel.AbstractChannelHandlerContext.invokeChannelRead(AbstractChannelHandlerContext.java:366)\n\tat io.netty.channel.AbstractChannelHandlerContext.invokeChannelRead(AbstractChannelHandlerContext.java:352)\n\tat io.netty.chann...
[debug] &amp#27;[38;5;128m[W3C]&amp#27;[0m Matched W3C error code 'no such element' to NoSuchElementError
[debug] &amp#27;[38;5;32m[AndroidUiautomator2Driver@ea86 (632147ce)]&amp#27;[0m Waited for 272 ms so far
[debug] &amp#27;[38;5;32m[AndroidUiautomator2Driver@ea86 (632147ce)]&amp#27;[0m Matched '/element' to command name 'findElement'
[debug] &amp#27;[38;5;32m[AndroidUiautomator2Driver@ea86 (632147ce)]&amp#27;[0m Proxying [POST /element] to [POST http://127.0.0.1:8200/session/5db57b0f-15b7-4d58-9d8a-4e282cc38511/element] with body: {"strategy":"id","selector":"com.androidsample.generalstore:id/nameField","context":"","multiple":false}
&amp#27;[38;5;32m[AndroidUiautomator2Driver@ea86 (632147ce)]&amp#27;[0m Got response with status 404: {"sessionId":"5db57b0f-15b7-4d58-9d8a-4e282cc38511","value":{"error":"no such element","message":"An element could not be located on the page using the given search parameters","stacktrace":"io.appium.uiautomator2.common.exceptions.ElementNotFoundException: An element could not be located on the page using the given search parameters\n\tat io.appium.uiautomator2.handler.FindElement.safeHandle(FindElement.java:70)\n\tat io.appium.uiautomator2.handler.request.SafeRequestHandler.handle(SafeRequestHandler.java:59)\n\tat io.appium.uiautomator2.server.AppiumServlet.handleRequest(AppiumServlet.java:270)\n\tat io.appium.uiautomator2.server.AppiumServlet.handleHttpRequest(AppiumServlet.java:264)\n\tat io.appium.uiautomator2.http.ServerHandler.channelRead(ServerHandler.java:68)\n\tat io.netty.channel.AbstractChannelHandlerContext.invokeChannelRead(AbstractChannelHandlerContext.java:366)\n\tat io.netty.channel.AbstractChannelHandlerContext.invokeChannelRead(AbstractChannelHandlerContext.java:352)\n\tat io.netty.chann...
[debug] &amp#27;[38;5;128m[W3C]&amp#27;[0m Matched W3C error code 'no such element' to NoSuchElementError
[debug] &amp#27;[38;5;32m[AndroidUiautomator2Driver@ea86 (632147ce)]&amp#27;[0m Waited for 812 ms so far
[debug] &amp#27;[38;5;32m[AndroidUiautomator2Driver@ea86 (632147ce)]&amp#27;[0m Matched '/element' to command name 'findElement'
[debug] &amp#27;[38;5;32m[AndroidUiautomator2Driver@ea86 (632147ce)]&amp#27;[0m Proxying [POST /element] to [POST http://127.0.0.1:8200/session/5db57b0f-15b7-4d58-9d8a-4e282cc38511/element] with body: {"strategy":"id","selector":"com.androidsample.generalstore:id/nameField","context":"","multiple":false}
&amp#27;[38;5;32m[AndroidUiautomator2Driver@ea86 (632147ce)]&amp#27;[0m Got response with status 404: {"sessionId":"5db57b0f-15b7-4d58-9d8a-4e282cc38511","value":{"error":"no such element","message":"An element could not be located on the page using the given search parameters","stacktrace":"io.appium.uiautomator2.common.exceptions.ElementNotFoundException: An element could not be located on the page using the given search parameters\n\tat io.appium.uiautomator2.handler.FindElement.safeHandle(FindElement.java:70)\n\tat io.appium.uiautomator2.handler.request.SafeRequestHandler.handle(SafeRequestHandler.java:59)\n\tat io.appium.uiautomator2.server.AppiumServlet.handleRequest(AppiumServlet.java:270)\n\tat io.appium.uiautomator2.server.AppiumServlet.handleHttpRequest(AppiumServlet.java:264)\n\tat io.appium.uiautomator2.http.ServerHandler.channelRead(ServerHandler.java:68)\n\tat io.netty.channel.AbstractChannelHandlerContext.invokeChannelRead(AbstractChannelHandlerContext.java:366)\n\tat io.netty.channel.AbstractChannelHandlerContext.invokeChannelRead(AbstractChannelHandlerContext.java:352)\n\tat io.netty.chann...
[debug] &amp#27;[38;5;128m[W3C]&amp#27;[0m Matched W3C error code 'no such element' to NoSuchElementError
[debug] &amp#27;[38;5;32m[AndroidUiautomator2Driver@ea86 (632147ce)]&amp#27;[0m Waited for 1347 ms so far
[debug] &amp#27;[38;5;32m[AndroidUiautomator2Driver@ea86 (632147ce)]&amp#27;[0m Matched '/element' to command name 'findElement'
[debug] &amp#27;[38;5;32m[AndroidUiautomator2Driver@ea86 (632147ce)]&amp#27;[0m Proxying [POST /element] to [POST http://127.0.0.1:8200/session/5db57b0f-15b7-4d58-9d8a-4e282cc38511/element] with body: {"strategy":"id","selector":"com.androidsample.generalstore:id/nameField","context":"","multiple":false}
&amp#27;[38;5;32m[AndroidUiautomator2Driver@ea86 (632147ce)]&amp#27;[0m Got response with status 404: {"sessionId":"5db57b0f-15b7-4d58-9d8a-4e282cc38511","value":{"error":"no such element","message":"An element could not be located on the page using the given search parameters","stacktrace":"io.appium.uiautomator2.common.exceptions.ElementNotFoundException: An element could not be located on the page using the given search parameters\n\tat io.appium.uiautomator2.handler.FindElement.safeHandle(FindElement.java:70)\n\tat io.appium.uiautomator2.handler.request.SafeRequestHandler.handle(SafeRequestHandler.java:59)\n\tat io.appium.uiautomator2.server.AppiumServlet.handleRequest(AppiumServlet.java:270)\n\tat io.appium.uiautomator2.server.AppiumServlet.handleHttpRequest(AppiumServlet.java:264)\n\tat io.appium.uiautomator2.http.ServerHandler.channelRead(ServerHandler.java:68)\n\tat io.netty.channel.AbstractChannelHandlerContext.invokeChannelRead(AbstractChannelHandlerContext.java:366)\n\tat io.netty.channel.AbstractChannelHandlerContext.invokeChannelRead(AbstractChannelHandlerContext.java:352)\n\tat io.netty.chann...
[debug] &amp#27;[38;5;128m[W3C]&amp#27;[0m Matched W3C error code 'no such element' to NoSuchElementError
[debug] &amp#27;[38;5;32m[AndroidUiautomator2Driver@ea86 (632147ce)]&amp#27;[0m Waited for 1879 ms so far
[debug] &amp#27;[38;5;32m[AndroidUiautomator2Driver@ea86 (632147ce)]&amp#27;[0m Matched '/element' to command name 'findElement'
[debug] &amp#27;[38;5;32m[AndroidUiautomator2Driver@ea86 (632147ce)]&amp#27;[0m Proxying [POST /element] to [POST http://127.0.0.1:8200/session/5db57b0f-15b7-4d58-9d8a-4e282cc38511/element] with body: {"strategy":"id","selector":"com.androidsample.generalstore:id/nameField","context":"","multiple":false}
&amp#27;[38;5;32m[AndroidUiautomator2Driver@ea86 (632147ce)]&amp#27;[0m Got response with status 404: {"sessionId":"5db57b0f-15b7-4d58-9d8a-4e282cc38511","value":{"error":"no such element","message":"An element could not be located on the page using the given search parameters","stacktrace":"io.appium.uiautomator2.common.exceptions.ElementNotFoundException: An element could not be located on the page using the given search parameters\n\tat io.appium.uiautomator2.handler.FindElement.safeHandle(FindElement.java:70)\n\tat io.appium.uiautomator2.handler.request.SafeRequestHandler.handle(SafeRequestHandler.java:59)\n\tat io.appium.uiautomator2.server.AppiumServlet.handleRequest(AppiumServlet.java:270)\n\tat io.appium.uiautomator2.server.AppiumServlet.handleHttpRequest(AppiumServlet.java:264)\n\tat io.appium.uiautomator2.http.ServerHandler.channelRead(ServerHandler.java:68)\n\tat io.netty.channel.AbstractChannelHandlerContext.invokeChannelRead(AbstractChannelHandlerContext.java:366)\n\tat io.netty.channel.AbstractChannelHandlerContext.invokeChannelRead(AbstractChannelHandlerContext.java:352)\n\tat io.netty.chann...
[debug] &amp#27;[38;5;128m[W3C]&amp#27;[0m Matched W3C error code 'no such element' to NoSuchElementError
[debug] &amp#27;[38;5;32m[AndroidUiautomator2Driver@ea86 (632147ce)]&amp#27;[0m Waited for 2434 ms so far
[debug] &amp#27;[38;5;32m[AndroidUiautomator2Driver@ea86 (632147ce)]&amp#27;[0m Matched '/element' to command name 'findElement'
[debug] &amp#27;[38;5;32m[AndroidUiautomator2Driver@ea86 (632147ce)]&amp#27;[0m Proxying [POST /element] to [POST http://127.0.0.1:8200/session/5db57b0f-15b7-4d58-9d8a-4e282cc38511/element] with body: {"strategy":"id","selector":"com.androidsample.generalstore:id/nameField","context":"","multiple":false}
[debug] &amp#27;[38;5;32m[AndroidUiautomator2Driver@ea86 (632147ce)]&amp#27;[0m Got response with status 200: {"sessionId":"5db57b0f-15b7-4d58-9d8a-4e282cc38511","value":{"ELEMENT":"00000000-0000-002e-ffff-ffff0000001c","element-6066-11e4-a52e-4f735466cecf":"00000000-0000-002e-ffff-ffff0000001c"}}
[debug] &amp#27;[38;5;32m[AndroidUiautomator2Driver@ea86 (632147ce)]&amp#27;[0m Responding to client with driver.findElement() result: {"element-6066-11e4-a52e-4f735466cecf":"00000000-0000-002e-ffff-ffff0000001c","ELEMENT":"00000000-0000-002e-ffff-ffff0000001c"}
&amp#27;[38;5;0m[HTTP]&amp#27;[0m &amp#27;[37m<-- POST /session/632147ce-e1be-4fa6-a1d2-7d3a53bf8ff7/element &amp#27;[39m&amp#27;[32m200&amp#27;[39m &amp#27;[90m3656 ms - 137&amp#27;[39m
&amp#27;[38;5;0m[HTTP]&amp#27;[0m &amp#27;[90m&amp#27;[39m
&amp#27;[38;5;0m[HTTP]&amp#27;[0m &amp#27;[37m-->&amp#27;[39m &amp#27;[37mPOST&amp#27;[39m &amp#27;[37m/session/632147ce-e1be-4fa6-a1d2-7d3a53bf8ff7/element/00000000-0000-002e-ffff-ffff0000001c/value&amp#27;[39m
&amp#27;[38;5;0m[HTTP]&amp#27;[0m &amp#27;[90m{"id":"00000000-0000-002e-ffff-ffff0000001c","text":"Muhammad Ahmad","value":["M","u","h","a","m","m","a","d"," ","A","h","m","a","d"]}&amp#27;[39m
[debug] &amp#27;[38;5;32m[AndroidUiautomator2Driver@ea86 (632147ce)]&amp#27;[0m Calling AppiumDriver.setValue() with args: [["M","u","h","a","m","m","a","d"," ","A","h","m","a","d"],"00000000-0000-002e-ffff-ffff0000001c","632147ce-e1be-4fa6-a1d2-7d3a53bf8ff7"]
[debug] &amp#27;[38;5;32m[AndroidUiautomator2Driver@ea86 (632147ce)]&amp#27;[0m Matched '/element/00000000-0000-002e-ffff-ffff0000001c/value' to command name 'setValue'
[debug] &amp#27;[38;5;32m[AndroidUiautomator2Driver@ea86 (632147ce)]&amp#27;[0m Added 'value' property ["M","u","h","a","m","m","a","d"," ","A","h","m","a","d"] to 'setValue' request body
[debug] &amp#27;[38;5;32m[AndroidUiautomator2Driver@ea86 (632147ce)]&amp#27;[0m Proxying [POST /element/00000000-0000-002e-ffff-ffff0000001c/value] to [POST http://127.0.0.1:8200/session/5db57b0f-15b7-4d58-9d8a-4e282cc38511/element/00000000-0000-002e-ffff-ffff0000001c/value] with body: {"elementId":"00000000-0000-002e-ffff-ffff0000001c","text":"Muhammad Ahmad","replace":false,"value":["M","u","h","a","m","m","a","d"," ","A","h","m","a","d"]}
[debug] &amp#27;[38;5;32m[AndroidUiautomator2Driver@ea86 (632147ce)]&amp#27;[0m Got response with status 200: {"sessionId":"5db57b0f-15b7-4d58-9d8a-4e282cc38511","value":null}
[debug] &amp#27;[38;5;32m[AndroidUiautomator2Driver@ea86 (632147ce)]&amp#27;[0m Responding to client with driver.setValue() result: null
&amp#27;[38;5;0m[HTTP]&amp#27;[0m &amp#27;[37m<-- POST /session/632147ce-e1be-4fa6-a1d2-7d3a53bf8ff7/element/00000000-0000-002e-ffff-ffff0000001c/value &amp#27;[39m&amp#27;[32m200&amp#27;[39m &amp#27;[90m606 ms - 14&amp#27;[39m
&amp#27;[38;5;0m[HTTP]&amp#27;[0m &amp#27;[90m&amp#27;[39m
&amp#27;[38;5;0m[HTTP]&amp#27;[0m &amp#27;[37m-->&amp#27;[39m &amp#27;[37mGET&amp#27;[39m &amp#27;[37m/session/632147ce-e1be-4fa6-a1d2-7d3a53bf8ff7/context&amp#27;[39m
&amp#27;[38;5;0m[HTTP]&amp#27;[0m &amp#27;[90m{}&amp#27;[39m
[debug] &amp#27;[38;5;32m[AndroidUiautomator2Driver@ea86 (632147ce)]&amp#27;[0m Calling AppiumDriver.getCurrentContext() with args: ["632147ce-e1be-4fa6-a1d2-7d3a53bf8ff7"]
[debug] &amp#27;[38;5;32m[AndroidUiautomator2Driver@ea86 (632147ce)]&amp#27;[0m Responding to client with driver.getCurrentContext() result: "NATIVE_APP"
&amp#27;[38;5;0m[HTTP]&amp#27;[0m &amp#27;[37m<-- GET /session/632147ce-e1be-4fa6-a1d2-7d3a53bf8ff7/context &amp#27;[39m&amp#27;[32m200&amp#27;[39m &amp#27;[90m1 ms - 22&amp#27;[39m
&amp#27;[38;5;0m[HTTP]&amp#27;[0m &amp#27;[90m&amp#27;[39m
&amp#27;[38;5;0m[HTTP]&amp#27;[0m &amp#27;[37m-->&amp#27;[39m &amp#27;[37mPOST&amp#27;[39m &amp#27;[37m/session/632147ce-e1be-4fa6-a1d2-7d3a53bf8ff7/element&amp#27;[39m
&amp#27;[38;5;0m[HTTP]&amp#27;[0m &amp#27;[90m{"using":"xpath","value":"//android.widget.RadioButton[@text=\"Female\"]"}&amp#27;[39m
[debug] &amp#27;[38;5;32m[AndroidUiautomator2Driver@ea86 (632147ce)]&amp#27;[0m Calling AppiumDriver.findElement() with args: ["xpath","//android.widget.RadioButton[@text=\"Female\"]","632147ce-e1be-4fa6-a1d2-7d3a53bf8ff7"]
[debug] &amp#27;[38;5;32m[AndroidUiautomator2Driver@ea86 (632147ce)]&amp#27;[0m Valid locator strategies for this request: xpath, id, class name, accessibility id, css selector, -android uiautomator
[debug] &amp#27;[38;5;32m[AndroidUiautomator2Driver@ea86 (632147ce)]&amp#27;[0m Waiting up to 10000 ms for condition
[debug] &amp#27;[38;5;32m[AndroidUiautomator2Driver@ea86 (632147ce)]&amp#27;[0m Matched '/element' to command name 'findElement'
[debug] &amp#27;[38;5;32m[AndroidUiautomator2Driver@ea86 (632147ce)]&amp#27;[0m Proxying [POST /element] to [POST http://127.0.0.1:8200/session/5db57b0f-15b7-4d58-9d8a-4e282cc38511/element] with body: {"strategy":"xpath","selector":"//android.widget.RadioButton[@text=\"Female\"]","context":"","multiple":false}
[debug] &amp#27;[38;5;32m[AndroidUiautomator2Driver@ea86 (632147ce)]&amp#27;[0m Got response with status 200: {"sessionId":"5db57b0f-15b7-4d58-9d8a-4e282cc38511","value":{"ELEMENT":"00000000-0000-002e-ffff-ffff00000020","element-6066-11e4-a52e-4f735466cecf":"00000000-0000-002e-ffff-ffff00000020"}}
[debug] &amp#27;[38;5;32m[AndroidUiautomator2Driver@ea86 (632147ce)]&amp#27;[0m Responding to client with driver.findElement() result: {"element-6066-11e4-a52e-4f735466cecf":"00000000-0000-002e-ffff-ffff00000020","ELEMENT":"00000000-0000-002e-ffff-ffff00000020"}
&amp#27;[38;5;0m[HTTP]&amp#27;[0m &amp#27;[37m<-- POST /session/632147ce-e1be-4fa6-a1d2-7d3a53bf8ff7/element &amp#27;[39m&amp#27;[32m200&amp#27;[39m &amp#27;[90m931 ms - 137&amp#27;[39m
&amp#27;[38;5;0m[HTTP]&amp#27;[0m &amp#27;[90m&amp#27;[39m
&amp#27;[38;5;0m[HTTP]&amp#27;[0m &amp#27;[37m-->&amp#27;[39m &amp#27;[37mPOST&amp#27;[39m &amp#27;[37m/session/632147ce-e1be-4fa6-a1d2-7d3a53bf8ff7/element/00000000-0000-002e-ffff-ffff00000020/click&amp#27;[39m
&amp#27;[38;5;0m[HTTP]&amp#27;[0m &amp#27;[90m{"id":"00000000-0000-002e-ffff-ffff00000020"}&amp#27;[39m
[debug] &amp#27;[38;5;32m[AndroidUiautomator2Driver@ea86 (632147ce)]&amp#27;[0m Calling AppiumDriver.click() with args: ["00000000-0000-002e-ffff-ffff00000020","632147ce-e1be-4fa6-a1d2-7d3a53bf8ff7"]
[debug] &amp#27;[38;5;32m[AndroidUiautomator2Driver@ea86 (632147ce)]&amp#27;[0m Matched '/element/00000000-0000-002e-ffff-ffff00000020/click' to command name 'click'
[debug] &amp#27;[38;5;32m[AndroidUiautomator2Driver@ea86 (632147ce)]&amp#27;[0m Proxying [POST /element/00000000-0000-002e-ffff-ffff00000020/click] to [POST http://127.0.0.1:8200/session/5db57b0f-15b7-4d58-9d8a-4e282cc38511/element/00000000-0000-002e-ffff-ffff00000020/click] with body: {"element":"00000000-0000-002e-ffff-ffff00000020"}
[debug] &amp#27;[38;5;32m[AndroidUiautomator2Driver@ea86 (632147ce)]&amp#27;[0m Got response with status 200: {"sessionId":"5db57b0f-15b7-4d58-9d8a-4e282cc38511","value":null}
[debug] &amp#27;[38;5;32m[AndroidUiautomator2Driver@ea86 (632147ce)]&amp#27;[0m Responding to client with driver.click() result: null
&amp#27;[38;5;0m[HTTP]&amp#27;[0m &amp#27;[37m<-- POST /session/632147ce-e1be-4fa6-a1d2-7d3a53bf8ff7/element/00000000-0000-002e-ffff-ffff00000020/click &amp#27;[39m&amp#27;[32m200&amp#27;[39m &amp#27;[90m48 ms - 14&amp#27;[39m
&amp#27;[38;5;0m[HTTP]&amp#27;[0m &amp#27;[90m&amp#27;[39m
&amp#27;[38;5;0m[HTTP]&amp#27;[0m &amp#27;[37m-->&amp#27;[39m &amp#27;[37mGET&amp#27;[39m &amp#27;[37m/session/632147ce-e1be-4fa6-a1d2-7d3a53bf8ff7/context&amp#27;[39m
&amp#27;[38;5;0m[HTTP]&amp#27;[0m &amp#27;[90m{}&amp#27;[39m
[debug] &amp#27;[38;5;32m[AndroidUiautomator2Driver@ea86 (632147ce)]&amp#27;[0m Calling AppiumDriver.getCurrentContext() with args: ["632147ce-e1be-4fa6-a1d2-7d3a53bf8ff7"]
[debug] &amp#27;[38;5;32m[AndroidUiautomator2Driver@ea86 (632147ce)]&amp#27;[0m Responding to client with driver.getCurrentContext() result: "NATIVE_APP"
&amp#27;[38;5;0m[HTTP]&amp#27;[0m &amp#27;[37m<-- GET /session/632147ce-e1be-4fa6-a1d2-7d3a53bf8ff7/context &amp#27;[39m&amp#27;[32m200&amp#27;[39m &amp#27;[90m1 ms - 22&amp#27;[39m
&amp#27;[38;5;0m[HTTP]&amp#27;[0m &amp#27;[90m&amp#27;[39m
&amp#27;[38;5;0m[HTTP]&amp#27;[0m &amp#27;[37m-->&amp#27;[39m &amp#27;[37mPOST&amp#27;[39m &amp#27;[37m/session/632147ce-e1be-4fa6-a1d2-7d3a53bf8ff7/element&amp#27;[39m
&amp#27;[38;5;0m[HTTP]&amp#27;[0m &amp#27;[90m{"using":"id","value":"android:id/text1"}&amp#27;[39m
[debug] &amp#27;[38;5;32m[AndroidUiautomator2Driver@ea86 (632147ce)]&amp#27;[0m Calling AppiumDriver.findElement() with args: ["id","android:id/text1","632147ce-e1be-4fa6-a1d2-7d3a53bf8ff7"]
[debug] &amp#27;[38;5;32m[AndroidUiautomator2Driver@ea86 (632147ce)]&amp#27;[0m Valid locator strategies for this request: xpath, id, class name, accessibility id, css selector, -android uiautomator
[debug] &amp#27;[38;5;32m[AndroidUiautomator2Driver@ea86 (632147ce)]&amp#27;[0m Waiting up to 10000 ms for condition
[debug] &amp#27;[38;5;32m[AndroidUiautomator2Driver@ea86 (632147ce)]&amp#27;[0m Matched '/element' to command name 'findElement'
[debug] &amp#27;[38;5;32m[AndroidUiautomator2Driver@ea86 (632147ce)]&amp#27;[0m Proxying [POST /element] to [POST http://127.0.0.1:8200/session/5db57b0f-15b7-4d58-9d8a-4e282cc38511/element] with body: {"strategy":"id","selector":"android:id/text1","context":"","multiple":false}
[debug] &amp#27;[38;5;32m[AndroidUiautomator2Driver@ea86 (632147ce)]&amp#27;[0m Got response with status 200: {"sessionId":"5db57b0f-15b7-4d58-9d8a-4e282cc38511","value":{"ELEMENT":"00000000-0000-002e-ffff-ffff00000024","element-6066-11e4-a52e-4f735466cecf":"00000000-0000-002e-ffff-ffff00000024"}}
[debug] &amp#27;[38;5;32m[AndroidUiautomator2Driver@ea86 (632147ce)]&amp#27;[0m Responding to client with driver.findElement() result: {"element-6066-11e4-a52e-4f735466cecf":"00000000-0000-002e-ffff-ffff00000024","ELEMENT":"00000000-0000-002e-ffff-ffff00000024"}
&amp#27;[38;5;0m[HTTP]&amp#27;[0m &amp#27;[37m<-- POST /session/632147ce-e1be-4fa6-a1d2-7d3a53bf8ff7/element &amp#27;[39m&amp#27;[32m200&amp#27;[39m &amp#27;[90m98 ms - 137&amp#27;[39m
&amp#27;[38;5;0m[HTTP]&amp#27;[0m &amp#27;[90m&amp#27;[39m
&amp#27;[38;5;0m[HTTP]&amp#27;[0m &amp#27;[37m-->&amp#27;[39m &amp#27;[37mPOST&amp#27;[39m &amp#27;[37m/session/632147ce-e1be-4fa6-a1d2-7d3a53bf8ff7/element/00000000-0000-002e-ffff-ffff00000024/click&amp#27;[39m
&amp#27;[38;5;0m[HTTP]&amp#27;[0m &amp#27;[90m{"id":"00000000-0000-002e-ffff-ffff00000024"}&amp#27;[39m
[debug] &amp#27;[38;5;32m[AndroidUiautomator2Driver@ea86 (632147ce)]&amp#27;[0m Calling AppiumDriver.click() with args: ["00000000-0000-002e-ffff-ffff00000024","632147ce-e1be-4fa6-a1d2-7d3a53bf8ff7"]
[debug] &amp#27;[38;5;32m[AndroidUiautomator2Driver@ea86 (632147ce)]&amp#27;[0m Matched '/element/00000000-0000-002e-ffff-ffff00000024/click' to command name 'click'
[debug] &amp#27;[38;5;32m[AndroidUiautomator2Driver@ea86 (632147ce)]&amp#27;[0m Proxying [POST /element/00000000-0000-002e-ffff-ffff00000024/click] to [POST http://127.0.0.1:8200/session/5db57b0f-15b7-4d58-9d8a-4e282cc38511/element/00000000-0000-002e-ffff-ffff00000024/click] with body: {"element":"00000000-0000-002e-ffff-ffff00000024"}
[debug] &amp#27;[38;5;32m[AndroidUiautomator2Driver@ea86 (632147ce)]&amp#27;[0m Got response with status 200: {"sessionId":"5db57b0f-15b7-4d58-9d8a-4e282cc38511","value":null}
[debug] &amp#27;[38;5;32m[AndroidUiautomator2Driver@ea86 (632147ce)]&amp#27;[0m Responding to client with driver.click() result: null
&amp#27;[38;5;0m[HTTP]&amp#27;[0m &amp#27;[37m<-- POST /session/632147ce-e1be-4fa6-a1d2-7d3a53bf8ff7/element/00000000-0000-002e-ffff-ffff00000024/click &amp#27;[39m&amp#27;[32m200&amp#27;[39m &amp#27;[90m558 ms - 14&amp#27;[39m
&amp#27;[38;5;0m[HTTP]&amp#27;[0m &amp#27;[90m&amp#27;[39m
&amp#27;[38;5;0m[HTTP]&amp#27;[0m &amp#27;[37m-->&amp#27;[39m &amp#27;[37mPOST&amp#27;[39m &amp#27;[37m/session/632147ce-e1be-4fa6-a1d2-7d3a53bf8ff7/element&amp#27;[39m
&amp#27;[38;5;0m[HTTP]&amp#27;[0m &amp#27;[90m{"using":"-android uiautomator","value":"new UiScrollable(new UiSelector()).scrollIntoView(text(\"Argentina\"));"}&amp#27;[39m
[debug] &amp#27;[38;5;32m[AndroidUiautomator2Driver@ea86 (632147ce)]&amp#27;[0m Calling AppiumDriver.findElement() with args: ["-android uiautomator","new UiScrollable(new UiSelector()).scrollIntoView(text(\"Argentina\"));","632147ce-e1be-4fa6-a1d2-7d3a53bf8ff7"]
[debug] &amp#27;[38;5;32m[AndroidUiautomator2Driver@ea86 (632147ce)]&amp#27;[0m Valid locator strategies for this request: xpath, id, class name, accessibility id, css selector, -android uiautomator
[debug] &amp#27;[38;5;32m[AndroidUiautomator2Driver@ea86 (632147ce)]&amp#27;[0m Waiting up to 10000 ms for condition
[debug] &amp#27;[38;5;32m[AndroidUiautomator2Driver@ea86 (632147ce)]&amp#27;[0m Matched '/element' to command name 'findElement'
[debug] &amp#27;[38;5;32m[AndroidUiautomator2Driver@ea86 (632147ce)]&amp#27;[0m Proxying [POST /element] to [POST http://127.0.0.1:8200/session/5db57b0f-15b7-4d58-9d8a-4e282cc38511/element] with body: {"strategy":"-android uiautomator","selector":"new UiScrollable(new UiSelector()).scrollIntoView(text(\"Argentina\"));","context":"","multiple":false}
[debug] &amp#27;[38;5;32m[AndroidUiautomator2Driver@ea86 (632147ce)]&amp#27;[0m Got response with status 200: {"sessionId":"5db57b0f-15b7-4d58-9d8a-4e282cc38511","value":{"ELEMENT":"00000000-0000-002f-ffff-ffff00000032","element-6066-11e4-a52e-4f735466cecf":"00000000-0000-002f-ffff-ffff00000032"}}
[debug] &amp#27;[38;5;32m[AndroidUiautomator2Driver@ea86 (632147ce)]&amp#27;[0m Responding to client with driver.findElement() result: {"element-6066-11e4-a52e-4f735466cecf":"00000000-0000-002f-ffff-ffff00000032","ELEMENT":"00000000-0000-002f-ffff-ffff00000032"}
&amp#27;[38;5;0m[HTTP]&amp#27;[0m &amp#27;[37m<-- POST /session/632147ce-e1be-4fa6-a1d2-7d3a53bf8ff7/element &amp#27;[39m&amp#27;[32m200&amp#27;[39m &amp#27;[90m4352 ms - 137&amp#27;[39m
&amp#27;[38;5;0m[HTTP]&amp#27;[0m &amp#27;[90m&amp#27;[39m
&amp#27;[38;5;0m[HTTP]&amp#27;[0m &amp#27;[37m-->&amp#27;[39m &amp#27;[37mPOST&amp#27;[39m &amp#27;[37m/session/632147ce-e1be-4fa6-a1d2-7d3a53bf8ff7/element&amp#27;[39m
&amp#27;[38;5;0m[HTTP]&amp#27;[0m &amp#27;[90m{"using":"xpath","value":"//android.widget.TextView[@text=\"Argentina\"]"}&amp#27;[39m
[debug] &amp#27;[38;5;32m[AndroidUiautomator2Driver@ea86 (632147ce)]&amp#27;[0m Calling AppiumDriver.findElement() with args: ["xpath","//android.widget.TextView[@text=\"Argentina\"]","632147ce-e1be-4fa6-a1d2-7d3a53bf8ff7"]
[debug] &amp#27;[38;5;32m[AndroidUiautomator2Driver@ea86 (632147ce)]&amp#27;[0m Valid locator strategies for this request: xpath, id, class name, accessibility id, css selector, -android uiautomator
[debug] &amp#27;[38;5;32m[AndroidUiautomator2Driver@ea86 (632147ce)]&amp#27;[0m Waiting up to 10000 ms for condition
[debug] &amp#27;[38;5;32m[AndroidUiautomator2Driver@ea86 (632147ce)]&amp#27;[0m Matched '/element' to command name 'findElement'
[debug] &amp#27;[38;5;32m[AndroidUiautomator2Driver@ea86 (632147ce)]&amp#27;[0m Proxying [POST /element] to [POST http://127.0.0.1:8200/session/5db57b0f-15b7-4d58-9d8a-4e282cc38511/element] with body: {"strategy":"xpath","selector":"//android.widget.TextView[@text=\"Argentina\"]","context":"","multiple":false}
[debug] &amp#27;[38;5;32m[AndroidUiautomator2Driver@ea86 (632147ce)]&amp#27;[0m Got response with status 200: {"sessionId":"5db57b0f-15b7-4d58-9d8a-4e282cc38511","value":{"ELEMENT":"00000000-0000-002f-ffff-ffff00000032","element-6066-11e4-a52e-4f735466cecf":"00000000-0000-002f-ffff-ffff00000032"}}
[debug] &amp#27;[38;5;32m[AndroidUiautomator2Driver@ea86 (632147ce)]&amp#27;[0m Responding to client with driver.findElement() result: {"element-6066-11e4-a52e-4f735466cecf":"00000000-0000-002f-ffff-ffff00000032","ELEMENT":"00000000-0000-002f-ffff-ffff00000032"}
&amp#27;[38;5;0m[HTTP]&amp#27;[0m &amp#27;[37m<-- POST /session/632147ce-e1be-4fa6-a1d2-7d3a53bf8ff7/element &amp#27;[39m&amp#27;[32m200&amp#27;[39m &amp#27;[90m91 ms - 137&amp#27;[39m
&amp#27;[38;5;0m[HTTP]&amp#27;[0m &amp#27;[90m&amp#27;[39m
&amp#27;[38;5;0m[HTTP]&amp#27;[0m &amp#27;[37m-->&amp#27;[39m &amp#27;[37mPOST&amp#27;[39m &amp#27;[37m/session/632147ce-e1be-4fa6-a1d2-7d3a53bf8ff7/element/00000000-0000-002f-ffff-ffff00000032/click&amp#27;[39m
&amp#27;[38;5;0m[HTTP]&amp#27;[0m &amp#27;[90m{"id":"00000000-0000-002f-ffff-ffff00000032"}&amp#27;[39m
[debug] &amp#27;[38;5;32m[AndroidUiautomator2Driver@ea86 (632147ce)]&amp#27;[0m Calling AppiumDriver.click() with args: ["00000000-0000-002f-ffff-ffff00000032","632147ce-e1be-4fa6-a1d2-7d3a53bf8ff7"]
[debug] &amp#27;[38;5;32m[AndroidUiautomator2Driver@ea86 (632147ce)]&amp#27;[0m Matched '/element/00000000-0000-002f-ffff-ffff00000032/click' to command name 'click'
[debug] &amp#27;[38;5;32m[AndroidUiautomator2Driver@ea86 (632147ce)]&amp#27;[0m Proxying [POST /element/00000000-0000-002f-ffff-ffff00000032/click] to [POST http://127.0.0.1:8200/session/5db57b0f-15b7-4d58-9d8a-4e282cc38511/element/00000000-0000-002f-ffff-ffff00000032/click] with body: {"element":"00000000-0000-002f-ffff-ffff00000032"}
[debug] &amp#27;[38;5;32m[AndroidUiautomator2Driver@ea86 (632147ce)]&amp#27;[0m Got response with status 200: {"sessionId":"5db57b0f-15b7-4d58-9d8a-4e282cc38511","value":null}
[debug] &amp#27;[38;5;32m[AndroidUiautomator2Driver@ea86 (632147ce)]&amp#27;[0m Responding to client with driver.click() result: null
&amp#27;[38;5;0m[HTTP]&amp#27;[0m &amp#27;[37m<-- POST /session/632147ce-e1be-4fa6-a1d2-7d3a53bf8ff7/element/00000000-0000-002f-ffff-ffff00000032/click &amp#27;[39m&amp#27;[32m200&amp#27;[39m &amp#27;[90m687 ms - 14&amp#27;[39m
&amp#27;[38;5;0m[HTTP]&amp#27;[0m &amp#27;[90m&amp#27;[39m
&amp#27;[38;5;0m[HTTP]&amp#27;[0m &amp#27;[37m-->&amp#27;[39m &amp#27;[37mGET&amp#27;[39m &amp#27;[37m/session/632147ce-e1be-4fa6-a1d2-7d3a53bf8ff7/context&amp#27;[39m
&amp#27;[38;5;0m[HTTP]&amp#27;[0m &amp#27;[90m{}&amp#27;[39m
[debug] &amp#27;[38;5;32m[AndroidUiautomator2Driver@ea86 (632147ce)]&amp#27;[0m Calling AppiumDriver.getCurrentContext() with args: ["632147ce-e1be-4fa6-a1d2-7d3a53bf8ff7"]
[debug] &amp#27;[38;5;32m[AndroidUiautomator2Driver@ea86 (632147ce)]&amp#27;[0m Responding to client with driver.getCurrentContext() result: "NATIVE_APP"
&amp#27;[38;5;0m[HTTP]&amp#27;[0m &amp#27;[37m<-- GET /session/632147ce-e1be-4fa6-a1d2-7d3a53bf8ff7/context &amp#27;[39m&amp#27;[32m200&amp#27;[39m &amp#27;[90m1 ms - 22&amp#27;[39m
&amp#27;[38;5;0m[HTTP]&amp#27;[0m &amp#27;[90m&amp#27;[39m
&amp#27;[38;5;0m[HTTP]&amp#27;[0m &amp#27;[37m-->&amp#27;[39m &amp#27;[37mPOST&amp#27;[39m &amp#27;[37m/session/632147ce-e1be-4fa6-a1d2-7d3a53bf8ff7/element&amp#27;[39m
&amp#27;[38;5;0m[HTTP]&amp#27;[0m &amp#27;[90m{"using":"id","value":"com.androidsample.generalstore:id/btnLetsShop"}&amp#27;[39m
[debug] &amp#27;[38;5;32m[AndroidUiautomator2Driver@ea86 (632147ce)]&amp#27;[0m Calling AppiumDriver.findElement() with args: ["id","com.androidsample.generalstore:id/btnLetsShop","632147ce-e1be-4fa6-a1d2-7d3a53bf8ff7"]
[debug] &amp#27;[38;5;32m[AndroidUiautomator2Driver@ea86 (632147ce)]&amp#27;[0m Valid locator strategies for this request: xpath, id, class name, accessibility id, css selector, -android uiautomator
[debug] &amp#27;[38;5;32m[AndroidUiautomator2Driver@ea86 (632147ce)]&amp#27;[0m Waiting up to 10000 ms for condition
[debug] &amp#27;[38;5;32m[AndroidUiautomator2Driver@ea86 (632147ce)]&amp#27;[0m Matched '/element' to command name 'findElement'
[debug] &amp#27;[38;5;32m[AndroidUiautomator2Driver@ea86 (632147ce)]&amp#27;[0m Proxying [POST /element] to [POST http://127.0.0.1:8200/session/5db57b0f-15b7-4d58-9d8a-4e282cc38511/element] with body: {"strategy":"id","selector":"com.androidsample.generalstore:id/btnLetsShop","context":"","multiple":false}
[debug] &amp#27;[38;5;32m[AndroidUiautomator2Driver@ea86 (632147ce)]&amp#27;[0m Got response with status 200: {"sessionId":"5db57b0f-15b7-4d58-9d8a-4e282cc38511","value":{"ELEMENT":"00000000-0000-002e-ffff-ffff00000021","element-6066-11e4-a52e-4f735466cecf":"00000000-0000-002e-ffff-ffff00000021"}}
[debug] &amp#27;[38;5;32m[AndroidUiautomator2Driver@ea86 (632147ce)]&amp#27;[0m Responding to client with driver.findElement() result: {"element-6066-11e4-a52e-4f735466cecf":"00000000-0000-002e-ffff-ffff00000021","ELEMENT":"00000000-0000-002e-ffff-ffff00000021"}
&amp#27;[38;5;0m[HTTP]&amp#27;[0m &amp#27;[37m<-- POST /session/632147ce-e1be-4fa6-a1d2-7d3a53bf8ff7/element &amp#27;[39m&amp#27;[32m200&amp#27;[39m &amp#27;[90m103 ms - 137&amp#27;[39m
&amp#27;[38;5;0m[HTTP]&amp#27;[0m &amp#27;[90m&amp#27;[39m
&amp#27;[38;5;0m[HTTP]&amp#27;[0m &amp#27;[37m-->&amp#27;[39m &amp#27;[37mPOST&amp#27;[39m &amp#27;[37m/session/632147ce-e1be-4fa6-a1d2-7d3a53bf8ff7/element/00000000-0000-002e-ffff-ffff00000021/click&amp#27;[39m
&amp#27;[38;5;0m[HTTP]&amp#27;[0m &amp#27;[90m{"id":"00000000-0000-002e-ffff-ffff00000021"}&amp#27;[39m
[debug] &amp#27;[38;5;32m[AndroidUiautomator2Driver@ea86 (632147ce)]&amp#27;[0m Calling AppiumDriver.click() with args: ["00000000-0000-002e-ffff-ffff00000021","632147ce-e1be-4fa6-a1d2-7d3a53bf8ff7"]
[debug] &amp#27;[38;5;32m[AndroidUiautomator2Driver@ea86 (632147ce)]&amp#27;[0m Matched '/element/00000000-0000-002e-ffff-ffff00000021/click' to command name 'click'
[debug] &amp#27;[38;5;32m[AndroidUiautomator2Driver@ea86 (632147ce)]&amp#27;[0m Proxying [POST /element/00000000-0000-002e-ffff-ffff00000021/click] to [POST http://127.0.0.1:8200/session/5db57b0f-15b7-4d58-9d8a-4e282cc38511/element/00000000-0000-002e-ffff-ffff00000021/click] with body: {"element":"00000000-0000-002e-ffff-ffff00000021"}
[debug] &amp#27;[38;5;32m[AndroidUiautomator2Driver@ea86 (632147ce)]&amp#27;[0m Got response with status 200: {"sessionId":"5db57b0f-15b7-4d58-9d8a-4e282cc38511","value":null}
[debug] &amp#27;[38;5;32m[AndroidUiautomator2Driver@ea86 (632147ce)]&amp#27;[0m Responding to client with driver.click() result: null
&amp#27;[38;5;0m[HTTP]&amp#27;[0m &amp#27;[37m<-- POST /session/632147ce-e1be-4fa6-a1d2-7d3a53bf8ff7/element/00000000-0000-002e-ffff-ffff00000021/click &amp#27;[39m&amp#27;[32m200&amp#27;[39m &amp#27;[90m61 ms - 14&amp#27;[39m
&amp#27;[38;5;0m[HTTP]&amp#27;[0m &amp#27;[90m&amp#27;[39m
&amp#27;[38;5;0m[HTTP]&amp#27;[0m &amp#27;[37m-->&amp#27;[39m &amp#27;[37mGET&amp#27;[39m &amp#27;[37m/session/632147ce-e1be-4fa6-a1d2-7d3a53bf8ff7/context&amp#27;[39m
&amp#27;[38;5;0m[HTTP]&amp#27;[0m &amp#27;[90m{}&amp#27;[39m
[debug] &amp#27;[38;5;32m[AndroidUiautomator2Driver@ea86 (632147ce)]&amp#27;[0m Calling AppiumDriver.getCurrentContext() with args: ["632147ce-e1be-4fa6-a1d2-7d3a53bf8ff7"]
[debug] &amp#27;[38;5;32m[AndroidUiautomator2Driver@ea86 (632147ce)]&amp#27;[0m Responding to client with driver.getCurrentContext() result: "NATIVE_APP"
&amp#27;[38;5;0m[HTTP]&amp#27;[0m &amp#27;[37m<-- GET /session/632147ce-e1be-4fa6-a1d2-7d3a53bf8ff7/context &amp#27;[39m&amp#27;[32m200&amp#27;[39m &amp#27;[90m1 ms - 22&amp#27;[39m
&amp#27;[38;5;0m[HTTP]&amp#27;[0m &amp#27;[90m&amp#27;[39m
&amp#27;[38;5;0m[HTTP]&amp#27;[0m &amp#27;[37m-->&amp#27;[39m &amp#27;[37mPOST&amp#27;[39m &amp#27;[37m/session/632147ce-e1be-4fa6-a1d2-7d3a53bf8ff7/elements&amp#27;[39m
&amp#27;[38;5;0m[HTTP]&amp#27;[0m &amp#27;[90m{"using":"xpath","value":"//android.widget.TextView[@text=\"ADD TO CART\"]"}&amp#27;[39m
[debug] &amp#27;[38;5;32m[AndroidUiautomator2Driver@ea86 (632147ce)]&amp#27;[0m Calling AppiumDriver.findElements() with args: ["xpath","//android.widget.TextView[@text=\"ADD TO CART\"]","632147ce-e1be-4fa6-a1d2-7d3a53bf8ff7"]
[debug] &amp#27;[38;5;32m[AndroidUiautomator2Driver@ea86 (632147ce)]&amp#27;[0m Valid locator strategies for this request: xpath, id, class name, accessibility id, css selector, -android uiautomator
[debug] &amp#27;[38;5;32m[AndroidUiautomator2Driver@ea86 (632147ce)]&amp#27;[0m Waiting up to 10000 ms for condition
[debug] &amp#27;[38;5;32m[AndroidUiautomator2Driver@ea86 (632147ce)]&amp#27;[0m Matched '/elements' to command name 'findElements'
[debug] &amp#27;[38;5;32m[AndroidUiautomator2Driver@ea86 (632147ce)]&amp#27;[0m Proxying [POST /elements] to [POST http://127.0.0.1:8200/session/5db57b0f-15b7-4d58-9d8a-4e282cc38511/elements] with body: {"strategy":"xpath","selector":"//android.widget.TextView[@text=\"ADD TO CART\"]","context":"","multiple":true}
[debug] &amp#27;[38;5;32m[AndroidUiautomator2Driver@ea86 (632147ce)]&amp#27;[0m Got response with status 200: {"sessionId":"5db57b0f-15b7-4d58-9d8a-4e282cc38511","value":[]}
[debug] &amp#27;[38;5;32m[AndroidUiautomator2Driver@ea86 (632147ce)]&amp#27;[0m Waited for 424 ms so far
[debug] &amp#27;[38;5;32m[AndroidUiautomator2Driver@ea86 (632147ce)]&amp#27;[0m Matched '/elements' to command name 'findElements'
[debug] &amp#27;[38;5;32m[AndroidUiautomator2Driver@ea86 (632147ce)]&amp#27;[0m Proxying [POST /elements] to [POST http://127.0.0.1:8200/session/5db57b0f-15b7-4d58-9d8a-4e282cc38511/elements] with body: {"strategy":"xpath","selector":"//android.widget.TextView[@text=\"ADD TO CART\"]","context":"","multiple":true}
[debug] &amp#27;[38;5;32m[AndroidUiautomator2Driver@ea86 (632147ce)]&amp#27;[0m Got response with status 200: {"sessionId":"5db57b0f-15b7-4d58-9d8a-4e282cc38511","value":[{"ELEMENT":"00000000-0000-0030-ffff-ffff00000051","element-6066-11e4-a52e-4f735466cecf":"00000000-0000-0030-ffff-ffff00000051"},{"ELEMENT":"00000000-0000-0030-ffff-ffff00000059","element-6066-11e4-a52e-4f735466cecf":"00000000-0000-0030-ffff-ffff00000059"}]}
[debug] &amp#27;[38;5;32m[AndroidUiautomator2Driver@ea86 (632147ce)]&amp#27;[0m Responding to client with driver.findElements() result: [{"element-6066-11e4-a52e-4f735466cecf":"00000000-0000-0030-ffff-ffff00000051","ELEMENT":"00000000-0000-0030-ffff-ffff00000051"},{"element-6066-11e4-a52e-4f735466cecf":"00000000-0000-0030-ffff-ffff00000059","ELEMENT":"00000000-0000-0030-ffff-ffff00000059"}]
&amp#27;[38;5;0m[HTTP]&amp#27;[0m &amp#27;[37m<-- POST /session/632147ce-e1be-4fa6-a1d2-7d3a53bf8ff7/elements &amp#27;[39m&amp#27;[32m200&amp#27;[39m &amp#27;[90m1029 ms - 267&amp#27;[39m
&amp#27;[38;5;0m[HTTP]&amp#27;[0m &amp#27;[90m&amp#27;[39m
&amp#27;[38;5;0m[HTTP]&amp#27;[0m &amp#27;[37m-->&amp#27;[39m &amp#27;[37mPOST&amp#27;[39m &amp#27;[37m/session/632147ce-e1be-4fa6-a1d2-7d3a53bf8ff7/element/00000000-0000-0030-ffff-ffff00000051/click&amp#27;[39m
&amp#27;[38;5;0m[HTTP]&amp#27;[0m &amp#27;[90m{"id":"00000000-0000-0030-ffff-ffff00000051"}&amp#27;[39m
[debug] &amp#27;[38;5;32m[AndroidUiautomator2Driver@ea86 (632147ce)]&amp#27;[0m Calling AppiumDriver.click() with args: ["00000000-0000-0030-ffff-ffff00000051","632147ce-e1be-4fa6-a1d2-7d3a53bf8ff7"]
[debug] &amp#27;[38;5;32m[AndroidUiautomator2Driver@ea86 (632147ce)]&amp#27;[0m Matched '/element/00000000-0000-0030-ffff-ffff00000051/click' to command name 'click'
[debug] &amp#27;[38;5;32m[AndroidUiautomator2Driver@ea86 (632147ce)]&amp#27;[0m Proxying [POST /element/00000000-0000-0030-ffff-ffff00000051/click] to [POST http://127.0.0.1:8200/session/5db57b0f-15b7-4d58-9d8a-4e282cc38511/element/00000000-0000-0030-ffff-ffff00000051/click] with body: {"element":"00000000-0000-0030-ffff-ffff00000051"}
[debug] &amp#27;[38;5;32m[AndroidUiautomator2Driver@ea86 (632147ce)]&amp#27;[0m Got response with status 200: {"sessionId":"5db57b0f-15b7-4d58-9d8a-4e282cc38511","value":null}
[debug] &amp#27;[38;5;32m[AndroidUiautomator2Driver@ea86 (632147ce)]&amp#27;[0m Responding to client with driver.click() result: null
&amp#27;[38;5;0m[HTTP]&amp#27;[0m &amp#27;[37m<-- POST /session/632147ce-e1be-4fa6-a1d2-7d3a53bf8ff7/element/00000000-0000-0030-ffff-ffff00000051/click &amp#27;[39m&amp#27;[32m200&amp#27;[39m &amp#27;[90m541 ms - 14&amp#27;[39m
&amp#27;[38;5;0m[HTTP]&amp#27;[0m &amp#27;[90m&amp#27;[39m
&amp#27;[38;5;0m[HTTP]&amp#27;[0m &amp#27;[37m-->&amp#27;[39m &amp#27;[37mGET&amp#27;[39m &amp#27;[37m/session/632147ce-e1be-4fa6-a1d2-7d3a53bf8ff7/context&amp#27;[39m
&amp#27;[38;5;0m[HTTP]&amp#27;[0m &amp#27;[90m{}&amp#27;[39m
[debug] &amp#27;[38;5;32m[AndroidUiautomator2Driver@ea86 (632147ce)]&amp#27;[0m Calling AppiumDriver.getCurrentContext() with args: ["632147ce-e1be-4fa6-a1d2-7d3a53bf8ff7"]
[debug] &amp#27;[38;5;32m[AndroidUiautomator2Driver@ea86 (632147ce)]&amp#27;[0m Responding to client with driver.getCurrentContext() result: "NATIVE_APP"
&amp#27;[38;5;0m[HTTP]&amp#27;[0m &amp#27;[37m<-- GET /session/632147ce-e1be-4fa6-a1d2-7d3a53bf8ff7/context &amp#27;[39m&amp#27;[32m200&amp#27;[39m &amp#27;[90m1 ms - 22&amp#27;[39m
&amp#27;[38;5;0m[HTTP]&amp#27;[0m &amp#27;[90m&amp#27;[39m
&amp#27;[38;5;0m[HTTP]&amp#27;[0m &amp#27;[37m-->&amp#27;[39m &amp#27;[37mPOST&amp#27;[39m &amp#27;[37m/session/632147ce-e1be-4fa6-a1d2-7d3a53bf8ff7/elements&amp#27;[39m
&amp#27;[38;5;0m[HTTP]&amp#27;[0m &amp#27;[90m{"using":"xpath","value":"//android.widget.TextView[@text=\"ADD TO CART\"]"}&amp#27;[39m
[debug] &amp#27;[38;5;32m[AndroidUiautomator2Driver@ea86 (632147ce)]&amp#27;[0m Calling AppiumDriver.findElements() with args: ["xpath","//android.widget.TextView[@text=\"ADD TO CART\"]","632147ce-e1be-4fa6-a1d2-7d3a53bf8ff7"]
[debug] &amp#27;[38;5;32m[AndroidUiautomator2Driver@ea86 (632147ce)]&amp#27;[0m Valid locator strategies for this request: xpath, id, class name, accessibility id, css selector, -android uiautomator
[debug] &amp#27;[38;5;32m[AndroidUiautomator2Driver@ea86 (632147ce)]&amp#27;[0m Waiting up to 10000 ms for condition
[debug] &amp#27;[38;5;32m[AndroidUiautomator2Driver@ea86 (632147ce)]&amp#27;[0m Matched '/elements' to command name 'findElements'
[debug] &amp#27;[38;5;32m[AndroidUiautomator2Driver@ea86 (632147ce)]&amp#27;[0m Proxying [POST /elements] to [POST http://127.0.0.1:8200/session/5db57b0f-15b7-4d58-9d8a-4e282cc38511/elements] with body: {"strategy":"xpath","selector":"//android.widget.TextView[@text=\"ADD TO CART\"]","context":"","multiple":true}
[debug] &amp#27;[38;5;32m[AndroidUiautomator2Driver@ea86 (632147ce)]&amp#27;[0m Got response with status 200: {"sessionId":"5db57b0f-15b7-4d58-9d8a-4e282cc38511","value":[{"ELEMENT":"00000000-0000-0030-ffff-ffff00000059","element-6066-11e4-a52e-4f735466cecf":"00000000-0000-0030-ffff-ffff00000059"}]}
[debug] &amp#27;[38;5;32m[AndroidUiautomator2Driver@ea86 (632147ce)]&amp#27;[0m Responding to client with driver.findElements() result: [{"element-6066-11e4-a52e-4f735466cecf":"00000000-0000-0030-ffff-ffff00000059","ELEMENT":"00000000-0000-0030-ffff-ffff00000059"}]
&amp#27;[38;5;0m[HTTP]&amp#27;[0m &amp#27;[37m<-- POST /session/632147ce-e1be-4fa6-a1d2-7d3a53bf8ff7/elements &amp#27;[39m&amp#27;[32m200&amp#27;[39m &amp#27;[90m60 ms - 139&amp#27;[39m
&amp#27;[38;5;0m[HTTP]&amp#27;[0m &amp#27;[90m&amp#27;[39m
&amp#27;[38;5;0m[HTTP]&amp#27;[0m &amp#27;[37m-->&amp#27;[39m &amp#27;[37mPOST&amp#27;[39m &amp#27;[37m/session/632147ce-e1be-4fa6-a1d2-7d3a53bf8ff7/element/00000000-0000-0030-ffff-ffff00000059/click&amp#27;[39m
&amp#27;[38;5;0m[HTTP]&amp#27;[0m &amp#27;[90m{"id":"00000000-0000-0030-ffff-ffff00000059"}&amp#27;[39m
[debug] &amp#27;[38;5;32m[AndroidUiautomator2Driver@ea86 (632147ce)]&amp#27;[0m Calling AppiumDriver.click() with args: ["00000000-0000-0030-ffff-ffff00000059","632147ce-e1be-4fa6-a1d2-7d3a53bf8ff7"]
[debug] &amp#27;[38;5;32m[AndroidUiautomator2Driver@ea86 (632147ce)]&amp#27;[0m Matched '/element/00000000-0000-0030-ffff-ffff00000059/click' to command name 'click'
[debug] &amp#27;[38;5;32m[AndroidUiautomator2Driver@ea86 (632147ce)]&amp#27;[0m Proxying [POST /element/00000000-0000-0030-ffff-ffff00000059/click] to [POST http://127.0.0.1:8200/session/5db57b0f-15b7-4d58-9d8a-4e282cc38511/element/00000000-0000-0030-ffff-ffff00000059/click] with body: {"element":"00000000-0000-0030-ffff-ffff00000059"}
[debug] &amp#27;[38;5;32m[AndroidUiautomator2Driver@ea86 (632147ce)]&amp#27;[0m Got response with status 200: {"sessionId":"5db57b0f-15b7-4d58-9d8a-4e282cc38511","value":null}
[debug] &amp#27;[38;5;32m[AndroidUiautomator2Driver@ea86 (632147ce)]&amp#27;[0m Responding to client with driver.click() result: null
&amp#27;[38;5;0m[HTTP]&amp#27;[0m &amp#27;[37m<-- POST /session/632147ce-e1be-4fa6-a1d2-7d3a53bf8ff7/element/00000000-0000-0030-ffff-ffff00000059/click &amp#27;[39m&amp#27;[32m200&amp#27;[39m &amp#27;[90m48 ms - 14&amp#27;[39m
&amp#27;[38;5;0m[HTTP]&amp#27;[0m &amp#27;[90m&amp#27;[39m
&amp#27;[38;5;0m[HTTP]&amp#27;[0m &amp#27;[37m-->&amp#27;[39m &amp#27;[37mGET&amp#27;[39m &amp#27;[37m/session/632147ce-e1be-4fa6-a1d2-7d3a53bf8ff7/context&amp#27;[39m
&amp#27;[38;5;0m[HTTP]&amp#27;[0m &amp#27;[90m{}&amp#27;[39m
[debug] &amp#27;[38;5;32m[AndroidUiautomator2Driver@ea86 (632147ce)]&amp#27;[0m Calling AppiumDriver.getCurrentContext() with args: ["632147ce-e1be-4fa6-a1d2-7d3a53bf8ff7"]
[debug] &amp#27;[38;5;32m[AndroidUiautomator2Driver@ea86 (632147ce)]&amp#27;[0m Responding to client with driver.getCurrentContext() result: "NATIVE_APP"
&amp#27;[38;5;0m[HTTP]&amp#27;[0m &amp#27;[37m<-- GET /session/632147ce-e1be-4fa6-a1d2-7d3a53bf8ff7/context &amp#27;[39m&amp#27;[32m200&amp#27;[39m &amp#27;[90m1 ms - 22&amp#27;[39m
&amp#27;[38;5;0m[HTTP]&amp#27;[0m &amp#27;[90m&amp#27;[39m
&amp#27;[38;5;0m[HTTP]&amp#27;[0m &amp#27;[37m-->&amp#27;[39m &amp#27;[37mPOST&amp#27;[39m &amp#27;[37m/session/632147ce-e1be-4fa6-a1d2-7d3a53bf8ff7/element&amp#27;[39m
&amp#27;[38;5;0m[HTTP]&amp#27;[0m &amp#27;[90m{"using":"id","value":"com.androidsample.generalstore:id/appbar_btn_cart"}&amp#27;[39m
[debug] &amp#27;[38;5;32m[AndroidUiautomator2Driver@ea86 (632147ce)]&amp#27;[0m Calling AppiumDriver.findElement() with args: ["id","com.androidsample.generalstore:id/appbar_btn_cart","632147ce-e1be-4fa6-a1d2-7d3a53bf8ff7"]
[debug] &amp#27;[38;5;32m[AndroidUiautomator2Driver@ea86 (632147ce)]&amp#27;[0m Valid locator strategies for this request: xpath, id, class name, accessibility id, css selector, -android uiautomator
[debug] &amp#27;[38;5;32m[AndroidUiautomator2Driver@ea86 (632147ce)]&amp#27;[0m Waiting up to 10000 ms for condition
[debug] &amp#27;[38;5;32m[AndroidUiautomator2Driver@ea86 (632147ce)]&amp#27;[0m Matched '/element' to command name 'findElement'
[debug] &amp#27;[38;5;32m[AndroidUiautomator2Driver@ea86 (632147ce)]&amp#27;[0m Proxying [POST /element] to [POST http://127.0.0.1:8200/session/5db57b0f-15b7-4d58-9d8a-4e282cc38511/element] with body: {"strategy":"id","selector":"com.androidsample.generalstore:id/appbar_btn_cart","context":"","multiple":false}
[debug] &amp#27;[38;5;32m[AndroidUiautomator2Driver@ea86 (632147ce)]&amp#27;[0m Got response with status 200: {"sessionId":"5db57b0f-15b7-4d58-9d8a-4e282cc38511","value":{"ELEMENT":"00000000-0000-0030-ffff-ffff00000044","element-6066-11e4-a52e-4f735466cecf":"00000000-0000-0030-ffff-ffff00000044"}}
[debug] &amp#27;[38;5;32m[AndroidUiautomator2Driver@ea86 (632147ce)]&amp#27;[0m Responding to client with driver.findElement() result: {"element-6066-11e4-a52e-4f735466cecf":"00000000-0000-0030-ffff-ffff00000044","ELEMENT":"00000000-0000-0030-ffff-ffff00000044"}
&amp#27;[38;5;0m[HTTP]&amp#27;[0m &amp#27;[37m<-- POST /session/632147ce-e1be-4fa6-a1d2-7d3a53bf8ff7/element &amp#27;[39m&amp#27;[32m200&amp#27;[39m &amp#27;[90m505 ms - 137&amp#27;[39m
&amp#27;[38;5;0m[HTTP]&amp#27;[0m &amp#27;[90m&amp#27;[39m
&amp#27;[38;5;0m[HTTP]&amp#27;[0m &amp#27;[37m-->&amp#27;[39m &amp#27;[37mPOST&amp#27;[39m &amp#27;[37m/session/632147ce-e1be-4fa6-a1d2-7d3a53bf8ff7/element/00000000-0000-0030-ffff-ffff00000044/click&amp#27;[39m
&amp#27;[38;5;0m[HTTP]&amp#27;[0m &amp#27;[90m{"id":"00000000-0000-0030-ffff-ffff00000044"}&amp#27;[39m
[debug] &amp#27;[38;5;32m[AndroidUiautomator2Driver@ea86 (632147ce)]&amp#27;[0m Calling AppiumDriver.click() with args: ["00000000-0000-0030-ffff-ffff00000044","632147ce-e1be-4fa6-a1d2-7d3a53bf8ff7"]
[debug] &amp#27;[38;5;32m[AndroidUiautomator2Driver@ea86 (632147ce)]&amp#27;[0m Matched '/element/00000000-0000-0030-ffff-ffff00000044/click' to command name 'click'
[debug] &amp#27;[38;5;32m[AndroidUiautomator2Driver@ea86 (632147ce)]&amp#27;[0m Proxying [POST /element/00000000-0000-0030-ffff-ffff00000044/click] to [POST http://127.0.0.1:8200/session/5db57b0f-15b7-4d58-9d8a-4e282cc38511/element/00000000-0000-0030-ffff-ffff00000044/click] with body: {"element":"00000000-0000-0030-ffff-ffff00000044"}
[debug] &amp#27;[38;5;32m[AndroidUiautomator2Driver@ea86 (632147ce)]&amp#27;[0m Got response with status 200: {"sessionId":"5db57b0f-15b7-4d58-9d8a-4e282cc38511","value":null}
[debug] &amp#27;[38;5;32m[AndroidUiautomator2Driver@ea86 (632147ce)]&amp#27;[0m Responding to client with driver.click() result: null
&amp#27;[38;5;0m[HTTP]&amp#27;[0m &amp#27;[37m<-- POST /session/632147ce-e1be-4fa6-a1d2-7d3a53bf8ff7/element/00000000-0000-0030-ffff-ffff00000044/click &amp#27;[39m&amp#27;[32m200&amp#27;[39m &amp#27;[90m75 ms - 14&amp#27;[39m
&amp#27;[38;5;0m[HTTP]&amp#27;[0m &amp#27;[90m&amp#27;[39m
&amp#27;[38;5;0m[HTTP]&amp#27;[0m &amp#27;[37m-->&amp#27;[39m &amp#27;[37mGET&amp#27;[39m &amp#27;[37m/session/632147ce-e1be-4fa6-a1d2-7d3a53bf8ff7/context&amp#27;[39m
&amp#27;[38;5;0m[HTTP]&amp#27;[0m &amp#27;[90m{}&amp#27;[39m
[debug] &amp#27;[38;5;32m[AndroidUiautomator2Driver@ea86 (632147ce)]&amp#27;[0m Calling AppiumDriver.getCurrentContext() with args: ["632147ce-e1be-4fa6-a1d2-7d3a53bf8ff7"]
[debug] &amp#27;[38;5;32m[AndroidUiautomator2Driver@ea86 (632147ce)]&amp#27;[0m Responding to client with driver.getCurrentContext() result: "NATIVE_APP"
&amp#27;[38;5;0m[HTTP]&amp#27;[0m &amp#27;[37m<-- GET /session/632147ce-e1be-4fa6-a1d2-7d3a53bf8ff7/context &amp#27;[39m&amp#27;[32m200&amp#27;[39m &amp#27;[90m1 ms - 22&amp#27;[39m
&amp#27;[38;5;0m[HTTP]&amp#27;[0m &amp#27;[90m&amp#27;[39m
&amp#27;[38;5;0m[HTTP]&amp#27;[0m &amp#27;[37m-->&amp#27;[39m &amp#27;[37mPOST&amp#27;[39m &amp#27;[37m/session/632147ce-e1be-4fa6-a1d2-7d3a53bf8ff7/elements&amp#27;[39m
&amp#27;[38;5;0m[HTTP]&amp#27;[0m &amp#27;[90m{"using":"id","value":"com.androidsample.generalstore:id/productPrice"}&amp#27;[39m
[debug] &amp#27;[38;5;32m[AndroidUiautomator2Driver@ea86 (632147ce)]&amp#27;[0m Calling AppiumDriver.findElements() with args: ["id","com.androidsample.generalstore:id/productPrice","632147ce-e1be-4fa6-a1d2-7d3a53bf8ff7"]
[debug] &amp#27;[38;5;32m[AndroidUiautomator2Driver@ea86 (632147ce)]&amp#27;[0m Valid locator strategies for this request: xpath, id, class name, accessibility id, css selector, -android uiautomator
[debug] &amp#27;[38;5;32m[AndroidUiautomator2Driver@ea86 (632147ce)]&amp#27;[0m Waiting up to 10000 ms for condition
[debug] &amp#27;[38;5;32m[AndroidUiautomator2Driver@ea86 (632147ce)]&amp#27;[0m Matched '/elements' to command name 'findElements'
[debug] &amp#27;[38;5;32m[AndroidUiautomator2Driver@ea86 (632147ce)]&amp#27;[0m Proxying [POST /elements] to [POST http://127.0.0.1:8200/session/5db57b0f-15b7-4d58-9d8a-4e282cc38511/elements] with body: {"strategy":"id","selector":"com.androidsample.generalstore:id/productPrice","context":"","multiple":true}
[debug] &amp#27;[38;5;32m[AndroidUiautomator2Driver@ea86 (632147ce)]&amp#27;[0m Got response with status 200: {"sessionId":"5db57b0f-15b7-4d58-9d8a-4e282cc38511","value":[{"ELEMENT":"00000000-0000-0031-ffff-ffff00000086","element-6066-11e4-a52e-4f735466cecf":"00000000-0000-0031-ffff-ffff00000086"},{"ELEMENT":"00000000-0000-0031-ffff-ffff0000008e","element-6066-11e4-a52e-4f735466cecf":"00000000-0000-0031-ffff-ffff0000008e"}]}
[debug] &amp#27;[38;5;32m[AndroidUiautomator2Driver@ea86 (632147ce)]&amp#27;[0m Responding to client with driver.findElements() result: [{"element-6066-11e4-a52e-4f735466cecf":"00000000-0000-0031-ffff-ffff00000086","ELEMENT":"00000000-0000-0031-ffff-ffff00000086"},{"element-6066-11e4-a52e-4f735466cecf":"00000000-0000-0031-ffff-ffff0000008e","ELEMENT":"00000000-0000-0031-ffff-ffff0000008e"}]
&amp#27;[38;5;0m[HTTP]&amp#27;[0m &amp#27;[37m<-- POST /session/632147ce-e1be-4fa6-a1d2-7d3a53bf8ff7/elements &amp#27;[39m&amp#27;[32m200&amp#27;[39m &amp#27;[90m67 ms - 267&amp#27;[39m
&amp#27;[38;5;0m[HTTP]&amp#27;[0m &amp#27;[90m&amp#27;[39m
&amp#27;[38;5;0m[HTTP]&amp#27;[0m &amp#27;[37m-->&amp#27;[39m &amp#27;[37mGET&amp#27;[39m &amp#27;[37m/session/632147ce-e1be-4fa6-a1d2-7d3a53bf8ff7/context&amp#27;[39m
&amp#27;[38;5;0m[HTTP]&amp#27;[0m &amp#27;[90m{}&amp#27;[39m
[debug] &amp#27;[38;5;32m[AndroidUiautomator2Driver@ea86 (632147ce)]&amp#27;[0m Calling AppiumDriver.getCurrentContext() with args: ["632147ce-e1be-4fa6-a1d2-7d3a53bf8ff7"]
[debug] &amp#27;[38;5;32m[AndroidUiautomator2Driver@ea86 (632147ce)]&amp#27;[0m Responding to client with driver.getCurrentContext() result: "NATIVE_APP"
&amp#27;[38;5;0m[HTTP]&amp#27;[0m &amp#27;[37m<-- GET /session/632147ce-e1be-4fa6-a1d2-7d3a53bf8ff7/context &amp#27;[39m&amp#27;[32m200&amp#27;[39m &amp#27;[90m1 ms - 22&amp#27;[39m
&amp#27;[38;5;0m[HTTP]&amp#27;[0m &amp#27;[90m&amp#27;[39m
&amp#27;[38;5;0m[HTTP]&amp#27;[0m &amp#27;[37m-->&amp#27;[39m &amp#27;[37mPOST&amp#27;[39m &amp#27;[37m/session/632147ce-e1be-4fa6-a1d2-7d3a53bf8ff7/elements&amp#27;[39m
&amp#27;[38;5;0m[HTTP]&amp#27;[0m &amp#27;[90m{"using":"id","value":"com.androidsample.generalstore:id/productPrice"}&amp#27;[39m
[debug] &amp#27;[38;5;32m[AndroidUiautomator2Driver@ea86 (632147ce)]&amp#27;[0m Calling AppiumDriver.findElements() with args: ["id","com.androidsample.generalstore:id/productPrice","632147ce-e1be-4fa6-a1d2-7d3a53bf8ff7"]
[debug] &amp#27;[38;5;32m[AndroidUiautomator2Driver@ea86 (632147ce)]&amp#27;[0m Valid locator strategies for this request: xpath, id, class name, accessibility id, css selector, -android uiautomator
[debug] &amp#27;[38;5;32m[AndroidUiautomator2Driver@ea86 (632147ce)]&amp#27;[0m Waiting up to 10000 ms for condition
[debug] &amp#27;[38;5;32m[AndroidUiautomator2Driver@ea86 (632147ce)]&amp#27;[0m Matched '/elements' to command name 'findElements'
[debug] &amp#27;[38;5;32m[AndroidUiautomator2Driver@ea86 (632147ce)]&amp#27;[0m Proxying [POST /elements] to [POST http://127.0.0.1:8200/session/5db57b0f-15b7-4d58-9d8a-4e282cc38511/elements] with body: {"strategy":"id","selector":"com.androidsample.generalstore:id/productPrice","context":"","multiple":true}
[debug] &amp#27;[38;5;32m[AndroidUiautomator2Driver@ea86 (632147ce)]&amp#27;[0m Got response with status 200: {"sessionId":"5db57b0f-15b7-4d58-9d8a-4e282cc38511","value":[{"ELEMENT":"00000000-0000-0031-ffff-ffff00000086","element-6066-11e4-a52e-4f735466cecf":"00000000-0000-0031-ffff-ffff00000086"},{"ELEMENT":"00000000-0000-0031-ffff-ffff0000008e","element-6066-11e4-a52e-4f735466cecf":"00000000-0000-0031-ffff-ffff0000008e"}]}
[debug] &amp#27;[38;5;32m[AndroidUiautomator2Driver@ea86 (632147ce)]&amp#27;[0m Responding to client with driver.findElements() result: [{"element-6066-11e4-a52e-4f735466cecf":"00000000-0000-0031-ffff-ffff00000086","ELEMENT":"00000000-0000-0031-ffff-ffff00000086"},{"element-6066-11e4-a52e-4f735466cecf":"00000000-0000-0031-ffff-ffff0000008e","ELEMENT":"00000000-0000-0031-ffff-ffff0000008e"}]
&amp#27;[38;5;0m[HTTP]&amp#27;[0m &amp#27;[37m<-- POST /session/632147ce-e1be-4fa6-a1d2-7d3a53bf8ff7/elements &amp#27;[39m&amp#27;[32m200&amp#27;[39m &amp#27;[90m24 ms - 267&amp#27;[39m
&amp#27;[38;5;0m[HTTP]&amp#27;[0m &amp#27;[90m&amp#27;[39m
&amp#27;[38;5;0m[HTTP]&amp#27;[0m &amp#27;[37m-->&amp#27;[39m &amp#27;[37mGET&amp#27;[39m &amp#27;[37m/session/632147ce-e1be-4fa6-a1d2-7d3a53bf8ff7/element/00000000-0000-0031-ffff-ffff00000086/text&amp#27;[39m
&amp#27;[38;5;0m[HTTP]&amp#27;[0m &amp#27;[90m{}&amp#27;[39m
&amp#27;[38;5;32m[AndroidUiautomator2Driver@ea86 (632147ce)]&amp#27;[0m Driver proxy active, passing request on via HTTP proxy
[debug] &amp#27;[38;5;32m[AndroidUiautomator2Driver@ea86 (632147ce)]&amp#27;[0m Matched '/session/632147ce-e1be-4fa6-a1d2-7d3a53bf8ff7/element/00000000-0000-0031-ffff-ffff00000086/text' to command name 'getText'
[debug] &amp#27;[38;5;32m[AndroidUiautomator2Driver@ea86 (632147ce)]&amp#27;[0m Proxying [GET /session/632147ce-e1be-4fa6-a1d2-7d3a53bf8ff7/element/00000000-0000-0031-ffff-ffff00000086/text] to [GET http://127.0.0.1:8200/session/5db57b0f-15b7-4d58-9d8a-4e282cc38511/element/00000000-0000-0031-ffff-ffff00000086/text] with no body
[debug] &amp#27;[38;5;32m[AndroidUiautomator2Driver@ea86 (632147ce)]&amp#27;[0m Got response with status 200: {"sessionId":"5db57b0f-15b7-4d58-9d8a-4e282cc38511","value":"$160.97"}
&amp#27;[38;5;32m[AndroidUiautomator2Driver@ea86 (632147ce)]&amp#27;[0m Replacing sessionId 5db57b0f-15b7-4d58-9d8a-4e282cc38511 with 632147ce-e1be-4fa6-a1d2-7d3a53bf8ff7
&amp#27;[38;5;0m[HTTP]&amp#27;[0m &amp#27;[37m<-- GET /session/632147ce-e1be-4fa6-a1d2-7d3a53bf8ff7/element/00000000-0000-0031-ffff-ffff00000086/text &amp#27;[39m&amp#27;[32m200&amp#27;[39m &amp#27;[90m13 ms - 70&amp#27;[39m
&amp#27;[38;5;0m[HTTP]&amp#27;[0m &amp#27;[90m&amp#27;[39m
&amp#27;[38;5;0m[HTTP]&amp#27;[0m &amp#27;[37m-->&amp#27;[39m &amp#27;[37mGET&amp#27;[39m &amp#27;[37m/session/632147ce-e1be-4fa6-a1d2-7d3a53bf8ff7/context&amp#27;[39m
&amp#27;[38;5;0m[HTTP]&amp#27;[0m &amp#27;[90m{}&amp#27;[39m
[debug] &amp#27;[38;5;32m[AndroidUiautomator2Driver@ea86 (632147ce)]&amp#27;[0m Calling AppiumDriver.getCurrentContext() with args: ["632147ce-e1be-4fa6-a1d2-7d3a53bf8ff7"]
[debug] &amp#27;[38;5;32m[AndroidUiautomator2Driver@ea86 (632147ce)]&amp#27;[0m Responding to client with driver.getCurrentContext() result: "NATIVE_APP"
&amp#27;[38;5;0m[HTTP]&amp#27;[0m &amp#27;[37m<-- GET /session/632147ce-e1be-4fa6-a1d2-7d3a53bf8ff7/context &amp#27;[39m&amp#27;[32m200&amp#27;[39m &amp#27;[90m1 ms - 22&amp#27;[39m
&amp#27;[38;5;0m[HTTP]&amp#27;[0m &amp#27;[90m&amp#27;[39m
&amp#27;[38;5;0m[HTTP]&amp#27;[0m &amp#27;[37m-->&amp#27;[39m &amp#27;[37mPOST&amp#27;[39m &amp#27;[37m/session/632147ce-e1be-4fa6-a1d2-7d3a53bf8ff7/elements&amp#27;[39m
&amp#27;[38;5;0m[HTTP]&amp#27;[0m &amp#27;[90m{"using":"id","value":"com.androidsample.generalstore:id/productPrice"}&amp#27;[39m
[debug] &amp#27;[38;5;32m[AndroidUiautomator2Driver@ea86 (632147ce)]&amp#27;[0m Calling AppiumDriver.findElements() with args: ["id","com.androidsample.generalstore:id/productPrice","632147ce-e1be-4fa6-a1d2-7d3a53bf8ff7"]
[debug] &amp#27;[38;5;32m[AndroidUiautomator2Driver@ea86 (632147ce)]&amp#27;[0m Valid locator strategies for this request: xpath, id, class name, accessibility id, css selector, -android uiautomator
[debug] &amp#27;[38;5;32m[AndroidUiautomator2Driver@ea86 (632147ce)]&amp#27;[0m Waiting up to 10000 ms for condition
[debug] &amp#27;[38;5;32m[AndroidUiautomator2Driver@ea86 (632147ce)]&amp#27;[0m Matched '/elements' to command name 'findElements'
[debug] &amp#27;[38;5;32m[AndroidUiautomator2Driver@ea86 (632147ce)]&amp#27;[0m Proxying [POST /elements] to [POST http://127.0.0.1:8200/session/5db57b0f-15b7-4d58-9d8a-4e282cc38511/elements] with body: {"strategy":"id","selector":"com.androidsample.generalstore:id/productPrice","context":"","multiple":true}
[debug] &amp#27;[38;5;32m[AndroidUiautomator2Driver@ea86 (632147ce)]&amp#27;[0m Got response with status 200: {"sessionId":"5db57b0f-15b7-4d58-9d8a-4e282cc38511","value":[{"ELEMENT":"00000000-0000-0031-ffff-ffff00000086","element-6066-11e4-a52e-4f735466cecf":"00000000-0000-0031-ffff-ffff00000086"},{"ELEMENT":"00000000-0000-0031-ffff-ffff0000008e","element-6066-11e4-a52e-4f735466cecf":"00000000-0000-0031-ffff-ffff0000008e"}]}
[debug] &amp#27;[38;5;32m[AndroidUiautomator2Driver@ea86 (632147ce)]&amp#27;[0m Responding to client with driver.findElements() result: [{"element-6066-11e4-a52e-4f735466cecf":"00000000-0000-0031-ffff-ffff00000086","ELEMENT":"00000000-0000-0031-ffff-ffff00000086"},{"element-6066-11e4-a52e-4f735466cecf":"00000000-0000-0031-ffff-ffff0000008e","ELEMENT":"00000000-0000-0031-ffff-ffff0000008e"}]
&amp#27;[38;5;0m[HTTP]&amp#27;[0m &amp#27;[37m<-- POST /session/632147ce-e1be-4fa6-a1d2-7d3a53bf8ff7/elements &amp#27;[39m&amp#27;[32m200&amp#27;[39m &amp#27;[90m20 ms - 267&amp#27;[39m
&amp#27;[38;5;0m[HTTP]&amp#27;[0m &amp#27;[90m&amp#27;[39m
&amp#27;[38;5;0m[HTTP]&amp#27;[0m &amp#27;[37m-->&amp#27;[39m &amp#27;[37mGET&amp#27;[39m &amp#27;[37m/session/632147ce-e1be-4fa6-a1d2-7d3a53bf8ff7/element/00000000-0000-0031-ffff-ffff0000008e/text&amp#27;[39m
&amp#27;[38;5;0m[HTTP]&amp#27;[0m &amp#27;[90m{}&amp#27;[39m
&amp#27;[38;5;32m[AndroidUiautomator2Driver@ea86 (632147ce)]&amp#27;[0m Driver proxy active, passing request on via HTTP proxy
[debug] &amp#27;[38;5;32m[AndroidUiautomator2Driver@ea86 (632147ce)]&amp#27;[0m Matched '/session/632147ce-e1be-4fa6-a1d2-7d3a53bf8ff7/element/00000000-0000-0031-ffff-ffff0000008e/text' to command name 'getText'
[debug] &amp#27;[38;5;32m[AndroidUiautomator2Driver@ea86 (632147ce)]&amp#27;[0m Proxying [GET /session/632147ce-e1be-4fa6-a1d2-7d3a53bf8ff7/element/00000000-0000-0031-ffff-ffff0000008e/text] to [GET http://127.0.0.1:8200/session/5db57b0f-15b7-4d58-9d8a-4e282cc38511/element/00000000-0000-0031-ffff-ffff0000008e/text] with no body
[debug] &amp#27;[38;5;32m[AndroidUiautomator2Driver@ea86 (632147ce)]&amp#27;[0m Got response with status 200: {"sessionId":"5db57b0f-15b7-4d58-9d8a-4e282cc38511","value":"$120.0"}
&amp#27;[38;5;32m[AndroidUiautomator2Driver@ea86 (632147ce)]&amp#27;[0m Replacing sessionId 5db57b0f-15b7-4d58-9d8a-4e282cc38511 with 632147ce-e1be-4fa6-a1d2-7d3a53bf8ff7
&amp#27;[38;5;0m[HTTP]&amp#27;[0m &amp#27;[37m<-- GET /session/632147ce-e1be-4fa6-a1d2-7d3a53bf8ff7/element/00000000-0000-0031-ffff-ffff0000008e/text &amp#27;[39m&amp#27;[32m200&amp#27;[39m &amp#27;[90m12 ms - 69&amp#27;[39m
&amp#27;[38;5;0m[HTTP]&amp#27;[0m &amp#27;[90m&amp#27;[39m
&amp#27;[38;5;0m[HTTP]&amp#27;[0m &amp#27;[37m-->&amp#27;[39m &amp#27;[37mGET&amp#27;[39m &amp#27;[37m/session/632147ce-e1be-4fa6-a1d2-7d3a53bf8ff7/context&amp#27;[39m
&amp#27;[38;5;0m[HTTP]&amp#27;[0m &amp#27;[90m{}&amp#27;[39m
[debug] &amp#27;[38;5;32m[AndroidUiautomator2Driver@ea86 (632147ce)]&amp#27;[0m Calling AppiumDriver.getCurrentContext() with args: ["632147ce-e1be-4fa6-a1d2-7d3a53bf8ff7"]
[debug] &amp#27;[38;5;32m[AndroidUiautomator2Driver@ea86 (632147ce)]&amp#27;[0m Responding to client with driver.getCurrentContext() result: "NATIVE_APP"
&amp#27;[38;5;0m[HTTP]&amp#27;[0m &amp#27;[37m<-- GET /session/632147ce-e1be-4fa6-a1d2-7d3a53bf8ff7/context &amp#27;[39m&amp#27;[32m200&amp#27;[39m &amp#27;[90m1 ms - 22&amp#27;[39m
&amp#27;[38;5;0m[HTTP]&amp#27;[0m &amp#27;[90m&amp#27;[39m
&amp#27;[38;5;0m[HTTP]&amp#27;[0m &amp#27;[37m-->&amp#27;[39m &amp#27;[37mPOST&amp#27;[39m &amp#27;[37m/session/632147ce-e1be-4fa6-a1d2-7d3a53bf8ff7/element&amp#27;[39m
&amp#27;[38;5;0m[HTTP]&amp#27;[0m &amp#27;[90m{"using":"id","value":"com.androidsample.generalstore:id/totalAmountLbl"}&amp#27;[39m
[debug] &amp#27;[38;5;32m[AndroidUiautomator2Driver@ea86 (632147ce)]&amp#27;[0m Calling AppiumDriver.findElement() with args: ["id","com.androidsample.generalstore:id/totalAmountLbl","632147ce-e1be-4fa6-a1d2-7d3a53bf8ff7"]
[debug] &amp#27;[38;5;32m[AndroidUiautomator2Driver@ea86 (632147ce)]&amp#27;[0m Valid locator strategies for this request: xpath, id, class name, accessibility id, css selector, -android uiautomator
[debug] &amp#27;[38;5;32m[AndroidUiautomator2Driver@ea86 (632147ce)]&amp#27;[0m Waiting up to 10000 ms for condition
[debug] &amp#27;[38;5;32m[AndroidUiautomator2Driver@ea86 (632147ce)]&amp#27;[0m Matched '/element' to command name 'findElement'
[debug] &amp#27;[38;5;32m[AndroidUiautomator2Driver@ea86 (632147ce)]&amp#27;[0m Proxying [POST /element] to [POST http://127.0.0.1:8200/session/5db57b0f-15b7-4d58-9d8a-4e282cc38511/element] with body: {"strategy":"id","selector":"com.androidsample.generalstore:id/totalAmountLbl","context":"","multiple":false}
[debug] &amp#27;[38;5;32m[AndroidUiautomator2Driver@ea86 (632147ce)]&amp#27;[0m Got response with status 200: {"sessionId":"5db57b0f-15b7-4d58-9d8a-4e282cc38511","value":{"ELEMENT":"00000000-0000-0031-ffff-ffff0000007a","element-6066-11e4-a52e-4f735466cecf":"00000000-0000-0031-ffff-ffff0000007a"}}
[debug] &amp#27;[38;5;32m[AndroidUiautomator2Driver@ea86 (632147ce)]&amp#27;[0m Responding to client with driver.findElement() result: {"element-6066-11e4-a52e-4f735466cecf":"00000000-0000-0031-ffff-ffff0000007a","ELEMENT":"00000000-0000-0031-ffff-ffff0000007a"}
&amp#27;[38;5;0m[HTTP]&amp#27;[0m &amp#27;[37m<-- POST /session/632147ce-e1be-4fa6-a1d2-7d3a53bf8ff7/element &amp#27;[39m&amp#27;[32m200&amp#27;[39m &amp#27;[90m18 ms - 137&amp#27;[39m
&amp#27;[38;5;0m[HTTP]&amp#27;[0m &amp#27;[90m&amp#27;[39m
&amp#27;[38;5;0m[HTTP]&amp#27;[0m &amp#27;[37m-->&amp#27;[39m &amp#27;[37mGET&amp#27;[39m &amp#27;[37m/session/632147ce-e1be-4fa6-a1d2-7d3a53bf8ff7/element/00000000-0000-0031-ffff-ffff0000007a/text&amp#27;[39m
&amp#27;[38;5;0m[HTTP]&amp#27;[0m &amp#27;[90m{}&amp#27;[39m
&amp#27;[38;5;32m[AndroidUiautomator2Driver@ea86 (632147ce)]&amp#27;[0m Driver proxy active, passing request on via HTTP proxy
[debug] &amp#27;[38;5;32m[AndroidUiautomator2Driver@ea86 (632147ce)]&amp#27;[0m Matched '/session/632147ce-e1be-4fa6-a1d2-7d3a53bf8ff7/element/00000000-0000-0031-ffff-ffff0000007a/text' to command name 'getText'
[debug] &amp#27;[38;5;32m[AndroidUiautomator2Driver@ea86 (632147ce)]&amp#27;[0m Proxying [GET /session/632147ce-e1be-4fa6-a1d2-7d3a53bf8ff7/element/00000000-0000-0031-ffff-ffff0000007a/text] to [GET http://127.0.0.1:8200/session/5db57b0f-15b7-4d58-9d8a-4e282cc38511/element/00000000-0000-0031-ffff-ffff0000007a/text] with no body
[debug] &amp#27;[38;5;32m[AndroidUiautomator2Driver@ea86 (632147ce)]&amp#27;[0m Got response with status 200: {"sessionId":"5db57b0f-15b7-4d58-9d8a-4e282cc38511","value":"$ 280.97"}
&amp#27;[38;5;32m[AndroidUiautomator2Driver@ea86 (632147ce)]&amp#27;[0m Replacing sessionId 5db57b0f-15b7-4d58-9d8a-4e282cc38511 with 632147ce-e1be-4fa6-a1d2-7d3a53bf8ff7
&amp#27;[38;5;0m[HTTP]&amp#27;[0m &amp#27;[37m<-- GET /session/632147ce-e1be-4fa6-a1d2-7d3a53bf8ff7/element/00000000-0000-0031-ffff-ffff0000007a/text &amp#27;[39m&amp#27;[32m200&amp#27;[39m &amp#27;[90m10 ms - 71&amp#27;[39m
&amp#27;[38;5;0m[HTTP]&amp#27;[0m &amp#27;[90m&amp#27;[39m
&amp#27;[38;5;0m[HTTP]&amp#27;[0m &amp#27;[37m-->&amp#27;[39m &amp#27;[37mGET&amp#27;[39m &amp#27;[37m/session/632147ce-e1be-4fa6-a1d2-7d3a53bf8ff7/context&amp#27;[39m
&amp#27;[38;5;0m[HTTP]&amp#27;[0m &amp#27;[90m{}&amp#27;[39m
[debug] &amp#27;[38;5;32m[AndroidUiautomator2Driver@ea86 (632147ce)]&amp#27;[0m Calling AppiumDriver.getCurrentContext() with args: ["632147ce-e1be-4fa6-a1d2-7d3a53bf8ff7"]
[debug] &amp#27;[38;5;32m[AndroidUiautomator2Driver@ea86 (632147ce)]&amp#27;[0m Responding to client with driver.getCurrentContext() result: "NATIVE_APP"
&amp#27;[38;5;0m[HTTP]&amp#27;[0m &amp#27;[37m<-- GET /session/632147ce-e1be-4fa6-a1d2-7d3a53bf8ff7/context &amp#27;[39m&amp#27;[32m200&amp#27;[39m &amp#27;[90m1 ms - 22&amp#27;[39m
&amp#27;[38;5;0m[HTTP]&amp#27;[0m &amp#27;[90m&amp#27;[39m
&amp#27;[38;5;0m[HTTP]&amp#27;[0m &amp#27;[37m-->&amp#27;[39m &amp#27;[37mPOST&amp#27;[39m &amp#27;[37m/session/632147ce-e1be-4fa6-a1d2-7d3a53bf8ff7/element&amp#27;[39m
&amp#27;[38;5;0m[HTTP]&amp#27;[0m &amp#27;[90m{"using":"id","value":"com.androidsample.generalstore:id/termsButton"}&amp#27;[39m
[debug] &amp#27;[38;5;32m[AndroidUiautomator2Driver@ea86 (632147ce)]&amp#27;[0m Calling AppiumDriver.findElement() with args: ["id","com.androidsample.generalstore:id/termsButton","632147ce-e1be-4fa6-a1d2-7d3a53bf8ff7"]
[debug] &amp#27;[38;5;32m[AndroidUiautomator2Driver@ea86 (632147ce)]&amp#27;[0m Valid locator strategies for this request: xpath, id, class name, accessibility id, css selector, -android uiautomator
[debug] &amp#27;[38;5;32m[AndroidUiautomator2Driver@ea86 (632147ce)]&amp#27;[0m Waiting up to 10000 ms for condition
[debug] &amp#27;[38;5;32m[AndroidUiautomator2Driver@ea86 (632147ce)]&amp#27;[0m Matched '/element' to command name 'findElement'
[debug] &amp#27;[38;5;32m[AndroidUiautomator2Driver@ea86 (632147ce)]&amp#27;[0m Proxying [POST /element] to [POST http://127.0.0.1:8200/session/5db57b0f-15b7-4d58-9d8a-4e282cc38511/element] with body: {"strategy":"id","selector":"com.androidsample.generalstore:id/termsButton","context":"","multiple":false}
[debug] &amp#27;[38;5;32m[AndroidUiautomator2Driver@ea86 (632147ce)]&amp#27;[0m Got response with status 200: {"sessionId":"5db57b0f-15b7-4d58-9d8a-4e282cc38511","value":{"ELEMENT":"00000000-0000-0031-ffff-ffff0000007d","element-6066-11e4-a52e-4f735466cecf":"00000000-0000-0031-ffff-ffff0000007d"}}
[debug] &amp#27;[38;5;32m[AndroidUiautomator2Driver@ea86 (632147ce)]&amp#27;[0m Responding to client with driver.findElement() result: {"element-6066-11e4-a52e-4f735466cecf":"00000000-0000-0031-ffff-ffff0000007d","ELEMENT":"00000000-0000-0031-ffff-ffff0000007d"}
&amp#27;[38;5;0m[HTTP]&amp#27;[0m &amp#27;[37m<-- POST /session/632147ce-e1be-4fa6-a1d2-7d3a53bf8ff7/element &amp#27;[39m&amp#27;[32m200&amp#27;[39m &amp#27;[90m46 ms - 137&amp#27;[39m
&amp#27;[38;5;0m[HTTP]&amp#27;[0m &amp#27;[90m&amp#27;[39m
&amp#27;[38;5;0m[HTTP]&amp#27;[0m &amp#27;[37m-->&amp#27;[39m &amp#27;[37mPOST&amp#27;[39m &amp#27;[37m/session/632147ce-e1be-4fa6-a1d2-7d3a53bf8ff7/execute/sync&amp#27;[39m
&amp#27;[38;5;0m[HTTP]&amp#27;[0m &amp#27;[90m{"script":"mobile: longClickGesture","args":[{"elementId":"00000000-0000-0031-ffff-ffff0000007d","duration":2000}]}&amp#27;[39m
[debug] &amp#27;[38;5;32m[AndroidUiautomator2Driver@ea86 (632147ce)]&amp#27;[0m Calling AppiumDriver.execute() with args: ["mobile: longClickGesture",[{"elementId":"00000000-0000-0031-ffff-ffff0000007d","duration":2000}],"632147ce-e1be-4fa6-a1d2-7d3a53bf8ff7"]
&amp#27;[38;5;32m[AndroidUiautomator2Driver@ea86 (632147ce)]&amp#27;[0m Executing native command 'mobile: longClickGesture'
[debug] &amp#27;[38;5;32m[AndroidUiautomator2Driver@ea86 (632147ce)]&amp#27;[0m Proxying [POST /appium/gestures/long_click] to [POST http://127.0.0.1:8200/session/5db57b0f-15b7-4d58-9d8a-4e282cc38511/appium/gestures/long_click] with body: {"origin":{"ELEMENT":"00000000-0000-0031-ffff-ffff0000007d","element-6066-11e4-a52e-4f735466cecf":"00000000-0000-0031-ffff-ffff0000007d"},"duration":2000}
[debug] &amp#27;[38;5;32m[AndroidUiautomator2Driver@ea86 (632147ce)]&amp#27;[0m Got response with status 200: {"sessionId":"5db57b0f-15b7-4d58-9d8a-4e282cc38511","value":null}
[debug] &amp#27;[38;5;32m[AndroidUiautomator2Driver@ea86 (632147ce)]&amp#27;[0m Responding to client with driver.execute() result: null
&amp#27;[38;5;0m[HTTP]&amp#27;[0m &amp#27;[37m<-- POST /session/632147ce-e1be-4fa6-a1d2-7d3a53bf8ff7/execute/sync &amp#27;[39m&amp#27;[32m200&amp#27;[39m &amp#27;[90m2059 ms - 14&amp#27;[39m
&amp#27;[38;5;0m[HTTP]&amp#27;[0m &amp#27;[90m&amp#27;[39m
&amp#27;[38;5;0m[HTTP]&amp#27;[0m &amp#27;[37m-->&amp#27;[39m &amp#27;[37mGET&amp#27;[39m &amp#27;[37m/session/632147ce-e1be-4fa6-a1d2-7d3a53bf8ff7/context&amp#27;[39m
&amp#27;[38;5;0m[HTTP]&amp#27;[0m &amp#27;[90m{}&amp#27;[39m
[debug] &amp#27;[38;5;32m[AndroidUiautomator2Driver@ea86 (632147ce)]&amp#27;[0m Calling AppiumDriver.getCurrentContext() with args: ["632147ce-e1be-4fa6-a1d2-7d3a53bf8ff7"]
[debug] &amp#27;[38;5;32m[AndroidUiautomator2Driver@ea86 (632147ce)]&amp#27;[0m Responding to client with driver.getCurrentContext() result: "NATIVE_APP"
&amp#27;[38;5;0m[HTTP]&amp#27;[0m &amp#27;[37m<-- GET /session/632147ce-e1be-4fa6-a1d2-7d3a53bf8ff7/context &amp#27;[39m&amp#27;[32m200&amp#27;[39m &amp#27;[90m1 ms - 22&amp#27;[39m
&amp#27;[38;5;0m[HTTP]&amp#27;[0m &amp#27;[90m&amp#27;[39m
&amp#27;[38;5;0m[HTTP]&amp#27;[0m &amp#27;[37m-->&amp#27;[39m &amp#27;[37mPOST&amp#27;[39m &amp#27;[37m/session/632147ce-e1be-4fa6-a1d2-7d3a53bf8ff7/element&amp#27;[39m
&amp#27;[38;5;0m[HTTP]&amp#27;[0m &amp#27;[90m{"using":"id","value":"android:id/button1"}&amp#27;[39m
[debug] &amp#27;[38;5;32m[AndroidUiautomator2Driver@ea86 (632147ce)]&amp#27;[0m Calling AppiumDriver.findElement() with args: ["id","android:id/button1","632147ce-e1be-4fa6-a1d2-7d3a53bf8ff7"]
[debug] &amp#27;[38;5;32m[AndroidUiautomator2Driver@ea86 (632147ce)]&amp#27;[0m Valid locator strategies for this request: xpath, id, class name, accessibility id, css selector, -android uiautomator
[debug] &amp#27;[38;5;32m[AndroidUiautomator2Driver@ea86 (632147ce)]&amp#27;[0m Waiting up to 10000 ms for condition
[debug] &amp#27;[38;5;32m[AndroidUiautomator2Driver@ea86 (632147ce)]&amp#27;[0m Matched '/element' to command name 'findElement'
[debug] &amp#27;[38;5;32m[AndroidUiautomator2Driver@ea86 (632147ce)]&amp#27;[0m Proxying [POST /element] to [POST http://127.0.0.1:8200/session/5db57b0f-15b7-4d58-9d8a-4e282cc38511/element] with body: {"strategy":"id","selector":"android:id/button1","context":"","multiple":false}
[debug] &amp#27;[38;5;32m[AndroidUiautomator2Driver@ea86 (632147ce)]&amp#27;[0m Got response with status 200: {"sessionId":"5db57b0f-15b7-4d58-9d8a-4e282cc38511","value":{"ELEMENT":"00000000-0000-0032-ffff-ffff000000a9","element-6066-11e4-a52e-4f735466cecf":"00000000-0000-0032-ffff-ffff000000a9"}}
[debug] &amp#27;[38;5;32m[AndroidUiautomator2Driver@ea86 (632147ce)]&amp#27;[0m Responding to client with driver.findElement() result: {"element-6066-11e4-a52e-4f735466cecf":"00000000-0000-0032-ffff-ffff000000a9","ELEMENT":"00000000-0000-0032-ffff-ffff000000a9"}
&amp#27;[38;5;0m[HTTP]&amp#27;[0m &amp#27;[37m<-- POST /session/632147ce-e1be-4fa6-a1d2-7d3a53bf8ff7/element &amp#27;[39m&amp#27;[32m200&amp#27;[39m &amp#27;[90m15 ms - 137&amp#27;[39m
&amp#27;[38;5;0m[HTTP]&amp#27;[0m &amp#27;[90m&amp#27;[39m
&amp#27;[38;5;0m[HTTP]&amp#27;[0m &amp#27;[37m-->&amp#27;[39m &amp#27;[37mPOST&amp#27;[39m &amp#27;[37m/session/632147ce-e1be-4fa6-a1d2-7d3a53bf8ff7/element/00000000-0000-0032-ffff-ffff000000a9/click&amp#27;[39m
&amp#27;[38;5;0m[HTTP]&amp#27;[0m &amp#27;[90m{"id":"00000000-0000-0032-ffff-ffff000000a9"}&amp#27;[39m
[debug] &amp#27;[38;5;32m[AndroidUiautomator2Driver@ea86 (632147ce)]&amp#27;[0m Calling AppiumDriver.click() with args: ["00000000-0000-0032-ffff-ffff000000a9","632147ce-e1be-4fa6-a1d2-7d3a53bf8ff7"]
[debug] &amp#27;[38;5;32m[AndroidUiautomator2Driver@ea86 (632147ce)]&amp#27;[0m Matched '/element/00000000-0000-0032-ffff-ffff000000a9/click' to command name 'click'
[debug] &amp#27;[38;5;32m[AndroidUiautomator2Driver@ea86 (632147ce)]&amp#27;[0m Proxying [POST /element/00000000-0000-0032-ffff-ffff000000a9/click] to [POST http://127.0.0.1:8200/session/5db57b0f-15b7-4d58-9d8a-4e282cc38511/element/00000000-0000-0032-ffff-ffff000000a9/click] with body: {"element":"00000000-0000-0032-ffff-ffff000000a9"}
[debug] &amp#27;[38;5;32m[AndroidUiautomator2Driver@ea86 (632147ce)]&amp#27;[0m Got response with status 200: {"sessionId":"5db57b0f-15b7-4d58-9d8a-4e282cc38511","value":null}
[debug] &amp#27;[38;5;32m[AndroidUiautomator2Driver@ea86 (632147ce)]&amp#27;[0m Responding to client with driver.click() result: null
&amp#27;[38;5;0m[HTTP]&amp#27;[0m &amp#27;[37m<-- POST /session/632147ce-e1be-4fa6-a1d2-7d3a53bf8ff7/element/00000000-0000-0032-ffff-ffff000000a9/click &amp#27;[39m&amp#27;[32m200&amp#27;[39m &amp#27;[90m42 ms - 14&amp#27;[39m
&amp#27;[38;5;0m[HTTP]&amp#27;[0m &amp#27;[90m&amp#27;[39m
&amp#27;[38;5;0m[HTTP]&amp#27;[0m &amp#27;[37m-->&amp#27;[39m &amp#27;[37mGET&amp#27;[39m &amp#27;[37m/session/632147ce-e1be-4fa6-a1d2-7d3a53bf8ff7/context&amp#27;[39m
&amp#27;[38;5;0m[HTTP]&amp#27;[0m &amp#27;[90m{}&amp#27;[39m
[debug] &amp#27;[38;5;32m[AndroidUiautomator2Driver@ea86 (632147ce)]&amp#27;[0m Calling AppiumDriver.getCurrentContext() with args: ["632147ce-e1be-4fa6-a1d2-7d3a53bf8ff7"]
[debug] &amp#27;[38;5;32m[AndroidUiautomator2Driver@ea86 (632147ce)]&amp#27;[0m Responding to client with driver.getCurrentContext() result: "NATIVE_APP"
&amp#27;[38;5;0m[HTTP]&amp#27;[0m &amp#27;[37m<-- GET /session/632147ce-e1be-4fa6-a1d2-7d3a53bf8ff7/context &amp#27;[39m&amp#27;[32m200&amp#27;[39m &amp#27;[90m1 ms - 22&amp#27;[39m
&amp#27;[38;5;0m[HTTP]&amp#27;[0m &amp#27;[90m&amp#27;[39m
&amp#27;[38;5;0m[HTTP]&amp#27;[0m &amp#27;[37m-->&amp#27;[39m &amp#27;[37mPOST&amp#27;[39m &amp#27;[37m/session/632147ce-e1be-4fa6-a1d2-7d3a53bf8ff7/element&amp#27;[39m
&amp#27;[38;5;0m[HTTP]&amp#27;[0m &amp#27;[90m{"using":"class name","value":"android.widget.CheckBox"}&amp#27;[39m
[debug] &amp#27;[38;5;32m[AndroidUiautomator2Driver@ea86 (632147ce)]&amp#27;[0m Calling AppiumDriver.findElement() with args: ["class name","android.widget.CheckBox","632147ce-e1be-4fa6-a1d2-7d3a53bf8ff7"]
[debug] &amp#27;[38;5;32m[AndroidUiautomator2Driver@ea86 (632147ce)]&amp#27;[0m Valid locator strategies for this request: xpath, id, class name, accessibility id, css selector, -android uiautomator
[debug] &amp#27;[38;5;32m[AndroidUiautomator2Driver@ea86 (632147ce)]&amp#27;[0m Waiting up to 10000 ms for condition
[debug] &amp#27;[38;5;32m[AndroidUiautomator2Driver@ea86 (632147ce)]&amp#27;[0m Matched '/element' to command name 'findElement'
[debug] &amp#27;[38;5;32m[AndroidUiautomator2Driver@ea86 (632147ce)]&amp#27;[0m Proxying [POST /element] to [POST http://127.0.0.1:8200/session/5db57b0f-15b7-4d58-9d8a-4e282cc38511/element] with body: {"strategy":"class name","selector":"android.widget.CheckBox","context":"","multiple":false}
[debug] &amp#27;[38;5;32m[AndroidUiautomator2Driver@ea86 (632147ce)]&amp#27;[0m Got response with status 200: {"sessionId":"5db57b0f-15b7-4d58-9d8a-4e282cc38511","value":{"ELEMENT":"00000000-0000-0031-ffff-ffff0000007b","element-6066-11e4-a52e-4f735466cecf":"00000000-0000-0031-ffff-ffff0000007b"}}
[debug] &amp#27;[38;5;32m[AndroidUiautomator2Driver@ea86 (632147ce)]&amp#27;[0m Responding to client with driver.findElement() result: {"element-6066-11e4-a52e-4f735466cecf":"00000000-0000-0031-ffff-ffff0000007b","ELEMENT":"00000000-0000-0031-ffff-ffff0000007b"}
&amp#27;[38;5;0m[HTTP]&amp#27;[0m &amp#27;[37m<-- POST /session/632147ce-e1be-4fa6-a1d2-7d3a53bf8ff7/element &amp#27;[39m&amp#27;[32m200&amp#27;[39m &amp#27;[90m294 ms - 137&amp#27;[39m
&amp#27;[38;5;0m[HTTP]&amp#27;[0m &amp#27;[90m&amp#27;[39m
&amp#27;[38;5;0m[HTTP]&amp#27;[0m &amp#27;[37m-->&amp#27;[39m &amp#27;[37mPOST&amp#27;[39m &amp#27;[37m/session/632147ce-e1be-4fa6-a1d2-7d3a53bf8ff7/element/00000000-0000-0031-ffff-ffff0000007b/click&amp#27;[39m
&amp#27;[38;5;0m[HTTP]&amp#27;[0m &amp#27;[90m{"id":"00000000-0000-0031-ffff-ffff0000007b"}&amp#27;[39m
[debug] &amp#27;[38;5;32m[AndroidUiautomator2Driver@ea86 (632147ce)]&amp#27;[0m Calling AppiumDriver.click() with args: ["00000000-0000-0031-ffff-ffff0000007b","632147ce-e1be-4fa6-a1d2-7d3a53bf8ff7"]
[debug] &amp#27;[38;5;32m[AndroidUiautomator2Driver@ea86 (632147ce)]&amp#27;[0m Matched '/element/00000000-0000-0031-ffff-ffff0000007b/click' to command name 'click'
[debug] &amp#27;[38;5;32m[AndroidUiautomator2Driver@ea86 (632147ce)]&amp#27;[0m Proxying [POST /element/00000000-0000-0031-ffff-ffff0000007b/click] to [POST http://127.0.0.1:8200/session/5db57b0f-15b7-4d58-9d8a-4e282cc38511/element/00000000-0000-0031-ffff-ffff0000007b/click] with body: {"element":"00000000-0000-0031-ffff-ffff0000007b"}
[debug] &amp#27;[38;5;32m[AndroidUiautomator2Driver@ea86 (632147ce)]&amp#27;[0m Got response with status 200: {"sessionId":"5db57b0f-15b7-4d58-9d8a-4e282cc38511","value":null}
[debug] &amp#27;[38;5;32m[AndroidUiautomator2Driver@ea86 (632147ce)]&amp#27;[0m Responding to client with driver.click() result: null
&amp#27;[38;5;0m[HTTP]&amp#27;[0m &amp#27;[37m<-- POST /session/632147ce-e1be-4fa6-a1d2-7d3a53bf8ff7/element/00000000-0000-0031-ffff-ffff0000007b/click &amp#27;[39m&amp#27;[32m200&amp#27;[39m &amp#27;[90m345 ms - 14&amp#27;[39m
&amp#27;[38;5;0m[HTTP]&amp#27;[0m &amp#27;[90m&amp#27;[39m
&amp#27;[38;5;0m[HTTP]&amp#27;[0m &amp#27;[37m-->&amp#27;[39m &amp#27;[37mGET&amp#27;[39m &amp#27;[37m/session/632147ce-e1be-4fa6-a1d2-7d3a53bf8ff7/context&amp#27;[39m
&amp#27;[38;5;0m[HTTP]&amp#27;[0m &amp#27;[90m{}&amp#27;[39m
[debug] &amp#27;[38;5;32m[AndroidUiautomator2Driver@ea86 (632147ce)]&amp#27;[0m Calling AppiumDriver.getCurrentContext() with args: ["632147ce-e1be-4fa6-a1d2-7d3a53bf8ff7"]
[debug] &amp#27;[38;5;32m[AndroidUiautomator2Driver@ea86 (632147ce)]&amp#27;[0m Responding to client with driver.getCurrentContext() result: "NATIVE_APP"
&amp#27;[38;5;0m[HTTP]&amp#27;[0m &amp#27;[37m<-- GET /session/632147ce-e1be-4fa6-a1d2-7d3a53bf8ff7/context &amp#27;[39m&amp#27;[32m200&amp#27;[39m &amp#27;[90m1 ms - 22&amp#27;[39m
&amp#27;[38;5;0m[HTTP]&amp#27;[0m &amp#27;[90m&amp#27;[39m
&amp#27;[38;5;0m[HTTP]&amp#27;[0m &amp#27;[37m-->&amp#27;[39m &amp#27;[37mPOST&amp#27;[39m &amp#27;[37m/session/632147ce-e1be-4fa6-a1d2-7d3a53bf8ff7/element&amp#27;[39m
&amp#27;[38;5;0m[HTTP]&amp#27;[0m &amp#27;[90m{"using":"id","value":"com.androidsample.generalstore:id/btnProceed"}&amp#27;[39m
[debug] &amp#27;[38;5;32m[AndroidUiautomator2Driver@ea86 (632147ce)]&amp#27;[0m Calling AppiumDriver.findElement() with args: ["id","com.androidsample.generalstore:id/btnProceed","632147ce-e1be-4fa6-a1d2-7d3a53bf8ff7"]
[debug] &amp#27;[38;5;32m[AndroidUiautomator2Driver@ea86 (632147ce)]&amp#27;[0m Valid locator strategies for this request: xpath, id, class name, accessibility id, css selector, -android uiautomator
[debug] &amp#27;[38;5;32m[AndroidUiautomator2Driver@ea86 (632147ce)]&amp#27;[0m Waiting up to 10000 ms for condition
[debug] &amp#27;[38;5;32m[AndroidUiautomator2Driver@ea86 (632147ce)]&amp#27;[0m Matched '/element' to command name 'findElement'
[debug] &amp#27;[38;5;32m[AndroidUiautomator2Driver@ea86 (632147ce)]&amp#27;[0m Proxying [POST /element] to [POST http://127.0.0.1:8200/session/5db57b0f-15b7-4d58-9d8a-4e282cc38511/element] with body: {"strategy":"id","selector":"com.androidsample.generalstore:id/btnProceed","context":"","multiple":false}
[debug] &amp#27;[38;5;32m[AndroidUiautomator2Driver@ea86 (632147ce)]&amp#27;[0m Got response with status 200: {"sessionId":"5db57b0f-15b7-4d58-9d8a-4e282cc38511","value":{"ELEMENT":"00000000-0000-0031-ffff-ffff0000007c","element-6066-11e4-a52e-4f735466cecf":"00000000-0000-0031-ffff-ffff0000007c"}}
[debug] &amp#27;[38;5;32m[AndroidUiautomator2Driver@ea86 (632147ce)]&amp#27;[0m Responding to client with driver.findElement() result: {"element-6066-11e4-a52e-4f735466cecf":"00000000-0000-0031-ffff-ffff0000007c","ELEMENT":"00000000-0000-0031-ffff-ffff0000007c"}
&amp#27;[38;5;0m[HTTP]&amp#27;[0m &amp#27;[37m<-- POST /session/632147ce-e1be-4fa6-a1d2-7d3a53bf8ff7/element &amp#27;[39m&amp#27;[32m200&amp#27;[39m &amp#27;[90m626 ms - 137&amp#27;[39m
&amp#27;[38;5;0m[HTTP]&amp#27;[0m &amp#27;[90m&amp#27;[39m
&amp#27;[38;5;0m[HTTP]&amp#27;[0m &amp#27;[37m-->&amp#27;[39m &amp#27;[37mPOST&amp#27;[39m &amp#27;[37m/session/632147ce-e1be-4fa6-a1d2-7d3a53bf8ff7/element/00000000-0000-0031-ffff-ffff0000007c/click&amp#27;[39m
&amp#27;[38;5;0m[HTTP]&amp#27;[0m &amp#27;[90m{"id":"00000000-0000-0031-ffff-ffff0000007c"}&amp#27;[39m
[debug] &amp#27;[38;5;32m[AndroidUiautomator2Driver@ea86 (632147ce)]&amp#27;[0m Calling AppiumDriver.click() with args: ["00000000-0000-0031-ffff-ffff0000007c","632147ce-e1be-4fa6-a1d2-7d3a53bf8ff7"]
[debug] &amp#27;[38;5;32m[AndroidUiautomator2Driver@ea86 (632147ce)]&amp#27;[0m Matched '/element/00000000-0000-0031-ffff-ffff0000007c/click' to command name 'click'
[debug] &amp#27;[38;5;32m[AndroidUiautomator2Driver@ea86 (632147ce)]&amp#27;[0m Proxying [POST /element/00000000-0000-0031-ffff-ffff0000007c/click] to [POST http://127.0.0.1:8200/session/5db57b0f-15b7-4d58-9d8a-4e282cc38511/element/00000000-0000-0031-ffff-ffff0000007c/click] with body: {"element":"00000000-0000-0031-ffff-ffff0000007c"}
[debug] &amp#27;[38;5;32m[AndroidUiautomator2Driver@ea86 (632147ce)]&amp#27;[0m Got response with status 200: {"sessionId":"5db57b0f-15b7-4d58-9d8a-4e282cc38511","value":null}
[debug] &amp#27;[38;5;32m[AndroidUiautomator2Driver@ea86 (632147ce)]&amp#27;[0m Responding to client with driver.click() result: null
&amp#27;[38;5;0m[HTTP]&amp#27;[0m &amp#27;[37m<-- POST /session/632147ce-e1be-4fa6-a1d2-7d3a53bf8ff7/element/00000000-0000-0031-ffff-ffff0000007c/click &amp#27;[39m&amp#27;[32m200&amp#27;[39m &amp#27;[90m62 ms - 14&amp#27;[39m
&amp#27;[38;5;0m[HTTP]&amp#27;[0m &amp#27;[90m&amp#27;[39m
]]></system-out>
  </testcase>
  <testcase name="FillForm[{name=Muhammad, country=Argentina, gender=male}](2)" classname="org.MuhammadAhmad.eCommerce_tc_4_Hybrid" time="27.133">
    <system-out><![CDATA[&amp#27;[38;5;0m[HTTP]&amp#27;[0m &amp#27;[37m-->&amp#27;[39m &amp#27;[37mPOST&amp#27;[39m &amp#27;[37m/session/632147ce-e1be-4fa6-a1d2-7d3a53bf8ff7/appium/device/start_activity&amp#27;[39m
&amp#27;[38;5;0m[HTTP]&amp#27;[0m &amp#27;[90m{"appPackage":"com.androidsample.generalstore","appActivity":"com.androidsample.generalstore.SplashActivity","appWaitPackage":"","appWaitActivity":"","dontStopAppOnReset":false,"intentAction":"","intentCategory":"","intentFlags":"","optionalIntentArguments":""}&amp#27;[39m
[debug] &amp#27;[38;5;32m[AndroidUiautomator2Driver@ea86 (632147ce)]&amp#27;[0m Calling AppiumDriver.startActivity() with args: ["com.androidsample.generalstore","com.androidsample.generalstore.SplashActivity","","","","","","",false,null,null,"632147ce-e1be-4fa6-a1d2-7d3a53bf8ff7"]
[debug] &amp#27;[38;5;32m[AndroidUiautomator2Driver@ea86 (632147ce)]&amp#27;[0m Starting package 'com.androidsample.generalstore' and activity 'com.androidsample.generalstore.SplashActivity'
[debug] &amp#27;[38;5;64m[ADB]&amp#27;[0m Running 'C:\Users\m.ahmad\AppData\Local\Android\Sdk\platform-tools\adb.exe -P 5037 -s emulator-5554 shell am start -W -n com.androidsample.generalstore/com.androidsample.generalstore.SplashActivity -S'
[debug] &amp#27;[38;5;64m[ADB]&amp#27;[0m Waiting up to 20000ms for activity matching pkg: 'com.androidsample.generalstore' and activity: 'com.androidsample.generalstore.SplashActivity' to be focused
[debug] &amp#27;[38;5;64m[ADB]&amp#27;[0m Possible activities, to be checked: 'com.androidsample.generalstore.SplashActivity', 'com.androidsample.generalstore.com.androidsample.generalstore.SplashActivity'
[debug] &amp#27;[38;5;64m[ADB]&amp#27;[0m Getting focused package and activity
[debug] &amp#27;[38;5;64m[ADB]&amp#27;[0m Running 'C:\Users\m.ahmad\AppData\Local\Android\Sdk\platform-tools\adb.exe -P 5037 -s emulator-5554 shell dumpsys window displays'
[debug] &amp#27;[38;5;64m[ADB]&amp#27;[0m Found package: 'com.androidsample.generalstore' and fully qualified activity name : 'com.androidsample.generalstore.SplashActivity'
[debug] &amp#27;[38;5;32m[AndroidUiautomator2Driver@ea86 (632147ce)]&amp#27;[0m Responding to client with driver.startActivity() result: null
&amp#27;[38;5;0m[HTTP]&amp#27;[0m &amp#27;[37m<-- POST /session/632147ce-e1be-4fa6-a1d2-7d3a53bf8ff7/appium/device/start_activity &amp#27;[39m&amp#27;[32m200&amp#27;[39m &amp#27;[90m920 ms - 14&amp#27;[39m
&amp#27;[38;5;0m[HTTP]&amp#27;[0m &amp#27;[90m&amp#27;[39m
&amp#27;[38;5;0m[HTTP]&amp#27;[0m &amp#27;[37m-->&amp#27;[39m &amp#27;[37mGET&amp#27;[39m &amp#27;[37m/session/632147ce-e1be-4fa6-a1d2-7d3a53bf8ff7/context&amp#27;[39m
&amp#27;[38;5;0m[HTTP]&amp#27;[0m &amp#27;[90m{}&amp#27;[39m
[debug] &amp#27;[38;5;32m[AndroidUiautomator2Driver@ea86 (632147ce)]&amp#27;[0m Calling AppiumDriver.getCurrentContext() with args: ["632147ce-e1be-4fa6-a1d2-7d3a53bf8ff7"]
[debug] &amp#27;[38;5;32m[AndroidUiautomator2Driver@ea86 (632147ce)]&amp#27;[0m Responding to client with driver.getCurrentContext() result: "NATIVE_APP"
&amp#27;[38;5;0m[HTTP]&amp#27;[0m &amp#27;[37m<-- GET /session/632147ce-e1be-4fa6-a1d2-7d3a53bf8ff7/context &amp#27;[39m&amp#27;[32m200&amp#27;[39m &amp#27;[90m1 ms - 22&amp#27;[39m
&amp#27;[38;5;0m[HTTP]&amp#27;[0m &amp#27;[90m&amp#27;[39m
&amp#27;[38;5;0m[HTTP]&amp#27;[0m &amp#27;[37m-->&amp#27;[39m &amp#27;[37mPOST&amp#27;[39m &amp#27;[37m/session/632147ce-e1be-4fa6-a1d2-7d3a53bf8ff7/element&amp#27;[39m
&amp#27;[38;5;0m[HTTP]&amp#27;[0m &amp#27;[90m{"using":"id","value":"com.androidsample.generalstore:id/nameField"}&amp#27;[39m
[debug] &amp#27;[38;5;32m[AndroidUiautomator2Driver@ea86 (632147ce)]&amp#27;[0m Calling AppiumDriver.findElement() with args: ["id","com.androidsample.generalstore:id/nameField","632147ce-e1be-4fa6-a1d2-7d3a53bf8ff7"]
[debug] &amp#27;[38;5;32m[AndroidUiautomator2Driver@ea86 (632147ce)]&amp#27;[0m Valid locator strategies for this request: xpath, id, class name, accessibility id, css selector, -android uiautomator
[debug] &amp#27;[38;5;32m[AndroidUiautomator2Driver@ea86 (632147ce)]&amp#27;[0m Waiting up to 10000 ms for condition
[debug] &amp#27;[38;5;32m[AndroidUiautomator2Driver@ea86 (632147ce)]&amp#27;[0m Matched '/element' to command name 'findElement'
[debug] &amp#27;[38;5;32m[AndroidUiautomator2Driver@ea86 (632147ce)]&amp#27;[0m Proxying [POST /element] to [POST http://127.0.0.1:8200/session/5db57b0f-15b7-4d58-9d8a-4e282cc38511/element] with body: {"strategy":"id","selector":"com.androidsample.generalstore:id/nameField","context":"","multiple":false}
&amp#27;[38;5;32m[AndroidUiautomator2Driver@ea86 (632147ce)]&amp#27;[0m Got response with status 404: {"sessionId":"5db57b0f-15b7-4d58-9d8a-4e282cc38511","value":{"error":"no such element","message":"An element could not be located on the page using the given search parameters","stacktrace":"io.appium.uiautomator2.common.exceptions.ElementNotFoundException: An element could not be located on the page using the given search parameters\n\tat io.appium.uiautomator2.handler.FindElement.safeHandle(FindElement.java:70)\n\tat io.appium.uiautomator2.handler.request.SafeRequestHandler.handle(SafeRequestHandler.java:59)\n\tat io.appium.uiautomator2.server.AppiumServlet.handleRequest(AppiumServlet.java:270)\n\tat io.appium.uiautomator2.server.AppiumServlet.handleHttpRequest(AppiumServlet.java:264)\n\tat io.appium.uiautomator2.http.ServerHandler.channelRead(ServerHandler.java:68)\n\tat io.netty.channel.AbstractChannelHandlerContext.invokeChannelRead(AbstractChannelHandlerContext.java:366)\n\tat io.netty.channel.AbstractChannelHandlerContext.invokeChannelRead(AbstractChannelHandlerContext.java:352)\n\tat io.netty.chann...
[debug] &amp#27;[38;5;128m[W3C]&amp#27;[0m Matched W3C error code 'no such element' to NoSuchElementError
[debug] &amp#27;[38;5;32m[AndroidUiautomator2Driver@ea86 (632147ce)]&amp#27;[0m Waited for 281 ms so far
[debug] &amp#27;[38;5;32m[AndroidUiautomator2Driver@ea86 (632147ce)]&amp#27;[0m Matched '/element' to command name 'findElement'
[debug] &amp#27;[38;5;32m[AndroidUiautomator2Driver@ea86 (632147ce)]&amp#27;[0m Proxying [POST /element] to [POST http://127.0.0.1:8200/session/5db57b0f-15b7-4d58-9d8a-4e282cc38511/element] with body: {"strategy":"id","selector":"com.androidsample.generalstore:id/nameField","context":"","multiple":false}
&amp#27;[38;5;32m[AndroidUiautomator2Driver@ea86 (632147ce)]&amp#27;[0m Got response with status 404: {"sessionId":"5db57b0f-15b7-4d58-9d8a-4e282cc38511","value":{"error":"no such element","message":"An element could not be located on the page using the given search parameters","stacktrace":"io.appium.uiautomator2.common.exceptions.ElementNotFoundException: An element could not be located on the page using the given search parameters\n\tat io.appium.uiautomator2.handler.FindElement.safeHandle(FindElement.java:70)\n\tat io.appium.uiautomator2.handler.request.SafeRequestHandler.handle(SafeRequestHandler.java:59)\n\tat io.appium.uiautomator2.server.AppiumServlet.handleRequest(AppiumServlet.java:270)\n\tat io.appium.uiautomator2.server.AppiumServlet.handleHttpRequest(AppiumServlet.java:264)\n\tat io.appium.uiautomator2.http.ServerHandler.channelRead(ServerHandler.java:68)\n\tat io.netty.channel.AbstractChannelHandlerContext.invokeChannelRead(AbstractChannelHandlerContext.java:366)\n\tat io.netty.channel.AbstractChannelHandlerContext.invokeChannelRead(AbstractChannelHandlerContext.java:352)\n\tat io.netty.chann...
[debug] &amp#27;[38;5;128m[W3C]&amp#27;[0m Matched W3C error code 'no such element' to NoSuchElementError
[debug] &amp#27;[38;5;32m[AndroidUiautomator2Driver@ea86 (632147ce)]&amp#27;[0m Waited for 818 ms so far
[debug] &amp#27;[38;5;32m[AndroidUiautomator2Driver@ea86 (632147ce)]&amp#27;[0m Matched '/element' to command name 'findElement'
[debug] &amp#27;[38;5;32m[AndroidUiautomator2Driver@ea86 (632147ce)]&amp#27;[0m Proxying [POST /element] to [POST http://127.0.0.1:8200/session/5db57b0f-15b7-4d58-9d8a-4e282cc38511/element] with body: {"strategy":"id","selector":"com.androidsample.generalstore:id/nameField","context":"","multiple":false}
&amp#27;[38;5;32m[AndroidUiautomator2Driver@ea86 (632147ce)]&amp#27;[0m Got response with status 404: {"sessionId":"5db57b0f-15b7-4d58-9d8a-4e282cc38511","value":{"error":"no such element","message":"An element could not be located on the page using the given search parameters","stacktrace":"io.appium.uiautomator2.common.exceptions.ElementNotFoundException: An element could not be located on the page using the given search parameters\n\tat io.appium.uiautomator2.handler.FindElement.safeHandle(FindElement.java:70)\n\tat io.appium.uiautomator2.handler.request.SafeRequestHandler.handle(SafeRequestHandler.java:59)\n\tat io.appium.uiautomator2.server.AppiumServlet.handleRequest(AppiumServlet.java:270)\n\tat io.appium.uiautomator2.server.AppiumServlet.handleHttpRequest(AppiumServlet.java:264)\n\tat io.appium.uiautomator2.http.ServerHandler.channelRead(ServerHandler.java:68)\n\tat io.netty.channel.AbstractChannelHandlerContext.invokeChannelRead(AbstractChannelHandlerContext.java:366)\n\tat io.netty.channel.AbstractChannelHandlerContext.invokeChannelRead(AbstractChannelHandlerContext.java:352)\n\tat io.netty.chann...
[debug] &amp#27;[38;5;128m[W3C]&amp#27;[0m Matched W3C error code 'no such element' to NoSuchElementError
[debug] &amp#27;[38;5;32m[AndroidUiautomator2Driver@ea86 (632147ce)]&amp#27;[0m Waited for 1359 ms so far
[debug] &amp#27;[38;5;32m[AndroidUiautomator2Driver@ea86 (632147ce)]&amp#27;[0m Matched '/element' to command name 'findElement'
[debug] &amp#27;[38;5;32m[AndroidUiautomator2Driver@ea86 (632147ce)]&amp#27;[0m Proxying [POST /element] to [POST http://127.0.0.1:8200/session/5db57b0f-15b7-4d58-9d8a-4e282cc38511/element] with body: {"strategy":"id","selector":"com.androidsample.generalstore:id/nameField","context":"","multiple":false}
&amp#27;[38;5;32m[AndroidUiautomator2Driver@ea86 (632147ce)]&amp#27;[0m Got response with status 404: {"sessionId":"5db57b0f-15b7-4d58-9d8a-4e282cc38511","value":{"error":"no such element","message":"An element could not be located on the page using the given search parameters","stacktrace":"io.appium.uiautomator2.common.exceptions.ElementNotFoundException: An element could not be located on the page using the given search parameters\n\tat io.appium.uiautomator2.handler.FindElement.safeHandle(FindElement.java:70)\n\tat io.appium.uiautomator2.handler.request.SafeRequestHandler.handle(SafeRequestHandler.java:59)\n\tat io.appium.uiautomator2.server.AppiumServlet.handleRequest(AppiumServlet.java:270)\n\tat io.appium.uiautomator2.server.AppiumServlet.handleHttpRequest(AppiumServlet.java:264)\n\tat io.appium.uiautomator2.http.ServerHandler.channelRead(ServerHandler.java:68)\n\tat io.netty.channel.AbstractChannelHandlerContext.invokeChannelRead(AbstractChannelHandlerContext.java:366)\n\tat io.netty.channel.AbstractChannelHandlerContext.invokeChannelRead(AbstractChannelHandlerContext.java:352)\n\tat io.netty.chann...
[debug] &amp#27;[38;5;128m[W3C]&amp#27;[0m Matched W3C error code 'no such element' to NoSuchElementError
[debug] &amp#27;[38;5;32m[AndroidUiautomator2Driver@ea86 (632147ce)]&amp#27;[0m Waited for 1894 ms so far
[debug] &amp#27;[38;5;32m[AndroidUiautomator2Driver@ea86 (632147ce)]&amp#27;[0m Matched '/element' to command name 'findElement'
[debug] &amp#27;[38;5;32m[AndroidUiautomator2Driver@ea86 (632147ce)]&amp#27;[0m Proxying [POST /element] to [POST http://127.0.0.1:8200/session/5db57b0f-15b7-4d58-9d8a-4e282cc38511/element] with body: {"strategy":"id","selector":"com.androidsample.generalstore:id/nameField","context":"","multiple":false}
&amp#27;[38;5;32m[AndroidUiautomator2Driver@ea86 (632147ce)]&amp#27;[0m Got response with status 404: {"sessionId":"5db57b0f-15b7-4d58-9d8a-4e282cc38511","value":{"error":"no such element","message":"An element could not be located on the page using the given search parameters","stacktrace":"io.appium.uiautomator2.common.exceptions.ElementNotFoundException: An element could not be located on the page using the given search parameters\n\tat io.appium.uiautomator2.handler.FindElement.safeHandle(FindElement.java:70)\n\tat io.appium.uiautomator2.handler.request.SafeRequestHandler.handle(SafeRequestHandler.java:59)\n\tat io.appium.uiautomator2.server.AppiumServlet.handleRequest(AppiumServlet.java:270)\n\tat io.appium.uiautomator2.server.AppiumServlet.handleHttpRequest(AppiumServlet.java:264)\n\tat io.appium.uiautomator2.http.ServerHandler.channelRead(ServerHandler.java:68)\n\tat io.netty.channel.AbstractChannelHandlerContext.invokeChannelRead(AbstractChannelHandlerContext.java:366)\n\tat io.netty.channel.AbstractChannelHandlerContext.invokeChannelRead(AbstractChannelHandlerContext.java:352)\n\tat io.netty.chann...
[debug] &amp#27;[38;5;128m[W3C]&amp#27;[0m Matched W3C error code 'no such element' to NoSuchElementError
[debug] &amp#27;[38;5;32m[AndroidUiautomator2Driver@ea86 (632147ce)]&amp#27;[0m Waited for 2442 ms so far
[debug] &amp#27;[38;5;32m[AndroidUiautomator2Driver@ea86 (632147ce)]&amp#27;[0m Matched '/element' to command name 'findElement'
[debug] &amp#27;[38;5;32m[AndroidUiautomator2Driver@ea86 (632147ce)]&amp#27;[0m Proxying [POST /element] to [POST http://127.0.0.1:8200/session/5db57b0f-15b7-4d58-9d8a-4e282cc38511/element] with body: {"strategy":"id","selector":"com.androidsample.generalstore:id/nameField","context":"","multiple":false}
[debug] &amp#27;[38;5;32m[AndroidUiautomator2Driver@ea86 (632147ce)]&amp#27;[0m Got response with status 200: {"sessionId":"5db57b0f-15b7-4d58-9d8a-4e282cc38511","value":{"ELEMENT":"00000000-0000-0035-ffff-ffff0000001c","element-6066-11e4-a52e-4f735466cecf":"00000000-0000-0035-ffff-ffff0000001c"}}
[debug] &amp#27;[38;5;32m[AndroidUiautomator2Driver@ea86 (632147ce)]&amp#27;[0m Responding to client with driver.findElement() result: {"element-6066-11e4-a52e-4f735466cecf":"00000000-0000-0035-ffff-ffff0000001c","ELEMENT":"00000000-0000-0035-ffff-ffff0000001c"}
&amp#27;[38;5;0m[HTTP]&amp#27;[0m &amp#27;[37m<-- POST /session/632147ce-e1be-4fa6-a1d2-7d3a53bf8ff7/element &amp#27;[39m&amp#27;[32m200&amp#27;[39m &amp#27;[90m3649 ms - 137&amp#27;[39m
&amp#27;[38;5;0m[HTTP]&amp#27;[0m &amp#27;[90m&amp#27;[39m
&amp#27;[38;5;0m[HTTP]&amp#27;[0m &amp#27;[37m-->&amp#27;[39m &amp#27;[37mPOST&amp#27;[39m &amp#27;[37m/session/632147ce-e1be-4fa6-a1d2-7d3a53bf8ff7/element/00000000-0000-0035-ffff-ffff0000001c/value&amp#27;[39m
&amp#27;[38;5;0m[HTTP]&amp#27;[0m &amp#27;[90m{"id":"00000000-0000-0035-ffff-ffff0000001c","text":"Muhammad","value":["M","u","h","a","m","m","a","d"]}&amp#27;[39m
[debug] &amp#27;[38;5;32m[AndroidUiautomator2Driver@ea86 (632147ce)]&amp#27;[0m Calling AppiumDriver.setValue() with args: [["M","u","h","a","m","m","a","d"],"00000000-0000-0035-ffff-ffff0000001c","632147ce-e1be-4fa6-a1d2-7d3a53bf8ff7"]
[debug] &amp#27;[38;5;32m[AndroidUiautomator2Driver@ea86 (632147ce)]&amp#27;[0m Matched '/element/00000000-0000-0035-ffff-ffff0000001c/value' to command name 'setValue'
[debug] &amp#27;[38;5;32m[AndroidUiautomator2Driver@ea86 (632147ce)]&amp#27;[0m Added 'value' property ["M","u","h","a","m","m","a","d"] to 'setValue' request body
[debug] &amp#27;[38;5;32m[AndroidUiautomator2Driver@ea86 (632147ce)]&amp#27;[0m Proxying [POST /element/00000000-0000-0035-ffff-ffff0000001c/value] to [POST http://127.0.0.1:8200/session/5db57b0f-15b7-4d58-9d8a-4e282cc38511/element/00000000-0000-0035-ffff-ffff0000001c/value] with body: {"elementId":"00000000-0000-0035-ffff-ffff0000001c","text":"Muhammad","replace":false,"value":["M","u","h","a","m","m","a","d"]}
[debug] &amp#27;[38;5;32m[AndroidUiautomator2Driver@ea86 (632147ce)]&amp#27;[0m Got response with status 200: {"sessionId":"5db57b0f-15b7-4d58-9d8a-4e282cc38511","value":null}
[debug] &amp#27;[38;5;32m[AndroidUiautomator2Driver@ea86 (632147ce)]&amp#27;[0m Responding to client with driver.setValue() result: null
&amp#27;[38;5;0m[HTTP]&amp#27;[0m &amp#27;[37m<-- POST /session/632147ce-e1be-4fa6-a1d2-7d3a53bf8ff7/element/00000000-0000-0035-ffff-ffff0000001c/value &amp#27;[39m&amp#27;[32m200&amp#27;[39m &amp#27;[90m544 ms - 14&amp#27;[39m
&amp#27;[38;5;0m[HTTP]&amp#27;[0m &amp#27;[90m&amp#27;[39m
&amp#27;[38;5;0m[HTTP]&amp#27;[0m &amp#27;[37m-->&amp#27;[39m &amp#27;[37mGET&amp#27;[39m &amp#27;[37m/session/632147ce-e1be-4fa6-a1d2-7d3a53bf8ff7/context&amp#27;[39m
&amp#27;[38;5;0m[HTTP]&amp#27;[0m &amp#27;[90m{}&amp#27;[39m
[debug] &amp#27;[38;5;32m[AndroidUiautomator2Driver@ea86 (632147ce)]&amp#27;[0m Calling AppiumDriver.getCurrentContext() with args: ["632147ce-e1be-4fa6-a1d2-7d3a53bf8ff7"]
[debug] &amp#27;[38;5;32m[AndroidUiautomator2Driver@ea86 (632147ce)]&amp#27;[0m Responding to client with driver.getCurrentContext() result: "NATIVE_APP"
&amp#27;[38;5;0m[HTTP]&amp#27;[0m &amp#27;[37m<-- GET /session/632147ce-e1be-4fa6-a1d2-7d3a53bf8ff7/context &amp#27;[39m&amp#27;[32m200&amp#27;[39m &amp#27;[90m1 ms - 22&amp#27;[39m
&amp#27;[38;5;0m[HTTP]&amp#27;[0m &amp#27;[90m&amp#27;[39m
&amp#27;[38;5;0m[HTTP]&amp#27;[0m &amp#27;[37m-->&amp#27;[39m &amp#27;[37mPOST&amp#27;[39m &amp#27;[37m/session/632147ce-e1be-4fa6-a1d2-7d3a53bf8ff7/element&amp#27;[39m
&amp#27;[38;5;0m[HTTP]&amp#27;[0m &amp#27;[90m{"using":"xpath","value":"//android.widget.RadioButton[@text=\"Male\"]"}&amp#27;[39m
[debug] &amp#27;[38;5;32m[AndroidUiautomator2Driver@ea86 (632147ce)]&amp#27;[0m Calling AppiumDriver.findElement() with args: ["xpath","//android.widget.RadioButton[@text=\"Male\"]","632147ce-e1be-4fa6-a1d2-7d3a53bf8ff7"]
[debug] &amp#27;[38;5;32m[AndroidUiautomator2Driver@ea86 (632147ce)]&amp#27;[0m Valid locator strategies for this request: xpath, id, class name, accessibility id, css selector, -android uiautomator
[debug] &amp#27;[38;5;32m[AndroidUiautomator2Driver@ea86 (632147ce)]&amp#27;[0m Waiting up to 10000 ms for condition
[debug] &amp#27;[38;5;32m[AndroidUiautomator2Driver@ea86 (632147ce)]&amp#27;[0m Matched '/element' to command name 'findElement'
[debug] &amp#27;[38;5;32m[AndroidUiautomator2Driver@ea86 (632147ce)]&amp#27;[0m Proxying [POST /element] to [POST http://127.0.0.1:8200/session/5db57b0f-15b7-4d58-9d8a-4e282cc38511/element] with body: {"strategy":"xpath","selector":"//android.widget.RadioButton[@text=\"Male\"]","context":"","multiple":false}
[debug] &amp#27;[38;5;32m[AndroidUiautomator2Driver@ea86 (632147ce)]&amp#27;[0m Got response with status 200: {"sessionId":"5db57b0f-15b7-4d58-9d8a-4e282cc38511","value":{"ELEMENT":"00000000-0000-0035-ffff-ffff0000001f","element-6066-11e4-a52e-4f735466cecf":"00000000-0000-0035-ffff-ffff0000001f"}}
[debug] &amp#27;[38;5;32m[AndroidUiautomator2Driver@ea86 (632147ce)]&amp#27;[0m Responding to client with driver.findElement() result: {"element-6066-11e4-a52e-4f735466cecf":"00000000-0000-0035-ffff-ffff0000001f","ELEMENT":"00000000-0000-0035-ffff-ffff0000001f"}
&amp#27;[38;5;0m[HTTP]&amp#27;[0m &amp#27;[37m<-- POST /session/632147ce-e1be-4fa6-a1d2-7d3a53bf8ff7/element &amp#27;[39m&amp#27;[32m200&amp#27;[39m &amp#27;[90m549 ms - 137&amp#27;[39m
&amp#27;[38;5;0m[HTTP]&amp#27;[0m &amp#27;[90m&amp#27;[39m
&amp#27;[38;5;0m[HTTP]&amp#27;[0m &amp#27;[37m-->&amp#27;[39m &amp#27;[37mPOST&amp#27;[39m &amp#27;[37m/session/632147ce-e1be-4fa6-a1d2-7d3a53bf8ff7/element/00000000-0000-0035-ffff-ffff0000001f/click&amp#27;[39m
&amp#27;[38;5;0m[HTTP]&amp#27;[0m &amp#27;[90m{"id":"00000000-0000-0035-ffff-ffff0000001f"}&amp#27;[39m
[debug] &amp#27;[38;5;32m[AndroidUiautomator2Driver@ea86 (632147ce)]&amp#27;[0m Calling AppiumDriver.click() with args: ["00000000-0000-0035-ffff-ffff0000001f","632147ce-e1be-4fa6-a1d2-7d3a53bf8ff7"]
[debug] &amp#27;[38;5;32m[AndroidUiautomator2Driver@ea86 (632147ce)]&amp#27;[0m Matched '/element/00000000-0000-0035-ffff-ffff0000001f/click' to command name 'click'
[debug] &amp#27;[38;5;32m[AndroidUiautomator2Driver@ea86 (632147ce)]&amp#27;[0m Proxying [POST /element/00000000-0000-0035-ffff-ffff0000001f/click] to [POST http://127.0.0.1:8200/session/5db57b0f-15b7-4d58-9d8a-4e282cc38511/element/00000000-0000-0035-ffff-ffff0000001f/click] with body: {"element":"00000000-0000-0035-ffff-ffff0000001f"}
[debug] &amp#27;[38;5;32m[AndroidUiautomator2Driver@ea86 (632147ce)]&amp#27;[0m Got response with status 200: {"sessionId":"5db57b0f-15b7-4d58-9d8a-4e282cc38511","value":null}
[debug] &amp#27;[38;5;32m[AndroidUiautomator2Driver@ea86 (632147ce)]&amp#27;[0m Responding to client with driver.click() result: null
&amp#27;[38;5;0m[HTTP]&amp#27;[0m &amp#27;[37m<-- POST /session/632147ce-e1be-4fa6-a1d2-7d3a53bf8ff7/element/00000000-0000-0035-ffff-ffff0000001f/click &amp#27;[39m&amp#27;[32m200&amp#27;[39m &amp#27;[90m45 ms - 14&amp#27;[39m
&amp#27;[38;5;0m[HTTP]&amp#27;[0m &amp#27;[90m&amp#27;[39m
&amp#27;[38;5;0m[HTTP]&amp#27;[0m &amp#27;[37m-->&amp#27;[39m &amp#27;[37mGET&amp#27;[39m &amp#27;[37m/session/632147ce-e1be-4fa6-a1d2-7d3a53bf8ff7/context&amp#27;[39m
&amp#27;[38;5;0m[HTTP]&amp#27;[0m &amp#27;[90m{}&amp#27;[39m
[debug] &amp#27;[38;5;32m[AndroidUiautomator2Driver@ea86 (632147ce)]&amp#27;[0m Calling AppiumDriver.getCurrentContext() with args: ["632147ce-e1be-4fa6-a1d2-7d3a53bf8ff7"]
[debug] &amp#27;[38;5;32m[AndroidUiautomator2Driver@ea86 (632147ce)]&amp#27;[0m Responding to client with driver.getCurrentContext() result: "NATIVE_APP"
&amp#27;[38;5;0m[HTTP]&amp#27;[0m &amp#27;[37m<-- GET /session/632147ce-e1be-4fa6-a1d2-7d3a53bf8ff7/context &amp#27;[39m&amp#27;[32m200&amp#27;[39m &amp#27;[90m1 ms - 22&amp#27;[39m
&amp#27;[38;5;0m[HTTP]&amp#27;[0m &amp#27;[90m&amp#27;[39m
&amp#27;[38;5;0m[HTTP]&amp#27;[0m &amp#27;[37m-->&amp#27;[39m &amp#27;[37mPOST&amp#27;[39m &amp#27;[37m/session/632147ce-e1be-4fa6-a1d2-7d3a53bf8ff7/element&amp#27;[39m
&amp#27;[38;5;0m[HTTP]&amp#27;[0m &amp#27;[90m{"using":"id","value":"android:id/text1"}&amp#27;[39m
[debug] &amp#27;[38;5;32m[AndroidUiautomator2Driver@ea86 (632147ce)]&amp#27;[0m Calling AppiumDriver.findElement() with args: ["id","android:id/text1","632147ce-e1be-4fa6-a1d2-7d3a53bf8ff7"]
[debug] &amp#27;[38;5;32m[AndroidUiautomator2Driver@ea86 (632147ce)]&amp#27;[0m Valid locator strategies for this request: xpath, id, class name, accessibility id, css selector, -android uiautomator
[debug] &amp#27;[38;5;32m[AndroidUiautomator2Driver@ea86 (632147ce)]&amp#27;[0m Waiting up to 10000 ms for condition
[debug] &amp#27;[38;5;32m[AndroidUiautomator2Driver@ea86 (632147ce)]&amp#27;[0m Matched '/element' to command name 'findElement'
[debug] &amp#27;[38;5;32m[AndroidUiautomator2Driver@ea86 (632147ce)]&amp#27;[0m Proxying [POST /element] to [POST http://127.0.0.1:8200/session/5db57b0f-15b7-4d58-9d8a-4e282cc38511/element] with body: {"strategy":"id","selector":"android:id/text1","context":"","multiple":false}
[debug] &amp#27;[38;5;32m[AndroidUiautomator2Driver@ea86 (632147ce)]&amp#27;[0m Got response with status 200: {"sessionId":"5db57b0f-15b7-4d58-9d8a-4e282cc38511","value":{"ELEMENT":"00000000-0000-0035-ffff-ffff00000024","element-6066-11e4-a52e-4f735466cecf":"00000000-0000-0035-ffff-ffff00000024"}}
[debug] &amp#27;[38;5;32m[AndroidUiautomator2Driver@ea86 (632147ce)]&amp#27;[0m Responding to client with driver.findElement() result: {"element-6066-11e4-a52e-4f735466cecf":"00000000-0000-0035-ffff-ffff00000024","ELEMENT":"00000000-0000-0035-ffff-ffff00000024"}
&amp#27;[38;5;0m[HTTP]&amp#27;[0m &amp#27;[37m<-- POST /session/632147ce-e1be-4fa6-a1d2-7d3a53bf8ff7/element &amp#27;[39m&amp#27;[32m200&amp#27;[39m &amp#27;[90m100 ms - 137&amp#27;[39m
&amp#27;[38;5;0m[HTTP]&amp#27;[0m &amp#27;[90m&amp#27;[39m
&amp#27;[38;5;0m[HTTP]&amp#27;[0m &amp#27;[37m-->&amp#27;[39m &amp#27;[37mPOST&amp#27;[39m &amp#27;[37m/session/632147ce-e1be-4fa6-a1d2-7d3a53bf8ff7/element/00000000-0000-0035-ffff-ffff00000024/click&amp#27;[39m
&amp#27;[38;5;0m[HTTP]&amp#27;[0m &amp#27;[90m{"id":"00000000-0000-0035-ffff-ffff00000024"}&amp#27;[39m
[debug] &amp#27;[38;5;32m[AndroidUiautomator2Driver@ea86 (632147ce)]&amp#27;[0m Calling AppiumDriver.click() with args: ["00000000-0000-0035-ffff-ffff00000024","632147ce-e1be-4fa6-a1d2-7d3a53bf8ff7"]
[debug] &amp#27;[38;5;32m[AndroidUiautomator2Driver@ea86 (632147ce)]&amp#27;[0m Matched '/element/00000000-0000-0035-ffff-ffff00000024/click' to command name 'click'
[debug] &amp#27;[38;5;32m[AndroidUiautomator2Driver@ea86 (632147ce)]&amp#27;[0m Proxying [POST /element/00000000-0000-0035-ffff-ffff00000024/click] to [POST http://127.0.0.1:8200/session/5db57b0f-15b7-4d58-9d8a-4e282cc38511/element/00000000-0000-0035-ffff-ffff00000024/click] with body: {"element":"00000000-0000-0035-ffff-ffff00000024"}
[debug] &amp#27;[38;5;32m[AndroidUiautomator2Driver@ea86 (632147ce)]&amp#27;[0m Got response with status 200: {"sessionId":"5db57b0f-15b7-4d58-9d8a-4e282cc38511","value":null}
[debug] &amp#27;[38;5;32m[AndroidUiautomator2Driver@ea86 (632147ce)]&amp#27;[0m Responding to client with driver.click() result: null
&amp#27;[38;5;0m[HTTP]&amp#27;[0m &amp#27;[37m<-- POST /session/632147ce-e1be-4fa6-a1d2-7d3a53bf8ff7/element/00000000-0000-0035-ffff-ffff00000024/click &amp#27;[39m&amp#27;[32m200&amp#27;[39m &amp#27;[90m445 ms - 14&amp#27;[39m
&amp#27;[38;5;0m[HTTP]&amp#27;[0m &amp#27;[90m&amp#27;[39m
&amp#27;[38;5;0m[HTTP]&amp#27;[0m &amp#27;[37m-->&amp#27;[39m &amp#27;[37mPOST&amp#27;[39m &amp#27;[37m/session/632147ce-e1be-4fa6-a1d2-7d3a53bf8ff7/element&amp#27;[39m
&amp#27;[38;5;0m[HTTP]&amp#27;[0m &amp#27;[90m{"using":"-android uiautomator","value":"new UiScrollable(new UiSelector()).scrollIntoView(text(\"Argentina\"));"}&amp#27;[39m
[debug] &amp#27;[38;5;32m[AndroidUiautomator2Driver@ea86 (632147ce)]&amp#27;[0m Calling AppiumDriver.findElement() with args: ["-android uiautomator","new UiScrollable(new UiSelector()).scrollIntoView(text(\"Argentina\"));","632147ce-e1be-4fa6-a1d2-7d3a53bf8ff7"]
[debug] &amp#27;[38;5;32m[AndroidUiautomator2Driver@ea86 (632147ce)]&amp#27;[0m Valid locator strategies for this request: xpath, id, class name, accessibility id, css selector, -android uiautomator
[debug] &amp#27;[38;5;32m[AndroidUiautomator2Driver@ea86 (632147ce)]&amp#27;[0m Waiting up to 10000 ms for condition
[debug] &amp#27;[38;5;32m[AndroidUiautomator2Driver@ea86 (632147ce)]&amp#27;[0m Matched '/element' to command name 'findElement'
[debug] &amp#27;[38;5;32m[AndroidUiautomator2Driver@ea86 (632147ce)]&amp#27;[0m Proxying [POST /element] to [POST http://127.0.0.1:8200/session/5db57b0f-15b7-4d58-9d8a-4e282cc38511/element] with body: {"strategy":"-android uiautomator","selector":"new UiScrollable(new UiSelector()).scrollIntoView(text(\"Argentina\"));","context":"","multiple":false}
[debug] &amp#27;[38;5;32m[AndroidUiautomator2Driver@ea86 (632147ce)]&amp#27;[0m Got response with status 200: {"sessionId":"5db57b0f-15b7-4d58-9d8a-4e282cc38511","value":{"ELEMENT":"00000000-0000-0036-ffff-ffff00000032","element-6066-11e4-a52e-4f735466cecf":"00000000-0000-0036-ffff-ffff00000032"}}
[debug] &amp#27;[38;5;32m[AndroidUiautomator2Driver@ea86 (632147ce)]&amp#27;[0m Responding to client with driver.findElement() result: {"element-6066-11e4-a52e-4f735466cecf":"00000000-0000-0036-ffff-ffff00000032","ELEMENT":"00000000-0000-0036-ffff-ffff00000032"}
&amp#27;[38;5;0m[HTTP]&amp#27;[0m &amp#27;[37m<-- POST /session/632147ce-e1be-4fa6-a1d2-7d3a53bf8ff7/element &amp#27;[39m&amp#27;[32m200&amp#27;[39m &amp#27;[90m4131 ms - 137&amp#27;[39m
&amp#27;[38;5;0m[HTTP]&amp#27;[0m &amp#27;[90m&amp#27;[39m
&amp#27;[38;5;0m[HTTP]&amp#27;[0m &amp#27;[37m-->&amp#27;[39m &amp#27;[37mPOST&amp#27;[39m &amp#27;[37m/session/632147ce-e1be-4fa6-a1d2-7d3a53bf8ff7/element&amp#27;[39m
&amp#27;[38;5;0m[HTTP]&amp#27;[0m &amp#27;[90m{"using":"xpath","value":"//android.widget.TextView[@text=\"Argentina\"]"}&amp#27;[39m
[debug] &amp#27;[38;5;32m[AndroidUiautomator2Driver@ea86 (632147ce)]&amp#27;[0m Calling AppiumDriver.findElement() with args: ["xpath","//android.widget.TextView[@text=\"Argentina\"]","632147ce-e1be-4fa6-a1d2-7d3a53bf8ff7"]
[debug] &amp#27;[38;5;32m[AndroidUiautomator2Driver@ea86 (632147ce)]&amp#27;[0m Valid locator strategies for this request: xpath, id, class name, accessibility id, css selector, -android uiautomator
[debug] &amp#27;[38;5;32m[AndroidUiautomator2Driver@ea86 (632147ce)]&amp#27;[0m Waiting up to 10000 ms for condition
[debug] &amp#27;[38;5;32m[AndroidUiautomator2Driver@ea86 (632147ce)]&amp#27;[0m Matched '/element' to command name 'findElement'
[debug] &amp#27;[38;5;32m[AndroidUiautomator2Driver@ea86 (632147ce)]&amp#27;[0m Proxying [POST /element] to [POST http://127.0.0.1:8200/session/5db57b0f-15b7-4d58-9d8a-4e282cc38511/element] with body: {"strategy":"xpath","selector":"//android.widget.TextView[@text=\"Argentina\"]","context":"","multiple":false}
[debug] &amp#27;[38;5;32m[AndroidUiautomator2Driver@ea86 (632147ce)]&amp#27;[0m Got response with status 200: {"sessionId":"5db57b0f-15b7-4d58-9d8a-4e282cc38511","value":{"ELEMENT":"00000000-0000-0036-ffff-ffff00000032","element-6066-11e4-a52e-4f735466cecf":"00000000-0000-0036-ffff-ffff00000032"}}
[debug] &amp#27;[38;5;32m[AndroidUiautomator2Driver@ea86 (632147ce)]&amp#27;[0m Responding to client with driver.findElement() result: {"element-6066-11e4-a52e-4f735466cecf":"00000000-0000-0036-ffff-ffff00000032","ELEMENT":"00000000-0000-0036-ffff-ffff00000032"}
&amp#27;[38;5;0m[HTTP]&amp#27;[0m &amp#27;[37m<-- POST /session/632147ce-e1be-4fa6-a1d2-7d3a53bf8ff7/element &amp#27;[39m&amp#27;[32m200&amp#27;[39m &amp#27;[90m59 ms - 137&amp#27;[39m
&amp#27;[38;5;0m[HTTP]&amp#27;[0m &amp#27;[90m&amp#27;[39m
&amp#27;[38;5;0m[HTTP]&amp#27;[0m &amp#27;[37m-->&amp#27;[39m &amp#27;[37mPOST&amp#27;[39m &amp#27;[37m/session/632147ce-e1be-4fa6-a1d2-7d3a53bf8ff7/element/00000000-0000-0036-ffff-ffff00000032/click&amp#27;[39m
&amp#27;[38;5;0m[HTTP]&amp#27;[0m &amp#27;[90m{"id":"00000000-0000-0036-ffff-ffff00000032"}&amp#27;[39m
[debug] &amp#27;[38;5;32m[AndroidUiautomator2Driver@ea86 (632147ce)]&amp#27;[0m Calling AppiumDriver.click() with args: ["00000000-0000-0036-ffff-ffff00000032","632147ce-e1be-4fa6-a1d2-7d3a53bf8ff7"]
[debug] &amp#27;[38;5;32m[AndroidUiautomator2Driver@ea86 (632147ce)]&amp#27;[0m Matched '/element/00000000-0000-0036-ffff-ffff00000032/click' to command name 'click'
[debug] &amp#27;[38;5;32m[AndroidUiautomator2Driver@ea86 (632147ce)]&amp#27;[0m Proxying [POST /element/00000000-0000-0036-ffff-ffff00000032/click] to [POST http://127.0.0.1:8200/session/5db57b0f-15b7-4d58-9d8a-4e282cc38511/element/00000000-0000-0036-ffff-ffff00000032/click] with body: {"element":"00000000-0000-0036-ffff-ffff00000032"}
[debug] &amp#27;[38;5;32m[AndroidUiautomator2Driver@ea86 (632147ce)]&amp#27;[0m Got response with status 200: {"sessionId":"5db57b0f-15b7-4d58-9d8a-4e282cc38511","value":null}
[debug] &amp#27;[38;5;32m[AndroidUiautomator2Driver@ea86 (632147ce)]&amp#27;[0m Responding to client with driver.click() result: null
&amp#27;[38;5;0m[HTTP]&amp#27;[0m &amp#27;[37m<-- POST /session/632147ce-e1be-4fa6-a1d2-7d3a53bf8ff7/element/00000000-0000-0036-ffff-ffff00000032/click &amp#27;[39m&amp#27;[32m200&amp#27;[39m &amp#27;[90m678 ms - 14&amp#27;[39m
&amp#27;[38;5;0m[HTTP]&amp#27;[0m &amp#27;[90m&amp#27;[39m
&amp#27;[38;5;0m[HTTP]&amp#27;[0m &amp#27;[37m-->&amp#27;[39m &amp#27;[37mGET&amp#27;[39m &amp#27;[37m/session/632147ce-e1be-4fa6-a1d2-7d3a53bf8ff7/context&amp#27;[39m
&amp#27;[38;5;0m[HTTP]&amp#27;[0m &amp#27;[90m{}&amp#27;[39m
[debug] &amp#27;[38;5;32m[AndroidUiautomator2Driver@ea86 (632147ce)]&amp#27;[0m Calling AppiumDriver.getCurrentContext() with args: ["632147ce-e1be-4fa6-a1d2-7d3a53bf8ff7"]
[debug] &amp#27;[38;5;32m[AndroidUiautomator2Driver@ea86 (632147ce)]&amp#27;[0m Responding to client with driver.getCurrentContext() result: "NATIVE_APP"
&amp#27;[38;5;0m[HTTP]&amp#27;[0m &amp#27;[37m<-- GET /session/632147ce-e1be-4fa6-a1d2-7d3a53bf8ff7/context &amp#27;[39m&amp#27;[32m200&amp#27;[39m &amp#27;[90m1 ms - 22&amp#27;[39m
&amp#27;[38;5;0m[HTTP]&amp#27;[0m &amp#27;[90m&amp#27;[39m
&amp#27;[38;5;0m[HTTP]&amp#27;[0m &amp#27;[37m-->&amp#27;[39m &amp#27;[37mPOST&amp#27;[39m &amp#27;[37m/session/632147ce-e1be-4fa6-a1d2-7d3a53bf8ff7/element&amp#27;[39m
&amp#27;[38;5;0m[HTTP]&amp#27;[0m &amp#27;[90m{"using":"id","value":"com.androidsample.generalstore:id/btnLetsShop"}&amp#27;[39m
[debug] &amp#27;[38;5;32m[AndroidUiautomator2Driver@ea86 (632147ce)]&amp#27;[0m Calling AppiumDriver.findElement() with args: ["id","com.androidsample.generalstore:id/btnLetsShop","632147ce-e1be-4fa6-a1d2-7d3a53bf8ff7"]
[debug] &amp#27;[38;5;32m[AndroidUiautomator2Driver@ea86 (632147ce)]&amp#27;[0m Valid locator strategies for this request: xpath, id, class name, accessibility id, css selector, -android uiautomator
[debug] &amp#27;[38;5;32m[AndroidUiautomator2Driver@ea86 (632147ce)]&amp#27;[0m Waiting up to 10000 ms for condition
[debug] &amp#27;[38;5;32m[AndroidUiautomator2Driver@ea86 (632147ce)]&amp#27;[0m Matched '/element' to command name 'findElement'
[debug] &amp#27;[38;5;32m[AndroidUiautomator2Driver@ea86 (632147ce)]&amp#27;[0m Proxying [POST /element] to [POST http://127.0.0.1:8200/session/5db57b0f-15b7-4d58-9d8a-4e282cc38511/element] with body: {"strategy":"id","selector":"com.androidsample.generalstore:id/btnLetsShop","context":"","multiple":false}
[debug] &amp#27;[38;5;32m[AndroidUiautomator2Driver@ea86 (632147ce)]&amp#27;[0m Got response with status 200: {"sessionId":"5db57b0f-15b7-4d58-9d8a-4e282cc38511","value":{"ELEMENT":"00000000-0000-0035-ffff-ffff00000021","element-6066-11e4-a52e-4f735466cecf":"00000000-0000-0035-ffff-ffff00000021"}}
[debug] &amp#27;[38;5;32m[AndroidUiautomator2Driver@ea86 (632147ce)]&amp#27;[0m Responding to client with driver.findElement() result: {"element-6066-11e4-a52e-4f735466cecf":"00000000-0000-0035-ffff-ffff00000021","ELEMENT":"00000000-0000-0035-ffff-ffff00000021"}
&amp#27;[38;5;0m[HTTP]&amp#27;[0m &amp#27;[37m<-- POST /session/632147ce-e1be-4fa6-a1d2-7d3a53bf8ff7/element &amp#27;[39m&amp#27;[32m200&amp#27;[39m &amp#27;[90m17 ms - 137&amp#27;[39m
&amp#27;[38;5;0m[HTTP]&amp#27;[0m &amp#27;[90m&amp#27;[39m
&amp#27;[38;5;0m[HTTP]&amp#27;[0m &amp#27;[37m-->&amp#27;[39m &amp#27;[37mPOST&amp#27;[39m &amp#27;[37m/session/632147ce-e1be-4fa6-a1d2-7d3a53bf8ff7/element/00000000-0000-0035-ffff-ffff00000021/click&amp#27;[39m
&amp#27;[38;5;0m[HTTP]&amp#27;[0m &amp#27;[90m{"id":"00000000-0000-0035-ffff-ffff00000021"}&amp#27;[39m
[debug] &amp#27;[38;5;32m[AndroidUiautomator2Driver@ea86 (632147ce)]&amp#27;[0m Calling AppiumDriver.click() with args: ["00000000-0000-0035-ffff-ffff00000021","632147ce-e1be-4fa6-a1d2-7d3a53bf8ff7"]
[debug] &amp#27;[38;5;32m[AndroidUiautomator2Driver@ea86 (632147ce)]&amp#27;[0m Matched '/element/00000000-0000-0035-ffff-ffff00000021/click' to command name 'click'
[debug] &amp#27;[38;5;32m[AndroidUiautomator2Driver@ea86 (632147ce)]&amp#27;[0m Proxying [POST /element/00000000-0000-0035-ffff-ffff00000021/click] to [POST http://127.0.0.1:8200/session/5db57b0f-15b7-4d58-9d8a-4e282cc38511/element/00000000-0000-0035-ffff-ffff00000021/click] with body: {"element":"00000000-0000-0035-ffff-ffff00000021"}
[debug] &amp#27;[38;5;32m[AndroidUiautomator2Driver@ea86 (632147ce)]&amp#27;[0m Got response with status 200: {"sessionId":"5db57b0f-15b7-4d58-9d8a-4e282cc38511","value":null}
[debug] &amp#27;[38;5;32m[AndroidUiautomator2Driver@ea86 (632147ce)]&amp#27;[0m Responding to client with driver.click() result: null
&amp#27;[38;5;0m[HTTP]&amp#27;[0m &amp#27;[37m<-- POST /session/632147ce-e1be-4fa6-a1d2-7d3a53bf8ff7/element/00000000-0000-0035-ffff-ffff00000021/click &amp#27;[39m&amp#27;[32m200&amp#27;[39m &amp#27;[90m45 ms - 14&amp#27;[39m
&amp#27;[38;5;0m[HTTP]&amp#27;[0m &amp#27;[90m&amp#27;[39m
&amp#27;[38;5;0m[HTTP]&amp#27;[0m &amp#27;[37m-->&amp#27;[39m &amp#27;[37mGET&amp#27;[39m &amp#27;[37m/session/632147ce-e1be-4fa6-a1d2-7d3a53bf8ff7/context&amp#27;[39m
&amp#27;[38;5;0m[HTTP]&amp#27;[0m &amp#27;[90m{}&amp#27;[39m
[debug] &amp#27;[38;5;32m[AndroidUiautomator2Driver@ea86 (632147ce)]&amp#27;[0m Calling AppiumDriver.getCurrentContext() with args: ["632147ce-e1be-4fa6-a1d2-7d3a53bf8ff7"]
[debug] &amp#27;[38;5;32m[AndroidUiautomator2Driver@ea86 (632147ce)]&amp#27;[0m Responding to client with driver.getCurrentContext() result: "NATIVE_APP"
&amp#27;[38;5;0m[HTTP]&amp#27;[0m &amp#27;[37m<-- GET /session/632147ce-e1be-4fa6-a1d2-7d3a53bf8ff7/context &amp#27;[39m&amp#27;[32m200&amp#27;[39m &amp#27;[90m1 ms - 22&amp#27;[39m
&amp#27;[38;5;0m[HTTP]&amp#27;[0m &amp#27;[90m&amp#27;[39m
&amp#27;[38;5;0m[HTTP]&amp#27;[0m &amp#27;[37m-->&amp#27;[39m &amp#27;[37mPOST&amp#27;[39m &amp#27;[37m/session/632147ce-e1be-4fa6-a1d2-7d3a53bf8ff7/elements&amp#27;[39m
&amp#27;[38;5;0m[HTTP]&amp#27;[0m &amp#27;[90m{"using":"xpath","value":"//android.widget.TextView[@text=\"ADD TO CART\"]"}&amp#27;[39m
[debug] &amp#27;[38;5;32m[AndroidUiautomator2Driver@ea86 (632147ce)]&amp#27;[0m Calling AppiumDriver.findElements() with args: ["xpath","//android.widget.TextView[@text=\"ADD TO CART\"]","632147ce-e1be-4fa6-a1d2-7d3a53bf8ff7"]
[debug] &amp#27;[38;5;32m[AndroidUiautomator2Driver@ea86 (632147ce)]&amp#27;[0m Valid locator strategies for this request: xpath, id, class name, accessibility id, css selector, -android uiautomator
[debug] &amp#27;[38;5;32m[AndroidUiautomator2Driver@ea86 (632147ce)]&amp#27;[0m Waiting up to 10000 ms for condition
[debug] &amp#27;[38;5;32m[AndroidUiautomator2Driver@ea86 (632147ce)]&amp#27;[0m Matched '/elements' to command name 'findElements'
[debug] &amp#27;[38;5;32m[AndroidUiautomator2Driver@ea86 (632147ce)]&amp#27;[0m Proxying [POST /elements] to [POST http://127.0.0.1:8200/session/5db57b0f-15b7-4d58-9d8a-4e282cc38511/elements] with body: {"strategy":"xpath","selector":"//android.widget.TextView[@text=\"ADD TO CART\"]","context":"","multiple":true}
[debug] &amp#27;[38;5;32m[AndroidUiautomator2Driver@ea86 (632147ce)]&amp#27;[0m Got response with status 200: {"sessionId":"5db57b0f-15b7-4d58-9d8a-4e282cc38511","value":[]}
[debug] &amp#27;[38;5;32m[AndroidUiautomator2Driver@ea86 (632147ce)]&amp#27;[0m Waited for 356 ms so far
[debug] &amp#27;[38;5;32m[AndroidUiautomator2Driver@ea86 (632147ce)]&amp#27;[0m Matched '/elements' to command name 'findElements'
[debug] &amp#27;[38;5;32m[AndroidUiautomator2Driver@ea86 (632147ce)]&amp#27;[0m Proxying [POST /elements] to [POST http://127.0.0.1:8200/session/5db57b0f-15b7-4d58-9d8a-4e282cc38511/elements] with body: {"strategy":"xpath","selector":"//android.widget.TextView[@text=\"ADD TO CART\"]","context":"","multiple":true}
[debug] &amp#27;[38;5;32m[AndroidUiautomator2Driver@ea86 (632147ce)]&amp#27;[0m Got response with status 200: {"sessionId":"5db57b0f-15b7-4d58-9d8a-4e282cc38511","value":[{"ELEMENT":"00000000-0000-0037-ffff-ffff00000051","element-6066-11e4-a52e-4f735466cecf":"00000000-0000-0037-ffff-ffff00000051"},{"ELEMENT":"00000000-0000-0037-ffff-ffff00000059","element-6066-11e4-a52e-4f735466cecf":"00000000-0000-0037-ffff-ffff00000059"}]}
[debug] &amp#27;[38;5;32m[AndroidUiautomator2Driver@ea86 (632147ce)]&amp#27;[0m Responding to client with driver.findElements() result: [{"element-6066-11e4-a52e-4f735466cecf":"00000000-0000-0037-ffff-ffff00000051","ELEMENT":"00000000-0000-0037-ffff-ffff00000051"},{"element-6066-11e4-a52e-4f735466cecf":"00000000-0000-0037-ffff-ffff00000059","ELEMENT":"00000000-0000-0037-ffff-ffff00000059"}]
&amp#27;[38;5;0m[HTTP]&amp#27;[0m &amp#27;[37m<-- POST /session/632147ce-e1be-4fa6-a1d2-7d3a53bf8ff7/elements &amp#27;[39m&amp#27;[32m200&amp#27;[39m &amp#27;[90m970 ms - 267&amp#27;[39m
&amp#27;[38;5;0m[HTTP]&amp#27;[0m &amp#27;[90m&amp#27;[39m
&amp#27;[38;5;0m[HTTP]&amp#27;[0m &amp#27;[37m-->&amp#27;[39m &amp#27;[37mPOST&amp#27;[39m &amp#27;[37m/session/632147ce-e1be-4fa6-a1d2-7d3a53bf8ff7/element/00000000-0000-0037-ffff-ffff00000051/click&amp#27;[39m
&amp#27;[38;5;0m[HTTP]&amp#27;[0m &amp#27;[90m{"id":"00000000-0000-0037-ffff-ffff00000051"}&amp#27;[39m
[debug] &amp#27;[38;5;32m[AndroidUiautomator2Driver@ea86 (632147ce)]&amp#27;[0m Calling AppiumDriver.click() with args: ["00000000-0000-0037-ffff-ffff00000051","632147ce-e1be-4fa6-a1d2-7d3a53bf8ff7"]
[debug] &amp#27;[38;5;32m[AndroidUiautomator2Driver@ea86 (632147ce)]&amp#27;[0m Matched '/element/00000000-0000-0037-ffff-ffff00000051/click' to command name 'click'
[debug] &amp#27;[38;5;32m[AndroidUiautomator2Driver@ea86 (632147ce)]&amp#27;[0m Proxying [POST /element/00000000-0000-0037-ffff-ffff00000051/click] to [POST http://127.0.0.1:8200/session/5db57b0f-15b7-4d58-9d8a-4e282cc38511/element/00000000-0000-0037-ffff-ffff00000051/click] with body: {"element":"00000000-0000-0037-ffff-ffff00000051"}
[debug] &amp#27;[38;5;32m[AndroidUiautomator2Driver@ea86 (632147ce)]&amp#27;[0m Got response with status 200: {"sessionId":"5db57b0f-15b7-4d58-9d8a-4e282cc38511","value":null}
[debug] &amp#27;[38;5;32m[AndroidUiautomator2Driver@ea86 (632147ce)]&amp#27;[0m Responding to client with driver.click() result: null
&amp#27;[38;5;0m[HTTP]&amp#27;[0m &amp#27;[37m<-- POST /session/632147ce-e1be-4fa6-a1d2-7d3a53bf8ff7/element/00000000-0000-0037-ffff-ffff00000051/click &amp#27;[39m&amp#27;[32m200&amp#27;[39m &amp#27;[90m547 ms - 14&amp#27;[39m
&amp#27;[38;5;0m[HTTP]&amp#27;[0m &amp#27;[90m&amp#27;[39m
&amp#27;[38;5;0m[HTTP]&amp#27;[0m &amp#27;[37m-->&amp#27;[39m &amp#27;[37mGET&amp#27;[39m &amp#27;[37m/session/632147ce-e1be-4fa6-a1d2-7d3a53bf8ff7/context&amp#27;[39m
&amp#27;[38;5;0m[HTTP]&amp#27;[0m &amp#27;[90m{}&amp#27;[39m
[debug] &amp#27;[38;5;32m[AndroidUiautomator2Driver@ea86 (632147ce)]&amp#27;[0m Calling AppiumDriver.getCurrentContext() with args: ["632147ce-e1be-4fa6-a1d2-7d3a53bf8ff7"]
[debug] &amp#27;[38;5;32m[AndroidUiautomator2Driver@ea86 (632147ce)]&amp#27;[0m Responding to client with driver.getCurrentContext() result: "NATIVE_APP"
&amp#27;[38;5;0m[HTTP]&amp#27;[0m &amp#27;[37m<-- GET /session/632147ce-e1be-4fa6-a1d2-7d3a53bf8ff7/context &amp#27;[39m&amp#27;[32m200&amp#27;[39m &amp#27;[90m1 ms - 22&amp#27;[39m
&amp#27;[38;5;0m[HTTP]&amp#27;[0m &amp#27;[90m&amp#27;[39m
&amp#27;[38;5;0m[HTTP]&amp#27;[0m &amp#27;[37m-->&amp#27;[39m &amp#27;[37mPOST&amp#27;[39m &amp#27;[37m/session/632147ce-e1be-4fa6-a1d2-7d3a53bf8ff7/elements&amp#27;[39m
&amp#27;[38;5;0m[HTTP]&amp#27;[0m &amp#27;[90m{"using":"xpath","value":"//android.widget.TextView[@text=\"ADD TO CART\"]"}&amp#27;[39m
[debug] &amp#27;[38;5;32m[AndroidUiautomator2Driver@ea86 (632147ce)]&amp#27;[0m Calling AppiumDriver.findElements() with args: ["xpath","//android.widget.TextView[@text=\"ADD TO CART\"]","632147ce-e1be-4fa6-a1d2-7d3a53bf8ff7"]
[debug] &amp#27;[38;5;32m[AndroidUiautomator2Driver@ea86 (632147ce)]&amp#27;[0m Valid locator strategies for this request: xpath, id, class name, accessibility id, css selector, -android uiautomator
[debug] &amp#27;[38;5;32m[AndroidUiautomator2Driver@ea86 (632147ce)]&amp#27;[0m Waiting up to 10000 ms for condition
[debug] &amp#27;[38;5;32m[AndroidUiautomator2Driver@ea86 (632147ce)]&amp#27;[0m Matched '/elements' to command name 'findElements'
[debug] &amp#27;[38;5;32m[AndroidUiautomator2Driver@ea86 (632147ce)]&amp#27;[0m Proxying [POST /elements] to [POST http://127.0.0.1:8200/session/5db57b0f-15b7-4d58-9d8a-4e282cc38511/elements] with body: {"strategy":"xpath","selector":"//android.widget.TextView[@text=\"ADD TO CART\"]","context":"","multiple":true}
[debug] &amp#27;[38;5;32m[AndroidUiautomator2Driver@ea86 (632147ce)]&amp#27;[0m Got response with status 200: {"sessionId":"5db57b0f-15b7-4d58-9d8a-4e282cc38511","value":[{"ELEMENT":"00000000-0000-0037-ffff-ffff00000059","element-6066-11e4-a52e-4f735466cecf":"00000000-0000-0037-ffff-ffff00000059"}]}
[debug] &amp#27;[38;5;32m[AndroidUiautomator2Driver@ea86 (632147ce)]&amp#27;[0m Responding to client with driver.findElements() result: [{"element-6066-11e4-a52e-4f735466cecf":"00000000-0000-0037-ffff-ffff00000059","ELEMENT":"00000000-0000-0037-ffff-ffff00000059"}]
&amp#27;[38;5;0m[HTTP]&amp#27;[0m &amp#27;[37m<-- POST /session/632147ce-e1be-4fa6-a1d2-7d3a53bf8ff7/elements &amp#27;[39m&amp#27;[32m200&amp#27;[39m &amp#27;[90m47 ms - 139&amp#27;[39m
&amp#27;[38;5;0m[HTTP]&amp#27;[0m &amp#27;[90m&amp#27;[39m
&amp#27;[38;5;0m[HTTP]&amp#27;[0m &amp#27;[37m-->&amp#27;[39m &amp#27;[37mPOST&amp#27;[39m &amp#27;[37m/session/632147ce-e1be-4fa6-a1d2-7d3a53bf8ff7/element/00000000-0000-0037-ffff-ffff00000059/click&amp#27;[39m
&amp#27;[38;5;0m[HTTP]&amp#27;[0m &amp#27;[90m{"id":"00000000-0000-0037-ffff-ffff00000059"}&amp#27;[39m
[debug] &amp#27;[38;5;32m[AndroidUiautomator2Driver@ea86 (632147ce)]&amp#27;[0m Calling AppiumDriver.click() with args: ["00000000-0000-0037-ffff-ffff00000059","632147ce-e1be-4fa6-a1d2-7d3a53bf8ff7"]
[debug] &amp#27;[38;5;32m[AndroidUiautomator2Driver@ea86 (632147ce)]&amp#27;[0m Matched '/element/00000000-0000-0037-ffff-ffff00000059/click' to command name 'click'
[debug] &amp#27;[38;5;32m[AndroidUiautomator2Driver@ea86 (632147ce)]&amp#27;[0m Proxying [POST /element/00000000-0000-0037-ffff-ffff00000059/click] to [POST http://127.0.0.1:8200/session/5db57b0f-15b7-4d58-9d8a-4e282cc38511/element/00000000-0000-0037-ffff-ffff00000059/click] with body: {"element":"00000000-0000-0037-ffff-ffff00000059"}
[debug] &amp#27;[38;5;32m[AndroidUiautomator2Driver@ea86 (632147ce)]&amp#27;[0m Got response with status 200: {"sessionId":"5db57b0f-15b7-4d58-9d8a-4e282cc38511","value":null}
[debug] &amp#27;[38;5;32m[AndroidUiautomator2Driver@ea86 (632147ce)]&amp#27;[0m Responding to client with driver.click() result: null
&amp#27;[38;5;0m[HTTP]&amp#27;[0m &amp#27;[37m<-- POST /session/632147ce-e1be-4fa6-a1d2-7d3a53bf8ff7/element/00000000-0000-0037-ffff-ffff00000059/click &amp#27;[39m&amp#27;[32m200&amp#27;[39m &amp#27;[90m51 ms - 14&amp#27;[39m
&amp#27;[38;5;0m[HTTP]&amp#27;[0m &amp#27;[90m&amp#27;[39m
&amp#27;[38;5;0m[HTTP]&amp#27;[0m &amp#27;[37m-->&amp#27;[39m &amp#27;[37mGET&amp#27;[39m &amp#27;[37m/session/632147ce-e1be-4fa6-a1d2-7d3a53bf8ff7/context&amp#27;[39m
&amp#27;[38;5;0m[HTTP]&amp#27;[0m &amp#27;[90m{}&amp#27;[39m
[debug] &amp#27;[38;5;32m[AndroidUiautomator2Driver@ea86 (632147ce)]&amp#27;[0m Calling AppiumDriver.getCurrentContext() with args: ["632147ce-e1be-4fa6-a1d2-7d3a53bf8ff7"]
[debug] &amp#27;[38;5;32m[AndroidUiautomator2Driver@ea86 (632147ce)]&amp#27;[0m Responding to client with driver.getCurrentContext() result: "NATIVE_APP"
&amp#27;[38;5;0m[HTTP]&amp#27;[0m &amp#27;[37m<-- GET /session/632147ce-e1be-4fa6-a1d2-7d3a53bf8ff7/context &amp#27;[39m&amp#27;[32m200&amp#27;[39m &amp#27;[90m1 ms - 22&amp#27;[39m
&amp#27;[38;5;0m[HTTP]&amp#27;[0m &amp#27;[90m&amp#27;[39m
&amp#27;[38;5;0m[HTTP]&amp#27;[0m &amp#27;[37m-->&amp#27;[39m &amp#27;[37mPOST&amp#27;[39m &amp#27;[37m/session/632147ce-e1be-4fa6-a1d2-7d3a53bf8ff7/element&amp#27;[39m
&amp#27;[38;5;0m[HTTP]&amp#27;[0m &amp#27;[90m{"using":"id","value":"com.androidsample.generalstore:id/appbar_btn_cart"}&amp#27;[39m
[debug] &amp#27;[38;5;32m[AndroidUiautomator2Driver@ea86 (632147ce)]&amp#27;[0m Calling AppiumDriver.findElement() with args: ["id","com.androidsample.generalstore:id/appbar_btn_cart","632147ce-e1be-4fa6-a1d2-7d3a53bf8ff7"]
[debug] &amp#27;[38;5;32m[AndroidUiautomator2Driver@ea86 (632147ce)]&amp#27;[0m Valid locator strategies for this request: xpath, id, class name, accessibility id, css selector, -android uiautomator
[debug] &amp#27;[38;5;32m[AndroidUiautomator2Driver@ea86 (632147ce)]&amp#27;[0m Waiting up to 10000 ms for condition
[debug] &amp#27;[38;5;32m[AndroidUiautomator2Driver@ea86 (632147ce)]&amp#27;[0m Matched '/element' to command name 'findElement'
[debug] &amp#27;[38;5;32m[AndroidUiautomator2Driver@ea86 (632147ce)]&amp#27;[0m Proxying [POST /element] to [POST http://127.0.0.1:8200/session/5db57b0f-15b7-4d58-9d8a-4e282cc38511/element] with body: {"strategy":"id","selector":"com.androidsample.generalstore:id/appbar_btn_cart","context":"","multiple":false}
[debug] &amp#27;[38;5;32m[AndroidUiautomator2Driver@ea86 (632147ce)]&amp#27;[0m Got response with status 200: {"sessionId":"5db57b0f-15b7-4d58-9d8a-4e282cc38511","value":{"ELEMENT":"00000000-0000-0037-ffff-ffff00000044","element-6066-11e4-a52e-4f735466cecf":"00000000-0000-0037-ffff-ffff00000044"}}
[debug] &amp#27;[38;5;32m[AndroidUiautomator2Driver@ea86 (632147ce)]&amp#27;[0m Responding to client with driver.findElement() result: {"element-6066-11e4-a52e-4f735466cecf":"00000000-0000-0037-ffff-ffff00000044","ELEMENT":"00000000-0000-0037-ffff-ffff00000044"}
&amp#27;[38;5;0m[HTTP]&amp#27;[0m &amp#27;[37m<-- POST /session/632147ce-e1be-4fa6-a1d2-7d3a53bf8ff7/element &amp#27;[39m&amp#27;[32m200&amp#27;[39m &amp#27;[90m495 ms - 137&amp#27;[39m
&amp#27;[38;5;0m[HTTP]&amp#27;[0m &amp#27;[90m&amp#27;[39m
&amp#27;[38;5;0m[HTTP]&amp#27;[0m &amp#27;[37m-->&amp#27;[39m &amp#27;[37mPOST&amp#27;[39m &amp#27;[37m/session/632147ce-e1be-4fa6-a1d2-7d3a53bf8ff7/element/00000000-0000-0037-ffff-ffff00000044/click&amp#27;[39m
&amp#27;[38;5;0m[HTTP]&amp#27;[0m &amp#27;[90m{"id":"00000000-0000-0037-ffff-ffff00000044"}&amp#27;[39m
[debug] &amp#27;[38;5;32m[AndroidUiautomator2Driver@ea86 (632147ce)]&amp#27;[0m Calling AppiumDriver.click() with args: ["00000000-0000-0037-ffff-ffff00000044","632147ce-e1be-4fa6-a1d2-7d3a53bf8ff7"]
[debug] &amp#27;[38;5;32m[AndroidUiautomator2Driver@ea86 (632147ce)]&amp#27;[0m Matched '/element/00000000-0000-0037-ffff-ffff00000044/click' to command name 'click'
[debug] &amp#27;[38;5;32m[AndroidUiautomator2Driver@ea86 (632147ce)]&amp#27;[0m Proxying [POST /element/00000000-0000-0037-ffff-ffff00000044/click] to [POST http://127.0.0.1:8200/session/5db57b0f-15b7-4d58-9d8a-4e282cc38511/element/00000000-0000-0037-ffff-ffff00000044/click] with body: {"element":"00000000-0000-0037-ffff-ffff00000044"}
[debug] &amp#27;[38;5;32m[AndroidUiautomator2Driver@ea86 (632147ce)]&amp#27;[0m Got response with status 200: {"sessionId":"5db57b0f-15b7-4d58-9d8a-4e282cc38511","value":null}
[debug] &amp#27;[38;5;32m[AndroidUiautomator2Driver@ea86 (632147ce)]&amp#27;[0m Responding to client with driver.click() result: null
&amp#27;[38;5;0m[HTTP]&amp#27;[0m &amp#27;[37m<-- POST /session/632147ce-e1be-4fa6-a1d2-7d3a53bf8ff7/element/00000000-0000-0037-ffff-ffff00000044/click &amp#27;[39m&amp#27;[32m200&amp#27;[39m &amp#27;[90m48 ms - 14&amp#27;[39m
&amp#27;[38;5;0m[HTTP]&amp#27;[0m &amp#27;[90m&amp#27;[39m
&amp#27;[38;5;0m[HTTP]&amp#27;[0m &amp#27;[37m-->&amp#27;[39m &amp#27;[37mGET&amp#27;[39m &amp#27;[37m/session/632147ce-e1be-4fa6-a1d2-7d3a53bf8ff7/context&amp#27;[39m
&amp#27;[38;5;0m[HTTP]&amp#27;[0m &amp#27;[90m{}&amp#27;[39m
[debug] &amp#27;[38;5;32m[AndroidUiautomator2Driver@ea86 (632147ce)]&amp#27;[0m Calling AppiumDriver.getCurrentContext() with args: ["632147ce-e1be-4fa6-a1d2-7d3a53bf8ff7"]
[debug] &amp#27;[38;5;32m[AndroidUiautomator2Driver@ea86 (632147ce)]&amp#27;[0m Responding to client with driver.getCurrentContext() result: "NATIVE_APP"
&amp#27;[38;5;0m[HTTP]&amp#27;[0m &amp#27;[37m<-- GET /session/632147ce-e1be-4fa6-a1d2-7d3a53bf8ff7/context &amp#27;[39m&amp#27;[32m200&amp#27;[39m &amp#27;[90m1 ms - 22&amp#27;[39m
&amp#27;[38;5;0m[HTTP]&amp#27;[0m &amp#27;[90m&amp#27;[39m
&amp#27;[38;5;0m[HTTP]&amp#27;[0m &amp#27;[37m-->&amp#27;[39m &amp#27;[37mPOST&amp#27;[39m &amp#27;[37m/session/632147ce-e1be-4fa6-a1d2-7d3a53bf8ff7/elements&amp#27;[39m
&amp#27;[38;5;0m[HTTP]&amp#27;[0m &amp#27;[90m{"using":"id","value":"com.androidsample.generalstore:id/productPrice"}&amp#27;[39m
[debug] &amp#27;[38;5;32m[AndroidUiautomator2Driver@ea86 (632147ce)]&amp#27;[0m Calling AppiumDriver.findElements() with args: ["id","com.androidsample.generalstore:id/productPrice","632147ce-e1be-4fa6-a1d2-7d3a53bf8ff7"]
[debug] &amp#27;[38;5;32m[AndroidUiautomator2Driver@ea86 (632147ce)]&amp#27;[0m Valid locator strategies for this request: xpath, id, class name, accessibility id, css selector, -android uiautomator
[debug] &amp#27;[38;5;32m[AndroidUiautomator2Driver@ea86 (632147ce)]&amp#27;[0m Waiting up to 10000 ms for condition
[debug] &amp#27;[38;5;32m[AndroidUiautomator2Driver@ea86 (632147ce)]&amp#27;[0m Matched '/elements' to command name 'findElements'
[debug] &amp#27;[38;5;32m[AndroidUiautomator2Driver@ea86 (632147ce)]&amp#27;[0m Proxying [POST /elements] to [POST http://127.0.0.1:8200/session/5db57b0f-15b7-4d58-9d8a-4e282cc38511/elements] with body: {"strategy":"id","selector":"com.androidsample.generalstore:id/productPrice","context":"","multiple":true}
[debug] &amp#27;[38;5;32m[AndroidUiautomator2Driver@ea86 (632147ce)]&amp#27;[0m Got response with status 200: {"sessionId":"5db57b0f-15b7-4d58-9d8a-4e282cc38511","value":[{"ELEMENT":"00000000-0000-0038-ffff-ffff00000086","element-6066-11e4-a52e-4f735466cecf":"00000000-0000-0038-ffff-ffff00000086"},{"ELEMENT":"00000000-0000-0038-ffff-ffff0000008e","element-6066-11e4-a52e-4f735466cecf":"00000000-0000-0038-ffff-ffff0000008e"}]}
[debug] &amp#27;[38;5;32m[AndroidUiautomator2Driver@ea86 (632147ce)]&amp#27;[0m Responding to client with driver.findElements() result: [{"element-6066-11e4-a52e-4f735466cecf":"00000000-0000-0038-ffff-ffff00000086","ELEMENT":"00000000-0000-0038-ffff-ffff00000086"},{"element-6066-11e4-a52e-4f735466cecf":"00000000-0000-0038-ffff-ffff0000008e","ELEMENT":"00000000-0000-0038-ffff-ffff0000008e"}]
&amp#27;[38;5;0m[HTTP]&amp#27;[0m &amp#27;[37m<-- POST /session/632147ce-e1be-4fa6-a1d2-7d3a53bf8ff7/elements &amp#27;[39m&amp#27;[32m200&amp#27;[39m &amp#27;[90m50 ms - 267&amp#27;[39m
&amp#27;[38;5;0m[HTTP]&amp#27;[0m &amp#27;[90m&amp#27;[39m
&amp#27;[38;5;0m[HTTP]&amp#27;[0m &amp#27;[37m-->&amp#27;[39m &amp#27;[37mGET&amp#27;[39m &amp#27;[37m/session/632147ce-e1be-4fa6-a1d2-7d3a53bf8ff7/context&amp#27;[39m
&amp#27;[38;5;0m[HTTP]&amp#27;[0m &amp#27;[90m{}&amp#27;[39m
[debug] &amp#27;[38;5;32m[AndroidUiautomator2Driver@ea86 (632147ce)]&amp#27;[0m Calling AppiumDriver.getCurrentContext() with args: ["632147ce-e1be-4fa6-a1d2-7d3a53bf8ff7"]
[debug] &amp#27;[38;5;32m[AndroidUiautomator2Driver@ea86 (632147ce)]&amp#27;[0m Responding to client with driver.getCurrentContext() result: "NATIVE_APP"
&amp#27;[38;5;0m[HTTP]&amp#27;[0m &amp#27;[37m<-- GET /session/632147ce-e1be-4fa6-a1d2-7d3a53bf8ff7/context &amp#27;[39m&amp#27;[32m200&amp#27;[39m &amp#27;[90m1 ms - 22&amp#27;[39m
&amp#27;[38;5;0m[HTTP]&amp#27;[0m &amp#27;[90m&amp#27;[39m
&amp#27;[38;5;0m[HTTP]&amp#27;[0m &amp#27;[37m-->&amp#27;[39m &amp#27;[37mPOST&amp#27;[39m &amp#27;[37m/session/632147ce-e1be-4fa6-a1d2-7d3a53bf8ff7/elements&amp#27;[39m
&amp#27;[38;5;0m[HTTP]&amp#27;[0m &amp#27;[90m{"using":"id","value":"com.androidsample.generalstore:id/productPrice"}&amp#27;[39m
[debug] &amp#27;[38;5;32m[AndroidUiautomator2Driver@ea86 (632147ce)]&amp#27;[0m Calling AppiumDriver.findElements() with args: ["id","com.androidsample.generalstore:id/productPrice","632147ce-e1be-4fa6-a1d2-7d3a53bf8ff7"]
[debug] &amp#27;[38;5;32m[AndroidUiautomator2Driver@ea86 (632147ce)]&amp#27;[0m Valid locator strategies for this request: xpath, id, class name, accessibility id, css selector, -android uiautomator
[debug] &amp#27;[38;5;32m[AndroidUiautomator2Driver@ea86 (632147ce)]&amp#27;[0m Waiting up to 10000 ms for condition
[debug] &amp#27;[38;5;32m[AndroidUiautomator2Driver@ea86 (632147ce)]&amp#27;[0m Matched '/elements' to command name 'findElements'
[debug] &amp#27;[38;5;32m[AndroidUiautomator2Driver@ea86 (632147ce)]&amp#27;[0m Proxying [POST /elements] to [POST http://127.0.0.1:8200/session/5db57b0f-15b7-4d58-9d8a-4e282cc38511/elements] with body: {"strategy":"id","selector":"com.androidsample.generalstore:id/productPrice","context":"","multiple":true}
[debug] &amp#27;[38;5;32m[AndroidUiautomator2Driver@ea86 (632147ce)]&amp#27;[0m Got response with status 200: {"sessionId":"5db57b0f-15b7-4d58-9d8a-4e282cc38511","value":[{"ELEMENT":"00000000-0000-0038-ffff-ffff00000086","element-6066-11e4-a52e-4f735466cecf":"00000000-0000-0038-ffff-ffff00000086"},{"ELEMENT":"00000000-0000-0038-ffff-ffff0000008e","element-6066-11e4-a52e-4f735466cecf":"00000000-0000-0038-ffff-ffff0000008e"}]}
[debug] &amp#27;[38;5;32m[AndroidUiautomator2Driver@ea86 (632147ce)]&amp#27;[0m Responding to client with driver.findElements() result: [{"element-6066-11e4-a52e-4f735466cecf":"00000000-0000-0038-ffff-ffff00000086","ELEMENT":"00000000-0000-0038-ffff-ffff00000086"},{"element-6066-11e4-a52e-4f735466cecf":"00000000-0000-0038-ffff-ffff0000008e","ELEMENT":"00000000-0000-0038-ffff-ffff0000008e"}]
&amp#27;[38;5;0m[HTTP]&amp#27;[0m &amp#27;[37m<-- POST /session/632147ce-e1be-4fa6-a1d2-7d3a53bf8ff7/elements &amp#27;[39m&amp#27;[32m200&amp#27;[39m &amp#27;[90m35 ms - 267&amp#27;[39m
&amp#27;[38;5;0m[HTTP]&amp#27;[0m &amp#27;[90m&amp#27;[39m
&amp#27;[38;5;0m[HTTP]&amp#27;[0m &amp#27;[37m-->&amp#27;[39m &amp#27;[37mGET&amp#27;[39m &amp#27;[37m/session/632147ce-e1be-4fa6-a1d2-7d3a53bf8ff7/element/00000000-0000-0038-ffff-ffff00000086/text&amp#27;[39m
&amp#27;[38;5;0m[HTTP]&amp#27;[0m &amp#27;[90m{}&amp#27;[39m
&amp#27;[38;5;32m[AndroidUiautomator2Driver@ea86 (632147ce)]&amp#27;[0m Driver proxy active, passing request on via HTTP proxy
[debug] &amp#27;[38;5;32m[AndroidUiautomator2Driver@ea86 (632147ce)]&amp#27;[0m Matched '/session/632147ce-e1be-4fa6-a1d2-7d3a53bf8ff7/element/00000000-0000-0038-ffff-ffff00000086/text' to command name 'getText'
[debug] &amp#27;[38;5;32m[AndroidUiautomator2Driver@ea86 (632147ce)]&amp#27;[0m Proxying [GET /session/632147ce-e1be-4fa6-a1d2-7d3a53bf8ff7/element/00000000-0000-0038-ffff-ffff00000086/text] to [GET http://127.0.0.1:8200/session/5db57b0f-15b7-4d58-9d8a-4e282cc38511/element/00000000-0000-0038-ffff-ffff00000086/text] with no body
[debug] &amp#27;[38;5;32m[AndroidUiautomator2Driver@ea86 (632147ce)]&amp#27;[0m Got response with status 200: {"sessionId":"5db57b0f-15b7-4d58-9d8a-4e282cc38511","value":"$160.97"}
&amp#27;[38;5;32m[AndroidUiautomator2Driver@ea86 (632147ce)]&amp#27;[0m Replacing sessionId 5db57b0f-15b7-4d58-9d8a-4e282cc38511 with 632147ce-e1be-4fa6-a1d2-7d3a53bf8ff7
&amp#27;[38;5;0m[HTTP]&amp#27;[0m &amp#27;[37m<-- GET /session/632147ce-e1be-4fa6-a1d2-7d3a53bf8ff7/element/00000000-0000-0038-ffff-ffff00000086/text &amp#27;[39m&amp#27;[32m200&amp#27;[39m &amp#27;[90m14 ms - 70&amp#27;[39m
&amp#27;[38;5;0m[HTTP]&amp#27;[0m &amp#27;[90m&amp#27;[39m
&amp#27;[38;5;0m[HTTP]&amp#27;[0m &amp#27;[37m-->&amp#27;[39m &amp#27;[37mGET&amp#27;[39m &amp#27;[37m/session/632147ce-e1be-4fa6-a1d2-7d3a53bf8ff7/context&amp#27;[39m
&amp#27;[38;5;0m[HTTP]&amp#27;[0m &amp#27;[90m{}&amp#27;[39m
[debug] &amp#27;[38;5;32m[AndroidUiautomator2Driver@ea86 (632147ce)]&amp#27;[0m Calling AppiumDriver.getCurrentContext() with args: ["632147ce-e1be-4fa6-a1d2-7d3a53bf8ff7"]
[debug] &amp#27;[38;5;32m[AndroidUiautomator2Driver@ea86 (632147ce)]&amp#27;[0m Responding to client with driver.getCurrentContext() result: "NATIVE_APP"
&amp#27;[38;5;0m[HTTP]&amp#27;[0m &amp#27;[37m<-- GET /session/632147ce-e1be-4fa6-a1d2-7d3a53bf8ff7/context &amp#27;[39m&amp#27;[32m200&amp#27;[39m &amp#27;[90m1 ms - 22&amp#27;[39m
&amp#27;[38;5;0m[HTTP]&amp#27;[0m &amp#27;[90m&amp#27;[39m
&amp#27;[38;5;0m[HTTP]&amp#27;[0m &amp#27;[37m-->&amp#27;[39m &amp#27;[37mPOST&amp#27;[39m &amp#27;[37m/session/632147ce-e1be-4fa6-a1d2-7d3a53bf8ff7/elements&amp#27;[39m
&amp#27;[38;5;0m[HTTP]&amp#27;[0m &amp#27;[90m{"using":"id","value":"com.androidsample.generalstore:id/productPrice"}&amp#27;[39m
[debug] &amp#27;[38;5;32m[AndroidUiautomator2Driver@ea86 (632147ce)]&amp#27;[0m Calling AppiumDriver.findElements() with args: ["id","com.androidsample.generalstore:id/productPrice","632147ce-e1be-4fa6-a1d2-7d3a53bf8ff7"]
[debug] &amp#27;[38;5;32m[AndroidUiautomator2Driver@ea86 (632147ce)]&amp#27;[0m Valid locator strategies for this request: xpath, id, class name, accessibility id, css selector, -android uiautomator
[debug] &amp#27;[38;5;32m[AndroidUiautomator2Driver@ea86 (632147ce)]&amp#27;[0m Waiting up to 10000 ms for condition
[debug] &amp#27;[38;5;32m[AndroidUiautomator2Driver@ea86 (632147ce)]&amp#27;[0m Matched '/elements' to command name 'findElements'
[debug] &amp#27;[38;5;32m[AndroidUiautomator2Driver@ea86 (632147ce)]&amp#27;[0m Proxying [POST /elements] to [POST http://127.0.0.1:8200/session/5db57b0f-15b7-4d58-9d8a-4e282cc38511/elements] with body: {"strategy":"id","selector":"com.androidsample.generalstore:id/productPrice","context":"","multiple":true}
[debug] &amp#27;[38;5;32m[AndroidUiautomator2Driver@ea86 (632147ce)]&amp#27;[0m Got response with status 200: {"sessionId":"5db57b0f-15b7-4d58-9d8a-4e282cc38511","value":[{"ELEMENT":"00000000-0000-0038-ffff-ffff00000086","element-6066-11e4-a52e-4f735466cecf":"00000000-0000-0038-ffff-ffff00000086"},{"ELEMENT":"00000000-0000-0038-ffff-ffff0000008e","element-6066-11e4-a52e-4f735466cecf":"00000000-0000-0038-ffff-ffff0000008e"}]}
[debug] &amp#27;[38;5;32m[AndroidUiautomator2Driver@ea86 (632147ce)]&amp#27;[0m Responding to client with driver.findElements() result: [{"element-6066-11e4-a52e-4f735466cecf":"00000000-0000-0038-ffff-ffff00000086","ELEMENT":"00000000-0000-0038-ffff-ffff00000086"},{"element-6066-11e4-a52e-4f735466cecf":"00000000-0000-0038-ffff-ffff0000008e","ELEMENT":"00000000-0000-0038-ffff-ffff0000008e"}]
&amp#27;[38;5;0m[HTTP]&amp#27;[0m &amp#27;[37m<-- POST /session/632147ce-e1be-4fa6-a1d2-7d3a53bf8ff7/elements &amp#27;[39m&amp#27;[32m200&amp#27;[39m &amp#27;[90m15 ms - 267&amp#27;[39m
&amp#27;[38;5;0m[HTTP]&amp#27;[0m &amp#27;[90m&amp#27;[39m
&amp#27;[38;5;0m[HTTP]&amp#27;[0m &amp#27;[37m-->&amp#27;[39m &amp#27;[37mGET&amp#27;[39m &amp#27;[37m/session/632147ce-e1be-4fa6-a1d2-7d3a53bf8ff7/element/00000000-0000-0038-ffff-ffff0000008e/text&amp#27;[39m
&amp#27;[38;5;0m[HTTP]&amp#27;[0m &amp#27;[90m{}&amp#27;[39m
&amp#27;[38;5;32m[AndroidUiautomator2Driver@ea86 (632147ce)]&amp#27;[0m Driver proxy active, passing request on via HTTP proxy
[debug] &amp#27;[38;5;32m[AndroidUiautomator2Driver@ea86 (632147ce)]&amp#27;[0m Matched '/session/632147ce-e1be-4fa6-a1d2-7d3a53bf8ff7/element/00000000-0000-0038-ffff-ffff0000008e/text' to command name 'getText'
[debug] &amp#27;[38;5;32m[AndroidUiautomator2Driver@ea86 (632147ce)]&amp#27;[0m Proxying [GET /session/632147ce-e1be-4fa6-a1d2-7d3a53bf8ff7/element/00000000-0000-0038-ffff-ffff0000008e/text] to [GET http://127.0.0.1:8200/session/5db57b0f-15b7-4d58-9d8a-4e282cc38511/element/00000000-0000-0038-ffff-ffff0000008e/text] with no body
[debug] &amp#27;[38;5;32m[AndroidUiautomator2Driver@ea86 (632147ce)]&amp#27;[0m Got response with status 200: {"sessionId":"5db57b0f-15b7-4d58-9d8a-4e282cc38511","value":"$120.0"}
&amp#27;[38;5;32m[AndroidUiautomator2Driver@ea86 (632147ce)]&amp#27;[0m Replacing sessionId 5db57b0f-15b7-4d58-9d8a-4e282cc38511 with 632147ce-e1be-4fa6-a1d2-7d3a53bf8ff7
&amp#27;[38;5;0m[HTTP]&amp#27;[0m &amp#27;[37m<-- GET /session/632147ce-e1be-4fa6-a1d2-7d3a53bf8ff7/element/00000000-0000-0038-ffff-ffff0000008e/text &amp#27;[39m&amp#27;[32m200&amp#27;[39m &amp#27;[90m11 ms - 69&amp#27;[39m
&amp#27;[38;5;0m[HTTP]&amp#27;[0m &amp#27;[90m&amp#27;[39m
&amp#27;[38;5;0m[HTTP]&amp#27;[0m &amp#27;[37m-->&amp#27;[39m &amp#27;[37mGET&amp#27;[39m &amp#27;[37m/session/632147ce-e1be-4fa6-a1d2-7d3a53bf8ff7/context&amp#27;[39m
&amp#27;[38;5;0m[HTTP]&amp#27;[0m &amp#27;[90m{}&amp#27;[39m
[debug] &amp#27;[38;5;32m[AndroidUiautomator2Driver@ea86 (632147ce)]&amp#27;[0m Calling AppiumDriver.getCurrentContext() with args: ["632147ce-e1be-4fa6-a1d2-7d3a53bf8ff7"]
[debug] &amp#27;[38;5;32m[AndroidUiautomator2Driver@ea86 (632147ce)]&amp#27;[0m Responding to client with driver.getCurrentContext() result: "NATIVE_APP"
&amp#27;[38;5;0m[HTTP]&amp#27;[0m &amp#27;[37m<-- GET /session/632147ce-e1be-4fa6-a1d2-7d3a53bf8ff7/context &amp#27;[39m&amp#27;[32m200&amp#27;[39m &amp#27;[90m1 ms - 22&amp#27;[39m
&amp#27;[38;5;0m[HTTP]&amp#27;[0m &amp#27;[90m&amp#27;[39m
&amp#27;[38;5;0m[HTTP]&amp#27;[0m &amp#27;[37m-->&amp#27;[39m &amp#27;[37mPOST&amp#27;[39m &amp#27;[37m/session/632147ce-e1be-4fa6-a1d2-7d3a53bf8ff7/element&amp#27;[39m
&amp#27;[38;5;0m[HTTP]&amp#27;[0m &amp#27;[90m{"using":"id","value":"com.androidsample.generalstore:id/totalAmountLbl"}&amp#27;[39m
[debug] &amp#27;[38;5;32m[AndroidUiautomator2Driver@ea86 (632147ce)]&amp#27;[0m Calling AppiumDriver.findElement() with args: ["id","com.androidsample.generalstore:id/totalAmountLbl","632147ce-e1be-4fa6-a1d2-7d3a53bf8ff7"]
[debug] &amp#27;[38;5;32m[AndroidUiautomator2Driver@ea86 (632147ce)]&amp#27;[0m Valid locator strategies for this request: xpath, id, class name, accessibility id, css selector, -android uiautomator
[debug] &amp#27;[38;5;32m[AndroidUiautomator2Driver@ea86 (632147ce)]&amp#27;[0m Waiting up to 10000 ms for condition
[debug] &amp#27;[38;5;32m[AndroidUiautomator2Driver@ea86 (632147ce)]&amp#27;[0m Matched '/element' to command name 'findElement'
[debug] &amp#27;[38;5;32m[AndroidUiautomator2Driver@ea86 (632147ce)]&amp#27;[0m Proxying [POST /element] to [POST http://127.0.0.1:8200/session/5db57b0f-15b7-4d58-9d8a-4e282cc38511/element] with body: {"strategy":"id","selector":"com.androidsample.generalstore:id/totalAmountLbl","context":"","multiple":false}
[debug] &amp#27;[38;5;32m[AndroidUiautomator2Driver@ea86 (632147ce)]&amp#27;[0m Got response with status 200: {"sessionId":"5db57b0f-15b7-4d58-9d8a-4e282cc38511","value":{"ELEMENT":"00000000-0000-0038-ffff-ffff0000007a","element-6066-11e4-a52e-4f735466cecf":"00000000-0000-0038-ffff-ffff0000007a"}}
[debug] &amp#27;[38;5;32m[AndroidUiautomator2Driver@ea86 (632147ce)]&amp#27;[0m Responding to client with driver.findElement() result: {"element-6066-11e4-a52e-4f735466cecf":"00000000-0000-0038-ffff-ffff0000007a","ELEMENT":"00000000-0000-0038-ffff-ffff0000007a"}
&amp#27;[38;5;0m[HTTP]&amp#27;[0m &amp#27;[37m<-- POST /session/632147ce-e1be-4fa6-a1d2-7d3a53bf8ff7/element &amp#27;[39m&amp#27;[32m200&amp#27;[39m &amp#27;[90m19 ms - 137&amp#27;[39m
&amp#27;[38;5;0m[HTTP]&amp#27;[0m &amp#27;[90m&amp#27;[39m
&amp#27;[38;5;0m[HTTP]&amp#27;[0m &amp#27;[37m-->&amp#27;[39m &amp#27;[37mGET&amp#27;[39m &amp#27;[37m/session/632147ce-e1be-4fa6-a1d2-7d3a53bf8ff7/element/00000000-0000-0038-ffff-ffff0000007a/text&amp#27;[39m
&amp#27;[38;5;0m[HTTP]&amp#27;[0m &amp#27;[90m{}&amp#27;[39m
&amp#27;[38;5;32m[AndroidUiautomator2Driver@ea86 (632147ce)]&amp#27;[0m Driver proxy active, passing request on via HTTP proxy
[debug] &amp#27;[38;5;32m[AndroidUiautomator2Driver@ea86 (632147ce)]&amp#27;[0m Matched '/session/632147ce-e1be-4fa6-a1d2-7d3a53bf8ff7/element/00000000-0000-0038-ffff-ffff0000007a/text' to command name 'getText'
[debug] &amp#27;[38;5;32m[AndroidUiautomator2Driver@ea86 (632147ce)]&amp#27;[0m Proxying [GET /session/632147ce-e1be-4fa6-a1d2-7d3a53bf8ff7/element/00000000-0000-0038-ffff-ffff0000007a/text] to [GET http://127.0.0.1:8200/session/5db57b0f-15b7-4d58-9d8a-4e282cc38511/element/00000000-0000-0038-ffff-ffff0000007a/text] with no body
[debug] &amp#27;[38;5;32m[AndroidUiautomator2Driver@ea86 (632147ce)]&amp#27;[0m Got response with status 200: {"sessionId":"5db57b0f-15b7-4d58-9d8a-4e282cc38511","value":"$ 280.97"}
&amp#27;[38;5;32m[AndroidUiautomator2Driver@ea86 (632147ce)]&amp#27;[0m Replacing sessionId 5db57b0f-15b7-4d58-9d8a-4e282cc38511 with 632147ce-e1be-4fa6-a1d2-7d3a53bf8ff7
&amp#27;[38;5;0m[HTTP]&amp#27;[0m &amp#27;[37m<-- GET /session/632147ce-e1be-4fa6-a1d2-7d3a53bf8ff7/element/00000000-0000-0038-ffff-ffff0000007a/text &amp#27;[39m&amp#27;[32m200&amp#27;[39m &amp#27;[90m10 ms - 71&amp#27;[39m
&amp#27;[38;5;0m[HTTP]&amp#27;[0m &amp#27;[90m&amp#27;[39m
&amp#27;[38;5;0m[HTTP]&amp#27;[0m &amp#27;[37m-->&amp#27;[39m &amp#27;[37mGET&amp#27;[39m &amp#27;[37m/session/632147ce-e1be-4fa6-a1d2-7d3a53bf8ff7/context&amp#27;[39m
&amp#27;[38;5;0m[HTTP]&amp#27;[0m &amp#27;[90m{}&amp#27;[39m
[debug] &amp#27;[38;5;32m[AndroidUiautomator2Driver@ea86 (632147ce)]&amp#27;[0m Calling AppiumDriver.getCurrentContext() with args: ["632147ce-e1be-4fa6-a1d2-7d3a53bf8ff7"]
[debug] &amp#27;[38;5;32m[AndroidUiautomator2Driver@ea86 (632147ce)]&amp#27;[0m Responding to client with driver.getCurrentContext() result: "NATIVE_APP"
&amp#27;[38;5;0m[HTTP]&amp#27;[0m &amp#27;[37m<-- GET /session/632147ce-e1be-4fa6-a1d2-7d3a53bf8ff7/context &amp#27;[39m&amp#27;[32m200&amp#27;[39m &amp#27;[90m1 ms - 22&amp#27;[39m
&amp#27;[38;5;0m[HTTP]&amp#27;[0m &amp#27;[90m&amp#27;[39m
&amp#27;[38;5;0m[HTTP]&amp#27;[0m &amp#27;[37m-->&amp#27;[39m &amp#27;[37mPOST&amp#27;[39m &amp#27;[37m/session/632147ce-e1be-4fa6-a1d2-7d3a53bf8ff7/element&amp#27;[39m
&amp#27;[38;5;0m[HTTP]&amp#27;[0m &amp#27;[90m{"using":"id","value":"com.androidsample.generalstore:id/termsButton"}&amp#27;[39m
[debug] &amp#27;[38;5;32m[AndroidUiautomator2Driver@ea86 (632147ce)]&amp#27;[0m Calling AppiumDriver.findElement() with args: ["id","com.androidsample.generalstore:id/termsButton","632147ce-e1be-4fa6-a1d2-7d3a53bf8ff7"]
[debug] &amp#27;[38;5;32m[AndroidUiautomator2Driver@ea86 (632147ce)]&amp#27;[0m Valid locator strategies for this request: xpath, id, class name, accessibility id, css selector, -android uiautomator
[debug] &amp#27;[38;5;32m[AndroidUiautomator2Driver@ea86 (632147ce)]&amp#27;[0m Waiting up to 10000 ms for condition
[debug] &amp#27;[38;5;32m[AndroidUiautomator2Driver@ea86 (632147ce)]&amp#27;[0m Matched '/element' to command name 'findElement'
[debug] &amp#27;[38;5;32m[AndroidUiautomator2Driver@ea86 (632147ce)]&amp#27;[0m Proxying [POST /element] to [POST http://127.0.0.1:8200/session/5db57b0f-15b7-4d58-9d8a-4e282cc38511/element] with body: {"strategy":"id","selector":"com.androidsample.generalstore:id/termsButton","context":"","multiple":false}
[debug] &amp#27;[38;5;32m[AndroidUiautomator2Driver@ea86 (632147ce)]&amp#27;[0m Got response with status 200: {"sessionId":"5db57b0f-15b7-4d58-9d8a-4e282cc38511","value":{"ELEMENT":"00000000-0000-0038-ffff-ffff0000007d","element-6066-11e4-a52e-4f735466cecf":"00000000-0000-0038-ffff-ffff0000007d"}}
[debug] &amp#27;[38;5;32m[AndroidUiautomator2Driver@ea86 (632147ce)]&amp#27;[0m Responding to client with driver.findElement() result: {"element-6066-11e4-a52e-4f735466cecf":"00000000-0000-0038-ffff-ffff0000007d","ELEMENT":"00000000-0000-0038-ffff-ffff0000007d"}
&amp#27;[38;5;0m[HTTP]&amp#27;[0m &amp#27;[37m<-- POST /session/632147ce-e1be-4fa6-a1d2-7d3a53bf8ff7/element &amp#27;[39m&amp#27;[32m200&amp#27;[39m &amp#27;[90m15 ms - 137&amp#27;[39m
&amp#27;[38;5;0m[HTTP]&amp#27;[0m &amp#27;[90m&amp#27;[39m
&amp#27;[38;5;0m[HTTP]&amp#27;[0m &amp#27;[37m-->&amp#27;[39m &amp#27;[37mPOST&amp#27;[39m &amp#27;[37m/session/632147ce-e1be-4fa6-a1d2-7d3a53bf8ff7/execute/sync&amp#27;[39m
&amp#27;[38;5;0m[HTTP]&amp#27;[0m &amp#27;[90m{"script":"mobile: longClickGesture","args":[{"elementId":"00000000-0000-0038-ffff-ffff0000007d","duration":2000}]}&amp#27;[39m
[debug] &amp#27;[38;5;32m[AndroidUiautomator2Driver@ea86 (632147ce)]&amp#27;[0m Calling AppiumDriver.execute() with args: ["mobile: longClickGesture",[{"elementId":"00000000-0000-0038-ffff-ffff0000007d","duration":2000}],"632147ce-e1be-4fa6-a1d2-7d3a53bf8ff7"]
&amp#27;[38;5;32m[AndroidUiautomator2Driver@ea86 (632147ce)]&amp#27;[0m Executing native command 'mobile: longClickGesture'
[debug] &amp#27;[38;5;32m[AndroidUiautomator2Driver@ea86 (632147ce)]&amp#27;[0m Proxying [POST /appium/gestures/long_click] to [POST http://127.0.0.1:8200/session/5db57b0f-15b7-4d58-9d8a-4e282cc38511/appium/gestures/long_click] with body: {"origin":{"ELEMENT":"00000000-0000-0038-ffff-ffff0000007d","element-6066-11e4-a52e-4f735466cecf":"00000000-0000-0038-ffff-ffff0000007d"},"duration":2000}
[debug] &amp#27;[38;5;32m[AndroidUiautomator2Driver@ea86 (632147ce)]&amp#27;[0m Got response with status 200: {"sessionId":"5db57b0f-15b7-4d58-9d8a-4e282cc38511","value":null}
[debug] &amp#27;[38;5;32m[AndroidUiautomator2Driver@ea86 (632147ce)]&amp#27;[0m Responding to client with driver.execute() result: null
&amp#27;[38;5;0m[HTTP]&amp#27;[0m &amp#27;[37m<-- POST /session/632147ce-e1be-4fa6-a1d2-7d3a53bf8ff7/execute/sync &amp#27;[39m&amp#27;[32m200&amp#27;[39m &amp#27;[90m2044 ms - 14&amp#27;[39m
&amp#27;[38;5;0m[HTTP]&amp#27;[0m &amp#27;[90m&amp#27;[39m
&amp#27;[38;5;0m[HTTP]&amp#27;[0m &amp#27;[37m-->&amp#27;[39m &amp#27;[37mGET&amp#27;[39m &amp#27;[37m/session/632147ce-e1be-4fa6-a1d2-7d3a53bf8ff7/context&amp#27;[39m
&amp#27;[38;5;0m[HTTP]&amp#27;[0m &amp#27;[90m{}&amp#27;[39m
[debug] &amp#27;[38;5;32m[AndroidUiautomator2Driver@ea86 (632147ce)]&amp#27;[0m Calling AppiumDriver.getCurrentContext() with args: ["632147ce-e1be-4fa6-a1d2-7d3a53bf8ff7"]
[debug] &amp#27;[38;5;32m[AndroidUiautomator2Driver@ea86 (632147ce)]&amp#27;[0m Responding to client with driver.getCurrentContext() result: "NATIVE_APP"
&amp#27;[38;5;0m[HTTP]&amp#27;[0m &amp#27;[37m<-- GET /session/632147ce-e1be-4fa6-a1d2-7d3a53bf8ff7/context &amp#27;[39m&amp#27;[32m200&amp#27;[39m &amp#27;[90m1 ms - 22&amp#27;[39m
&amp#27;[38;5;0m[HTTP]&amp#27;[0m &amp#27;[90m&amp#27;[39m
&amp#27;[38;5;0m[HTTP]&amp#27;[0m &amp#27;[37m-->&amp#27;[39m &amp#27;[37mPOST&amp#27;[39m &amp#27;[37m/session/632147ce-e1be-4fa6-a1d2-7d3a53bf8ff7/element&amp#27;[39m
&amp#27;[38;5;0m[HTTP]&amp#27;[0m &amp#27;[90m{"using":"id","value":"android:id/button1"}&amp#27;[39m
[debug] &amp#27;[38;5;32m[AndroidUiautomator2Driver@ea86 (632147ce)]&amp#27;[0m Calling AppiumDriver.findElement() with args: ["id","android:id/button1","632147ce-e1be-4fa6-a1d2-7d3a53bf8ff7"]
[debug] &amp#27;[38;5;32m[AndroidUiautomator2Driver@ea86 (632147ce)]&amp#27;[0m Valid locator strategies for this request: xpath, id, class name, accessibility id, css selector, -android uiautomator
[debug] &amp#27;[38;5;32m[AndroidUiautomator2Driver@ea86 (632147ce)]&amp#27;[0m Waiting up to 10000 ms for condition
[debug] &amp#27;[38;5;32m[AndroidUiautomator2Driver@ea86 (632147ce)]&amp#27;[0m Matched '/element' to command name 'findElement'
[debug] &amp#27;[38;5;32m[AndroidUiautomator2Driver@ea86 (632147ce)]&amp#27;[0m Proxying [POST /element] to [POST http://127.0.0.1:8200/session/5db57b0f-15b7-4d58-9d8a-4e282cc38511/element] with body: {"strategy":"id","selector":"android:id/button1","context":"","multiple":false}
[debug] &amp#27;[38;5;32m[AndroidUiautomator2Driver@ea86 (632147ce)]&amp#27;[0m Got response with status 200: {"sessionId":"5db57b0f-15b7-4d58-9d8a-4e282cc38511","value":{"ELEMENT":"00000000-0000-0039-ffff-ffff000000a9","element-6066-11e4-a52e-4f735466cecf":"00000000-0000-0039-ffff-ffff000000a9"}}
[debug] &amp#27;[38;5;32m[AndroidUiautomator2Driver@ea86 (632147ce)]&amp#27;[0m Responding to client with driver.findElement() result: {"element-6066-11e4-a52e-4f735466cecf":"00000000-0000-0039-ffff-ffff000000a9","ELEMENT":"00000000-0000-0039-ffff-ffff000000a9"}
&amp#27;[38;5;0m[HTTP]&amp#27;[0m &amp#27;[37m<-- POST /session/632147ce-e1be-4fa6-a1d2-7d3a53bf8ff7/element &amp#27;[39m&amp#27;[32m200&amp#27;[39m &amp#27;[90m17 ms - 137&amp#27;[39m
&amp#27;[38;5;0m[HTTP]&amp#27;[0m &amp#27;[90m&amp#27;[39m
&amp#27;[38;5;0m[HTTP]&amp#27;[0m &amp#27;[37m-->&amp#27;[39m &amp#27;[37mPOST&amp#27;[39m &amp#27;[37m/session/632147ce-e1be-4fa6-a1d2-7d3a53bf8ff7/element/00000000-0000-0039-ffff-ffff000000a9/click&amp#27;[39m
&amp#27;[38;5;0m[HTTP]&amp#27;[0m &amp#27;[90m{"id":"00000000-0000-0039-ffff-ffff000000a9"}&amp#27;[39m
[debug] &amp#27;[38;5;32m[AndroidUiautomator2Driver@ea86 (632147ce)]&amp#27;[0m Calling AppiumDriver.click() with args: ["00000000-0000-0039-ffff-ffff000000a9","632147ce-e1be-4fa6-a1d2-7d3a53bf8ff7"]
[debug] &amp#27;[38;5;32m[AndroidUiautomator2Driver@ea86 (632147ce)]&amp#27;[0m Matched '/element/00000000-0000-0039-ffff-ffff000000a9/click' to command name 'click'
[debug] &amp#27;[38;5;32m[AndroidUiautomator2Driver@ea86 (632147ce)]&amp#27;[0m Proxying [POST /element/00000000-0000-0039-ffff-ffff000000a9/click] to [POST http://127.0.0.1:8200/session/5db57b0f-15b7-4d58-9d8a-4e282cc38511/element/00000000-0000-0039-ffff-ffff000000a9/click] with body: {"element":"00000000-0000-0039-ffff-ffff000000a9"}
[debug] &amp#27;[38;5;32m[AndroidUiautomator2Driver@ea86 (632147ce)]&amp#27;[0m Got response with status 200: {"sessionId":"5db57b0f-15b7-4d58-9d8a-4e282cc38511","value":null}
[debug] &amp#27;[38;5;32m[AndroidUiautomator2Driver@ea86 (632147ce)]&amp#27;[0m Responding to client with driver.click() result: null
&amp#27;[38;5;0m[HTTP]&amp#27;[0m &amp#27;[37m<-- POST /session/632147ce-e1be-4fa6-a1d2-7d3a53bf8ff7/element/00000000-0000-0039-ffff-ffff000000a9/click &amp#27;[39m&amp#27;[32m200&amp#27;[39m &amp#27;[90m76 ms - 14&amp#27;[39m
&amp#27;[38;5;0m[HTTP]&amp#27;[0m &amp#27;[90m&amp#27;[39m
&amp#27;[38;5;0m[HTTP]&amp#27;[0m &amp#27;[37m-->&amp#27;[39m &amp#27;[37mGET&amp#27;[39m &amp#27;[37m/session/632147ce-e1be-4fa6-a1d2-7d3a53bf8ff7/context&amp#27;[39m
&amp#27;[38;5;0m[HTTP]&amp#27;[0m &amp#27;[90m{}&amp#27;[39m
[debug] &amp#27;[38;5;32m[AndroidUiautomator2Driver@ea86 (632147ce)]&amp#27;[0m Calling AppiumDriver.getCurrentContext() with args: ["632147ce-e1be-4fa6-a1d2-7d3a53bf8ff7"]
[debug] &amp#27;[38;5;32m[AndroidUiautomator2Driver@ea86 (632147ce)]&amp#27;[0m Responding to client with driver.getCurrentContext() result: "NATIVE_APP"
&amp#27;[38;5;0m[HTTP]&amp#27;[0m &amp#27;[37m<-- GET /session/632147ce-e1be-4fa6-a1d2-7d3a53bf8ff7/context &amp#27;[39m&amp#27;[32m200&amp#27;[39m &amp#27;[90m1 ms - 22&amp#27;[39m
&amp#27;[38;5;0m[HTTP]&amp#27;[0m &amp#27;[90m&amp#27;[39m
&amp#27;[38;5;0m[HTTP]&amp#27;[0m &amp#27;[37m-->&amp#27;[39m &amp#27;[37mPOST&amp#27;[39m &amp#27;[37m/session/632147ce-e1be-4fa6-a1d2-7d3a53bf8ff7/element&amp#27;[39m
&amp#27;[38;5;0m[HTTP]&amp#27;[0m &amp#27;[90m{"using":"class name","value":"android.widget.CheckBox"}&amp#27;[39m
[debug] &amp#27;[38;5;32m[AndroidUiautomator2Driver@ea86 (632147ce)]&amp#27;[0m Calling AppiumDriver.findElement() with args: ["class name","android.widget.CheckBox","632147ce-e1be-4fa6-a1d2-7d3a53bf8ff7"]
[debug] &amp#27;[38;5;32m[AndroidUiautomator2Driver@ea86 (632147ce)]&amp#27;[0m Valid locator strategies for this request: xpath, id, class name, accessibility id, css selector, -android uiautomator
[debug] &amp#27;[38;5;32m[AndroidUiautomator2Driver@ea86 (632147ce)]&amp#27;[0m Waiting up to 10000 ms for condition
[debug] &amp#27;[38;5;32m[AndroidUiautomator2Driver@ea86 (632147ce)]&amp#27;[0m Matched '/element' to command name 'findElement'
[debug] &amp#27;[38;5;32m[AndroidUiautomator2Driver@ea86 (632147ce)]&amp#27;[0m Proxying [POST /element] to [POST http://127.0.0.1:8200/session/5db57b0f-15b7-4d58-9d8a-4e282cc38511/element] with body: {"strategy":"class name","selector":"android.widget.CheckBox","context":"","multiple":false}
[debug] &amp#27;[38;5;32m[AndroidUiautomator2Driver@ea86 (632147ce)]&amp#27;[0m Got response with status 200: {"sessionId":"5db57b0f-15b7-4d58-9d8a-4e282cc38511","value":{"ELEMENT":"00000000-0000-0038-ffff-ffff0000007b","element-6066-11e4-a52e-4f735466cecf":"00000000-0000-0038-ffff-ffff0000007b"}}
[debug] &amp#27;[38;5;32m[AndroidUiautomator2Driver@ea86 (632147ce)]&amp#27;[0m Responding to client with driver.findElement() result: {"element-6066-11e4-a52e-4f735466cecf":"00000000-0000-0038-ffff-ffff0000007b","ELEMENT":"00000000-0000-0038-ffff-ffff0000007b"}
&amp#27;[38;5;0m[HTTP]&amp#27;[0m &amp#27;[37m<-- POST /session/632147ce-e1be-4fa6-a1d2-7d3a53bf8ff7/element &amp#27;[39m&amp#27;[32m200&amp#27;[39m &amp#27;[90m301 ms - 137&amp#27;[39m
&amp#27;[38;5;0m[HTTP]&amp#27;[0m &amp#27;[90m&amp#27;[39m
&amp#27;[38;5;0m[HTTP]&amp#27;[0m &amp#27;[37m-->&amp#27;[39m &amp#27;[37mPOST&amp#27;[39m &amp#27;[37m/session/632147ce-e1be-4fa6-a1d2-7d3a53bf8ff7/element/00000000-0000-0038-ffff-ffff0000007b/click&amp#27;[39m
&amp#27;[38;5;0m[HTTP]&amp#27;[0m &amp#27;[90m{"id":"00000000-0000-0038-ffff-ffff0000007b"}&amp#27;[39m
[debug] &amp#27;[38;5;32m[AndroidUiautomator2Driver@ea86 (632147ce)]&amp#27;[0m Calling AppiumDriver.click() with args: ["00000000-0000-0038-ffff-ffff0000007b","632147ce-e1be-4fa6-a1d2-7d3a53bf8ff7"]
[debug] &amp#27;[38;5;32m[AndroidUiautomator2Driver@ea86 (632147ce)]&amp#27;[0m Matched '/element/00000000-0000-0038-ffff-ffff0000007b/click' to command name 'click'
[debug] &amp#27;[38;5;32m[AndroidUiautomator2Driver@ea86 (632147ce)]&amp#27;[0m Proxying [POST /element/00000000-0000-0038-ffff-ffff0000007b/click] to [POST http://127.0.0.1:8200/session/5db57b0f-15b7-4d58-9d8a-4e282cc38511/element/00000000-0000-0038-ffff-ffff0000007b/click] with body: {"element":"00000000-0000-0038-ffff-ffff0000007b"}
[debug] &amp#27;[38;5;32m[AndroidUiautomator2Driver@ea86 (632147ce)]&amp#27;[0m Got response with status 200: {"sessionId":"5db57b0f-15b7-4d58-9d8a-4e282cc38511","value":null}
[debug] &amp#27;[38;5;32m[AndroidUiautomator2Driver@ea86 (632147ce)]&amp#27;[0m Responding to client with driver.click() result: null
&amp#27;[38;5;0m[HTTP]&amp#27;[0m &amp#27;[37m<-- POST /session/632147ce-e1be-4fa6-a1d2-7d3a53bf8ff7/element/00000000-0000-0038-ffff-ffff0000007b/click &amp#27;[39m&amp#27;[32m200&amp#27;[39m &amp#27;[90m305 ms - 14&amp#27;[39m
&amp#27;[38;5;0m[HTTP]&amp#27;[0m &amp#27;[90m&amp#27;[39m
&amp#27;[38;5;0m[HTTP]&amp#27;[0m &amp#27;[37m-->&amp#27;[39m &amp#27;[37mGET&amp#27;[39m &amp#27;[37m/session/632147ce-e1be-4fa6-a1d2-7d3a53bf8ff7/context&amp#27;[39m
&amp#27;[38;5;0m[HTTP]&amp#27;[0m &amp#27;[90m{}&amp#27;[39m
[debug] &amp#27;[38;5;32m[AndroidUiautomator2Driver@ea86 (632147ce)]&amp#27;[0m Calling AppiumDriver.getCurrentContext() with args: ["632147ce-e1be-4fa6-a1d2-7d3a53bf8ff7"]
[debug] &amp#27;[38;5;32m[AndroidUiautomator2Driver@ea86 (632147ce)]&amp#27;[0m Responding to client with driver.getCurrentContext() result: "NATIVE_APP"
&amp#27;[38;5;0m[HTTP]&amp#27;[0m &amp#27;[37m<-- GET /session/632147ce-e1be-4fa6-a1d2-7d3a53bf8ff7/context &amp#27;[39m&amp#27;[32m200&amp#27;[39m &amp#27;[90m1 ms - 22&amp#27;[39m
&amp#27;[38;5;0m[HTTP]&amp#27;[0m &amp#27;[90m&amp#27;[39m
&amp#27;[38;5;0m[HTTP]&amp#27;[0m &amp#27;[37m-->&amp#27;[39m &amp#27;[37mPOST&amp#27;[39m &amp#27;[37m/session/632147ce-e1be-4fa6-a1d2-7d3a53bf8ff7/element&amp#27;[39m
&amp#27;[38;5;0m[HTTP]&amp#27;[0m &amp#27;[90m{"using":"id","value":"com.androidsample.generalstore:id/btnProceed"}&amp#27;[39m
[debug] &amp#27;[38;5;32m[AndroidUiautomator2Driver@ea86 (632147ce)]&amp#27;[0m Calling AppiumDriver.findElement() with args: ["id","com.androidsample.generalstore:id/btnProceed","632147ce-e1be-4fa6-a1d2-7d3a53bf8ff7"]
[debug] &amp#27;[38;5;32m[AndroidUiautomator2Driver@ea86 (632147ce)]&amp#27;[0m Valid locator strategies for this request: xpath, id, class name, accessibility id, css selector, -android uiautomator
[debug] &amp#27;[38;5;32m[AndroidUiautomator2Driver@ea86 (632147ce)]&amp#27;[0m Waiting up to 10000 ms for condition
[debug] &amp#27;[38;5;32m[AndroidUiautomator2Driver@ea86 (632147ce)]&amp#27;[0m Matched '/element' to command name 'findElement'
[debug] &amp#27;[38;5;32m[AndroidUiautomator2Driver@ea86 (632147ce)]&amp#27;[0m Proxying [POST /element] to [POST http://127.0.0.1:8200/session/5db57b0f-15b7-4d58-9d8a-4e282cc38511/element] with body: {"strategy":"id","selector":"com.androidsample.generalstore:id/btnProceed","context":"","multiple":false}
[debug] &amp#27;[38;5;32m[AndroidUiautomator2Driver@ea86 (632147ce)]&amp#27;[0m Got response with status 200: {"sessionId":"5db57b0f-15b7-4d58-9d8a-4e282cc38511","value":{"ELEMENT":"00000000-0000-0038-ffff-ffff0000007c","element-6066-11e4-a52e-4f735466cecf":"00000000-0000-0038-ffff-ffff0000007c"}}
[debug] &amp#27;[38;5;32m[AndroidUiautomator2Driver@ea86 (632147ce)]&amp#27;[0m Responding to client with driver.findElement() result: {"element-6066-11e4-a52e-4f735466cecf":"00000000-0000-0038-ffff-ffff0000007c","ELEMENT":"00000000-0000-0038-ffff-ffff0000007c"}
&amp#27;[38;5;0m[HTTP]&amp#27;[0m &amp#27;[37m<-- POST /session/632147ce-e1be-4fa6-a1d2-7d3a53bf8ff7/element &amp#27;[39m&amp#27;[32m200&amp#27;[39m &amp#27;[90m32 ms - 137&amp#27;[39m
&amp#27;[38;5;0m[HTTP]&amp#27;[0m &amp#27;[90m&amp#27;[39m
&amp#27;[38;5;0m[HTTP]&amp#27;[0m &amp#27;[37m-->&amp#27;[39m &amp#27;[37mPOST&amp#27;[39m &amp#27;[37m/session/632147ce-e1be-4fa6-a1d2-7d3a53bf8ff7/element/00000000-0000-0038-ffff-ffff0000007c/click&amp#27;[39m
&amp#27;[38;5;0m[HTTP]&amp#27;[0m &amp#27;[90m{"id":"00000000-0000-0038-ffff-ffff0000007c"}&amp#27;[39m
[debug] &amp#27;[38;5;32m[AndroidUiautomator2Driver@ea86 (632147ce)]&amp#27;[0m Calling AppiumDriver.click() with args: ["00000000-0000-0038-ffff-ffff0000007c","632147ce-e1be-4fa6-a1d2-7d3a53bf8ff7"]
[debug] &amp#27;[38;5;32m[AndroidUiautomator2Driver@ea86 (632147ce)]&amp#27;[0m Matched '/element/00000000-0000-0038-ffff-ffff0000007c/click' to command name 'click'
[debug] &amp#27;[38;5;32m[AndroidUiautomator2Driver@ea86 (632147ce)]&amp#27;[0m Proxying [POST /element/00000000-0000-0038-ffff-ffff0000007c/click] to [POST http://127.0.0.1:8200/session/5db57b0f-15b7-4d58-9d8a-4e282cc38511/element/00000000-0000-0038-ffff-ffff0000007c/click] with body: {"element":"00000000-0000-0038-ffff-ffff0000007c"}
[debug] &amp#27;[38;5;32m[AndroidUiautomator2Driver@ea86 (632147ce)]&amp#27;[0m Got response with status 200: {"sessionId":"5db57b0f-15b7-4d58-9d8a-4e282cc38511","value":null}
[debug] &amp#27;[38;5;32m[AndroidUiautomator2Driver@ea86 (632147ce)]&amp#27;[0m Responding to client with driver.click() result: null
&amp#27;[38;5;0m[HTTP]&amp#27;[0m &amp#27;[37m<-- POST /session/632147ce-e1be-4fa6-a1d2-7d3a53bf8ff7/element/00000000-0000-0038-ffff-ffff0000007c/click &amp#27;[39m&amp#27;[32m200&amp#27;[39m &amp#27;[90m610 ms - 14&amp#27;[39m
&amp#27;[38;5;0m[HTTP]&amp#27;[0m &amp#27;[90m&amp#27;[39m
]]></system-out>
  </testcase>
  <testcase name="FillForm_ErrorValidation" classname="org.MuhammadAhmad.eCommerce_tc_1" time="10.115">
    <system-out><![CDATA[&amp#27;[38;5;0m[HTTP]&amp#27;[0m &amp#27;[37m-->&amp#27;[39m &amp#27;[37mDELETE&amp#27;[39m &amp#27;[37m/session/632147ce-e1be-4fa6-a1d2-7d3a53bf8ff7&amp#27;[39m
&amp#27;[38;5;0m[HTTP]&amp#27;[0m &amp#27;[90m{}&amp#27;[39m
[debug] &amp#27;[38;5;32m[AndroidUiautomator2Driver@ea86 (632147ce)]&amp#27;[0m Calling AppiumDriver.deleteSession() with args: ["632147ce-e1be-4fa6-a1d2-7d3a53bf8ff7"]
[debug] &amp#27;[38;5;16m[AppiumDriver@d70b]&amp#27;[0m Event 'quitSessionRequested' logged at 1718107489249 (17:04:49 GMT+0500 (Pakistan Standard Time))
&amp#27;[38;5;16m[AppiumDriver@d70b]&amp#27;[0m Removing session 632147ce-e1be-4fa6-a1d2-7d3a53bf8ff7 from our master session list
[debug] &amp#27;[38;5;32m[AndroidUiautomator2Driver@ea86 (632147ce)]&amp#27;[0m Deleting UiAutomator2 session
[debug] &amp#27;[38;5;32m[AndroidUiautomator2Driver@ea86 (632147ce)]&amp#27;[0m Deleting UiAutomator2 server session
[debug] &amp#27;[38;5;32m[AndroidUiautomator2Driver@ea86 (632147ce)]&amp#27;[0m Matched '/' to command name 'deleteSession'
[debug] &amp#27;[38;5;32m[AndroidUiautomator2Driver@ea86 (632147ce)]&amp#27;[0m Proxying [DELETE /] to [DELETE http://127.0.0.1:8200/session/5db57b0f-15b7-4d58-9d8a-4e282cc38511] with no body
[debug] &amp#27;[38;5;32m[AndroidUiautomator2Driver@ea86 (632147ce)]&amp#27;[0m Got response with status 200: {"sessionId":"5db57b0f-15b7-4d58-9d8a-4e282cc38511","value":null}
[debug] &amp#27;[38;5;64m[ADB]&amp#27;[0m Running 'C:\Users\m.ahmad\AppData\Local\Android\Sdk\platform-tools\adb.exe -P 5037 -s emulator-5554 shell dumpsys activity services io.appium.settings/.recorder.RecorderService'
[debug] &amp#27;[38;5;64m[ADB]&amp#27;[0m Running 'C:\Users\m.ahmad\AppData\Local\Android\Sdk\platform-tools\adb.exe -P 5037 -s emulator-5554 shell am force-stop com.androidsample.generalstore'
[debug] &amp#27;[38;5;96m[Logcat]&amp#27;[0m Stopping logcat capture
[debug] &amp#27;[38;5;64m[ADB]&amp#27;[0m Removing forwarded port socket connection: 8200 
[debug] &amp#27;[38;5;64m[ADB]&amp#27;[0m Running 'C:\Users\m.ahmad\AppData\Local\Android\Sdk\platform-tools\adb.exe -P 5037 -s emulator-5554 forward --remove tcp:8200'
&amp#27;[38;5;32m[AndroidUiautomator2Driver@ea86 (632147ce)]&amp#27;[0m Restoring hidden api policy to the device default configuration
[debug] &amp#27;[38;5;64m[ADB]&amp#27;[0m Running 'C:\Users\m.ahmad\AppData\Local\Android\Sdk\platform-tools\adb.exe -P 5037 -s emulator-5554 shell 'settings delete global hidden_api_policy_pre_p_apps;settings delete global hidden_api_policy_p_apps;settings delete global hidden_api_policy''
[debug] &amp#27;[38;5;16m[AppiumDriver@d70b]&amp#27;[0m Event 'quitSessionFinished' logged at 1718107489566 (17:04:49 GMT+0500 (Pakistan Standard Time))
[debug] &amp#27;[38;5;16m[AppiumDriver@d70b]&amp#27;[0m Received response: null
[debug] &amp#27;[38;5;16m[AppiumDriver@d70b]&amp#27;[0m But deleting session, so not returning
[debug] &amp#27;[38;5;16m[AppiumDriver@d70b]&amp#27;[0m Responding to client with driver.deleteSession() result: null
&amp#27;[38;5;0m[HTTP]&amp#27;[0m &amp#27;[37m<-- DELETE /session/632147ce-e1be-4fa6-a1d2-7d3a53bf8ff7 &amp#27;[39m&amp#27;[32m200&amp#27;[39m &amp#27;[90m318 ms - 14&amp#27;[39m
&amp#27;[38;5;0m[HTTP]&amp#27;[0m &amp#27;[90m&amp#27;[39m
&amp#27;[35m[Appium]&amp#27;[39m Welcome to Appium v2.0.0-beta.66
&amp#27;[35m[Appium]&amp#27;[39m Attempting to load driver uiautomator2...
[debug] &amp#27;[35m[Appium]&amp#27;[39m Requiring driver at C:\Users\m.ahmad\.appium\node_modules\appium-uiautomator2-driver
&amp#27;[35m[Appium]&amp#27;[39m Appium REST http interface listener started on 0.0.0.0:4723
&amp#27;[35m[Appium]&amp#27;[39m Available drivers:
&amp#27;[35m[Appium]&amp#27;[39m   - uiautomator2@2.24.1 (automationName 'UiAutomator2')
&amp#27;[35m[Appium]&amp#27;[39m No plugins have been installed. Use the "appium plugin" command to install the one(s) you want to use.
&amp#27;[38;5;0m[HTTP]&amp#27;[0m &amp#27;[37m-->&amp#27;[39m &amp#27;[37mGET&amp#27;[39m &amp#27;[37m/status&amp#27;[39m
&amp#27;[38;5;0m[HTTP]&amp#27;[0m &amp#27;[90m{}&amp#27;[39m
[debug] &amp#27;[38;5;16m[AppiumDriver@0de4]&amp#27;[0m Calling AppiumDriver.getStatus() with args: []
[debug] &amp#27;[38;5;16m[AppiumDriver@0de4]&amp#27;[0m Responding to client with driver.getStatus() result: {"build":{"version":"2.0.0-beta.66"}}
&amp#27;[38;5;0m[HTTP]&amp#27;[0m &amp#27;[37m<-- GET /status &amp#27;[39m&amp#27;[32m200&amp#27;[39m &amp#27;[90m4 ms - 47&amp#27;[39m
&amp#27;[38;5;0m[HTTP]&amp#27;[0m &amp#27;[90m&amp#27;[39m
[debug] &amp#27;[38;5;0m[HTTP]&amp#27;[0m Request idempotency key: 19bb41fc-5e36-428b-8f1c-0f004e6ed475
&amp#27;[38;5;0m[HTTP]&amp#27;[0m &amp#27;[37m-->&amp#27;[39m &amp#27;[37mPOST&amp#27;[39m &amp#27;[37m/session&amp#27;[39m
&amp#27;[38;5;0m[HTTP]&amp#27;[0m &amp#27;[90m{"capabilities":{"firstMatch":[{}],"alwaysMatch":{"appium:app":"C:\\Users\\m.ahmad\\eclipse-workspace\\AppiumFrameworkDesign\\src\\test\\java\\org\\MuhammadAhmad\\resources\\General-Store.apk","appium:automationName":"UIAutomator2","appium:deviceName":"Pixel 3a API 31","platformName":"android"}}}&amp#27;[39m
[debug] &amp#27;[38;5;16m[AppiumDriver@0de4]&amp#27;[0m Calling AppiumDriver.createSession() with args: [null,null,{"firstMatch":[{}],"alwaysMatch":{"appium:app":"C:\\Users\\m.ahmad\\eclipse-workspace\\AppiumFrameworkDesign\\src\\test\\java\\org\\MuhammadAhmad\\resources\\General-Store.apk","appium:automationName":"UIAutomator2","appium:deviceName":"Pixel 3a API 31","platformName":"android"}}]
[debug] &amp#27;[38;5;16m[AppiumDriver@0de4]&amp#27;[0m Event 'newSessionRequested' logged at 1718107494739 (17:04:54 GMT+0500 (Pakistan Standard Time))
&amp#27;[35m[Appium]&amp#27;[39m Attempting to find matching driver for automationName 'UIAutomator2' and platformName 'android'
&amp#27;[35m[Appium]&amp#27;[39m The 'uiautomator2' driver was installed and matched caps.
&amp#27;[35m[Appium]&amp#27;[39m Will require it at C:\Users\m.ahmad\.appium\node_modules\appium-uiautomator2-driver
[debug] &amp#27;[35m[Appium]&amp#27;[39m Requiring driver at C:\Users\m.ahmad\.appium\node_modules\appium-uiautomator2-driver
&amp#27;[38;5;16m[AppiumDriver@0de4]&amp#27;[0m Appium v2.0.0-beta.66 creating new AndroidUiautomator2Driver (v2.24.1) session
&amp#27;[38;5;16m[AppiumDriver@0de4]&amp#27;[0m Checking BaseDriver versions for Appium and AndroidUiautomator2Driver
&amp#27;[38;5;16m[AppiumDriver@0de4]&amp#27;[0m Appium's BaseDriver version is 9.3.7
&amp#27;[38;5;16m[AppiumDriver@0de4]&amp#27;[0m AndroidUiautomator2Driver's BaseDriver version is 9.3.7
[debug] &amp#27;[38;5;32m[AndroidUiautomator2Driver@c44c]&amp#27;[0m Creating session with W3C capabilities: {
[debug] &amp#27;[38;5;32m[AndroidUiautomator2Driver@c44c]&amp#27;[0m   "alwaysMatch": {
[debug] &amp#27;[38;5;32m[AndroidUiautomator2Driver@c44c]&amp#27;[0m     "platformName": "android",
[debug] &amp#27;[38;5;32m[AndroidUiautomator2Driver@c44c]&amp#27;[0m     "appium:app": "C:\\Users\\m.ahmad\\eclipse-workspace\\AppiumFrameworkDesign\\src\\test\\java\\org\\MuhammadAhmad\\resources\\General-Store.apk",
[debug] &amp#27;[38;5;32m[AndroidUiautomator2Driver@c44c]&amp#27;[0m     "appium:automationName": "UIAutomator2",
[debug] &amp#27;[38;5;32m[AndroidUiautomator2Driver@c44c]&amp#27;[0m     "appium:deviceName": "Pixel 3a API 31"
[debug] &amp#27;[38;5;32m[AndroidUiautomator2Driver@c44c]&amp#27;[0m   },
[debug] &amp#27;[38;5;32m[AndroidUiautomator2Driver@c44c]&amp#27;[0m   "firstMatch": [
[debug] &amp#27;[38;5;32m[AndroidUiautomator2Driver@c44c]&amp#27;[0m     {}
[debug] &amp#27;[38;5;32m[AndroidUiautomator2Driver@c44c]&amp#27;[0m   ]
[debug] &amp#27;[38;5;32m[AndroidUiautomator2Driver@c44c]&amp#27;[0m }
&amp#27;[38;5;32m[AndroidUiautomator2Driver@c44c (c875caaa)]&amp#27;[0m Session created with session id: c875caaa-cb68-4d05-b547-fe452c956588
&amp#27;[38;5;48m[BaseDriver]&amp#27;[0m Using local app 'C:\Users\m.ahmad\eclipse-workspace\AppiumFrameworkDesign\src\test\java\org\MuhammadAhmad\resources\General-Store.apk'
[debug] &amp#27;[38;5;32m[AndroidUiautomator2Driver@c44c (c875caaa)]&amp#27;[0m Checking whether app is actually present
&amp#27;[38;5;64m[ADB]&amp#27;[0m Found 4 'build-tools' folders under 'C:\Users\m.ahmad\AppData\Local\Android\Sdk' (newest first):
&amp#27;[38;5;64m[ADB]&amp#27;[0m     C:/Users/m.ahmad/AppData/Local/Android/Sdk/build-tools/35.0.0-rc4
&amp#27;[38;5;64m[ADB]&amp#27;[0m     C:/Users/m.ahmad/AppData/Local/Android/Sdk/build-tools/34.0.0
&amp#27;[38;5;64m[ADB]&amp#27;[0m     C:/Users/m.ahmad/AppData/Local/Android/Sdk/build-tools/33.0.2
&amp#27;[38;5;64m[ADB]&amp#27;[0m     C:/Users/m.ahmad/AppData/Local/Android/Sdk/build-tools/30.0.3
&amp#27;[38;5;64m[ADB]&amp#27;[0m Using 'adb.exe' from 'C:\Users\m.ahmad\AppData\Local\Android\Sdk\platform-tools\adb.exe'
[debug] &amp#27;[38;5;64m[ADB]&amp#27;[0m Running 'C:\Users\m.ahmad\AppData\Local\Android\Sdk\platform-tools\adb.exe -P 5037 start-server'
&amp#27;[38;5;80m[AndroidDriver]&amp#27;[0m Retrieving device list
[debug] &amp#27;[38;5;64m[ADB]&amp#27;[0m Trying to find a connected android device
[debug] &amp#27;[38;5;64m[ADB]&amp#27;[0m Getting connected devices
[debug] &amp#27;[38;5;64m[ADB]&amp#27;[0m Connected devices: [{"udid":"emulator-5554","state":"device"}]
&amp#27;[38;5;80m[AndroidDriver]&amp#27;[0m Using device: emulator-5554
&amp#27;[38;5;64m[ADB]&amp#27;[0m Using 'adb.exe' from 'C:\Users\m.ahmad\AppData\Local\Android\Sdk\platform-tools\adb.exe'
[debug] &amp#27;[38;5;64m[ADB]&amp#27;[0m Running 'C:\Users\m.ahmad\AppData\Local\Android\Sdk\platform-tools\adb.exe -P 5037 start-server'
[debug] &amp#27;[38;5;64m[ADB]&amp#27;[0m Setting device id to emulator-5554
[debug] &amp#27;[38;5;64m[ADB]&amp#27;[0m Running 'C:\Users\m.ahmad\AppData\Local\Android\Sdk\platform-tools\adb.exe -P 5037 -s emulator-5554 shell getprop ro.build.version.sdk'
[debug] &amp#27;[38;5;64m[ADB]&amp#27;[0m Current device property 'ro.build.version.sdk': 31
&amp#27;[38;5;64m[ADB]&amp#27;[0m Getting device platform version
[debug] &amp#27;[38;5;64m[ADB]&amp#27;[0m Running 'C:\Users\m.ahmad\AppData\Local\Android\Sdk\platform-tools\adb.exe -P 5037 -s emulator-5554 shell getprop ro.build.version.release'
[debug] &amp#27;[38;5;64m[ADB]&amp#27;[0m Current device property 'ro.build.version.release': 12
[debug] &amp#27;[38;5;64m[ADB]&amp#27;[0m Device API level: 31
&amp#27;[38;5;32m[AndroidUiautomator2Driver@c44c (c875caaa)]&amp#27;[0m Relaxing hidden api policy
[debug] &amp#27;[38;5;64m[ADB]&amp#27;[0m Running 'C:\Users\m.ahmad\AppData\Local\Android\Sdk\platform-tools\adb.exe -P 5037 -s emulator-5554 shell 'settings put global hidden_api_policy_pre_p_apps 1;settings put global hidden_api_policy_p_apps 1;settings put global hidden_api_policy 1''
[debug] &amp#27;[38;5;80m[AndroidDriver]&amp#27;[0m Parsing package and activity from app manifest
&amp#27;[38;5;64m[ADB]&amp#27;[0m Package name: 'com.androidsample.generalstore'
&amp#27;[38;5;64m[ADB]&amp#27;[0m Main activity name: 'com.androidsample.generalstore.SplashActivity'
[debug] &amp#27;[38;5;80m[AndroidDriver]&amp#27;[0m Parsed package and activity are: com.androidsample.generalstore/com.androidsample.generalstore.SplashActivity
[debug] &amp#27;[38;5;64m[ADB]&amp#27;[0m Running 'C:\Users\m.ahmad\AppData\Local\Android\Sdk\platform-tools\adb.exe -P 5037 -s emulator-5554 wait-for-device'
[debug] &amp#27;[38;5;64m[ADB]&amp#27;[0m Running 'C:\Users\m.ahmad\AppData\Local\Android\Sdk\platform-tools\adb.exe -P 5037 -s emulator-5554 shell echo ping'
[debug] &amp#27;[38;5;80m[AndroidDriver]&amp#27;[0m Pushing settings apk to device...
[debug] &amp#27;[38;5;64m[ADB]&amp#27;[0m Getting install status for io.appium.settings
[debug] &amp#27;[38;5;64m[ADB]&amp#27;[0m Running 'C:\Users\m.ahmad\AppData\Local\Android\Sdk\platform-tools\adb.exe -P 5037 -s emulator-5554 shell dumpsys package io.appium.settings'
[debug] &amp#27;[38;5;64m[ADB]&amp#27;[0m 'io.appium.settings' is installed
[debug] &amp#27;[38;5;64m[ADB]&amp#27;[0m Getting package info for 'io.appium.settings'
[debug] &amp#27;[38;5;64m[ADB]&amp#27;[0m Running 'C:\Users\m.ahmad\AppData\Local\Android\Sdk\platform-tools\adb.exe -P 5037 -s emulator-5554 shell dumpsys package io.appium.settings'
[debug] &amp#27;[38;5;64m[ADB]&amp#27;[0m The version name of the installed 'io.appium.settings' is greater or equal to the application version name ('5.0.3' >= '5.0.3')
[debug] &amp#27;[38;5;64m[ADB]&amp#27;[0m There is no need to install/upgrade 'C:\Users\m.ahmad\.appium\node_modules\appium-uiautomator2-driver\node_modules\io.appium.settings\apks\settings_apk-debug.apk'
[debug] &amp#27;[38;5;64m[ADB]&amp#27;[0m Getting IDs of all 'io.appium.settings' processes
[debug] &amp#27;[38;5;64m[ADB]&amp#27;[0m Running 'C:\Users\m.ahmad\AppData\Local\Android\Sdk\platform-tools\adb.exe -P 5037 -s emulator-5554 shell 'pgrep --help; echo $?''
[debug] &amp#27;[38;5;64m[ADB]&amp#27;[0m Running 'C:\Users\m.ahmad\AppData\Local\Android\Sdk\platform-tools\adb.exe -P 5037 -s emulator-5554 shell pgrep -f \(\[\[:blank:\]\]\|\^\)io\.appium\.settings\(\[\[:blank:\]\]\|\$\)'
[debug] &amp#27;[38;5;80m[AndroidDriver]&amp#27;[0m io.appium.settings is already running. There is no need to reset its permissions.
[debug] &amp#27;[38;5;96m[Logcat]&amp#27;[0m Starting logs capture with command: C:\\Users\\m.ahmad\\AppData\\Local\\Android\\Sdk\\platform-tools\\adb.exe -P 5037 -s emulator-5554 logcat -v threadtime
[debug] &amp#27;[38;5;32m[AndroidUiautomator2Driver@c44c (c875caaa)]&amp#27;[0m Forwarding UiAutomator2 Server port 6790 to local port 8200
[debug] &amp#27;[38;5;64m[ADB]&amp#27;[0m Forwarding system: 8200 to device: 6790
[debug] &amp#27;[38;5;64m[ADB]&amp#27;[0m Running 'C:\Users\m.ahmad\AppData\Local\Android\Sdk\platform-tools\adb.exe -P 5037 -s emulator-5554 forward tcp:8200 tcp:6790'
[debug] &amp#27;[38;5;64m[ADB]&amp#27;[0m Getting install status for io.appium.uiautomator2.server
[debug] &amp#27;[38;5;64m[ADB]&amp#27;[0m Running 'C:\Users\m.ahmad\AppData\Local\Android\Sdk\platform-tools\adb.exe -P 5037 -s emulator-5554 shell dumpsys package io.appium.uiautomator2.server'
[debug] &amp#27;[38;5;64m[ADB]&amp#27;[0m 'io.appium.uiautomator2.server' is installed
[debug] &amp#27;[38;5;64m[ADB]&amp#27;[0m Getting package info for 'io.appium.uiautomator2.server'
[debug] &amp#27;[38;5;64m[ADB]&amp#27;[0m Running 'C:\Users\m.ahmad\AppData\Local\Android\Sdk\platform-tools\adb.exe -P 5037 -s emulator-5554 shell dumpsys package io.appium.uiautomator2.server'
[debug] &amp#27;[38;5;64m[ADB]&amp#27;[0m The version name of the installed 'io.appium.uiautomator2.server' is greater or equal to the application version name ('5.8.2' >= '5.8.2')
[debug] &amp#27;[38;5;32m[AndroidUiautomator2Driver@c44c (c875caaa)]&amp#27;[0m io.appium.uiautomator2.server installation state: sameVersionInstalled
[debug] &amp#27;[38;5;64m[ADB]&amp#27;[0m Checking app cert for C:\Users\m.ahmad\.appium\node_modules\appium-uiautomator2-driver\node_modules\appium-uiautomator2-server\apks\appium-uiautomator2-server-v5.8.2.apk
&amp#27;[38;5;64m[ADB]&amp#27;[0m Using 'apksigner.jar' from 'C:\Users\m.ahmad\AppData\Local\Android\Sdk\build-tools\35.0.0-rc4\lib\apksigner.jar'
[debug] &amp#27;[38;5;64m[ADB]&amp#27;[0m Starting apksigner: 'C:\\Program Files\\Java\\jdk-11\\bin\\java.exe' -Xmx1024M -Xss1m -jar C:\\Users\\m.ahmad\\AppData\\Local\\Android\\Sdk\\build-tools\\35.0.0-rc4\\lib\\apksigner.jar verify --print-certs C:\\Users\\m.ahmad\\.appium\\node_modules\\appium-uiautomator2-driver\\node_modules\\appium-uiautomator2-server\\apks\\appium-uiautomator2-server-v5.8.2.apk
[debug] &amp#27;[38;5;64m[ADB]&amp#27;[0m apksigner stdout: Signer #1 certificate DN: EMAILADDRESS=android@android.com, CN=Android, OU=Android, O=Android, L=Mountain View, ST=California, C=US
[debug] &amp#27;[38;5;64m[ADB]&amp#27;[0m Signer #1 certificate SHA-256 digest: a40da80a59d170caa950cf15c18c454d47a39b26989d8b640ecd745ba71bf5dc
[debug] &amp#27;[38;5;64m[ADB]&amp#27;[0m Signer #1 certificate SHA-1 digest: 61ed377e85d386a8dfee6b864bd85b0bfaa5af81
[debug] &amp#27;[38;5;64m[ADB]&amp#27;[0m Signer #1 certificate MD5 digest: e89b158e4bcf988ebd09eb83f5378e87
[debug] &amp#27;[38;5;64m[ADB]&amp#27;[0m 
[debug] &amp#27;[38;5;64m[ADB]&amp#27;[0m sha256 hash did match for 'appium-uiautomator2-server-v5.8.2.apk'
&amp#27;[38;5;64m[ADB]&amp#27;[0m 'C:\Users\m.ahmad\.appium\node_modules\appium-uiautomator2-driver\node_modules\appium-uiautomator2-server\apks\appium-uiautomator2-server-v5.8.2.apk' is signed with the default certificate
[debug] &amp#27;[38;5;64m[ADB]&amp#27;[0m Getting install status for io.appium.uiautomator2.server.test
[debug] &amp#27;[38;5;64m[ADB]&amp#27;[0m Running 'C:\Users\m.ahmad\AppData\Local\Android\Sdk\platform-tools\adb.exe -P 5037 -s emulator-5554 shell dumpsys package io.appium.uiautomator2.server.test'
[debug] &amp#27;[38;5;64m[ADB]&amp#27;[0m 'io.appium.uiautomator2.server.test' is installed
[debug] &amp#27;[38;5;64m[ADB]&amp#27;[0m Checking app cert for C:\Users\m.ahmad\.appium\node_modules\appium-uiautomator2-driver\node_modules\appium-uiautomator2-server\apks\appium-uiautomator2-server-debug-androidTest.apk
[debug] &amp#27;[38;5;64m[ADB]&amp#27;[0m Starting apksigner: 'C:\\Program Files\\Java\\jdk-11\\bin\\java.exe' -Xmx1024M -Xss1m -jar C:\\Users\\m.ahmad\\AppData\\Local\\Android\\Sdk\\build-tools\\35.0.0-rc4\\lib\\apksigner.jar verify --print-certs C:\\Users\\m.ahmad\\.appium\\node_modules\\appium-uiautomator2-driver\\node_modules\\appium-uiautomator2-server\\apks\\appium-uiautomator2-server-debug-androidTest.apk
[debug] &amp#27;[38;5;64m[ADB]&amp#27;[0m apksigner stdout: Signer #1 certificate DN: EMAILADDRESS=android@android.com, CN=Android, OU=Android, O=Android, L=Mountain View, ST=California, C=US
[debug] &amp#27;[38;5;64m[ADB]&amp#27;[0m Signer #1 certificate SHA-256 digest: a40da80a59d170caa950cf15c18c454d47a39b26989d8b640ecd745ba71bf5dc
[debug] &amp#27;[38;5;64m[ADB]&amp#27;[0m Signer #1 certificate SHA-1 digest: 61ed377e85d386a8dfee6b864bd85b0bfaa5af81
[debug] &amp#27;[38;5;64m[ADB]&amp#27;[0m Signer #1 certificate MD5 digest: e89b158e4bcf988ebd09eb83f5378e87
[debug] &amp#27;[38;5;64m[ADB]&amp#27;[0m 
[debug] &amp#27;[38;5;64m[ADB]&amp#27;[0m sha256 hash did match for 'appium-uiautomator2-server-debug-androidTest.apk'
&amp#27;[38;5;64m[ADB]&amp#27;[0m 'C:\Users\m.ahmad\.appium\node_modules\appium-uiautomator2-driver\node_modules\appium-uiautomator2-server\apks\appium-uiautomator2-server-debug-androidTest.apk' is signed with the default certificate
&amp#27;[38;5;32m[AndroidUiautomator2Driver@c44c (c875caaa)]&amp#27;[0m Server packages are not going to be (re)installed
[debug] &amp#27;[38;5;32m[AndroidUiautomator2Driver@c44c (c875caaa)]&amp#27;[0m Waiting up to 30000ms for services to be available
[debug] &amp#27;[38;5;64m[ADB]&amp#27;[0m Running 'C:\Users\m.ahmad\AppData\Local\Android\Sdk\platform-tools\adb.exe -P 5037 -s emulator-5554 shell pm list instrumentation'
[debug] &amp#27;[38;5;32m[AndroidUiautomator2Driver@c44c (c875caaa)]&amp#27;[0m Instrumentation target 'io.appium.uiautomator2.server.test/androidx.test.runner.AndroidJUnitRunner' is available
&amp#27;[38;5;64m[ADB]&amp#27;[0m Adding packages ["io.appium.settings","io.appium.uiautomator2.server","io.appium.uiautomator2.server.test"] to Doze whitelist
[debug] &amp#27;[38;5;64m[ADB]&amp#27;[0m Got the following command chunks to execute: [["dumpsys","deviceidle","whitelist","+io.appium.settings",";","dumpsys","deviceidle","whitelist","+io.appium.uiautomator2.server",";","dumpsys","deviceidle","whitelist","+io.appium.uiautomator2.server.test",";"]]
[debug] &amp#27;[38;5;64m[ADB]&amp#27;[0m Running 'C:\Users\m.ahmad\AppData\Local\Android\Sdk\platform-tools\adb.exe -P 5037 -s emulator-5554 shell dumpsys deviceidle whitelist +io.appium.settings ; dumpsys deviceidle whitelist +io.appium.uiautomator2.server ; dumpsys deviceidle whitelist +io.appium.uiautomator2.server.test ;'
[debug] &amp#27;[38;5;64m[ADB]&amp#27;[0m Checking app cert for C:\Users\m.ahmad\eclipse-workspace\AppiumFrameworkDesign\src\test\java\org\MuhammadAhmad\resources\General-Store.apk
[debug] &amp#27;[38;5;64m[ADB]&amp#27;[0m Starting apksigner: 'C:\\Program Files\\Java\\jdk-11\\bin\\java.exe' -Xmx1024M -Xss1m -jar C:\\Users\\m.ahmad\\AppData\\Local\\Android\\Sdk\\build-tools\\35.0.0-rc4\\lib\\apksigner.jar verify --print-certs C:\\Users\\m.ahmad\\eclipse-workspace\\AppiumFrameworkDesign\\src\\test\\java\\org\\MuhammadAhmad\\resources\\General-Store.apk
[debug] &amp#27;[38;5;64m[ADB]&amp#27;[0m apksigner stdout: Signer #1 certificate DN: EMAILADDRESS=android@android.com, CN=Android, OU=Android, O=Android, L=Mountain View, ST=California, C=US
[debug] &amp#27;[38;5;64m[ADB]&amp#27;[0m Signer #1 certificate SHA-256 digest: a40da80a59d170caa950cf15c18c454d47a39b26989d8b640ecd745ba71bf5dc
[debug] &amp#27;[38;5;64m[ADB]&amp#27;[0m Signer #1 certificate SHA-1 digest: 61ed377e85d386a8dfee6b864bd85b0bfaa5af81
[debug] &amp#27;[38;5;64m[ADB]&amp#27;[0m Signer #1 certificate MD5 digest: e89b158e4bcf988ebd09eb83f5378e87
[debug] &amp#27;[38;5;64m[ADB]&amp#27;[0m 
[debug] &amp#27;[38;5;64m[ADB]&amp#27;[0m sha256 hash did match for 'General-Store.apk'
&amp#27;[38;5;64m[ADB]&amp#27;[0m 'C:\Users\m.ahmad\eclipse-workspace\AppiumFrameworkDesign\src\test\java\org\MuhammadAhmad\resources\General-Store.apk' is signed with the default certificate
[debug] &amp#27;[38;5;64m[ADB]&amp#27;[0m Getting install status for com.androidsample.generalstore
[debug] &amp#27;[38;5;64m[ADB]&amp#27;[0m Running 'C:\Users\m.ahmad\AppData\Local\Android\Sdk\platform-tools\adb.exe -P 5037 -s emulator-5554 shell dumpsys package com.androidsample.generalstore'
[debug] &amp#27;[38;5;64m[ADB]&amp#27;[0m 'com.androidsample.generalstore' is installed
[debug] &amp#27;[38;5;64m[ADB]&amp#27;[0m Getting package info for 'com.androidsample.generalstore'
[debug] &amp#27;[38;5;64m[ADB]&amp#27;[0m Running 'C:\Users\m.ahmad\AppData\Local\Android\Sdk\platform-tools\adb.exe -P 5037 -s emulator-5554 shell dumpsys package com.androidsample.generalstore'
[debug] &amp#27;[38;5;64m[ADB]&amp#27;[0m The version name of the installed 'com.androidsample.generalstore' is greater or equal to the application version name ('1.0.0' >= '1.0.0')
[debug] &amp#27;[38;5;64m[ADB]&amp#27;[0m There is no need to install/upgrade 'C:\Users\m.ahmad\eclipse-workspace\AppiumFrameworkDesign\src\test\java\org\MuhammadAhmad\resources\General-Store.apk'
&amp#27;[38;5;80m[AndroidDriver]&amp#27;[0m Performing fast reset on 'com.androidsample.generalstore'
[debug] &amp#27;[38;5;64m[ADB]&amp#27;[0m Getting install status for com.androidsample.generalstore
[debug] &amp#27;[38;5;64m[ADB]&amp#27;[0m Running 'C:\Users\m.ahmad\AppData\Local\Android\Sdk\platform-tools\adb.exe -P 5037 -s emulator-5554 shell dumpsys package com.androidsample.generalstore'
[debug] &amp#27;[38;5;64m[ADB]&amp#27;[0m 'com.androidsample.generalstore' is installed
[debug] &amp#27;[38;5;64m[ADB]&amp#27;[0m Running 'C:\Users\m.ahmad\AppData\Local\Android\Sdk\platform-tools\adb.exe -P 5037 -s emulator-5554 shell am force-stop com.androidsample.generalstore'
[debug] &amp#27;[38;5;64m[ADB]&amp#27;[0m Running 'C:\Users\m.ahmad\AppData\Local\Android\Sdk\platform-tools\adb.exe -P 5037 -s emulator-5554 shell pm clear com.androidsample.generalstore'
[debug] &amp#27;[38;5;80m[AndroidDriver]&amp#27;[0m Performed fast reset on the installed 'com.androidsample.generalstore' application (stop and clear)
[debug] &amp#27;[38;5;32m[AndroidUiautomator2Driver@c44c (c875caaa)]&amp#27;[0m Performing shallow cleanup of automation leftovers
[debug] &amp#27;[38;5;32m[AndroidUiautomator2Driver@c44c (c875caaa)]&amp#27;[0m No obsolete sessions have been detected (socket hang up)
[debug] &amp#27;[38;5;64m[ADB]&amp#27;[0m Running 'C:\Users\m.ahmad\AppData\Local\Android\Sdk\platform-tools\adb.exe -P 5037 -s emulator-5554 shell am force-stop io.appium.uiautomator2.server.test'
&amp#27;[38;5;32m[AndroidUiautomator2Driver@c44c (c875caaa)]&amp#27;[0m Starting UIAutomator2 server 5.8.2
&amp#27;[38;5;32m[AndroidUiautomator2Driver@c44c (c875caaa)]&amp#27;[0m Using UIAutomator2 server from 'C:\Users\m.ahmad\.appium\node_modules\appium-uiautomator2-driver\node_modules\appium-uiautomator2-server\apks\appium-uiautomator2-server-v5.8.2.apk' and test from 'C:\Users\m.ahmad\.appium\node_modules\appium-uiautomator2-driver\node_modules\appium-uiautomator2-server\apks\appium-uiautomator2-server-debug-androidTest.apk'
&amp#27;[38;5;32m[AndroidUiautomator2Driver@c44c (c875caaa)]&amp#27;[0m Waiting up to 30000ms for UiAutomator2 to be online...
[debug] &amp#27;[38;5;64m[ADB]&amp#27;[0m Creating ADB subprocess with args: ["-P",5037,"-s","emulator-5554","shell","am","instrument","-w","-e","disableAnalytics",true,"io.appium.uiautomator2.server.test/androidx.test.runner.AndroidJUnitRunner"]
[debug] &amp#27;[38;5;32m[AndroidUiautomator2Driver@c44c (c875caaa)]&amp#27;[0m Matched '/status' to command name 'getStatus'
[debug] &amp#27;[38;5;32m[AndroidUiautomator2Driver@c44c (c875caaa)]&amp#27;[0m Proxying [GET /status] to [GET http://127.0.0.1:8200/status] with no body
&amp#27;[38;5;32m[AndroidUiautomator2Driver@c44c (c875caaa)]&amp#27;[0m socket hang up
[debug] &amp#27;[38;5;112m[Instrumentation]&amp#27;[0m io.appium.uiautomator2.server.test.AppiumUiAutomator2Server:
[debug] &amp#27;[38;5;32m[AndroidUiautomator2Driver@c44c (c875caaa)]&amp#27;[0m Matched '/status' to command name 'getStatus'
[debug] &amp#27;[38;5;32m[AndroidUiautomator2Driver@c44c (c875caaa)]&amp#27;[0m Proxying [GET /status] to [GET http://127.0.0.1:8200/status] with no body
&amp#27;[38;5;32m[AndroidUiautomator2Driver@c44c (c875caaa)]&amp#27;[0m socket hang up
[debug] &amp#27;[38;5;32m[AndroidUiautomator2Driver@c44c (c875caaa)]&amp#27;[0m Matched '/status' to command name 'getStatus'
[debug] &amp#27;[38;5;32m[AndroidUiautomator2Driver@c44c (c875caaa)]&amp#27;[0m Proxying [GET /status] to [GET http://127.0.0.1:8200/status] with no body
[debug] &amp#27;[38;5;32m[AndroidUiautomator2Driver@c44c (c875caaa)]&amp#27;[0m Got response with status 200: {"sessionId":"None","value":{"message":"UiAutomator2 Server is ready to accept commands","ready":true}}
[debug] &amp#27;[38;5;32m[AndroidUiautomator2Driver@c44c (c875caaa)]&amp#27;[0m The initialization of the instrumentation process took 2249ms
[debug] &amp#27;[38;5;32m[AndroidUiautomator2Driver@c44c (c875caaa)]&amp#27;[0m Matched '/session' to command name 'createSession'
[debug] &amp#27;[38;5;32m[AndroidUiautomator2Driver@c44c (c875caaa)]&amp#27;[0m Proxying [POST /session] to [POST http://127.0.0.1:8200/session] with body: {"capabilities":{"firstMatch":[{"platform":"LINUX","webStorageEnabled":false,"takesScreenshot":true,"javascriptEnabled":true,"databaseEnabled":false,"networkConnectionEnabled":true,"locationContextEnabled":false,"warnings":{},"desired":{"platformName":"android","app":"C:\\Users\\m.ahmad\\eclipse-workspace\\AppiumFrameworkDesign\\src\\test\\java\\org\\MuhammadAhmad\\resources\\General-Store.apk","automationName":"UIAutomator2","deviceName":"Pixel 3a API 31"},"platformName":"android","app":"C:\\Users\\m.ahmad\\eclipse-workspace\\AppiumFrameworkDesign\\src\\test\\java\\org\\MuhammadAhmad\\resources\\General-Store.apk","automationName":"UIAutomator2","deviceName":"emulator-5554","deviceUDID":"emulator-5554","appPackage":"com.androidsample.generalstore"}],"alwaysMatch":{}}}
[debug] &amp#27;[38;5;32m[AndroidUiautomator2Driver@c44c (c875caaa)]&amp#27;[0m Got response with status 200: {"sessionId":"c33f3e5b-d9e3-4478-8383-a8c37564cbec","value":{"capabilities":{"firstMatch":[{"platform":"LINUX","webStorageEnabled":false,"takesScreenshot":true,"javascriptEnabled":true,"databaseEnabled":false,"networkConnectionEnabled":true,"locationContextEnabled":false,"warnings":{},"desired":{"platformName":"android","app":"C:\\Users\\m.ahmad\\eclipse-workspace\\AppiumFrameworkDesign\\src\\test\\java\\org\\MuhammadAhmad\\resources\\General-Store.apk","automationName":"UIAutomator2","deviceName":"Pixel 3a API 31"},"platformName":"android","app":"C:\\Users\\m.ahmad\\eclipse-workspace\\AppiumFrameworkDesign\\src\\test\\java\\org\\MuhammadAhmad\\resources\\General-Store.apk","automationName":"UIAutomator2","deviceName":"emulator-5554","deviceUDID":"emulator-5554","appPackage":"com.androidsample.generalstore"}],"alwaysMatch":{}},"sessionId":"c33f3e5b-d9e3-4478-8383-a8c37564cbec"}}
&amp#27;[38;5;32m[AndroidUiautomator2Driver@c44c (c875caaa)]&amp#27;[0m Determined the downstream protocol as 'W3C'
[debug] &amp#27;[38;5;32m[AndroidUiautomator2Driver@c44c (c875caaa)]&amp#27;[0m Proxying [GET /appium/device/info] to [GET http://127.0.0.1:8200/session/c33f3e5b-d9e3-4478-8383-a8c37564cbec/appium/device/info] with no body
[debug] &amp#27;[38;5;32m[AndroidUiautomator2Driver@c44c (c875caaa)]&amp#27;[0m Got response with status 200: {"sessionId":"c33f3e5b-d9e3-4478-8383-a8c37564cbec","value":{"androidId":"ea6be2e86f4e4bfa","apiVersion":"31","bluetooth":{"state":"ON"},"brand":"google","carrierName":"T-Mobile","displayDensity":440,"locale":"en_US","manufacturer":"Google","model":"sdk_gphone64_x86_64","networks":[{"capabilities":{"SSID":null,"linkDownBandwidthKbps":4300,"linkUpstreamBandwidthKbps":1800,"networkCapabilities":"NET_CAPABILITY_MMS,NET_CAPABILITY_SUPL,NET_CAPABILITY_DUN,NET_CAPABILITY_FOTA,NET_CAPABILITY_IMS,NET_CAPABILITY_CBS,NET_CAPABILITY_INTERNET,NET_CAPABILITY_NOT_RESTRICTED,NET_CAPABILITY_TRUSTED,NET_CAPABILITY_NOT_VPN,NET_CAPABILITY_NOT_ROAMING,NET_CAPABILITY_NOT_CONGESTED,NET_CAPABILITY_NOT_SUSPENDED","signalStrength":-2147483648,"transportTypes":"TRANSPORT_CELLULAR"},"detailedState":"CONNECTED","extraInfo":"epc.tmobile.com","isAvailable":true,"isConnected":true,"isFailover":false,"isRoaming":false,"state":"CONNECTED","subtype":10,"subtypeName":"HSPA","type":0,"typeName":"MOBILE"},{"capabilities":{"SSID":null,"linkDow...
[debug] &amp#27;[38;5;64m[ADB]&amp#27;[0m Running 'C:\Users\m.ahmad\AppData\Local\Android\Sdk\platform-tools\adb.exe -P 5037 -s emulator-5554 shell dumpsys window'
&amp#27;[38;5;80m[AndroidDriver]&amp#27;[0m Screen already unlocked, doing nothing
&amp#27;[38;5;32m[AndroidUiautomator2Driver@c44c (c875caaa)]&amp#27;[0m Starting 'com.androidsample.generalstore/com.androidsample.generalstore.SplashActivity and waiting for 'com.androidsample.generalstore/com.androidsample.generalstore.SplashActivity'
[debug] &amp#27;[38;5;64m[ADB]&amp#27;[0m Running 'C:\Users\m.ahmad\AppData\Local\Android\Sdk\platform-tools\adb.exe -P 5037 -s emulator-5554 shell am start -W -n com.androidsample.generalstore/com.androidsample.generalstore.SplashActivity -S -a android.intent.action.MAIN -c android.intent.category.LAUNCHER -f 0x10200000'
[debug] &amp#27;[38;5;64m[ADB]&amp#27;[0m Waiting up to 20000ms for activity matching pkg: 'com.androidsample.generalstore' and activity: 'com.androidsample.generalstore.SplashActivity' to be focused
[debug] &amp#27;[38;5;64m[ADB]&amp#27;[0m Possible activities, to be checked: 'com.androidsample.generalstore.SplashActivity', 'com.androidsample.generalstore.com.androidsample.generalstore.SplashActivity'
[debug] &amp#27;[38;5;64m[ADB]&amp#27;[0m Getting focused package and activity
[debug] &amp#27;[38;5;64m[ADB]&amp#27;[0m Running 'C:\Users\m.ahmad\AppData\Local\Android\Sdk\platform-tools\adb.exe -P 5037 -s emulator-5554 shell dumpsys window displays'
[debug] &amp#27;[38;5;64m[ADB]&amp#27;[0m Found package: 'com.androidsample.generalstore' and fully qualified activity name : 'com.androidsample.generalstore.SplashActivity'
[debug] &amp#27;[38;5;32m[AndroidUiautomator2Driver@c44c (c875caaa)]&amp#27;[0m Proxying [GET /appium/device/pixel_ratio] to [GET http://127.0.0.1:8200/session/c33f3e5b-d9e3-4478-8383-a8c37564cbec/appium/device/pixel_ratio] with no body
[debug] &amp#27;[38;5;32m[AndroidUiautomator2Driver@c44c (c875caaa)]&amp#27;[0m Got response with status 200: {"sessionId":"c33f3e5b-d9e3-4478-8383-a8c37564cbec","value":2.75}
[debug] &amp#27;[38;5;32m[AndroidUiautomator2Driver@c44c (c875caaa)]&amp#27;[0m Matched '/appium/device/system_bars' to command name 'getSystemBars'
[debug] &amp#27;[38;5;32m[AndroidUiautomator2Driver@c44c (c875caaa)]&amp#27;[0m Proxying [GET /appium/device/system_bars] to [GET http://127.0.0.1:8200/session/c33f3e5b-d9e3-4478-8383-a8c37564cbec/appium/device/system_bars] with no body
[debug] &amp#27;[38;5;32m[AndroidUiautomator2Driver@c44c (c875caaa)]&amp#27;[0m Got response with status 200: {"sessionId":"c33f3e5b-d9e3-4478-8383-a8c37564cbec","value":{"statusBar":66}}
[debug] &amp#27;[38;5;32m[AndroidUiautomator2Driver@c44c (c875caaa)]&amp#27;[0m Matched '/window/current/size' to command name 'getWindowSize'
[debug] &amp#27;[38;5;32m[AndroidUiautomator2Driver@c44c (c875caaa)]&amp#27;[0m Proxying [GET /window/current/size] to [GET http://127.0.0.1:8200/session/c33f3e5b-d9e3-4478-8383-a8c37564cbec/window/current/size] with no body
[debug] &amp#27;[38;5;32m[AndroidUiautomator2Driver@c44c (c875caaa)]&amp#27;[0m Got response with status 200: {"sessionId":"c33f3e5b-d9e3-4478-8383-a8c37564cbec","value":{"height":2088,"width":1080}}
&amp#27;[38;5;16m[AppiumDriver@0de4]&amp#27;[0m New AndroidUiautomator2Driver session created successfully, session c875caaa-cb68-4d05-b547-fe452c956588 added to master session list
[debug] &amp#27;[38;5;16m[AppiumDriver@0de4]&amp#27;[0m Event 'newSessionStarted' logged at 1718107500601 (17:05:00 GMT+0500 (Pakistan Standard Time))
[debug] &amp#27;[38;5;32m[AndroidUiautomator2Driver@c44c (c875caaa)]&amp#27;[0m Cached the protocol value 'W3C' for the new session c875caaa-cb68-4d05-b547-fe452c956588
[debug] &amp#27;[38;5;32m[AndroidUiautomator2Driver@c44c (c875caaa)]&amp#27;[0m Responding to client with driver.createSession() result: {"capabilities":{"platform":"LINUX","webStorageEnabled":false,"takesScreenshot":true,"javascriptEnabled":true,"databaseEnabled":false,"networkConnectionEnabled":true,"locationContextEnabled":false,"warnings":{},"desired":{"platformName":"android","app":"C:\\Users\\m.ahmad\\eclipse-workspace\\AppiumFrameworkDesign\\src\\test\\java\\org\\MuhammadAhmad\\resources\\General-Store.apk","automationName":"UIAutomator2","deviceName":"Pixel 3a API 31"},"platformName":"android","app":"C:\\Users\\m.ahmad\\eclipse-workspace\\AppiumFrameworkDesign\\src\\test\\java\\org\\MuhammadAhmad\\resources\\General-Store.apk","automationName":"UIAutomator2","deviceName":"emulator-5554","deviceUDID":"emulator-5554","appPackage":"com.androidsample.generalstore","deviceApiLevel":31,"platformVersion":"12","deviceScreenSize":"1080x2220","deviceScreenDensity":440,"deviceModel":"sdk_gphone64_x86_64","deviceManufacturer":"Google","pixelRatio":2.75,"statBarHeight":66,"viewportRect":{"left":0,"top":66,"width":1080,"height":2022}}}
&amp#27;[38;5;0m[HTTP]&amp#27;[0m &amp#27;[37m<-- POST /session &amp#27;[39m&amp#27;[32m200&amp#27;[39m &amp#27;[90m5863 ms - 1071&amp#27;[39m
&amp#27;[38;5;0m[HTTP]&amp#27;[0m &amp#27;[90m&amp#27;[39m
&amp#27;[38;5;0m[HTTP]&amp#27;[0m &amp#27;[37m-->&amp#27;[39m &amp#27;[37mPOST&amp#27;[39m &amp#27;[37m/session/c875caaa-cb68-4d05-b547-fe452c956588/timeouts&amp#27;[39m
&amp#27;[38;5;0m[HTTP]&amp#27;[0m &amp#27;[90m{"implicit":10000}&amp#27;[39m
[debug] &amp#27;[38;5;32m[AndroidUiautomator2Driver@c44c (c875caaa)]&amp#27;[0m Calling AppiumDriver.timeouts() with args: [null,null,null,null,10000,"c875caaa-cb68-4d05-b547-fe452c956588"]
[debug] &amp#27;[38;5;32m[AndroidUiautomator2Driver@c44c (c875caaa)]&amp#27;[0m W3C timeout argument: {"implicit":10000}}
[debug] &amp#27;[38;5;32m[AndroidUiautomator2Driver@c44c (c875caaa)]&amp#27;[0m Set implicit wait to 10000ms
[debug] &amp#27;[38;5;32m[AndroidUiautomator2Driver@c44c (c875caaa)]&amp#27;[0m Responding to client with driver.timeouts() result: null
&amp#27;[38;5;0m[HTTP]&amp#27;[0m &amp#27;[37m<-- POST /session/c875caaa-cb68-4d05-b547-fe452c956588/timeouts &amp#27;[39m&amp#27;[32m200&amp#27;[39m &amp#27;[90m4 ms - 14&amp#27;[39m
&amp#27;[38;5;0m[HTTP]&amp#27;[0m &amp#27;[90m&amp#27;[39m
&amp#27;[38;5;0m[HTTP]&amp#27;[0m &amp#27;[37m-->&amp#27;[39m &amp#27;[37mPOST&amp#27;[39m &amp#27;[37m/session/c875caaa-cb68-4d05-b547-fe452c956588/appium/device/start_activity&amp#27;[39m
&amp#27;[38;5;0m[HTTP]&amp#27;[0m &amp#27;[90m{"appPackage":"com.androidsample.generalstore","appActivity":"com.androidsample.generalstore.SplashActivity","appWaitPackage":"","appWaitActivity":"","dontStopAppOnReset":false,"intentAction":"","intentCategory":"","intentFlags":"","optionalIntentArguments":""}&amp#27;[39m
[debug] &amp#27;[38;5;32m[AndroidUiautomator2Driver@c44c (c875caaa)]&amp#27;[0m Calling AppiumDriver.startActivity() with args: ["com.androidsample.generalstore","com.androidsample.generalstore.SplashActivity","","","","","","",false,null,null,"c875caaa-cb68-4d05-b547-fe452c956588"]
[debug] &amp#27;[38;5;32m[AndroidUiautomator2Driver@c44c (c875caaa)]&amp#27;[0m Starting package 'com.androidsample.generalstore' and activity 'com.androidsample.generalstore.SplashActivity'
[debug] &amp#27;[38;5;64m[ADB]&amp#27;[0m Running 'C:\Users\m.ahmad\AppData\Local\Android\Sdk\platform-tools\adb.exe -P 5037 -s emulator-5554 shell am start -W -n com.androidsample.generalstore/com.androidsample.generalstore.SplashActivity -S'
[debug] &amp#27;[38;5;64m[ADB]&amp#27;[0m Waiting up to 20000ms for activity matching pkg: 'com.androidsample.generalstore' and activity: 'com.androidsample.generalstore.SplashActivity' to be focused
[debug] &amp#27;[38;5;64m[ADB]&amp#27;[0m Possible activities, to be checked: 'com.androidsample.generalstore.SplashActivity', 'com.androidsample.generalstore.com.androidsample.generalstore.SplashActivity'
[debug] &amp#27;[38;5;64m[ADB]&amp#27;[0m Getting focused package and activity
[debug] &amp#27;[38;5;64m[ADB]&amp#27;[0m Running 'C:\Users\m.ahmad\AppData\Local\Android\Sdk\platform-tools\adb.exe -P 5037 -s emulator-5554 shell dumpsys window displays'
[debug] &amp#27;[38;5;64m[ADB]&amp#27;[0m Found package: 'com.androidsample.generalstore' and fully qualified activity name : 'com.androidsample.generalstore.SplashActivity'
[debug] &amp#27;[38;5;32m[AndroidUiautomator2Driver@c44c (c875caaa)]&amp#27;[0m Responding to client with driver.startActivity() result: null
&amp#27;[38;5;0m[HTTP]&amp#27;[0m &amp#27;[37m<-- POST /session/c875caaa-cb68-4d05-b547-fe452c956588/appium/device/start_activity &amp#27;[39m&amp#27;[32m200&amp#27;[39m &amp#27;[90m974 ms - 14&amp#27;[39m
&amp#27;[38;5;0m[HTTP]&amp#27;[0m &amp#27;[90m&amp#27;[39m
&amp#27;[38;5;0m[HTTP]&amp#27;[0m &amp#27;[37m-->&amp#27;[39m &amp#27;[37mPOST&amp#27;[39m &amp#27;[37m/session/c875caaa-cb68-4d05-b547-fe452c956588/element&amp#27;[39m
&amp#27;[38;5;0m[HTTP]&amp#27;[0m &amp#27;[90m{"using":"xpath","value":"//android.widget.RadioButton[@text=\"Female\"]"}&amp#27;[39m
[debug] &amp#27;[38;5;32m[AndroidUiautomator2Driver@c44c (c875caaa)]&amp#27;[0m Calling AppiumDriver.findElement() with args: ["xpath","//android.widget.RadioButton[@text=\"Female\"]","c875caaa-cb68-4d05-b547-fe452c956588"]
[debug] &amp#27;[38;5;32m[AndroidUiautomator2Driver@c44c (c875caaa)]&amp#27;[0m Valid locator strategies for this request: xpath, id, class name, accessibility id, css selector, -android uiautomator
[debug] &amp#27;[38;5;32m[AndroidUiautomator2Driver@c44c (c875caaa)]&amp#27;[0m Waiting up to 10000 ms for condition
[debug] &amp#27;[38;5;32m[AndroidUiautomator2Driver@c44c (c875caaa)]&amp#27;[0m Matched '/element' to command name 'findElement'
[debug] &amp#27;[38;5;32m[AndroidUiautomator2Driver@c44c (c875caaa)]&amp#27;[0m Proxying [POST /element] to [POST http://127.0.0.1:8200/session/c33f3e5b-d9e3-4478-8383-a8c37564cbec/element] with body: {"strategy":"xpath","selector":"//android.widget.RadioButton[@text=\"Female\"]","context":"","multiple":false}
&amp#27;[38;5;32m[AndroidUiautomator2Driver@c44c (c875caaa)]&amp#27;[0m Got response with status 404: {"sessionId":"c33f3e5b-d9e3-4478-8383-a8c37564cbec","value":{"error":"no such element","message":"An element could not be located on the page using the given search parameters","stacktrace":"io.appium.uiautomator2.common.exceptions.ElementNotFoundException: An element could not be located on the page using the given search parameters\n\tat io.appium.uiautomator2.handler.FindElement.findElement(FindElement.java:90)\n\tat io.appium.uiautomator2.handler.FindElement.safeHandle(FindElement.java:67)\n\tat io.appium.uiautomator2.handler.request.SafeRequestHandler.handle(SafeRequestHandler.java:59)\n\tat io.appium.uiautomator2.server.AppiumServlet.handleRequest(AppiumServlet.java:270)\n\tat io.appium.uiautomator2.server.AppiumServlet.handleHttpRequest(AppiumServlet.java:264)\n\tat io.appium.uiautomator2.http.ServerHandler.channelRead(ServerHandler.java:68)\n\tat io.netty.channel.AbstractChannelHandlerContext.invokeChannelRead(AbstractChannelHandlerContext.java:366)\n\tat io.netty.channel.AbstractChannelHandlerCont...
[debug] &amp#27;[38;5;128m[W3C]&amp#27;[0m Matched W3C error code 'no such element' to NoSuchElementError
[debug] &amp#27;[38;5;32m[AndroidUiautomator2Driver@c44c (c875caaa)]&amp#27;[0m Waited for 934 ms so far
[debug] &amp#27;[38;5;32m[AndroidUiautomator2Driver@c44c (c875caaa)]&amp#27;[0m Matched '/element' to command name 'findElement'
[debug] &amp#27;[38;5;32m[AndroidUiautomator2Driver@c44c (c875caaa)]&amp#27;[0m Proxying [POST /element] to [POST http://127.0.0.1:8200/session/c33f3e5b-d9e3-4478-8383-a8c37564cbec/element] with body: {"strategy":"xpath","selector":"//android.widget.RadioButton[@text=\"Female\"]","context":"","multiple":false}
&amp#27;[38;5;32m[AndroidUiautomator2Driver@c44c (c875caaa)]&amp#27;[0m Got response with status 404: {"sessionId":"c33f3e5b-d9e3-4478-8383-a8c37564cbec","value":{"error":"no such element","message":"An element could not be located on the page using the given search parameters","stacktrace":"io.appium.uiautomator2.common.exceptions.ElementNotFoundException: An element could not be located on the page using the given search parameters\n\tat io.appium.uiautomator2.handler.FindElement.findElement(FindElement.java:90)\n\tat io.appium.uiautomator2.handler.FindElement.safeHandle(FindElement.java:67)\n\tat io.appium.uiautomator2.handler.request.SafeRequestHandler.handle(SafeRequestHandler.java:59)\n\tat io.appium.uiautomator2.server.AppiumServlet.handleRequest(AppiumServlet.java:270)\n\tat io.appium.uiautomator2.server.AppiumServlet.handleHttpRequest(AppiumServlet.java:264)\n\tat io.appium.uiautomator2.http.ServerHandler.channelRead(ServerHandler.java:68)\n\tat io.netty.channel.AbstractChannelHandlerContext.invokeChannelRead(AbstractChannelHandlerContext.java:366)\n\tat io.netty.channel.AbstractChannelHandlerCont...
[debug] &amp#27;[38;5;128m[W3C]&amp#27;[0m Matched W3C error code 'no such element' to NoSuchElementError
[debug] &amp#27;[38;5;32m[AndroidUiautomator2Driver@c44c (c875caaa)]&amp#27;[0m Waited for 1479 ms so far
[debug] &amp#27;[38;5;32m[AndroidUiautomator2Driver@c44c (c875caaa)]&amp#27;[0m Matched '/element' to command name 'findElement'
[debug] &amp#27;[38;5;32m[AndroidUiautomator2Driver@c44c (c875caaa)]&amp#27;[0m Proxying [POST /element] to [POST http://127.0.0.1:8200/session/c33f3e5b-d9e3-4478-8383-a8c37564cbec/element] with body: {"strategy":"xpath","selector":"//android.widget.RadioButton[@text=\"Female\"]","context":"","multiple":false}
&amp#27;[38;5;32m[AndroidUiautomator2Driver@c44c (c875caaa)]&amp#27;[0m Got response with status 404: {"sessionId":"c33f3e5b-d9e3-4478-8383-a8c37564cbec","value":{"error":"no such element","message":"An element could not be located on the page using the given search parameters","stacktrace":"io.appium.uiautomator2.common.exceptions.ElementNotFoundException: An element could not be located on the page using the given search parameters\n\tat io.appium.uiautomator2.handler.FindElement.findElement(FindElement.java:90)\n\tat io.appium.uiautomator2.handler.FindElement.safeHandle(FindElement.java:67)\n\tat io.appium.uiautomator2.handler.request.SafeRequestHandler.handle(SafeRequestHandler.java:59)\n\tat io.appium.uiautomator2.server.AppiumServlet.handleRequest(AppiumServlet.java:270)\n\tat io.appium.uiautomator2.server.AppiumServlet.handleHttpRequest(AppiumServlet.java:264)\n\tat io.appium.uiautomator2.http.ServerHandler.channelRead(ServerHandler.java:68)\n\tat io.netty.channel.AbstractChannelHandlerContext.invokeChannelRead(AbstractChannelHandlerContext.java:366)\n\tat io.netty.channel.AbstractChannelHandlerCont...
[debug] &amp#27;[38;5;128m[W3C]&amp#27;[0m Matched W3C error code 'no such element' to NoSuchElementError
[debug] &amp#27;[38;5;32m[AndroidUiautomator2Driver@c44c (c875caaa)]&amp#27;[0m Waited for 2031 ms so far
[debug] &amp#27;[38;5;32m[AndroidUiautomator2Driver@c44c (c875caaa)]&amp#27;[0m Matched '/element' to command name 'findElement'
[debug] &amp#27;[38;5;32m[AndroidUiautomator2Driver@c44c (c875caaa)]&amp#27;[0m Proxying [POST /element] to [POST http://127.0.0.1:8200/session/c33f3e5b-d9e3-4478-8383-a8c37564cbec/element] with body: {"strategy":"xpath","selector":"//android.widget.RadioButton[@text=\"Female\"]","context":"","multiple":false}
&amp#27;[38;5;32m[AndroidUiautomator2Driver@c44c (c875caaa)]&amp#27;[0m Got response with status 404: {"sessionId":"c33f3e5b-d9e3-4478-8383-a8c37564cbec","value":{"error":"no such element","message":"An element could not be located on the page using the given search parameters","stacktrace":"io.appium.uiautomator2.common.exceptions.ElementNotFoundException: An element could not be located on the page using the given search parameters\n\tat io.appium.uiautomator2.handler.FindElement.findElement(FindElement.java:90)\n\tat io.appium.uiautomator2.handler.FindElement.safeHandle(FindElement.java:67)\n\tat io.appium.uiautomator2.handler.request.SafeRequestHandler.handle(SafeRequestHandler.java:59)\n\tat io.appium.uiautomator2.server.AppiumServlet.handleRequest(AppiumServlet.java:270)\n\tat io.appium.uiautomator2.server.AppiumServlet.handleHttpRequest(AppiumServlet.java:264)\n\tat io.appium.uiautomator2.http.ServerHandler.channelRead(ServerHandler.java:68)\n\tat io.netty.channel.AbstractChannelHandlerContext.invokeChannelRead(AbstractChannelHandlerContext.java:366)\n\tat io.netty.channel.AbstractChannelHandlerCont...
[debug] &amp#27;[38;5;128m[W3C]&amp#27;[0m Matched W3C error code 'no such element' to NoSuchElementError
[debug] &amp#27;[38;5;32m[AndroidUiautomator2Driver@c44c (c875caaa)]&amp#27;[0m Waited for 2579 ms so far
[debug] &amp#27;[38;5;32m[AndroidUiautomator2Driver@c44c (c875caaa)]&amp#27;[0m Matched '/element' to command name 'findElement'
[debug] &amp#27;[38;5;32m[AndroidUiautomator2Driver@c44c (c875caaa)]&amp#27;[0m Proxying [POST /element] to [POST http://127.0.0.1:8200/session/c33f3e5b-d9e3-4478-8383-a8c37564cbec/element] with body: {"strategy":"xpath","selector":"//android.widget.RadioButton[@text=\"Female\"]","context":"","multiple":false}
[debug] &amp#27;[38;5;32m[AndroidUiautomator2Driver@c44c (c875caaa)]&amp#27;[0m Got response with status 200: {"sessionId":"c33f3e5b-d9e3-4478-8383-a8c37564cbec","value":{"ELEMENT":"00000000-0000-0045-ffff-ffff00000020","element-6066-11e4-a52e-4f735466cecf":"00000000-0000-0045-ffff-ffff00000020"}}
[debug] &amp#27;[38;5;32m[AndroidUiautomator2Driver@c44c (c875caaa)]&amp#27;[0m Responding to client with driver.findElement() result: {"element-6066-11e4-a52e-4f735466cecf":"00000000-0000-0045-ffff-ffff00000020","ELEMENT":"00000000-0000-0045-ffff-ffff00000020"}
&amp#27;[38;5;0m[HTTP]&amp#27;[0m &amp#27;[37m<-- POST /session/c875caaa-cb68-4d05-b547-fe452c956588/element &amp#27;[39m&amp#27;[32m200&amp#27;[39m &amp#27;[90m3659 ms - 137&amp#27;[39m
&amp#27;[38;5;0m[HTTP]&amp#27;[0m &amp#27;[90m&amp#27;[39m
&amp#27;[38;5;0m[HTTP]&amp#27;[0m &amp#27;[37m-->&amp#27;[39m &amp#27;[37mPOST&amp#27;[39m &amp#27;[37m/session/c875caaa-cb68-4d05-b547-fe452c956588/element/00000000-0000-0045-ffff-ffff00000020/click&amp#27;[39m
&amp#27;[38;5;0m[HTTP]&amp#27;[0m &amp#27;[90m{"id":"00000000-0000-0045-ffff-ffff00000020"}&amp#27;[39m
[debug] &amp#27;[38;5;32m[AndroidUiautomator2Driver@c44c (c875caaa)]&amp#27;[0m Calling AppiumDriver.click() with args: ["00000000-0000-0045-ffff-ffff00000020","c875caaa-cb68-4d05-b547-fe452c956588"]
[debug] &amp#27;[38;5;32m[AndroidUiautomator2Driver@c44c (c875caaa)]&amp#27;[0m Matched '/element/00000000-0000-0045-ffff-ffff00000020/click' to command name 'click'
[debug] &amp#27;[38;5;32m[AndroidUiautomator2Driver@c44c (c875caaa)]&amp#27;[0m Proxying [POST /element/00000000-0000-0045-ffff-ffff00000020/click] to [POST http://127.0.0.1:8200/session/c33f3e5b-d9e3-4478-8383-a8c37564cbec/element/00000000-0000-0045-ffff-ffff00000020/click] with body: {"element":"00000000-0000-0045-ffff-ffff00000020"}
[debug] &amp#27;[38;5;32m[AndroidUiautomator2Driver@c44c (c875caaa)]&amp#27;[0m Got response with status 200: {"sessionId":"c33f3e5b-d9e3-4478-8383-a8c37564cbec","value":null}
[debug] &amp#27;[38;5;32m[AndroidUiautomator2Driver@c44c (c875caaa)]&amp#27;[0m Responding to client with driver.click() result: null
&amp#27;[38;5;0m[HTTP]&amp#27;[0m &amp#27;[37m<-- POST /session/c875caaa-cb68-4d05-b547-fe452c956588/element/00000000-0000-0045-ffff-ffff00000020/click &amp#27;[39m&amp#27;[32m200&amp#27;[39m &amp#27;[90m159 ms - 14&amp#27;[39m
&amp#27;[38;5;0m[HTTP]&amp#27;[0m &amp#27;[90m&amp#27;[39m
&amp#27;[38;5;0m[HTTP]&amp#27;[0m &amp#27;[37m-->&amp#27;[39m &amp#27;[37mPOST&amp#27;[39m &amp#27;[37m/session/c875caaa-cb68-4d05-b547-fe452c956588/element&amp#27;[39m
&amp#27;[38;5;0m[HTTP]&amp#27;[0m &amp#27;[90m{"using":"id","value":"android:id/text1"}&amp#27;[39m
[debug] &amp#27;[38;5;32m[AndroidUiautomator2Driver@c44c (c875caaa)]&amp#27;[0m Calling AppiumDriver.findElement() with args: ["id","android:id/text1","c875caaa-cb68-4d05-b547-fe452c956588"]
[debug] &amp#27;[38;5;32m[AndroidUiautomator2Driver@c44c (c875caaa)]&amp#27;[0m Valid locator strategies for this request: xpath, id, class name, accessibility id, css selector, -android uiautomator
[debug] &amp#27;[38;5;32m[AndroidUiautomator2Driver@c44c (c875caaa)]&amp#27;[0m Waiting up to 10000 ms for condition
[debug] &amp#27;[38;5;32m[AndroidUiautomator2Driver@c44c (c875caaa)]&amp#27;[0m Matched '/element' to command name 'findElement'
[debug] &amp#27;[38;5;32m[AndroidUiautomator2Driver@c44c (c875caaa)]&amp#27;[0m Proxying [POST /element] to [POST http://127.0.0.1:8200/session/c33f3e5b-d9e3-4478-8383-a8c37564cbec/element] with body: {"strategy":"id","selector":"android:id/text1","context":"","multiple":false}
[debug] &amp#27;[38;5;32m[AndroidUiautomator2Driver@c44c (c875caaa)]&amp#27;[0m Got response with status 200: {"sessionId":"c33f3e5b-d9e3-4478-8383-a8c37564cbec","value":{"ELEMENT":"00000000-0000-0045-ffff-ffff00000024","element-6066-11e4-a52e-4f735466cecf":"00000000-0000-0045-ffff-ffff00000024"}}
[debug] &amp#27;[38;5;32m[AndroidUiautomator2Driver@c44c (c875caaa)]&amp#27;[0m Responding to client with driver.findElement() result: {"element-6066-11e4-a52e-4f735466cecf":"00000000-0000-0045-ffff-ffff00000024","ELEMENT":"00000000-0000-0045-ffff-ffff00000024"}
&amp#27;[38;5;0m[HTTP]&amp#27;[0m &amp#27;[37m<-- POST /session/c875caaa-cb68-4d05-b547-fe452c956588/element &amp#27;[39m&amp#27;[32m200&amp#27;[39m &amp#27;[90m57 ms - 137&amp#27;[39m
&amp#27;[38;5;0m[HTTP]&amp#27;[0m &amp#27;[90m&amp#27;[39m
&amp#27;[38;5;0m[HTTP]&amp#27;[0m &amp#27;[37m-->&amp#27;[39m &amp#27;[37mPOST&amp#27;[39m &amp#27;[37m/session/c875caaa-cb68-4d05-b547-fe452c956588/element/00000000-0000-0045-ffff-ffff00000024/click&amp#27;[39m
&amp#27;[38;5;0m[HTTP]&amp#27;[0m &amp#27;[90m{"id":"00000000-0000-0045-ffff-ffff00000024"}&amp#27;[39m
[debug] &amp#27;[38;5;32m[AndroidUiautomator2Driver@c44c (c875caaa)]&amp#27;[0m Calling AppiumDriver.click() with args: ["00000000-0000-0045-ffff-ffff00000024","c875caaa-cb68-4d05-b547-fe452c956588"]
[debug] &amp#27;[38;5;32m[AndroidUiautomator2Driver@c44c (c875caaa)]&amp#27;[0m Matched '/element/00000000-0000-0045-ffff-ffff00000024/click' to command name 'click'
[debug] &amp#27;[38;5;32m[AndroidUiautomator2Driver@c44c (c875caaa)]&amp#27;[0m Proxying [POST /element/00000000-0000-0045-ffff-ffff00000024/click] to [POST http://127.0.0.1:8200/session/c33f3e5b-d9e3-4478-8383-a8c37564cbec/element/00000000-0000-0045-ffff-ffff00000024/click] with body: {"element":"00000000-0000-0045-ffff-ffff00000024"}
[debug] &amp#27;[38;5;32m[AndroidUiautomator2Driver@c44c (c875caaa)]&amp#27;[0m Got response with status 200: {"sessionId":"c33f3e5b-d9e3-4478-8383-a8c37564cbec","value":null}
[debug] &amp#27;[38;5;32m[AndroidUiautomator2Driver@c44c (c875caaa)]&amp#27;[0m Responding to client with driver.click() result: null
&amp#27;[38;5;0m[HTTP]&amp#27;[0m &amp#27;[37m<-- POST /session/c875caaa-cb68-4d05-b547-fe452c956588/element/00000000-0000-0045-ffff-ffff00000024/click &amp#27;[39m&amp#27;[32m200&amp#27;[39m &amp#27;[90m585 ms - 14&amp#27;[39m
&amp#27;[38;5;0m[HTTP]&amp#27;[0m &amp#27;[90m&amp#27;[39m
&amp#27;[38;5;0m[HTTP]&amp#27;[0m &amp#27;[37m-->&amp#27;[39m &amp#27;[37mPOST&amp#27;[39m &amp#27;[37m/session/c875caaa-cb68-4d05-b547-fe452c956588/element&amp#27;[39m
&amp#27;[38;5;0m[HTTP]&amp#27;[0m &amp#27;[90m{"using":"-android uiautomator","value":"new UiScrollable(new UiSelector()).scrollIntoView(text(\"Argentina\"));"}&amp#27;[39m
[debug] &amp#27;[38;5;32m[AndroidUiautomator2Driver@c44c (c875caaa)]&amp#27;[0m Calling AppiumDriver.findElement() with args: ["-android uiautomator","new UiScrollable(new UiSelector()).scrollIntoView(text(\"Argentina\"));","c875caaa-cb68-4d05-b547-fe452c956588"]
[debug] &amp#27;[38;5;32m[AndroidUiautomator2Driver@c44c (c875caaa)]&amp#27;[0m Valid locator strategies for this request: xpath, id, class name, accessibility id, css selector, -android uiautomator
[debug] &amp#27;[38;5;32m[AndroidUiautomator2Driver@c44c (c875caaa)]&amp#27;[0m Waiting up to 10000 ms for condition
[debug] &amp#27;[38;5;32m[AndroidUiautomator2Driver@c44c (c875caaa)]&amp#27;[0m Matched '/element' to command name 'findElement'
[debug] &amp#27;[38;5;32m[AndroidUiautomator2Driver@c44c (c875caaa)]&amp#27;[0m Proxying [POST /element] to [POST http://127.0.0.1:8200/session/c33f3e5b-d9e3-4478-8383-a8c37564cbec/element] with body: {"strategy":"-android uiautomator","selector":"new UiScrollable(new UiSelector()).scrollIntoView(text(\"Argentina\"));","context":"","multiple":false}
[debug] &amp#27;[38;5;32m[AndroidUiautomator2Driver@c44c (c875caaa)]&amp#27;[0m Got response with status 200: {"sessionId":"c33f3e5b-d9e3-4478-8383-a8c37564cbec","value":{"ELEMENT":"00000000-0000-0046-ffff-ffff00000032","element-6066-11e4-a52e-4f735466cecf":"00000000-0000-0046-ffff-ffff00000032"}}
[debug] &amp#27;[38;5;32m[AndroidUiautomator2Driver@c44c (c875caaa)]&amp#27;[0m Responding to client with driver.findElement() result: {"element-6066-11e4-a52e-4f735466cecf":"00000000-0000-0046-ffff-ffff00000032","ELEMENT":"00000000-0000-0046-ffff-ffff00000032"}
&amp#27;[38;5;0m[HTTP]&amp#27;[0m &amp#27;[37m<-- POST /session/c875caaa-cb68-4d05-b547-fe452c956588/element &amp#27;[39m&amp#27;[32m200&amp#27;[39m &amp#27;[90m4185 ms - 137&amp#27;[39m
&amp#27;[38;5;0m[HTTP]&amp#27;[0m &amp#27;[90m&amp#27;[39m
&amp#27;[38;5;0m[HTTP]&amp#27;[0m &amp#27;[37m-->&amp#27;[39m &amp#27;[37mPOST&amp#27;[39m &amp#27;[37m/session/c875caaa-cb68-4d05-b547-fe452c956588/element&amp#27;[39m
&amp#27;[38;5;0m[HTTP]&amp#27;[0m &amp#27;[90m{"using":"xpath","value":"//android.widget.TextView[@text=\"Argentina\"]"}&amp#27;[39m
[debug] &amp#27;[38;5;32m[AndroidUiautomator2Driver@c44c (c875caaa)]&amp#27;[0m Calling AppiumDriver.findElement() with args: ["xpath","//android.widget.TextView[@text=\"Argentina\"]","c875caaa-cb68-4d05-b547-fe452c956588"]
[debug] &amp#27;[38;5;32m[AndroidUiautomator2Driver@c44c (c875caaa)]&amp#27;[0m Valid locator strategies for this request: xpath, id, class name, accessibility id, css selector, -android uiautomator
[debug] &amp#27;[38;5;32m[AndroidUiautomator2Driver@c44c (c875caaa)]&amp#27;[0m Waiting up to 10000 ms for condition
[debug] &amp#27;[38;5;32m[AndroidUiautomator2Driver@c44c (c875caaa)]&amp#27;[0m Matched '/element' to command name 'findElement'
[debug] &amp#27;[38;5;32m[AndroidUiautomator2Driver@c44c (c875caaa)]&amp#27;[0m Proxying [POST /element] to [POST http://127.0.0.1:8200/session/c33f3e5b-d9e3-4478-8383-a8c37564cbec/element] with body: {"strategy":"xpath","selector":"//android.widget.TextView[@text=\"Argentina\"]","context":"","multiple":false}
[debug] &amp#27;[38;5;32m[AndroidUiautomator2Driver@c44c (c875caaa)]&amp#27;[0m Got response with status 200: {"sessionId":"c33f3e5b-d9e3-4478-8383-a8c37564cbec","value":{"ELEMENT":"00000000-0000-0046-ffff-ffff00000032","element-6066-11e4-a52e-4f735466cecf":"00000000-0000-0046-ffff-ffff00000032"}}
[debug] &amp#27;[38;5;32m[AndroidUiautomator2Driver@c44c (c875caaa)]&amp#27;[0m Responding to client with driver.findElement() result: {"element-6066-11e4-a52e-4f735466cecf":"00000000-0000-0046-ffff-ffff00000032","ELEMENT":"00000000-0000-0046-ffff-ffff00000032"}
&amp#27;[38;5;0m[HTTP]&amp#27;[0m &amp#27;[37m<-- POST /session/c875caaa-cb68-4d05-b547-fe452c956588/element &amp#27;[39m&amp#27;[32m200&amp#27;[39m &amp#27;[90m60 ms - 137&amp#27;[39m
&amp#27;[38;5;0m[HTTP]&amp#27;[0m &amp#27;[90m&amp#27;[39m
&amp#27;[38;5;0m[HTTP]&amp#27;[0m &amp#27;[37m-->&amp#27;[39m &amp#27;[37mPOST&amp#27;[39m &amp#27;[37m/session/c875caaa-cb68-4d05-b547-fe452c956588/element/00000000-0000-0046-ffff-ffff00000032/click&amp#27;[39m
&amp#27;[38;5;0m[HTTP]&amp#27;[0m &amp#27;[90m{"id":"00000000-0000-0046-ffff-ffff00000032"}&amp#27;[39m
[debug] &amp#27;[38;5;32m[AndroidUiautomator2Driver@c44c (c875caaa)]&amp#27;[0m Calling AppiumDriver.click() with args: ["00000000-0000-0046-ffff-ffff00000032","c875caaa-cb68-4d05-b547-fe452c956588"]
[debug] &amp#27;[38;5;32m[AndroidUiautomator2Driver@c44c (c875caaa)]&amp#27;[0m Matched '/element/00000000-0000-0046-ffff-ffff00000032/click' to command name 'click'
[debug] &amp#27;[38;5;32m[AndroidUiautomator2Driver@c44c (c875caaa)]&amp#27;[0m Proxying [POST /element/00000000-0000-0046-ffff-ffff00000032/click] to [POST http://127.0.0.1:8200/session/c33f3e5b-d9e3-4478-8383-a8c37564cbec/element/00000000-0000-0046-ffff-ffff00000032/click] with body: {"element":"00000000-0000-0046-ffff-ffff00000032"}
[debug] &amp#27;[38;5;32m[AndroidUiautomator2Driver@c44c (c875caaa)]&amp#27;[0m Got response with status 200: {"sessionId":"c33f3e5b-d9e3-4478-8383-a8c37564cbec","value":null}
[debug] &amp#27;[38;5;32m[AndroidUiautomator2Driver@c44c (c875caaa)]&amp#27;[0m Responding to client with driver.click() result: null
&amp#27;[38;5;0m[HTTP]&amp#27;[0m &amp#27;[37m<-- POST /session/c875caaa-cb68-4d05-b547-fe452c956588/element/00000000-0000-0046-ffff-ffff00000032/click &amp#27;[39m&amp#27;[32m200&amp#27;[39m &amp#27;[90m688 ms - 14&amp#27;[39m
&amp#27;[38;5;0m[HTTP]&amp#27;[0m &amp#27;[90m&amp#27;[39m
&amp#27;[38;5;0m[HTTP]&amp#27;[0m &amp#27;[37m-->&amp#27;[39m &amp#27;[37mPOST&amp#27;[39m &amp#27;[37m/session/c875caaa-cb68-4d05-b547-fe452c956588/element&amp#27;[39m
&amp#27;[38;5;0m[HTTP]&amp#27;[0m &amp#27;[90m{"using":"id","value":"com.androidsample.generalstore:id/btnLetsShop"}&amp#27;[39m
[debug] &amp#27;[38;5;32m[AndroidUiautomator2Driver@c44c (c875caaa)]&amp#27;[0m Calling AppiumDriver.findElement() with args: ["id","com.androidsample.generalstore:id/btnLetsShop","c875caaa-cb68-4d05-b547-fe452c956588"]
[debug] &amp#27;[38;5;32m[AndroidUiautomator2Driver@c44c (c875caaa)]&amp#27;[0m Valid locator strategies for this request: xpath, id, class name, accessibility id, css selector, -android uiautomator
[debug] &amp#27;[38;5;32m[AndroidUiautomator2Driver@c44c (c875caaa)]&amp#27;[0m Waiting up to 10000 ms for condition
[debug] &amp#27;[38;5;32m[AndroidUiautomator2Driver@c44c (c875caaa)]&amp#27;[0m Matched '/element' to command name 'findElement'
[debug] &amp#27;[38;5;32m[AndroidUiautomator2Driver@c44c (c875caaa)]&amp#27;[0m Proxying [POST /element] to [POST http://127.0.0.1:8200/session/c33f3e5b-d9e3-4478-8383-a8c37564cbec/element] with body: {"strategy":"id","selector":"com.androidsample.generalstore:id/btnLetsShop","context":"","multiple":false}
[debug] &amp#27;[38;5;32m[AndroidUiautomator2Driver@c44c (c875caaa)]&amp#27;[0m Got response with status 200: {"sessionId":"c33f3e5b-d9e3-4478-8383-a8c37564cbec","value":{"ELEMENT":"00000000-0000-0045-ffff-ffff00000021","element-6066-11e4-a52e-4f735466cecf":"00000000-0000-0045-ffff-ffff00000021"}}
[debug] &amp#27;[38;5;32m[AndroidUiautomator2Driver@c44c (c875caaa)]&amp#27;[0m Responding to client with driver.findElement() result: {"element-6066-11e4-a52e-4f735466cecf":"00000000-0000-0045-ffff-ffff00000021","ELEMENT":"00000000-0000-0045-ffff-ffff00000021"}
&amp#27;[38;5;0m[HTTP]&amp#27;[0m &amp#27;[37m<-- POST /session/c875caaa-cb68-4d05-b547-fe452c956588/element &amp#27;[39m&amp#27;[32m200&amp#27;[39m &amp#27;[90m22 ms - 137&amp#27;[39m
&amp#27;[38;5;0m[HTTP]&amp#27;[0m &amp#27;[90m&amp#27;[39m
&amp#27;[38;5;0m[HTTP]&amp#27;[0m &amp#27;[37m-->&amp#27;[39m &amp#27;[37mPOST&amp#27;[39m &amp#27;[37m/session/c875caaa-cb68-4d05-b547-fe452c956588/element/00000000-0000-0045-ffff-ffff00000021/click&amp#27;[39m
&amp#27;[38;5;0m[HTTP]&amp#27;[0m &amp#27;[90m{"id":"00000000-0000-0045-ffff-ffff00000021"}&amp#27;[39m
[debug] &amp#27;[38;5;32m[AndroidUiautomator2Driver@c44c (c875caaa)]&amp#27;[0m Calling AppiumDriver.click() with args: ["00000000-0000-0045-ffff-ffff00000021","c875caaa-cb68-4d05-b547-fe452c956588"]
[debug] &amp#27;[38;5;32m[AndroidUiautomator2Driver@c44c (c875caaa)]&amp#27;[0m Matched '/element/00000000-0000-0045-ffff-ffff00000021/click' to command name 'click'
[debug] &amp#27;[38;5;32m[AndroidUiautomator2Driver@c44c (c875caaa)]&amp#27;[0m Proxying [POST /element/00000000-0000-0045-ffff-ffff00000021/click] to [POST http://127.0.0.1:8200/session/c33f3e5b-d9e3-4478-8383-a8c37564cbec/element/00000000-0000-0045-ffff-ffff00000021/click] with body: {"element":"00000000-0000-0045-ffff-ffff00000021"}
[debug] &amp#27;[38;5;32m[AndroidUiautomator2Driver@c44c (c875caaa)]&amp#27;[0m Got response with status 200: {"sessionId":"c33f3e5b-d9e3-4478-8383-a8c37564cbec","value":null}
[debug] &amp#27;[38;5;32m[AndroidUiautomator2Driver@c44c (c875caaa)]&amp#27;[0m Responding to client with driver.click() result: null
&amp#27;[38;5;0m[HTTP]&amp#27;[0m &amp#27;[37m<-- POST /session/c875caaa-cb68-4d05-b547-fe452c956588/element/00000000-0000-0045-ffff-ffff00000021/click &amp#27;[39m&amp#27;[32m200&amp#27;[39m &amp#27;[90m46 ms - 14&amp#27;[39m
&amp#27;[38;5;0m[HTTP]&amp#27;[0m &amp#27;[90m&amp#27;[39m
&amp#27;[38;5;0m[HTTP]&amp#27;[0m &amp#27;[37m-->&amp#27;[39m &amp#27;[37mPOST&amp#27;[39m &amp#27;[37m/session/c875caaa-cb68-4d05-b547-fe452c956588/element&amp#27;[39m
&amp#27;[38;5;0m[HTTP]&amp#27;[0m &amp#27;[90m{"using":"xpath","value":"(//android.widget.Toast)[1]"}&amp#27;[39m
[debug] &amp#27;[38;5;32m[AndroidUiautomator2Driver@c44c (c875caaa)]&amp#27;[0m Calling AppiumDriver.findElement() with args: ["xpath","(//android.widget.Toast)[1]","c875caaa-cb68-4d05-b547-fe452c956588"]
[debug] &amp#27;[38;5;32m[AndroidUiautomator2Driver@c44c (c875caaa)]&amp#27;[0m Valid locator strategies for this request: xpath, id, class name, accessibility id, css selector, -android uiautomator
[debug] &amp#27;[38;5;32m[AndroidUiautomator2Driver@c44c (c875caaa)]&amp#27;[0m Waiting up to 10000 ms for condition
[debug] &amp#27;[38;5;32m[AndroidUiautomator2Driver@c44c (c875caaa)]&amp#27;[0m Matched '/element' to command name 'findElement'
[debug] &amp#27;[38;5;32m[AndroidUiautomator2Driver@c44c (c875caaa)]&amp#27;[0m Proxying [POST /element] to [POST http://127.0.0.1:8200/session/c33f3e5b-d9e3-4478-8383-a8c37564cbec/element] with body: {"strategy":"xpath","selector":"(//android.widget.Toast)[1]","context":"","multiple":false}
[debug] &amp#27;[38;5;32m[AndroidUiautomator2Driver@c44c (c875caaa)]&amp#27;[0m Got response with status 200: {"sessionId":"c33f3e5b-d9e3-4478-8383-a8c37564cbec","value":{"ELEMENT":"bab1ef82-835c-4cd3-a963-5daaab53f7ef","element-6066-11e4-a52e-4f735466cecf":"bab1ef82-835c-4cd3-a963-5daaab53f7ef"}}
[debug] &amp#27;[38;5;32m[AndroidUiautomator2Driver@c44c (c875caaa)]&amp#27;[0m Responding to client with driver.findElement() result: {"element-6066-11e4-a52e-4f735466cecf":"bab1ef82-835c-4cd3-a963-5daaab53f7ef","ELEMENT":"bab1ef82-835c-4cd3-a963-5daaab53f7ef"}
&amp#27;[38;5;0m[HTTP]&amp#27;[0m &amp#27;[37m<-- POST /session/c875caaa-cb68-4d05-b547-fe452c956588/element &amp#27;[39m&amp#27;[32m200&amp#27;[39m &amp#27;[90m193 ms - 137&amp#27;[39m
&amp#27;[38;5;0m[HTTP]&amp#27;[0m &amp#27;[90m&amp#27;[39m
&amp#27;[38;5;0m[HTTP]&amp#27;[0m &amp#27;[37m-->&amp#27;[39m &amp#27;[37mGET&amp#27;[39m &amp#27;[37m/session/c875caaa-cb68-4d05-b547-fe452c956588/element/bab1ef82-835c-4cd3-a963-5daaab53f7ef/attribute/name&amp#27;[39m
&amp#27;[38;5;0m[HTTP]&amp#27;[0m &amp#27;[90m{}&amp#27;[39m
[debug] &amp#27;[38;5;32m[AndroidUiautomator2Driver@c44c (c875caaa)]&amp#27;[0m Calling AppiumDriver.getAttribute() with args: ["name","bab1ef82-835c-4cd3-a963-5daaab53f7ef","c875caaa-cb68-4d05-b547-fe452c956588"]
[debug] &amp#27;[38;5;32m[AndroidUiautomator2Driver@c44c (c875caaa)]&amp#27;[0m Matched '/element/bab1ef82-835c-4cd3-a963-5daaab53f7ef/attribute/name' to command name 'getAttribute'
[debug] &amp#27;[38;5;32m[AndroidUiautomator2Driver@c44c (c875caaa)]&amp#27;[0m Proxying [GET /element/bab1ef82-835c-4cd3-a963-5daaab53f7ef/attribute/name] to [GET http://127.0.0.1:8200/session/c33f3e5b-d9e3-4478-8383-a8c37564cbec/element/bab1ef82-835c-4cd3-a963-5daaab53f7ef/attribute/name] with no body
[debug] &amp#27;[38;5;32m[AndroidUiautomator2Driver@c44c (c875caaa)]&amp#27;[0m Got response with status 200: {"sessionId":"c33f3e5b-d9e3-4478-8383-a8c37564cbec","value":"Please enter your name"}
[debug] &amp#27;[38;5;32m[AndroidUiautomator2Driver@c44c (c875caaa)]&amp#27;[0m Responding to client with driver.getAttribute() result: "Please enter your name"
&amp#27;[38;5;0m[HTTP]&amp#27;[0m &amp#27;[37m<-- GET /session/c875caaa-cb68-4d05-b547-fe452c956588/element/bab1ef82-835c-4cd3-a963-5daaab53f7ef/attribute/name &amp#27;[39m&amp#27;[32m200&amp#27;[39m &amp#27;[90m424 ms - 34&amp#27;[39m
&amp#27;[38;5;0m[HTTP]&amp#27;[0m &amp#27;[90m&amp#27;[39m
]]></system-out>
  </testcase>
  <testcase name="FillForm_PositiveFlow" classname="org.MuhammadAhmad.eCommerce_tc_1" time="20.044">
    <system-out><![CDATA[&amp#27;[38;5;0m[HTTP]&amp#27;[0m &amp#27;[37m-->&amp#27;[39m &amp#27;[37mPOST&amp#27;[39m &amp#27;[37m/session/c875caaa-cb68-4d05-b547-fe452c956588/appium/device/start_activity&amp#27;[39m
&amp#27;[38;5;0m[HTTP]&amp#27;[0m &amp#27;[90m{"appPackage":"com.androidsample.generalstore","appActivity":"com.androidsample.generalstore.SplashActivity","appWaitPackage":"","appWaitActivity":"","dontStopAppOnReset":false,"intentAction":"","intentCategory":"","intentFlags":"","optionalIntentArguments":""}&amp#27;[39m
[debug] &amp#27;[38;5;32m[AndroidUiautomator2Driver@c44c (c875caaa)]&amp#27;[0m Calling AppiumDriver.startActivity() with args: ["com.androidsample.generalstore","com.androidsample.generalstore.SplashActivity","","","","","","",false,null,null,"c875caaa-cb68-4d05-b547-fe452c956588"]
[debug] &amp#27;[38;5;32m[AndroidUiautomator2Driver@c44c (c875caaa)]&amp#27;[0m Starting package 'com.androidsample.generalstore' and activity 'com.androidsample.generalstore.SplashActivity'
[debug] &amp#27;[38;5;64m[ADB]&amp#27;[0m Running 'C:\Users\m.ahmad\AppData\Local\Android\Sdk\platform-tools\adb.exe -P 5037 -s emulator-5554 shell am start -W -n com.androidsample.generalstore/com.androidsample.generalstore.SplashActivity -S'
[debug] &amp#27;[38;5;64m[ADB]&amp#27;[0m Waiting up to 20000ms for activity matching pkg: 'com.androidsample.generalstore' and activity: 'com.androidsample.generalstore.SplashActivity' to be focused
[debug] &amp#27;[38;5;64m[ADB]&amp#27;[0m Possible activities, to be checked: 'com.androidsample.generalstore.SplashActivity', 'com.androidsample.generalstore.com.androidsample.generalstore.SplashActivity'
[debug] &amp#27;[38;5;64m[ADB]&amp#27;[0m Getting focused package and activity
[debug] &amp#27;[38;5;64m[ADB]&amp#27;[0m Running 'C:\Users\m.ahmad\AppData\Local\Android\Sdk\platform-tools\adb.exe -P 5037 -s emulator-5554 shell dumpsys window displays'
[debug] &amp#27;[38;5;64m[ADB]&amp#27;[0m Found package: 'com.androidsample.generalstore' and fully qualified activity name : 'com.androidsample.generalstore.SplashActivity'
[debug] &amp#27;[38;5;32m[AndroidUiautomator2Driver@c44c (c875caaa)]&amp#27;[0m Responding to client with driver.startActivity() result: null
&amp#27;[38;5;0m[HTTP]&amp#27;[0m &amp#27;[37m<-- POST /session/c875caaa-cb68-4d05-b547-fe452c956588/appium/device/start_activity &amp#27;[39m&amp#27;[32m200&amp#27;[39m &amp#27;[90m1001 ms - 14&amp#27;[39m
&amp#27;[38;5;0m[HTTP]&amp#27;[0m &amp#27;[90m&amp#27;[39m
&amp#27;[38;5;0m[HTTP]&amp#27;[0m &amp#27;[37m-->&amp#27;[39m &amp#27;[37mPOST&amp#27;[39m &amp#27;[37m/session/c875caaa-cb68-4d05-b547-fe452c956588/element&amp#27;[39m
&amp#27;[38;5;0m[HTTP]&amp#27;[0m &amp#27;[90m{"using":"id","value":"com.androidsample.generalstore:id/nameField"}&amp#27;[39m
[debug] &amp#27;[38;5;32m[AndroidUiautomator2Driver@c44c (c875caaa)]&amp#27;[0m Calling AppiumDriver.findElement() with args: ["id","com.androidsample.generalstore:id/nameField","c875caaa-cb68-4d05-b547-fe452c956588"]
[debug] &amp#27;[38;5;32m[AndroidUiautomator2Driver@c44c (c875caaa)]&amp#27;[0m Valid locator strategies for this request: xpath, id, class name, accessibility id, css selector, -android uiautomator
[debug] &amp#27;[38;5;32m[AndroidUiautomator2Driver@c44c (c875caaa)]&amp#27;[0m Waiting up to 10000 ms for condition
[debug] &amp#27;[38;5;32m[AndroidUiautomator2Driver@c44c (c875caaa)]&amp#27;[0m Matched '/element' to command name 'findElement'
[debug] &amp#27;[38;5;32m[AndroidUiautomator2Driver@c44c (c875caaa)]&amp#27;[0m Proxying [POST /element] to [POST http://127.0.0.1:8200/session/c33f3e5b-d9e3-4478-8383-a8c37564cbec/element] with body: {"strategy":"id","selector":"com.androidsample.generalstore:id/nameField","context":"","multiple":false}
&amp#27;[38;5;32m[AndroidUiautomator2Driver@c44c (c875caaa)]&amp#27;[0m Got response with status 404: {"sessionId":"c33f3e5b-d9e3-4478-8383-a8c37564cbec","value":{"error":"no such element","message":"An element could not be located on the page using the given search parameters","stacktrace":"io.appium.uiautomator2.common.exceptions.ElementNotFoundException: An element could not be located on the page using the given search parameters\n\tat io.appium.uiautomator2.handler.FindElement.safeHandle(FindElement.java:70)\n\tat io.appium.uiautomator2.handler.request.SafeRequestHandler.handle(SafeRequestHandler.java:59)\n\tat io.appium.uiautomator2.server.AppiumServlet.handleRequest(AppiumServlet.java:270)\n\tat io.appium.uiautomator2.server.AppiumServlet.handleHttpRequest(AppiumServlet.java:264)\n\tat io.appium.uiautomator2.http.ServerHandler.channelRead(ServerHandler.java:68)\n\tat io.netty.channel.AbstractChannelHandlerContext.invokeChannelRead(AbstractChannelHandlerContext.java:366)\n\tat io.netty.channel.AbstractChannelHandlerContext.invokeChannelRead(AbstractChannelHandlerContext.java:352)\n\tat io.netty.chann...
[debug] &amp#27;[38;5;128m[W3C]&amp#27;[0m Matched W3C error code 'no such element' to NoSuchElementError
[debug] &amp#27;[38;5;32m[AndroidUiautomator2Driver@c44c (c875caaa)]&amp#27;[0m Waited for 270 ms so far
[debug] &amp#27;[38;5;32m[AndroidUiautomator2Driver@c44c (c875caaa)]&amp#27;[0m Matched '/element' to command name 'findElement'
[debug] &amp#27;[38;5;32m[AndroidUiautomator2Driver@c44c (c875caaa)]&amp#27;[0m Proxying [POST /element] to [POST http://127.0.0.1:8200/session/c33f3e5b-d9e3-4478-8383-a8c37564cbec/element] with body: {"strategy":"id","selector":"com.androidsample.generalstore:id/nameField","context":"","multiple":false}
&amp#27;[38;5;32m[AndroidUiautomator2Driver@c44c (c875caaa)]&amp#27;[0m Got response with status 404: {"sessionId":"c33f3e5b-d9e3-4478-8383-a8c37564cbec","value":{"error":"no such element","message":"An element could not be located on the page using the given search parameters","stacktrace":"io.appium.uiautomator2.common.exceptions.ElementNotFoundException: An element could not be located on the page using the given search parameters\n\tat io.appium.uiautomator2.handler.FindElement.safeHandle(FindElement.java:70)\n\tat io.appium.uiautomator2.handler.request.SafeRequestHandler.handle(SafeRequestHandler.java:59)\n\tat io.appium.uiautomator2.server.AppiumServlet.handleRequest(AppiumServlet.java:270)\n\tat io.appium.uiautomator2.server.AppiumServlet.handleHttpRequest(AppiumServlet.java:264)\n\tat io.appium.uiautomator2.http.ServerHandler.channelRead(ServerHandler.java:68)\n\tat io.netty.channel.AbstractChannelHandlerContext.invokeChannelRead(AbstractChannelHandlerContext.java:366)\n\tat io.netty.channel.AbstractChannelHandlerContext.invokeChannelRead(AbstractChannelHandlerContext.java:352)\n\tat io.netty.chann...
[debug] &amp#27;[38;5;128m[W3C]&amp#27;[0m Matched W3C error code 'no such element' to NoSuchElementError
[debug] &amp#27;[38;5;32m[AndroidUiautomator2Driver@c44c (c875caaa)]&amp#27;[0m Waited for 822 ms so far
[debug] &amp#27;[38;5;32m[AndroidUiautomator2Driver@c44c (c875caaa)]&amp#27;[0m Matched '/element' to command name 'findElement'
[debug] &amp#27;[38;5;32m[AndroidUiautomator2Driver@c44c (c875caaa)]&amp#27;[0m Proxying [POST /element] to [POST http://127.0.0.1:8200/session/c33f3e5b-d9e3-4478-8383-a8c37564cbec/element] with body: {"strategy":"id","selector":"com.androidsample.generalstore:id/nameField","context":"","multiple":false}
&amp#27;[38;5;32m[AndroidUiautomator2Driver@c44c (c875caaa)]&amp#27;[0m Got response with status 404: {"sessionId":"c33f3e5b-d9e3-4478-8383-a8c37564cbec","value":{"error":"no such element","message":"An element could not be located on the page using the given search parameters","stacktrace":"io.appium.uiautomator2.common.exceptions.ElementNotFoundException: An element could not be located on the page using the given search parameters\n\tat io.appium.uiautomator2.handler.FindElement.safeHandle(FindElement.java:70)\n\tat io.appium.uiautomator2.handler.request.SafeRequestHandler.handle(SafeRequestHandler.java:59)\n\tat io.appium.uiautomator2.server.AppiumServlet.handleRequest(AppiumServlet.java:270)\n\tat io.appium.uiautomator2.server.AppiumServlet.handleHttpRequest(AppiumServlet.java:264)\n\tat io.appium.uiautomator2.http.ServerHandler.channelRead(ServerHandler.java:68)\n\tat io.netty.channel.AbstractChannelHandlerContext.invokeChannelRead(AbstractChannelHandlerContext.java:366)\n\tat io.netty.channel.AbstractChannelHandlerContext.invokeChannelRead(AbstractChannelHandlerContext.java:352)\n\tat io.netty.chann...
[debug] &amp#27;[38;5;128m[W3C]&amp#27;[0m Matched W3C error code 'no such element' to NoSuchElementError
[debug] &amp#27;[38;5;32m[AndroidUiautomator2Driver@c44c (c875caaa)]&amp#27;[0m Waited for 1349 ms so far
[debug] &amp#27;[38;5;32m[AndroidUiautomator2Driver@c44c (c875caaa)]&amp#27;[0m Matched '/element' to command name 'findElement'
[debug] &amp#27;[38;5;32m[AndroidUiautomator2Driver@c44c (c875caaa)]&amp#27;[0m Proxying [POST /element] to [POST http://127.0.0.1:8200/session/c33f3e5b-d9e3-4478-8383-a8c37564cbec/element] with body: {"strategy":"id","selector":"com.androidsample.generalstore:id/nameField","context":"","multiple":false}
&amp#27;[38;5;32m[AndroidUiautomator2Driver@c44c (c875caaa)]&amp#27;[0m Got response with status 404: {"sessionId":"c33f3e5b-d9e3-4478-8383-a8c37564cbec","value":{"error":"no such element","message":"An element could not be located on the page using the given search parameters","stacktrace":"io.appium.uiautomator2.common.exceptions.ElementNotFoundException: An element could not be located on the page using the given search parameters\n\tat io.appium.uiautomator2.handler.FindElement.safeHandle(FindElement.java:70)\n\tat io.appium.uiautomator2.handler.request.SafeRequestHandler.handle(SafeRequestHandler.java:59)\n\tat io.appium.uiautomator2.server.AppiumServlet.handleRequest(AppiumServlet.java:270)\n\tat io.appium.uiautomator2.server.AppiumServlet.handleHttpRequest(AppiumServlet.java:264)\n\tat io.appium.uiautomator2.http.ServerHandler.channelRead(ServerHandler.java:68)\n\tat io.netty.channel.AbstractChannelHandlerContext.invokeChannelRead(AbstractChannelHandlerContext.java:366)\n\tat io.netty.channel.AbstractChannelHandlerContext.invokeChannelRead(AbstractChannelHandlerContext.java:352)\n\tat io.netty.chann...
[debug] &amp#27;[38;5;128m[W3C]&amp#27;[0m Matched W3C error code 'no such element' to NoSuchElementError
[debug] &amp#27;[38;5;32m[AndroidUiautomator2Driver@c44c (c875caaa)]&amp#27;[0m Waited for 1876 ms so far
[debug] &amp#27;[38;5;32m[AndroidUiautomator2Driver@c44c (c875caaa)]&amp#27;[0m Matched '/element' to command name 'findElement'
[debug] &amp#27;[38;5;32m[AndroidUiautomator2Driver@c44c (c875caaa)]&amp#27;[0m Proxying [POST /element] to [POST http://127.0.0.1:8200/session/c33f3e5b-d9e3-4478-8383-a8c37564cbec/element] with body: {"strategy":"id","selector":"com.androidsample.generalstore:id/nameField","context":"","multiple":false}
&amp#27;[38;5;32m[AndroidUiautomator2Driver@c44c (c875caaa)]&amp#27;[0m Got response with status 404: {"sessionId":"c33f3e5b-d9e3-4478-8383-a8c37564cbec","value":{"error":"no such element","message":"An element could not be located on the page using the given search parameters","stacktrace":"io.appium.uiautomator2.common.exceptions.ElementNotFoundException: An element could not be located on the page using the given search parameters\n\tat io.appium.uiautomator2.handler.FindElement.safeHandle(FindElement.java:70)\n\tat io.appium.uiautomator2.handler.request.SafeRequestHandler.handle(SafeRequestHandler.java:59)\n\tat io.appium.uiautomator2.server.AppiumServlet.handleRequest(AppiumServlet.java:270)\n\tat io.appium.uiautomator2.server.AppiumServlet.handleHttpRequest(AppiumServlet.java:264)\n\tat io.appium.uiautomator2.http.ServerHandler.channelRead(ServerHandler.java:68)\n\tat io.netty.channel.AbstractChannelHandlerContext.invokeChannelRead(AbstractChannelHandlerContext.java:366)\n\tat io.netty.channel.AbstractChannelHandlerContext.invokeChannelRead(AbstractChannelHandlerContext.java:352)\n\tat io.netty.chann...
[debug] &amp#27;[38;5;128m[W3C]&amp#27;[0m Matched W3C error code 'no such element' to NoSuchElementError
[debug] &amp#27;[38;5;32m[AndroidUiautomator2Driver@c44c (c875caaa)]&amp#27;[0m Waited for 2412 ms so far
[debug] &amp#27;[38;5;32m[AndroidUiautomator2Driver@c44c (c875caaa)]&amp#27;[0m Matched '/element' to command name 'findElement'
[debug] &amp#27;[38;5;32m[AndroidUiautomator2Driver@c44c (c875caaa)]&amp#27;[0m Proxying [POST /element] to [POST http://127.0.0.1:8200/session/c33f3e5b-d9e3-4478-8383-a8c37564cbec/element] with body: {"strategy":"id","selector":"com.androidsample.generalstore:id/nameField","context":"","multiple":false}
&amp#27;[38;5;32m[AndroidUiautomator2Driver@c44c (c875caaa)]&amp#27;[0m Got response with status 404: {"sessionId":"c33f3e5b-d9e3-4478-8383-a8c37564cbec","value":{"error":"no such element","message":"An element could not be located on the page using the given search parameters","stacktrace":"io.appium.uiautomator2.common.exceptions.ElementNotFoundException: An element could not be located on the page using the given search parameters\n\tat io.appium.uiautomator2.handler.FindElement.safeHandle(FindElement.java:70)\n\tat io.appium.uiautomator2.handler.request.SafeRequestHandler.handle(SafeRequestHandler.java:59)\n\tat io.appium.uiautomator2.server.AppiumServlet.handleRequest(AppiumServlet.java:270)\n\tat io.appium.uiautomator2.server.AppiumServlet.handleHttpRequest(AppiumServlet.java:264)\n\tat io.appium.uiautomator2.http.ServerHandler.channelRead(ServerHandler.java:68)\n\tat io.netty.channel.AbstractChannelHandlerContext.invokeChannelRead(AbstractChannelHandlerContext.java:366)\n\tat io.netty.channel.AbstractChannelHandlerContext.invokeChannelRead(AbstractChannelHandlerContext.java:352)\n\tat io.netty.chann...
[debug] &amp#27;[38;5;128m[W3C]&amp#27;[0m Matched W3C error code 'no such element' to NoSuchElementError
[debug] &amp#27;[38;5;32m[AndroidUiautomator2Driver@c44c (c875caaa)]&amp#27;[0m Waited for 3111 ms so far
[debug] &amp#27;[38;5;32m[AndroidUiautomator2Driver@c44c (c875caaa)]&amp#27;[0m Matched '/element' to command name 'findElement'
[debug] &amp#27;[38;5;32m[AndroidUiautomator2Driver@c44c (c875caaa)]&amp#27;[0m Proxying [POST /element] to [POST http://127.0.0.1:8200/session/c33f3e5b-d9e3-4478-8383-a8c37564cbec/element] with body: {"strategy":"id","selector":"com.androidsample.generalstore:id/nameField","context":"","multiple":false}
[debug] &amp#27;[38;5;32m[AndroidUiautomator2Driver@c44c (c875caaa)]&amp#27;[0m Got response with status 200: {"sessionId":"c33f3e5b-d9e3-4478-8383-a8c37564cbec","value":{"ELEMENT":"00000000-0000-0049-ffff-ffff0000001c","element-6066-11e4-a52e-4f735466cecf":"00000000-0000-0049-ffff-ffff0000001c"}}
[debug] &amp#27;[38;5;32m[AndroidUiautomator2Driver@c44c (c875caaa)]&amp#27;[0m Responding to client with driver.findElement() result: {"element-6066-11e4-a52e-4f735466cecf":"00000000-0000-0049-ffff-ffff0000001c","ELEMENT":"00000000-0000-0049-ffff-ffff0000001c"}
&amp#27;[38;5;0m[HTTP]&amp#27;[0m &amp#27;[37m<-- POST /session/c875caaa-cb68-4d05-b547-fe452c956588/element &amp#27;[39m&amp#27;[32m200&amp#27;[39m &amp#27;[90m3660 ms - 137&amp#27;[39m
&amp#27;[38;5;0m[HTTP]&amp#27;[0m &amp#27;[90m&amp#27;[39m
&amp#27;[38;5;0m[HTTP]&amp#27;[0m &amp#27;[37m-->&amp#27;[39m &amp#27;[37mPOST&amp#27;[39m &amp#27;[37m/session/c875caaa-cb68-4d05-b547-fe452c956588/element/00000000-0000-0049-ffff-ffff0000001c/value&amp#27;[39m
&amp#27;[38;5;0m[HTTP]&amp#27;[0m &amp#27;[90m{"id":"00000000-0000-0049-ffff-ffff0000001c","text":"Muhammad Ahmad","value":["M","u","h","a","m","m","a","d"," ","A","h","m","a","d"]}&amp#27;[39m
[debug] &amp#27;[38;5;32m[AndroidUiautomator2Driver@c44c (c875caaa)]&amp#27;[0m Calling AppiumDriver.setValue() with args: [["M","u","h","a","m","m","a","d"," ","A","h","m","a","d"],"00000000-0000-0049-ffff-ffff0000001c","c875caaa-cb68-4d05-b547-fe452c956588"]
[debug] &amp#27;[38;5;32m[AndroidUiautomator2Driver@c44c (c875caaa)]&amp#27;[0m Matched '/element/00000000-0000-0049-ffff-ffff0000001c/value' to command name 'setValue'
[debug] &amp#27;[38;5;32m[AndroidUiautomator2Driver@c44c (c875caaa)]&amp#27;[0m Added 'value' property ["M","u","h","a","m","m","a","d"," ","A","h","m","a","d"] to 'setValue' request body
[debug] &amp#27;[38;5;32m[AndroidUiautomator2Driver@c44c (c875caaa)]&amp#27;[0m Proxying [POST /element/00000000-0000-0049-ffff-ffff0000001c/value] to [POST http://127.0.0.1:8200/session/c33f3e5b-d9e3-4478-8383-a8c37564cbec/element/00000000-0000-0049-ffff-ffff0000001c/value] with body: {"elementId":"00000000-0000-0049-ffff-ffff0000001c","text":"Muhammad Ahmad","replace":false,"value":["M","u","h","a","m","m","a","d"," ","A","h","m","a","d"]}
[debug] &amp#27;[38;5;32m[AndroidUiautomator2Driver@c44c (c875caaa)]&amp#27;[0m Got response with status 200: {"sessionId":"c33f3e5b-d9e3-4478-8383-a8c37564cbec","value":null}
[debug] &amp#27;[38;5;32m[AndroidUiautomator2Driver@c44c (c875caaa)]&amp#27;[0m Responding to client with driver.setValue() result: null
&amp#27;[38;5;0m[HTTP]&amp#27;[0m &amp#27;[37m<-- POST /session/c875caaa-cb68-4d05-b547-fe452c956588/element/00000000-0000-0049-ffff-ffff0000001c/value &amp#27;[39m&amp#27;[32m200&amp#27;[39m &amp#27;[90m75 ms - 14&amp#27;[39m
&amp#27;[38;5;0m[HTTP]&amp#27;[0m &amp#27;[90m&amp#27;[39m
&amp#27;[38;5;0m[HTTP]&amp#27;[0m &amp#27;[37m-->&amp#27;[39m &amp#27;[37mPOST&amp#27;[39m &amp#27;[37m/session/c875caaa-cb68-4d05-b547-fe452c956588/element&amp#27;[39m
&amp#27;[38;5;0m[HTTP]&amp#27;[0m &amp#27;[90m{"using":"xpath","value":"//android.widget.RadioButton[@text=\"Female\"]"}&amp#27;[39m
[debug] &amp#27;[38;5;32m[AndroidUiautomator2Driver@c44c (c875caaa)]&amp#27;[0m Calling AppiumDriver.findElement() with args: ["xpath","//android.widget.RadioButton[@text=\"Female\"]","c875caaa-cb68-4d05-b547-fe452c956588"]
[debug] &amp#27;[38;5;32m[AndroidUiautomator2Driver@c44c (c875caaa)]&amp#27;[0m Valid locator strategies for this request: xpath, id, class name, accessibility id, css selector, -android uiautomator
[debug] &amp#27;[38;5;32m[AndroidUiautomator2Driver@c44c (c875caaa)]&amp#27;[0m Waiting up to 10000 ms for condition
[debug] &amp#27;[38;5;32m[AndroidUiautomator2Driver@c44c (c875caaa)]&amp#27;[0m Matched '/element' to command name 'findElement'
[debug] &amp#27;[38;5;32m[AndroidUiautomator2Driver@c44c (c875caaa)]&amp#27;[0m Proxying [POST /element] to [POST http://127.0.0.1:8200/session/c33f3e5b-d9e3-4478-8383-a8c37564cbec/element] with body: {"strategy":"xpath","selector":"//android.widget.RadioButton[@text=\"Female\"]","context":"","multiple":false}
[debug] &amp#27;[38;5;32m[AndroidUiautomator2Driver@c44c (c875caaa)]&amp#27;[0m Got response with status 200: {"sessionId":"c33f3e5b-d9e3-4478-8383-a8c37564cbec","value":{"ELEMENT":"00000000-0000-0049-ffff-ffff00000020","element-6066-11e4-a52e-4f735466cecf":"00000000-0000-0049-ffff-ffff00000020"}}
[debug] &amp#27;[38;5;32m[AndroidUiautomator2Driver@c44c (c875caaa)]&amp#27;[0m Responding to client with driver.findElement() result: {"element-6066-11e4-a52e-4f735466cecf":"00000000-0000-0049-ffff-ffff00000020","ELEMENT":"00000000-0000-0049-ffff-ffff00000020"}
&amp#27;[38;5;0m[HTTP]&amp#27;[0m &amp#27;[37m<-- POST /session/c875caaa-cb68-4d05-b547-fe452c956588/element &amp#27;[39m&amp#27;[32m200&amp#27;[39m &amp#27;[90m540 ms - 137&amp#27;[39m
&amp#27;[38;5;0m[HTTP]&amp#27;[0m &amp#27;[90m&amp#27;[39m
&amp#27;[38;5;0m[HTTP]&amp#27;[0m &amp#27;[37m-->&amp#27;[39m &amp#27;[37mPOST&amp#27;[39m &amp#27;[37m/session/c875caaa-cb68-4d05-b547-fe452c956588/element/00000000-0000-0049-ffff-ffff00000020/click&amp#27;[39m
&amp#27;[38;5;0m[HTTP]&amp#27;[0m &amp#27;[90m{"id":"00000000-0000-0049-ffff-ffff00000020"}&amp#27;[39m
[debug] &amp#27;[38;5;32m[AndroidUiautomator2Driver@c44c (c875caaa)]&amp#27;[0m Calling AppiumDriver.click() with args: ["00000000-0000-0049-ffff-ffff00000020","c875caaa-cb68-4d05-b547-fe452c956588"]
[debug] &amp#27;[38;5;32m[AndroidUiautomator2Driver@c44c (c875caaa)]&amp#27;[0m Matched '/element/00000000-0000-0049-ffff-ffff00000020/click' to command name 'click'
[debug] &amp#27;[38;5;32m[AndroidUiautomator2Driver@c44c (c875caaa)]&amp#27;[0m Proxying [POST /element/00000000-0000-0049-ffff-ffff00000020/click] to [POST http://127.0.0.1:8200/session/c33f3e5b-d9e3-4478-8383-a8c37564cbec/element/00000000-0000-0049-ffff-ffff00000020/click] with body: {"element":"00000000-0000-0049-ffff-ffff00000020"}
[debug] &amp#27;[38;5;32m[AndroidUiautomator2Driver@c44c (c875caaa)]&amp#27;[0m Got response with status 200: {"sessionId":"c33f3e5b-d9e3-4478-8383-a8c37564cbec","value":null}
[debug] &amp#27;[38;5;32m[AndroidUiautomator2Driver@c44c (c875caaa)]&amp#27;[0m Responding to client with driver.click() result: null
&amp#27;[38;5;0m[HTTP]&amp#27;[0m &amp#27;[37m<-- POST /session/c875caaa-cb68-4d05-b547-fe452c956588/element/00000000-0000-0049-ffff-ffff00000020/click &amp#27;[39m&amp#27;[32m200&amp#27;[39m &amp#27;[90m49 ms - 14&amp#27;[39m
&amp#27;[38;5;0m[HTTP]&amp#27;[0m &amp#27;[90m&amp#27;[39m
&amp#27;[38;5;0m[HTTP]&amp#27;[0m &amp#27;[37m-->&amp#27;[39m &amp#27;[37mPOST&amp#27;[39m &amp#27;[37m/session/c875caaa-cb68-4d05-b547-fe452c956588/element&amp#27;[39m
&amp#27;[38;5;0m[HTTP]&amp#27;[0m &amp#27;[90m{"using":"id","value":"android:id/text1"}&amp#27;[39m
[debug] &amp#27;[38;5;32m[AndroidUiautomator2Driver@c44c (c875caaa)]&amp#27;[0m Calling AppiumDriver.findElement() with args: ["id","android:id/text1","c875caaa-cb68-4d05-b547-fe452c956588"]
[debug] &amp#27;[38;5;32m[AndroidUiautomator2Driver@c44c (c875caaa)]&amp#27;[0m Valid locator strategies for this request: xpath, id, class name, accessibility id, css selector, -android uiautomator
[debug] &amp#27;[38;5;32m[AndroidUiautomator2Driver@c44c (c875caaa)]&amp#27;[0m Waiting up to 10000 ms for condition
[debug] &amp#27;[38;5;32m[AndroidUiautomator2Driver@c44c (c875caaa)]&amp#27;[0m Matched '/element' to command name 'findElement'
[debug] &amp#27;[38;5;32m[AndroidUiautomator2Driver@c44c (c875caaa)]&amp#27;[0m Proxying [POST /element] to [POST http://127.0.0.1:8200/session/c33f3e5b-d9e3-4478-8383-a8c37564cbec/element] with body: {"strategy":"id","selector":"android:id/text1","context":"","multiple":false}
[debug] &amp#27;[38;5;32m[AndroidUiautomator2Driver@c44c (c875caaa)]&amp#27;[0m Got response with status 200: {"sessionId":"c33f3e5b-d9e3-4478-8383-a8c37564cbec","value":{"ELEMENT":"00000000-0000-0049-ffff-ffff00000024","element-6066-11e4-a52e-4f735466cecf":"00000000-0000-0049-ffff-ffff00000024"}}
[debug] &amp#27;[38;5;32m[AndroidUiautomator2Driver@c44c (c875caaa)]&amp#27;[0m Responding to client with driver.findElement() result: {"element-6066-11e4-a52e-4f735466cecf":"00000000-0000-0049-ffff-ffff00000024","ELEMENT":"00000000-0000-0049-ffff-ffff00000024"}
&amp#27;[38;5;0m[HTTP]&amp#27;[0m &amp#27;[37m<-- POST /session/c875caaa-cb68-4d05-b547-fe452c956588/element &amp#27;[39m&amp#27;[32m200&amp#27;[39m &amp#27;[90m151 ms - 137&amp#27;[39m
&amp#27;[38;5;0m[HTTP]&amp#27;[0m &amp#27;[90m&amp#27;[39m
&amp#27;[38;5;0m[HTTP]&amp#27;[0m &amp#27;[37m-->&amp#27;[39m &amp#27;[37mPOST&amp#27;[39m &amp#27;[37m/session/c875caaa-cb68-4d05-b547-fe452c956588/element/00000000-0000-0049-ffff-ffff00000024/click&amp#27;[39m
&amp#27;[38;5;0m[HTTP]&amp#27;[0m &amp#27;[90m{"id":"00000000-0000-0049-ffff-ffff00000024"}&amp#27;[39m
[debug] &amp#27;[38;5;32m[AndroidUiautomator2Driver@c44c (c875caaa)]&amp#27;[0m Calling AppiumDriver.click() with args: ["00000000-0000-0049-ffff-ffff00000024","c875caaa-cb68-4d05-b547-fe452c956588"]
[debug] &amp#27;[38;5;32m[AndroidUiautomator2Driver@c44c (c875caaa)]&amp#27;[0m Matched '/element/00000000-0000-0049-ffff-ffff00000024/click' to command name 'click'
[debug] &amp#27;[38;5;32m[AndroidUiautomator2Driver@c44c (c875caaa)]&amp#27;[0m Proxying [POST /element/00000000-0000-0049-ffff-ffff00000024/click] to [POST http://127.0.0.1:8200/session/c33f3e5b-d9e3-4478-8383-a8c37564cbec/element/00000000-0000-0049-ffff-ffff00000024/click] with body: {"element":"00000000-0000-0049-ffff-ffff00000024"}
[debug] &amp#27;[38;5;32m[AndroidUiautomator2Driver@c44c (c875caaa)]&amp#27;[0m Got response with status 200: {"sessionId":"c33f3e5b-d9e3-4478-8383-a8c37564cbec","value":null}
[debug] &amp#27;[38;5;32m[AndroidUiautomator2Driver@c44c (c875caaa)]&amp#27;[0m Responding to client with driver.click() result: null
&amp#27;[38;5;0m[HTTP]&amp#27;[0m &amp#27;[37m<-- POST /session/c875caaa-cb68-4d05-b547-fe452c956588/element/00000000-0000-0049-ffff-ffff00000024/click &amp#27;[39m&amp#27;[32m200&amp#27;[39m &amp#27;[90m495 ms - 14&amp#27;[39m
&amp#27;[38;5;0m[HTTP]&amp#27;[0m &amp#27;[90m&amp#27;[39m
&amp#27;[38;5;0m[HTTP]&amp#27;[0m &amp#27;[37m-->&amp#27;[39m &amp#27;[37mPOST&amp#27;[39m &amp#27;[37m/session/c875caaa-cb68-4d05-b547-fe452c956588/element&amp#27;[39m
&amp#27;[38;5;0m[HTTP]&amp#27;[0m &amp#27;[90m{"using":"-android uiautomator","value":"new UiScrollable(new UiSelector()).scrollIntoView(text(\"Argentina\"));"}&amp#27;[39m
[debug] &amp#27;[38;5;32m[AndroidUiautomator2Driver@c44c (c875caaa)]&amp#27;[0m Calling AppiumDriver.findElement() with args: ["-android uiautomator","new UiScrollable(new UiSelector()).scrollIntoView(text(\"Argentina\"));","c875caaa-cb68-4d05-b547-fe452c956588"]
[debug] &amp#27;[38;5;32m[AndroidUiautomator2Driver@c44c (c875caaa)]&amp#27;[0m Valid locator strategies for this request: xpath, id, class name, accessibility id, css selector, -android uiautomator
[debug] &amp#27;[38;5;32m[AndroidUiautomator2Driver@c44c (c875caaa)]&amp#27;[0m Waiting up to 10000 ms for condition
[debug] &amp#27;[38;5;32m[AndroidUiautomator2Driver@c44c (c875caaa)]&amp#27;[0m Matched '/element' to command name 'findElement'
[debug] &amp#27;[38;5;32m[AndroidUiautomator2Driver@c44c (c875caaa)]&amp#27;[0m Proxying [POST /element] to [POST http://127.0.0.1:8200/session/c33f3e5b-d9e3-4478-8383-a8c37564cbec/element] with body: {"strategy":"-android uiautomator","selector":"new UiScrollable(new UiSelector()).scrollIntoView(text(\"Argentina\"));","context":"","multiple":false}
[debug] &amp#27;[38;5;32m[AndroidUiautomator2Driver@c44c (c875caaa)]&amp#27;[0m Got response with status 200: {"sessionId":"c33f3e5b-d9e3-4478-8383-a8c37564cbec","value":{"ELEMENT":"00000000-0000-004a-ffff-ffff00000032","element-6066-11e4-a52e-4f735466cecf":"00000000-0000-004a-ffff-ffff00000032"}}
[debug] &amp#27;[38;5;32m[AndroidUiautomator2Driver@c44c (c875caaa)]&amp#27;[0m Responding to client with driver.findElement() result: {"element-6066-11e4-a52e-4f735466cecf":"00000000-0000-004a-ffff-ffff00000032","ELEMENT":"00000000-0000-004a-ffff-ffff00000032"}
&amp#27;[38;5;0m[HTTP]&amp#27;[0m &amp#27;[37m<-- POST /session/c875caaa-cb68-4d05-b547-fe452c956588/element &amp#27;[39m&amp#27;[32m200&amp#27;[39m &amp#27;[90m4214 ms - 137&amp#27;[39m
&amp#27;[38;5;0m[HTTP]&amp#27;[0m &amp#27;[90m&amp#27;[39m
&amp#27;[38;5;0m[HTTP]&amp#27;[0m &amp#27;[37m-->&amp#27;[39m &amp#27;[37mPOST&amp#27;[39m &amp#27;[37m/session/c875caaa-cb68-4d05-b547-fe452c956588/element&amp#27;[39m
&amp#27;[38;5;0m[HTTP]&amp#27;[0m &amp#27;[90m{"using":"xpath","value":"//android.widget.TextView[@text=\"Argentina\"]"}&amp#27;[39m
[debug] &amp#27;[38;5;32m[AndroidUiautomator2Driver@c44c (c875caaa)]&amp#27;[0m Calling AppiumDriver.findElement() with args: ["xpath","//android.widget.TextView[@text=\"Argentina\"]","c875caaa-cb68-4d05-b547-fe452c956588"]
[debug] &amp#27;[38;5;32m[AndroidUiautomator2Driver@c44c (c875caaa)]&amp#27;[0m Valid locator strategies for this request: xpath, id, class name, accessibility id, css selector, -android uiautomator
[debug] &amp#27;[38;5;32m[AndroidUiautomator2Driver@c44c (c875caaa)]&amp#27;[0m Waiting up to 10000 ms for condition
[debug] &amp#27;[38;5;32m[AndroidUiautomator2Driver@c44c (c875caaa)]&amp#27;[0m Matched '/element' to command name 'findElement'
[debug] &amp#27;[38;5;32m[AndroidUiautomator2Driver@c44c (c875caaa)]&amp#27;[0m Proxying [POST /element] to [POST http://127.0.0.1:8200/session/c33f3e5b-d9e3-4478-8383-a8c37564cbec/element] with body: {"strategy":"xpath","selector":"//android.widget.TextView[@text=\"Argentina\"]","context":"","multiple":false}
[debug] &amp#27;[38;5;32m[AndroidUiautomator2Driver@c44c (c875caaa)]&amp#27;[0m Got response with status 200: {"sessionId":"c33f3e5b-d9e3-4478-8383-a8c37564cbec","value":{"ELEMENT":"00000000-0000-004a-ffff-ffff00000032","element-6066-11e4-a52e-4f735466cecf":"00000000-0000-004a-ffff-ffff00000032"}}
[debug] &amp#27;[38;5;32m[AndroidUiautomator2Driver@c44c (c875caaa)]&amp#27;[0m Responding to client with driver.findElement() result: {"element-6066-11e4-a52e-4f735466cecf":"00000000-0000-004a-ffff-ffff00000032","ELEMENT":"00000000-0000-004a-ffff-ffff00000032"}
&amp#27;[38;5;0m[HTTP]&amp#27;[0m &amp#27;[37m<-- POST /session/c875caaa-cb68-4d05-b547-fe452c956588/element &amp#27;[39m&amp#27;[32m200&amp#27;[39m &amp#27;[90m38 ms - 137&amp#27;[39m
&amp#27;[38;5;0m[HTTP]&amp#27;[0m &amp#27;[90m&amp#27;[39m
&amp#27;[38;5;0m[HTTP]&amp#27;[0m &amp#27;[37m-->&amp#27;[39m &amp#27;[37mPOST&amp#27;[39m &amp#27;[37m/session/c875caaa-cb68-4d05-b547-fe452c956588/element/00000000-0000-004a-ffff-ffff00000032/click&amp#27;[39m
&amp#27;[38;5;0m[HTTP]&amp#27;[0m &amp#27;[90m{"id":"00000000-0000-004a-ffff-ffff00000032"}&amp#27;[39m
[debug] &amp#27;[38;5;32m[AndroidUiautomator2Driver@c44c (c875caaa)]&amp#27;[0m Calling AppiumDriver.click() with args: ["00000000-0000-004a-ffff-ffff00000032","c875caaa-cb68-4d05-b547-fe452c956588"]
[debug] &amp#27;[38;5;32m[AndroidUiautomator2Driver@c44c (c875caaa)]&amp#27;[0m Matched '/element/00000000-0000-004a-ffff-ffff00000032/click' to command name 'click'
[debug] &amp#27;[38;5;32m[AndroidUiautomator2Driver@c44c (c875caaa)]&amp#27;[0m Proxying [POST /element/00000000-0000-004a-ffff-ffff00000032/click] to [POST http://127.0.0.1:8200/session/c33f3e5b-d9e3-4478-8383-a8c37564cbec/element/00000000-0000-004a-ffff-ffff00000032/click] with body: {"element":"00000000-0000-004a-ffff-ffff00000032"}
[debug] &amp#27;[38;5;32m[AndroidUiautomator2Driver@c44c (c875caaa)]&amp#27;[0m Got response with status 200: {"sessionId":"c33f3e5b-d9e3-4478-8383-a8c37564cbec","value":null}
[debug] &amp#27;[38;5;32m[AndroidUiautomator2Driver@c44c (c875caaa)]&amp#27;[0m Responding to client with driver.click() result: null
&amp#27;[38;5;0m[HTTP]&amp#27;[0m &amp#27;[37m<-- POST /session/c875caaa-cb68-4d05-b547-fe452c956588/element/00000000-0000-004a-ffff-ffff00000032/click &amp#27;[39m&amp#27;[32m200&amp#27;[39m &amp#27;[90m686 ms - 14&amp#27;[39m
&amp#27;[38;5;0m[HTTP]&amp#27;[0m &amp#27;[90m&amp#27;[39m
&amp#27;[38;5;0m[HTTP]&amp#27;[0m &amp#27;[37m-->&amp#27;[39m &amp#27;[37mPOST&amp#27;[39m &amp#27;[37m/session/c875caaa-cb68-4d05-b547-fe452c956588/element&amp#27;[39m
&amp#27;[38;5;0m[HTTP]&amp#27;[0m &amp#27;[90m{"using":"id","value":"com.androidsample.generalstore:id/btnLetsShop"}&amp#27;[39m
[debug] &amp#27;[38;5;32m[AndroidUiautomator2Driver@c44c (c875caaa)]&amp#27;[0m Calling AppiumDriver.findElement() with args: ["id","com.androidsample.generalstore:id/btnLetsShop","c875caaa-cb68-4d05-b547-fe452c956588"]
[debug] &amp#27;[38;5;32m[AndroidUiautomator2Driver@c44c (c875caaa)]&amp#27;[0m Valid locator strategies for this request: xpath, id, class name, accessibility id, css selector, -android uiautomator
[debug] &amp#27;[38;5;32m[AndroidUiautomator2Driver@c44c (c875caaa)]&amp#27;[0m Waiting up to 10000 ms for condition
[debug] &amp#27;[38;5;32m[AndroidUiautomator2Driver@c44c (c875caaa)]&amp#27;[0m Matched '/element' to command name 'findElement'
[debug] &amp#27;[38;5;32m[AndroidUiautomator2Driver@c44c (c875caaa)]&amp#27;[0m Proxying [POST /element] to [POST http://127.0.0.1:8200/session/c33f3e5b-d9e3-4478-8383-a8c37564cbec/element] with body: {"strategy":"id","selector":"com.androidsample.generalstore:id/btnLetsShop","context":"","multiple":false}
[debug] &amp#27;[38;5;32m[AndroidUiautomator2Driver@c44c (c875caaa)]&amp#27;[0m Got response with status 200: {"sessionId":"c33f3e5b-d9e3-4478-8383-a8c37564cbec","value":{"ELEMENT":"00000000-0000-0049-ffff-ffff00000021","element-6066-11e4-a52e-4f735466cecf":"00000000-0000-0049-ffff-ffff00000021"}}
[debug] &amp#27;[38;5;32m[AndroidUiautomator2Driver@c44c (c875caaa)]&amp#27;[0m Responding to client with driver.findElement() result: {"element-6066-11e4-a52e-4f735466cecf":"00000000-0000-0049-ffff-ffff00000021","ELEMENT":"00000000-0000-0049-ffff-ffff00000021"}
&amp#27;[38;5;0m[HTTP]&amp#27;[0m &amp#27;[37m<-- POST /session/c875caaa-cb68-4d05-b547-fe452c956588/element &amp#27;[39m&amp#27;[32m200&amp#27;[39m &amp#27;[90m18 ms - 137&amp#27;[39m
&amp#27;[38;5;0m[HTTP]&amp#27;[0m &amp#27;[90m&amp#27;[39m
&amp#27;[38;5;0m[HTTP]&amp#27;[0m &amp#27;[37m-->&amp#27;[39m &amp#27;[37mPOST&amp#27;[39m &amp#27;[37m/session/c875caaa-cb68-4d05-b547-fe452c956588/element/00000000-0000-0049-ffff-ffff00000021/click&amp#27;[39m
&amp#27;[38;5;0m[HTTP]&amp#27;[0m &amp#27;[90m{"id":"00000000-0000-0049-ffff-ffff00000021"}&amp#27;[39m
[debug] &amp#27;[38;5;32m[AndroidUiautomator2Driver@c44c (c875caaa)]&amp#27;[0m Calling AppiumDriver.click() with args: ["00000000-0000-0049-ffff-ffff00000021","c875caaa-cb68-4d05-b547-fe452c956588"]
[debug] &amp#27;[38;5;32m[AndroidUiautomator2Driver@c44c (c875caaa)]&amp#27;[0m Matched '/element/00000000-0000-0049-ffff-ffff00000021/click' to command name 'click'
[debug] &amp#27;[38;5;32m[AndroidUiautomator2Driver@c44c (c875caaa)]&amp#27;[0m Proxying [POST /element/00000000-0000-0049-ffff-ffff00000021/click] to [POST http://127.0.0.1:8200/session/c33f3e5b-d9e3-4478-8383-a8c37564cbec/element/00000000-0000-0049-ffff-ffff00000021/click] with body: {"element":"00000000-0000-0049-ffff-ffff00000021"}
[debug] &amp#27;[38;5;32m[AndroidUiautomator2Driver@c44c (c875caaa)]&amp#27;[0m Got response with status 200: {"sessionId":"c33f3e5b-d9e3-4478-8383-a8c37564cbec","value":null}
[debug] &amp#27;[38;5;32m[AndroidUiautomator2Driver@c44c (c875caaa)]&amp#27;[0m Responding to client with driver.click() result: null
&amp#27;[38;5;0m[HTTP]&amp#27;[0m &amp#27;[37m<-- POST /session/c875caaa-cb68-4d05-b547-fe452c956588/element/00000000-0000-0049-ffff-ffff00000021/click &amp#27;[39m&amp#27;[32m200&amp#27;[39m &amp#27;[90m43 ms - 14&amp#27;[39m
&amp#27;[38;5;0m[HTTP]&amp#27;[0m &amp#27;[90m&amp#27;[39m
&amp#27;[38;5;0m[HTTP]&amp#27;[0m &amp#27;[37m-->&amp#27;[39m &amp#27;[37mPOST&amp#27;[39m &amp#27;[37m/session/c875caaa-cb68-4d05-b547-fe452c956588/elements&amp#27;[39m
&amp#27;[38;5;0m[HTTP]&amp#27;[0m &amp#27;[90m{"using":"xpath","value":"(//android.widget.Toast)[1]"}&amp#27;[39m
[debug] &amp#27;[38;5;32m[AndroidUiautomator2Driver@c44c (c875caaa)]&amp#27;[0m Calling AppiumDriver.findElements() with args: ["xpath","(//android.widget.Toast)[1]","c875caaa-cb68-4d05-b547-fe452c956588"]
[debug] &amp#27;[38;5;32m[AndroidUiautomator2Driver@c44c (c875caaa)]&amp#27;[0m Valid locator strategies for this request: xpath, id, class name, accessibility id, css selector, -android uiautomator
[debug] &amp#27;[38;5;32m[AndroidUiautomator2Driver@c44c (c875caaa)]&amp#27;[0m Waiting up to 10000 ms for condition
[debug] &amp#27;[38;5;32m[AndroidUiautomator2Driver@c44c (c875caaa)]&amp#27;[0m Matched '/elements' to command name 'findElements'
[debug] &amp#27;[38;5;32m[AndroidUiautomator2Driver@c44c (c875caaa)]&amp#27;[0m Proxying [POST /elements] to [POST http://127.0.0.1:8200/session/c33f3e5b-d9e3-4478-8383-a8c37564cbec/elements] with body: {"strategy":"xpath","selector":"(//android.widget.Toast)[1]","context":"","multiple":true}
[debug] &amp#27;[38;5;32m[AndroidUiautomator2Driver@c44c (c875caaa)]&amp#27;[0m Got response with status 200: {"sessionId":"c33f3e5b-d9e3-4478-8383-a8c37564cbec","value":[]}
[debug] &amp#27;[38;5;32m[AndroidUiautomator2Driver@c44c (c875caaa)]&amp#27;[0m Waited for 121 ms so far
[debug] &amp#27;[38;5;32m[AndroidUiautomator2Driver@c44c (c875caaa)]&amp#27;[0m Matched '/elements' to command name 'findElements'
[debug] &amp#27;[38;5;32m[AndroidUiautomator2Driver@c44c (c875caaa)]&amp#27;[0m Proxying [POST /elements] to [POST http://127.0.0.1:8200/session/c33f3e5b-d9e3-4478-8383-a8c37564cbec/elements] with body: {"strategy":"xpath","selector":"(//android.widget.Toast)[1]","context":"","multiple":true}
[debug] &amp#27;[38;5;32m[AndroidUiautomator2Driver@c44c (c875caaa)]&amp#27;[0m Got response with status 200: {"sessionId":"c33f3e5b-d9e3-4478-8383-a8c37564cbec","value":[]}
[debug] &amp#27;[38;5;32m[AndroidUiautomator2Driver@c44c (c875caaa)]&amp#27;[0m Waited for 1031 ms so far
[debug] &amp#27;[38;5;32m[AndroidUiautomator2Driver@c44c (c875caaa)]&amp#27;[0m Matched '/elements' to command name 'findElements'
[debug] &amp#27;[38;5;32m[AndroidUiautomator2Driver@c44c (c875caaa)]&amp#27;[0m Proxying [POST /elements] to [POST http://127.0.0.1:8200/session/c33f3e5b-d9e3-4478-8383-a8c37564cbec/elements] with body: {"strategy":"xpath","selector":"(//android.widget.Toast)[1]","context":"","multiple":true}
[debug] &amp#27;[38;5;32m[AndroidUiautomator2Driver@c44c (c875caaa)]&amp#27;[0m Got response with status 200: {"sessionId":"c33f3e5b-d9e3-4478-8383-a8c37564cbec","value":[]}
[debug] &amp#27;[38;5;32m[AndroidUiautomator2Driver@c44c (c875caaa)]&amp#27;[0m Waited for 1583 ms so far
[debug] &amp#27;[38;5;32m[AndroidUiautomator2Driver@c44c (c875caaa)]&amp#27;[0m Matched '/elements' to command name 'findElements'
[debug] &amp#27;[38;5;32m[AndroidUiautomator2Driver@c44c (c875caaa)]&amp#27;[0m Proxying [POST /elements] to [POST http://127.0.0.1:8200/session/c33f3e5b-d9e3-4478-8383-a8c37564cbec/elements] with body: {"strategy":"xpath","selector":"(//android.widget.Toast)[1]","context":"","multiple":true}
[debug] &amp#27;[38;5;32m[AndroidUiautomator2Driver@c44c (c875caaa)]&amp#27;[0m Got response with status 200: {"sessionId":"c33f3e5b-d9e3-4478-8383-a8c37564cbec","value":[]}
[debug] &amp#27;[38;5;32m[AndroidUiautomator2Driver@c44c (c875caaa)]&amp#27;[0m Waited for 2130 ms so far
[debug] &amp#27;[38;5;32m[AndroidUiautomator2Driver@c44c (c875caaa)]&amp#27;[0m Matched '/elements' to command name 'findElements'
[debug] &amp#27;[38;5;32m[AndroidUiautomator2Driver@c44c (c875caaa)]&amp#27;[0m Proxying [POST /elements] to [POST http://127.0.0.1:8200/session/c33f3e5b-d9e3-4478-8383-a8c37564cbec/elements] with body: {"strategy":"xpath","selector":"(//android.widget.Toast)[1]","context":"","multiple":true}
[debug] &amp#27;[38;5;32m[AndroidUiautomator2Driver@c44c (c875caaa)]&amp#27;[0m Got response with status 200: {"sessionId":"c33f3e5b-d9e3-4478-8383-a8c37564cbec","value":[]}
[debug] &amp#27;[38;5;32m[AndroidUiautomator2Driver@c44c (c875caaa)]&amp#27;[0m Waited for 2682 ms so far
[debug] &amp#27;[38;5;32m[AndroidUiautomator2Driver@c44c (c875caaa)]&amp#27;[0m Matched '/elements' to command name 'findElements'
[debug] &amp#27;[38;5;32m[AndroidUiautomator2Driver@c44c (c875caaa)]&amp#27;[0m Proxying [POST /elements] to [POST http://127.0.0.1:8200/session/c33f3e5b-d9e3-4478-8383-a8c37564cbec/elements] with body: {"strategy":"xpath","selector":"(//android.widget.Toast)[1]","context":"","multiple":true}
[debug] &amp#27;[38;5;32m[AndroidUiautomator2Driver@c44c (c875caaa)]&amp#27;[0m Got response with status 200: {"sessionId":"c33f3e5b-d9e3-4478-8383-a8c37564cbec","value":[]}
[debug] &amp#27;[38;5;32m[AndroidUiautomator2Driver@c44c (c875caaa)]&amp#27;[0m Waited for 3250 ms so far
[debug] &amp#27;[38;5;32m[AndroidUiautomator2Driver@c44c (c875caaa)]&amp#27;[0m Matched '/elements' to command name 'findElements'
[debug] &amp#27;[38;5;32m[AndroidUiautomator2Driver@c44c (c875caaa)]&amp#27;[0m Proxying [POST /elements] to [POST http://127.0.0.1:8200/session/c33f3e5b-d9e3-4478-8383-a8c37564cbec/elements] with body: {"strategy":"xpath","selector":"(//android.widget.Toast)[1]","context":"","multiple":true}
[debug] &amp#27;[38;5;32m[AndroidUiautomator2Driver@c44c (c875caaa)]&amp#27;[0m Got response with status 200: {"sessionId":"c33f3e5b-d9e3-4478-8383-a8c37564cbec","value":[]}
[debug] &amp#27;[38;5;32m[AndroidUiautomator2Driver@c44c (c875caaa)]&amp#27;[0m Waited for 3820 ms so far
[debug] &amp#27;[38;5;32m[AndroidUiautomator2Driver@c44c (c875caaa)]&amp#27;[0m Matched '/elements' to command name 'findElements'
[debug] &amp#27;[38;5;32m[AndroidUiautomator2Driver@c44c (c875caaa)]&amp#27;[0m Proxying [POST /elements] to [POST http://127.0.0.1:8200/session/c33f3e5b-d9e3-4478-8383-a8c37564cbec/elements] with body: {"strategy":"xpath","selector":"(//android.widget.Toast)[1]","context":"","multiple":true}
[debug] &amp#27;[38;5;32m[AndroidUiautomator2Driver@c44c (c875caaa)]&amp#27;[0m Got response with status 200: {"sessionId":"c33f3e5b-d9e3-4478-8383-a8c37564cbec","value":[]}
[debug] &amp#27;[38;5;32m[AndroidUiautomator2Driver@c44c (c875caaa)]&amp#27;[0m Waited for 4382 ms so far
[debug] &amp#27;[38;5;32m[AndroidUiautomator2Driver@c44c (c875caaa)]&amp#27;[0m Matched '/elements' to command name 'findElements'
[debug] &amp#27;[38;5;32m[AndroidUiautomator2Driver@c44c (c875caaa)]&amp#27;[0m Proxying [POST /elements] to [POST http://127.0.0.1:8200/session/c33f3e5b-d9e3-4478-8383-a8c37564cbec/elements] with body: {"strategy":"xpath","selector":"(//android.widget.Toast)[1]","context":"","multiple":true}
[debug] &amp#27;[38;5;32m[AndroidUiautomator2Driver@c44c (c875caaa)]&amp#27;[0m Got response with status 200: {"sessionId":"c33f3e5b-d9e3-4478-8383-a8c37564cbec","value":[]}
[debug] &amp#27;[38;5;32m[AndroidUiautomator2Driver@c44c (c875caaa)]&amp#27;[0m Waited for 4958 ms so far
[debug] &amp#27;[38;5;32m[AndroidUiautomator2Driver@c44c (c875caaa)]&amp#27;[0m Matched '/elements' to command name 'findElements'
[debug] &amp#27;[38;5;32m[AndroidUiautomator2Driver@c44c (c875caaa)]&amp#27;[0m Proxying [POST /elements] to [POST http://127.0.0.1:8200/session/c33f3e5b-d9e3-4478-8383-a8c37564cbec/elements] with body: {"strategy":"xpath","selector":"(//android.widget.Toast)[1]","context":"","multiple":true}
[debug] &amp#27;[38;5;32m[AndroidUiautomator2Driver@c44c (c875caaa)]&amp#27;[0m Got response with status 200: {"sessionId":"c33f3e5b-d9e3-4478-8383-a8c37564cbec","value":[]}
[debug] &amp#27;[38;5;32m[AndroidUiautomator2Driver@c44c (c875caaa)]&amp#27;[0m Waited for 5507 ms so far
[debug] &amp#27;[38;5;32m[AndroidUiautomator2Driver@c44c (c875caaa)]&amp#27;[0m Matched '/elements' to command name 'findElements'
[debug] &amp#27;[38;5;32m[AndroidUiautomator2Driver@c44c (c875caaa)]&amp#27;[0m Proxying [POST /elements] to [POST http://127.0.0.1:8200/session/c33f3e5b-d9e3-4478-8383-a8c37564cbec/elements] with body: {"strategy":"xpath","selector":"(//android.widget.Toast)[1]","context":"","multiple":true}
[debug] &amp#27;[38;5;32m[AndroidUiautomator2Driver@c44c (c875caaa)]&amp#27;[0m Got response with status 200: {"sessionId":"c33f3e5b-d9e3-4478-8383-a8c37564cbec","value":[]}
[debug] &amp#27;[38;5;32m[AndroidUiautomator2Driver@c44c (c875caaa)]&amp#27;[0m Waited for 6059 ms so far
[debug] &amp#27;[38;5;32m[AndroidUiautomator2Driver@c44c (c875caaa)]&amp#27;[0m Matched '/elements' to command name 'findElements'
[debug] &amp#27;[38;5;32m[AndroidUiautomator2Driver@c44c (c875caaa)]&amp#27;[0m Proxying [POST /elements] to [POST http://127.0.0.1:8200/session/c33f3e5b-d9e3-4478-8383-a8c37564cbec/elements] with body: {"strategy":"xpath","selector":"(//android.widget.Toast)[1]","context":"","multiple":true}
[debug] &amp#27;[38;5;32m[AndroidUiautomator2Driver@c44c (c875caaa)]&amp#27;[0m Got response with status 200: {"sessionId":"c33f3e5b-d9e3-4478-8383-a8c37564cbec","value":[]}
[debug] &amp#27;[38;5;32m[AndroidUiautomator2Driver@c44c (c875caaa)]&amp#27;[0m Waited for 6615 ms so far
[debug] &amp#27;[38;5;32m[AndroidUiautomator2Driver@c44c (c875caaa)]&amp#27;[0m Matched '/elements' to command name 'findElements'
[debug] &amp#27;[38;5;32m[AndroidUiautomator2Driver@c44c (c875caaa)]&amp#27;[0m Proxying [POST /elements] to [POST http://127.0.0.1:8200/session/c33f3e5b-d9e3-4478-8383-a8c37564cbec/elements] with body: {"strategy":"xpath","selector":"(//android.widget.Toast)[1]","context":"","multiple":true}
[debug] &amp#27;[38;5;32m[AndroidUiautomator2Driver@c44c (c875caaa)]&amp#27;[0m Got response with status 200: {"sessionId":"c33f3e5b-d9e3-4478-8383-a8c37564cbec","value":[]}
[debug] &amp#27;[38;5;32m[AndroidUiautomator2Driver@c44c (c875caaa)]&amp#27;[0m Waited for 7170 ms so far
[debug] &amp#27;[38;5;32m[AndroidUiautomator2Driver@c44c (c875caaa)]&amp#27;[0m Matched '/elements' to command name 'findElements'
[debug] &amp#27;[38;5;32m[AndroidUiautomator2Driver@c44c (c875caaa)]&amp#27;[0m Proxying [POST /elements] to [POST http://127.0.0.1:8200/session/c33f3e5b-d9e3-4478-8383-a8c37564cbec/elements] with body: {"strategy":"xpath","selector":"(//android.widget.Toast)[1]","context":"","multiple":true}
[debug] &amp#27;[38;5;32m[AndroidUiautomator2Driver@c44c (c875caaa)]&amp#27;[0m Got response with status 200: {"sessionId":"c33f3e5b-d9e3-4478-8383-a8c37564cbec","value":[]}
[debug] &amp#27;[38;5;32m[AndroidUiautomator2Driver@c44c (c875caaa)]&amp#27;[0m Waited for 7704 ms so far
[debug] &amp#27;[38;5;32m[AndroidUiautomator2Driver@c44c (c875caaa)]&amp#27;[0m Matched '/elements' to command name 'findElements'
[debug] &amp#27;[38;5;32m[AndroidUiautomator2Driver@c44c (c875caaa)]&amp#27;[0m Proxying [POST /elements] to [POST http://127.0.0.1:8200/session/c33f3e5b-d9e3-4478-8383-a8c37564cbec/elements] with body: {"strategy":"xpath","selector":"(//android.widget.Toast)[1]","context":"","multiple":true}
[debug] &amp#27;[38;5;32m[AndroidUiautomator2Driver@c44c (c875caaa)]&amp#27;[0m Got response with status 200: {"sessionId":"c33f3e5b-d9e3-4478-8383-a8c37564cbec","value":[]}
[debug] &amp#27;[38;5;32m[AndroidUiautomator2Driver@c44c (c875caaa)]&amp#27;[0m Waited for 8266 ms so far
[debug] &amp#27;[38;5;32m[AndroidUiautomator2Driver@c44c (c875caaa)]&amp#27;[0m Matched '/elements' to command name 'findElements'
[debug] &amp#27;[38;5;32m[AndroidUiautomator2Driver@c44c (c875caaa)]&amp#27;[0m Proxying [POST /elements] to [POST http://127.0.0.1:8200/session/c33f3e5b-d9e3-4478-8383-a8c37564cbec/elements] with body: {"strategy":"xpath","selector":"(//android.widget.Toast)[1]","context":"","multiple":true}
[debug] &amp#27;[38;5;32m[AndroidUiautomator2Driver@c44c (c875caaa)]&amp#27;[0m Got response with status 200: {"sessionId":"c33f3e5b-d9e3-4478-8383-a8c37564cbec","value":[]}
[debug] &amp#27;[38;5;32m[AndroidUiautomator2Driver@c44c (c875caaa)]&amp#27;[0m Waited for 8915 ms so far
[debug] &amp#27;[38;5;32m[AndroidUiautomator2Driver@c44c (c875caaa)]&amp#27;[0m Matched '/elements' to command name 'findElements'
[debug] &amp#27;[38;5;32m[AndroidUiautomator2Driver@c44c (c875caaa)]&amp#27;[0m Proxying [POST /elements] to [POST http://127.0.0.1:8200/session/c33f3e5b-d9e3-4478-8383-a8c37564cbec/elements] with body: {"strategy":"xpath","selector":"(//android.widget.Toast)[1]","context":"","multiple":true}
[debug] &amp#27;[38;5;32m[AndroidUiautomator2Driver@c44c (c875caaa)]&amp#27;[0m Got response with status 200: {"sessionId":"c33f3e5b-d9e3-4478-8383-a8c37564cbec","value":[]}
[debug] &amp#27;[38;5;32m[AndroidUiautomator2Driver@c44c (c875caaa)]&amp#27;[0m Waited for 9456 ms so far
[debug] &amp#27;[38;5;32m[AndroidUiautomator2Driver@c44c (c875caaa)]&amp#27;[0m Matched '/elements' to command name 'findElements'
[debug] &amp#27;[38;5;32m[AndroidUiautomator2Driver@c44c (c875caaa)]&amp#27;[0m Proxying [POST /elements] to [POST http://127.0.0.1:8200/session/c33f3e5b-d9e3-4478-8383-a8c37564cbec/elements] with body: {"strategy":"xpath","selector":"(//android.widget.Toast)[1]","context":"","multiple":true}
[debug] &amp#27;[38;5;32m[AndroidUiautomator2Driver@c44c (c875caaa)]&amp#27;[0m Got response with status 200: {"sessionId":"c33f3e5b-d9e3-4478-8383-a8c37564cbec","value":[]}
[debug] &amp#27;[38;5;32m[AndroidUiautomator2Driver@c44c (c875caaa)]&amp#27;[0m Waited for 9994 ms so far
[debug] &amp#27;[38;5;32m[AndroidUiautomator2Driver@c44c (c875caaa)]&amp#27;[0m Matched '/elements' to command name 'findElements'
[debug] &amp#27;[38;5;32m[AndroidUiautomator2Driver@c44c (c875caaa)]&amp#27;[0m Proxying [POST /elements] to [POST http://127.0.0.1:8200/session/c33f3e5b-d9e3-4478-8383-a8c37564cbec/elements] with body: {"strategy":"xpath","selector":"(//android.widget.Toast)[1]","context":"","multiple":true}
[debug] &amp#27;[38;5;32m[AndroidUiautomator2Driver@c44c (c875caaa)]&amp#27;[0m Got response with status 200: {"sessionId":"c33f3e5b-d9e3-4478-8383-a8c37564cbec","value":[]}
[debug] &amp#27;[38;5;32m[AndroidUiautomator2Driver@c44c (c875caaa)]&amp#27;[0m Responding to client with driver.findElements() result: []
&amp#27;[38;5;0m[HTTP]&amp#27;[0m &amp#27;[37m<-- POST /session/c875caaa-cb68-4d05-b547-fe452c956588/elements &amp#27;[39m&amp#27;[32m200&amp#27;[39m &amp#27;[90m10041 ms - 12&amp#27;[39m
&amp#27;[38;5;0m[HTTP]&amp#27;[0m &amp#27;[90m&amp#27;[39m
]]></system-out>
  </testcase>
</testsuite>