<?xml version="1.0" encoding="UTF-8"?>
<!-- Generated by org.testng.reporters.JUnitReportReporter -->
<testsuite hostname="LT-LE-mahmed" failures="0" tests="2" name="org.MuhammadAhmad.eCommerce_tc_4_Hybrid" time="60.189" errors="0" timestamp="2024-06-11T12:49:14 PKT" skipped="0">
  <testcase classname="org.MuhammadAhmad.eCommerce_tc_4_Hybrid" name="FillForm" time="30.658"/>
  <testcase classname="org.MuhammadAhmad.eCommerce_tc_4_Hybrid" name="FillForm" time="29.531"/>
</testsuite> <!-- org.MuhammadAhmad.eCommerce_tc_4_Hybrid -->
