<?xml version="1.0" encoding="UTF-8"?>
<!-- Generated by org.testng.reporters.JUnitReportReporter -->
<testsuite hostname="LT-LE-mahmed" failures="0" tests="2" name="org.MuhammadAhmad.eCommerce_tc_1" time="32.142" errors="0" timestamp="2024-06-11T17:05:33 PKT" skipped="0">
  <testcase classname="org.MuhammadAhmad.eCommerce_tc_1" name="FillForm_PositiveFlow" time="21.049"/>
  <testcase classname="org.MuhammadAhmad.eCommerce_tc_1" name="FillForm_ErrorValidation" time="11.093"/>
</testsuite> <!-- org.MuhammadAhmad.eCommerce_tc_1 -->
