<?xml version="1.0" encoding="UTF-8"?>
<!-- Generated by org.testng.reporters.JUnitReportReporter -->
<testsuite hostname="LT-LE-mahmed" failures="0" tests="2" name="org.MuhammadAhmad.eCommerce_tc_4_Hybrid" time="57.456" errors="0" timestamp="2024-06-11T17:05:33 PKT" skipped="0">
  <testcase classname="org.MuhammadAhmad.eCommerce_tc_4_Hybrid" name="FillForm" time="29.397"/>
  <testcase classname="org.MuhammadAhmad.eCommerce_tc_4_Hybrid" name="FillForm" time="28.059"/>
</testsuite> <!-- org.MuhammadAhmad.eCommerce_tc_4_Hybrid -->
